Removed Pin From Net: NetName=A1 Pin=P2-1
Removed Pin From Net: NetName=CH2 Pin=P2-2
Removed Pin From Net: NetName=A2 Pin=P2-3
Removed Pin From Net: NetName=CH3 Pin=P2-4
Removed Pin From Net: NetName=CH4 Pin=P2-6
Removed Pin From Net: NetName=EN Pin=P2-7
Removed Pin From Net: NetName=CH5 Pin=P2-8
Removed Pin From Net: NetName=CH6 Pin=P2-10
Removed Pin From Net: NetName=CH7 Pin=P2-12
Removed Pin From Net: NetName=VCC5V Pin=P2-13
Removed Pin From Net: NetName=CH8 Pin=P2-14
Removed Pin From Net: NetName=VCC5V Pin=P2-15
Removed Pin From Net: NetName=CH9 Pin=P2-16
Removed Pin From Net: NetName=GND Pin=P2-17
Removed Pin From Net: NetName=CH10 Pin=P2-18
Removed Pin From Net: NetName=GND Pin=P2-19
Removed Pin From Net: NetName=CH11 Pin=P2-20
Removed Pin From Net: NetName=VCC3.3 Pin=P2-21
Removed Pin From Net: NetName=CH12 Pin=P2-22
Removed Pin From Net: NetName=VCC3.3 Pin=P2-23
Removed Member From Class: ClassName=数粒机接收板2通道 Member=P2
