Added Component: Designator=P2(HDR2X12)
Added Pin To Net: NetName=A1 Pin=P2-1
Added Pin To Net: NetName=CH2 Pin=P2-2
Added Pin To Net: NetName=A2 Pin=P2-3
Added Pin To Net: NetName=CH3 Pin=P2-4
Added Pin To Net: NetName=CH4 Pin=P2-6
Added Pin To Net: NetName=EN Pin=P2-7
Added Pin To Net: NetName=CH5 Pin=P2-8
Added Pin To Net: NetName=CH6 Pin=P2-10
Added Pin To Net: NetName=CH7 Pin=P2-12
Added Pin To Net: NetName=VCC5V Pin=P2-13
Added Pin To Net: NetName=CH8 Pin=P2-14
Added Pin To Net: NetName=VCC5V Pin=P2-15
Added Pin To Net: NetName=CH9 Pin=P2-16
Added Pin To Net: NetName=GND Pin=P2-17
Added Pin To Net: NetName=CH10 Pin=P2-18
Added Pin To Net: NetName=GND Pin=P2-19
Added Pin To Net: NetName=CH11 Pin=P2-20
Added Pin To Net: NetName=VCC3.3 Pin=P2-21
Added Pin To Net: NetName=CH12 Pin=P2-22
Added Pin To Net: NetName=VCC3.3 Pin=P2-23
Added Pin To Net: NetName=A3 Pin=P2-5
Added Net: Name=A3
Added Pin To Net: NetName=CH13 Pin=P2-24
Added Net: Name=CH13
Added Member To Class: ClassName=数粒机接收板2通道 Member=Component P2 牛角插座
