Removed Pin From Net: NetName=VCC3.3 Pin=D33-2
Removed Pin From Net: NetName=VCC3.3 Pin=D34-2
Removed Pin From Net: NetName=VCC3.3 Pin=D35-2
Removed Pin From Net: NetName=VCC3.3 Pin=D36-2
Removed Pin From Net: NetName=VCC3.3 Pin=D37-2
Removed Pin From Net: NetName=VCC3.3 Pin=D38-2
Removed Pin From Net: NetName=VCC3.3 Pin=D39-2
Removed Pin From Net: NetName=VCC3.3 Pin=D40-2
Removed Pin From Net: NetName=VCC3.3 Pin=D41-2
Removed Pin From Net: NetName=VCC3.3 Pin=D42-2
Removed Pin From Net: NetName=VCC3.3 Pin=D43-2
Removed Pin From Net: NetName=VCC3.3 Pin=D44-2
Removed Pin From Net: NetName=VCC3.3 Pin=D45-2
Removed Pin From Net: NetName=VCC3.3 Pin=D46-2
Removed Pin From Net: NetName=VCC3.3 Pin=D47-2
Removed Pin From Net: NetName=VCC3.3 Pin=D48-2
Removed Pin From Net: NetName=VCC3.3 Pin=D49-2
Removed Pin From Net: NetName=VCC3.3 Pin=D50-2
Removed Pin From Net: NetName=VCC3.3 Pin=D51-2
Removed Pin From Net: NetName=VCC3.3 Pin=D52-2
Removed Pin From Net: NetName=VCC3.3 Pin=D53-2
Removed Pin From Net: NetName=VCC3.3 Pin=D54-2
Removed Pin From Net: NetName=VCC3.3 Pin=D55-2
Removed Pin From Net: NetName=VCC3.3 Pin=D56-2
Removed Pin From Net: NetName=VCC3.3 Pin=D57-2
Removed Pin From Net: NetName=VCC3.3 Pin=D58-2
Removed Pin From Net: NetName=VCC3.3 Pin=D59-2
Removed Pin From Net: NetName=VCC3.3 Pin=D60-2
Removed Pin From Net: NetName=VCC3.3 Pin=D61-2
Removed Pin From Net: NetName=VCC3.3 Pin=D62-2
Removed Pin From Net: NetName=VCC3.3 Pin=D63-2
Removed Pin From Net: NetName=VCC3.3 Pin=D64-2
Removed Pin From Net: NetName=VCC3.3 Pin=D65-2
Removed Pin From Net: NetName=VCC3.3 Pin=D66-2
Removed Pin From Net: NetName=VCC3.3 Pin=D67-2
Removed Pin From Net: NetName=VCC3.3 Pin=D68-2
Removed Pin From Net: NetName=VCC3.3 Pin=D69-2
Removed Pin From Net: NetName=VCC3.3 Pin=D70-2
Removed Pin From Net: NetName=VCC3.3 Pin=D71-2
Removed Pin From Net: NetName=VCC3.3 Pin=D72-2
Removed Pin From Net: NetName=VCC3.3 Pin=D73-2
Removed Pin From Net: NetName=VCC3.3 Pin=D74-2
Removed Pin From Net: NetName=VCC3.3 Pin=D75-2
Removed Pin From Net: NetName=VCC3.3 Pin=D76-2
Removed Pin From Net: NetName=VCC3.3 Pin=D77-2
Removed Pin From Net: NetName=VCC3.3 Pin=D78-2
Removed Pin From Net: NetName=VCC3.3 Pin=D79-2
Removed Pin From Net: NetName=VCC3.3 Pin=D80-2
Removed Pin From Net: NetName=VCC3.3 Pin=D81-2
Removed Pin From Net: NetName=VCC3.3 Pin=D82-2
Removed Pin From Net: NetName=VCC3.3 Pin=D83-2
Removed Pin From Net: NetName=VCC3.3 Pin=D84-2
Removed Pin From Net: NetName=VCC3.3 Pin=D85-2
Removed Pin From Net: NetName=VCC3.3 Pin=D86-2
Removed Pin From Net: NetName=VCC3.3 Pin=D87-2
Removed Pin From Net: NetName=VCC3.3 Pin=D88-2
Removed Pin From Net: NetName=VCC3.3 Pin=D89-2
Removed Pin From Net: NetName=VCC3.3 Pin=D90-2
Removed Pin From Net: NetName=VCC3.3 Pin=D91-2
Removed Pin From Net: NetName=VCC3.3 Pin=D92-2
Removed Pin From Net: NetName=VCC3.3 Pin=D93-2
Removed Pin From Net: NetName=VCC3.3 Pin=D94-2
Removed Pin From Net: NetName=VCC3.3 Pin=D95-2
Removed Pin From Net: NetName=VCC3.3 Pin=D96-2
Removed Pin From Net: NetName=GND Pin=R33-1
Removed Pin From Net: NetName=GND Pin=R34-1
Removed Pin From Net: NetName=GND Pin=R35-1
Removed Pin From Net: NetName=GND Pin=R36-1
Removed Pin From Net: NetName=GND Pin=R37-1
Removed Pin From Net: NetName=GND Pin=R38-1
Removed Pin From Net: NetName=GND Pin=R39-1
Removed Pin From Net: NetName=GND Pin=R40-1
Removed Pin From Net: NetName=GND Pin=R41-1
Removed Pin From Net: NetName=GND Pin=R42-1
Removed Pin From Net: NetName=GND Pin=R43-1
Removed Pin From Net: NetName=GND Pin=R44-1
Removed Pin From Net: NetName=GND Pin=R45-1
Removed Pin From Net: NetName=GND Pin=R46-1
Removed Pin From Net: NetName=GND Pin=R47-1
Removed Pin From Net: NetName=GND Pin=R48-1
Removed Pin From Net: NetName=GND Pin=R49-1
Removed Pin From Net: NetName=GND Pin=R50-1
Removed Pin From Net: NetName=GND Pin=R51-1
Removed Pin From Net: NetName=GND Pin=R52-1
Removed Pin From Net: NetName=GND Pin=R53-1
Removed Pin From Net: NetName=GND Pin=R54-1
Removed Pin From Net: NetName=GND Pin=R55-1
Removed Pin From Net: NetName=GND Pin=R56-1
Removed Pin From Net: NetName=GND Pin=R57-1
Removed Pin From Net: NetName=GND Pin=R58-1
Removed Pin From Net: NetName=GND Pin=R59-1
Removed Pin From Net: NetName=GND Pin=R60-1
Removed Pin From Net: NetName=GND Pin=R61-1
Removed Pin From Net: NetName=GND Pin=R62-1
Removed Pin From Net: NetName=GND Pin=R63-1
Removed Pin From Net: NetName=GND Pin=R64-1
Removed Pin From Net: NetName=GND Pin=R65-1
Removed Pin From Net: NetName=GND Pin=R66-1
Removed Pin From Net: NetName=GND Pin=R67-1
Removed Pin From Net: NetName=GND Pin=R68-1
Removed Pin From Net: NetName=GND Pin=R69-1
Removed Pin From Net: NetName=GND Pin=R70-1
Removed Pin From Net: NetName=GND Pin=R71-1
Removed Pin From Net: NetName=GND Pin=R72-1
Removed Pin From Net: NetName=GND Pin=R73-1
Removed Pin From Net: NetName=GND Pin=R74-1
Removed Pin From Net: NetName=GND Pin=R75-1
Removed Pin From Net: NetName=GND Pin=R76-1
Removed Pin From Net: NetName=GND Pin=R77-1
Removed Pin From Net: NetName=GND Pin=R78-1
Removed Pin From Net: NetName=GND Pin=R79-1
Removed Pin From Net: NetName=GND Pin=R80-1
Removed Pin From Net: NetName=GND Pin=R81-1
Removed Pin From Net: NetName=GND Pin=R82-1
Removed Pin From Net: NetName=GND Pin=R83-1
Removed Pin From Net: NetName=GND Pin=R84-1
Removed Pin From Net: NetName=GND Pin=R85-1
Removed Pin From Net: NetName=GND Pin=R86-1
Removed Pin From Net: NetName=GND Pin=R87-1
Removed Pin From Net: NetName=GND Pin=R88-1
Removed Pin From Net: NetName=GND Pin=R89-1
Removed Pin From Net: NetName=GND Pin=R90-1
Removed Pin From Net: NetName=GND Pin=R91-1
Removed Pin From Net: NetName=GND Pin=R92-1
Removed Pin From Net: NetName=GND Pin=R93-1
Removed Pin From Net: NetName=GND Pin=R94-1
Removed Pin From Net: NetName=GND Pin=R95-1
Removed Pin From Net: NetName=GND Pin=R96-1
Removed Pin From Net: NetName=A0 Pin=U5-1
Removed Pin From Net: NetName=EN Pin=U5-2
Removed Pin From Net: NetName=GND Pin=U5-3
Removed Pin From Net: NetName=CH5 Pin=U5-8
Removed Pin From Net: NetName=VCC5V Pin=U5-13
Removed Pin From Net: NetName=GND Pin=U5-14
Removed Pin From Net: NetName=A2 Pin=U5-15
Removed Pin From Net: NetName=A1 Pin=U5-16
Removed Pin From Net: NetName=A0 Pin=U6-1
Removed Pin From Net: NetName=EN Pin=U6-2
Removed Pin From Net: NetName=GND Pin=U6-3
Removed Pin From Net: NetName=CH6 Pin=U6-8
Removed Pin From Net: NetName=VCC5V Pin=U6-13
Removed Pin From Net: NetName=GND Pin=U6-14
Removed Pin From Net: NetName=A2 Pin=U6-15
Removed Pin From Net: NetName=A1 Pin=U6-16
Removed Pin From Net: NetName=A0 Pin=U7-1
Removed Pin From Net: NetName=EN Pin=U7-2
Removed Pin From Net: NetName=GND Pin=U7-3
Removed Pin From Net: NetName=CH7 Pin=U7-8
Removed Pin From Net: NetName=VCC5V Pin=U7-13
Removed Pin From Net: NetName=GND Pin=U7-14
Removed Pin From Net: NetName=A2 Pin=U7-15
Removed Pin From Net: NetName=A1 Pin=U7-16
Removed Pin From Net: NetName=A0 Pin=U8-1
Removed Pin From Net: NetName=EN Pin=U8-2
Removed Pin From Net: NetName=GND Pin=U8-3
Removed Pin From Net: NetName=CH8 Pin=U8-8
Removed Pin From Net: NetName=VCC5V Pin=U8-13
Removed Pin From Net: NetName=GND Pin=U8-14
Removed Pin From Net: NetName=A2 Pin=U8-15
Removed Pin From Net: NetName=A1 Pin=U8-16
Removed Pin From Net: NetName=A0 Pin=U9-1
Removed Pin From Net: NetName=EN Pin=U9-2
Removed Pin From Net: NetName=GND Pin=U9-3
Removed Pin From Net: NetName=CH9 Pin=U9-8
Removed Pin From Net: NetName=VCC5V Pin=U9-13
Removed Pin From Net: NetName=GND Pin=U9-14
Removed Pin From Net: NetName=A2 Pin=U9-15
Removed Pin From Net: NetName=A1 Pin=U9-16
Removed Pin From Net: NetName=A0 Pin=U10-1
Removed Pin From Net: NetName=EN Pin=U10-2
Removed Pin From Net: NetName=GND Pin=U10-3
Removed Pin From Net: NetName=CH10 Pin=U10-8
Removed Pin From Net: NetName=VCC5V Pin=U10-13
Removed Pin From Net: NetName=GND Pin=U10-14
Removed Pin From Net: NetName=A2 Pin=U10-15
Removed Pin From Net: NetName=A1 Pin=U10-16
Removed Pin From Net: NetName=A0 Pin=U11-1
Removed Pin From Net: NetName=EN Pin=U11-2
Removed Pin From Net: NetName=GND Pin=U11-3
Removed Pin From Net: NetName=CH11 Pin=U11-8
Removed Pin From Net: NetName=VCC5V Pin=U11-13
Removed Pin From Net: NetName=GND Pin=U11-14
Removed Pin From Net: NetName=A2 Pin=U11-15
Removed Pin From Net: NetName=A1 Pin=U11-16
Removed Pin From Net: NetName=A0 Pin=U12-1
Removed Pin From Net: NetName=EN Pin=U12-2
Removed Pin From Net: NetName=GND Pin=U12-3
Removed Pin From Net: NetName=CH12 Pin=U12-8
Removed Pin From Net: NetName=VCC5V Pin=U12-13
Removed Pin From Net: NetName=GND Pin=U12-14
Removed Pin From Net: NetName=A2 Pin=U12-15
Removed Pin From Net: NetName=A1 Pin=U12-16
Removed Member From Class: ClassName=数粒机接收板12通道 Member=D33
Removed Member From Class: ClassName=数粒机接收板12通道 Member=D33
Removed Member From Class: ClassName=数粒机接收板12通道 Member=D33
Removed Member From Class: ClassName=数粒机接收板12通道 Member=D33
Removed Member From Class: ClassName=数粒机接收板12通道 Member=D34
Removed Member From Class: ClassName=数粒机接收板12通道 Member=D34
Removed Member From Class: ClassName=数粒机接收板12通道 Member=D34
Removed Member From Class: ClassName=数粒机接收板12通道 Member=D34
Removed Member From Class: ClassName=数粒机接收板12通道 Member=D35
Removed Member From Class: ClassName=数粒机接收板12通道 Member=D35
Removed Member From Class: ClassName=数粒机接收板12通道 Member=D35
Removed Member From Class: ClassName=数粒机接收板12通道 Member=D35
Removed Member From Class: ClassName=数粒机接收板12通道 Member=D36
Removed Member From Class: ClassName=数粒机接收板12通道 Member=D36
Removed Member From Class: ClassName=数粒机接收板12通道 Member=D36
Removed Member From Class: ClassName=数粒机接收板12通道 Member=D36
Removed Member From Class: ClassName=数粒机接收板12通道 Member=D37
Removed Member From Class: ClassName=数粒机接收板12通道 Member=D37
Removed Member From Class: ClassName=数粒机接收板12通道 Member=D37
Removed Member From Class: ClassName=数粒机接收板12通道 Member=D37
Removed Member From Class: ClassName=数粒机接收板12通道 Member=D38
Removed Member From Class: ClassName=数粒机接收板12通道 Member=D38
Removed Member From Class: ClassName=数粒机接收板12通道 Member=D38
Removed Member From Class: ClassName=数粒机接收板12通道 Member=D38
Removed Member From Class: ClassName=数粒机接收板12通道 Member=D39
Removed Member From Class: ClassName=数粒机接收板12通道 Member=D39
Removed Member From Class: ClassName=数粒机接收板12通道 Member=D39
Removed Member From Class: ClassName=数粒机接收板12通道 Member=D39
Removed Member From Class: ClassName=数粒机接收板12通道 Member=D40
Removed Member From Class: ClassName=数粒机接收板12通道 Member=D40
Removed Member From Class: ClassName=数粒机接收板12通道 Member=D40
Removed Member From Class: ClassName=数粒机接收板12通道 Member=D40
Removed Member From Class: ClassName=数粒机接收板12通道 Member=D41
Removed Member From Class: ClassName=数粒机接收板12通道 Member=D41
Removed Member From Class: ClassName=数粒机接收板12通道 Member=D41
Removed Member From Class: ClassName=数粒机接收板12通道 Member=D42
Removed Member From Class: ClassName=数粒机接收板12通道 Member=D42
Removed Member From Class: ClassName=数粒机接收板12通道 Member=D42
Removed Member From Class: ClassName=数粒机接收板12通道 Member=D42
Removed Member From Class: ClassName=数粒机接收板12通道 Member=D43
Removed Member From Class: ClassName=数粒机接收板12通道 Member=D43
Removed Member From Class: ClassName=数粒机接收板12通道 Member=D43
Removed Member From Class: ClassName=数粒机接收板12通道 Member=D43
Removed Member From Class: ClassName=数粒机接收板12通道 Member=D44
Removed Member From Class: ClassName=数粒机接收板12通道 Member=D44
Removed Member From Class: ClassName=数粒机接收板12通道 Member=D44
Removed Member From Class: ClassName=数粒机接收板12通道 Member=D44
Removed Member From Class: ClassName=数粒机接收板12通道 Member=D45
Removed Member From Class: ClassName=数粒机接收板12通道 Member=D45
Removed Member From Class: ClassName=数粒机接收板12通道 Member=D45
Removed Member From Class: ClassName=数粒机接收板12通道 Member=D45
Removed Member From Class: ClassName=数粒机接收板12通道 Member=D46
Removed Member From Class: ClassName=数粒机接收板12通道 Member=D46
Removed Member From Class: ClassName=数粒机接收板12通道 Member=D46
Removed Member From Class: ClassName=数粒机接收板12通道 Member=D46
Removed Member From Class: ClassName=数粒机接收板12通道 Member=D47
Removed Member From Class: ClassName=数粒机接收板12通道 Member=D47
Removed Member From Class: ClassName=数粒机接收板12通道 Member=D47
Removed Member From Class: ClassName=数粒机接收板12通道 Member=D47
Removed Member From Class: ClassName=数粒机接收板12通道 Member=D48
Removed Member From Class: ClassName=数粒机接收板12通道 Member=D48
Removed Member From Class: ClassName=数粒机接收板12通道 Member=D48
Removed Member From Class: ClassName=数粒机接收板12通道 Member=D48
Removed Member From Class: ClassName=数粒机接收板12通道 Member=D49
Removed Member From Class: ClassName=数粒机接收板12通道 Member=D49
Removed Member From Class: ClassName=数粒机接收板12通道 Member=D50
Removed Member From Class: ClassName=数粒机接收板12通道 Member=D50
Removed Member From Class: ClassName=数粒机接收板12通道 Member=D51
Removed Member From Class: ClassName=数粒机接收板12通道 Member=D51
Removed Member From Class: ClassName=数粒机接收板12通道 Member=D52
Removed Member From Class: ClassName=数粒机接收板12通道 Member=D52
Removed Member From Class: ClassName=数粒机接收板12通道 Member=D53
Removed Member From Class: ClassName=数粒机接收板12通道 Member=D53
Removed Member From Class: ClassName=数粒机接收板12通道 Member=D54
Removed Member From Class: ClassName=数粒机接收板12通道 Member=D54
Removed Member From Class: ClassName=数粒机接收板12通道 Member=D55
Removed Member From Class: ClassName=数粒机接收板12通道 Member=D55
Removed Member From Class: ClassName=数粒机接收板12通道 Member=D56
Removed Member From Class: ClassName=数粒机接收板12通道 Member=D56
Removed Member From Class: ClassName=数粒机接收板12通道 Member=D57
Removed Member From Class: ClassName=数粒机接收板12通道 Member=D57
Removed Member From Class: ClassName=数粒机接收板12通道 Member=D58
Removed Member From Class: ClassName=数粒机接收板12通道 Member=D58
Removed Member From Class: ClassName=数粒机接收板12通道 Member=D59
Removed Member From Class: ClassName=数粒机接收板12通道 Member=D59
Removed Member From Class: ClassName=数粒机接收板12通道 Member=D60
Removed Member From Class: ClassName=数粒机接收板12通道 Member=D60
Removed Member From Class: ClassName=数粒机接收板12通道 Member=D61
Removed Member From Class: ClassName=数粒机接收板12通道 Member=D61
Removed Member From Class: ClassName=数粒机接收板12通道 Member=D62
Removed Member From Class: ClassName=数粒机接收板12通道 Member=D62
Removed Member From Class: ClassName=数粒机接收板12通道 Member=D63
Removed Member From Class: ClassName=数粒机接收板12通道 Member=D63
Removed Member From Class: ClassName=数粒机接收板12通道 Member=D64
Removed Member From Class: ClassName=数粒机接收板12通道 Member=D64
Removed Member From Class: ClassName=数粒机接收板12通道 Member=D65
Removed Member From Class: ClassName=数粒机接收板12通道 Member=D65
Removed Member From Class: ClassName=数粒机接收板12通道 Member=D66
Removed Member From Class: ClassName=数粒机接收板12通道 Member=D66
Removed Member From Class: ClassName=数粒机接收板12通道 Member=D67
Removed Member From Class: ClassName=数粒机接收板12通道 Member=D67
Removed Member From Class: ClassName=数粒机接收板12通道 Member=D68
Removed Member From Class: ClassName=数粒机接收板12通道 Member=D68
Removed Member From Class: ClassName=数粒机接收板12通道 Member=D69
Removed Member From Class: ClassName=数粒机接收板12通道 Member=D69
Removed Member From Class: ClassName=数粒机接收板12通道 Member=D70
Removed Member From Class: ClassName=数粒机接收板12通道 Member=D70
Removed Member From Class: ClassName=数粒机接收板12通道 Member=D71
Removed Member From Class: ClassName=数粒机接收板12通道 Member=D71
Removed Member From Class: ClassName=数粒机接收板12通道 Member=D72
Removed Member From Class: ClassName=数粒机接收板12通道 Member=D72
Removed Member From Class: ClassName=数粒机接收板12通道 Member=D73
Removed Member From Class: ClassName=数粒机接收板12通道 Member=D73
Removed Member From Class: ClassName=数粒机接收板12通道 Member=D74
Removed Member From Class: ClassName=数粒机接收板12通道 Member=D74
Removed Member From Class: ClassName=数粒机接收板12通道 Member=D75
Removed Member From Class: ClassName=数粒机接收板12通道 Member=D75
Removed Member From Class: ClassName=数粒机接收板12通道 Member=D76
Removed Member From Class: ClassName=数粒机接收板12通道 Member=D76
Removed Member From Class: ClassName=数粒机接收板12通道 Member=D77
Removed Member From Class: ClassName=数粒机接收板12通道 Member=D77
Removed Member From Class: ClassName=数粒机接收板12通道 Member=D78
Removed Member From Class: ClassName=数粒机接收板12通道 Member=D78
Removed Member From Class: ClassName=数粒机接收板12通道 Member=D79
Removed Member From Class: ClassName=数粒机接收板12通道 Member=D79
Removed Member From Class: ClassName=数粒机接收板12通道 Member=D80
Removed Member From Class: ClassName=数粒机接收板12通道 Member=D80
Removed Member From Class: ClassName=数粒机接收板12通道 Member=D81
Removed Member From Class: ClassName=数粒机接收板12通道 Member=D81
Removed Member From Class: ClassName=数粒机接收板12通道 Member=D82
Removed Member From Class: ClassName=数粒机接收板12通道 Member=D82
Removed Member From Class: ClassName=数粒机接收板12通道 Member=D83
Removed Member From Class: ClassName=数粒机接收板12通道 Member=D83
Removed Member From Class: ClassName=数粒机接收板12通道 Member=D84
Removed Member From Class: ClassName=数粒机接收板12通道 Member=D84
Removed Member From Class: ClassName=数粒机接收板12通道 Member=D85
Removed Member From Class: ClassName=数粒机接收板12通道 Member=D85
Removed Member From Class: ClassName=数粒机接收板12通道 Member=D86
Removed Member From Class: ClassName=数粒机接收板12通道 Member=D86
Removed Member From Class: ClassName=数粒机接收板12通道 Member=D87
Removed Member From Class: ClassName=数粒机接收板12通道 Member=D87
Removed Member From Class: ClassName=数粒机接收板12通道 Member=D88
Removed Member From Class: ClassName=数粒机接收板12通道 Member=D88
Removed Member From Class: ClassName=数粒机接收板12通道 Member=D89
Removed Member From Class: ClassName=数粒机接收板12通道 Member=D89
Removed Member From Class: ClassName=数粒机接收板12通道 Member=D90
Removed Member From Class: ClassName=数粒机接收板12通道 Member=D90
Removed Member From Class: ClassName=数粒机接收板12通道 Member=D91
Removed Member From Class: ClassName=数粒机接收板12通道 Member=D91
Removed Member From Class: ClassName=数粒机接收板12通道 Member=D92
Removed Member From Class: ClassName=数粒机接收板12通道 Member=D92
Removed Member From Class: ClassName=数粒机接收板12通道 Member=D93
Removed Member From Class: ClassName=数粒机接收板12通道 Member=D93
Removed Member From Class: ClassName=数粒机接收板12通道 Member=D94
Removed Member From Class: ClassName=数粒机接收板12通道 Member=D94
Removed Member From Class: ClassName=数粒机接收板12通道 Member=D95
Removed Member From Class: ClassName=数粒机接收板12通道 Member=D95
Removed Member From Class: ClassName=数粒机接收板12通道 Member=D96
Removed Member From Class: ClassName=数粒机接收板12通道 Member=D96
Removed Member From Class: ClassName=数粒机接收板12通道 Member=R33
Removed Member From Class: ClassName=数粒机接收板12通道 Member=R33
Removed Member From Class: ClassName=数粒机接收板12通道 Member=R33
Removed Member From Class: ClassName=数粒机接收板12通道 Member=R33
Removed Member From Class: ClassName=数粒机接收板12通道 Member=R34
Removed Member From Class: ClassName=数粒机接收板12通道 Member=R34
Removed Member From Class: ClassName=数粒机接收板12通道 Member=R34
Removed Member From Class: ClassName=数粒机接收板12通道 Member=R34
Removed Member From Class: ClassName=数粒机接收板12通道 Member=R35
Removed Member From Class: ClassName=数粒机接收板12通道 Member=R35
Removed Member From Class: ClassName=数粒机接收板12通道 Member=R35
Removed Member From Class: ClassName=数粒机接收板12通道 Member=R35
Removed Member From Class: ClassName=数粒机接收板12通道 Member=R36
Removed Member From Class: ClassName=数粒机接收板12通道 Member=R36
Removed Member From Class: ClassName=数粒机接收板12通道 Member=R36
Removed Member From Class: ClassName=数粒机接收板12通道 Member=R36
Removed Member From Class: ClassName=数粒机接收板12通道 Member=R37
Removed Member From Class: ClassName=数粒机接收板12通道 Member=R37
Removed Member From Class: ClassName=数粒机接收板12通道 Member=R37
Removed Member From Class: ClassName=数粒机接收板12通道 Member=R37
Removed Member From Class: ClassName=数粒机接收板12通道 Member=R38
Removed Member From Class: ClassName=数粒机接收板12通道 Member=R38
Removed Member From Class: ClassName=数粒机接收板12通道 Member=R38
Removed Member From Class: ClassName=数粒机接收板12通道 Member=R38
Removed Member From Class: ClassName=数粒机接收板12通道 Member=R39
Removed Member From Class: ClassName=数粒机接收板12通道 Member=R39
Removed Member From Class: ClassName=数粒机接收板12通道 Member=R39
Removed Member From Class: ClassName=数粒机接收板12通道 Member=R39
Removed Member From Class: ClassName=数粒机接收板12通道 Member=R40
Removed Member From Class: ClassName=数粒机接收板12通道 Member=R40
Removed Member From Class: ClassName=数粒机接收板12通道 Member=R40
Removed Member From Class: ClassName=数粒机接收板12通道 Member=R40
Removed Member From Class: ClassName=数粒机接收板12通道 Member=R41
Removed Member From Class: ClassName=数粒机接收板12通道 Member=R41
Removed Member From Class: ClassName=数粒机接收板12通道 Member=R41
Removed Member From Class: ClassName=数粒机接收板12通道 Member=R41
Removed Member From Class: ClassName=数粒机接收板12通道 Member=R42
Removed Member From Class: ClassName=数粒机接收板12通道 Member=R42
Removed Member From Class: ClassName=数粒机接收板12通道 Member=R42
Removed Member From Class: ClassName=数粒机接收板12通道 Member=R42
Removed Member From Class: ClassName=数粒机接收板12通道 Member=R43
Removed Member From Class: ClassName=数粒机接收板12通道 Member=R43
Removed Member From Class: ClassName=数粒机接收板12通道 Member=R43
Removed Member From Class: ClassName=数粒机接收板12通道 Member=R43
Removed Member From Class: ClassName=数粒机接收板12通道 Member=R44
Removed Member From Class: ClassName=数粒机接收板12通道 Member=R44
Removed Member From Class: ClassName=数粒机接收板12通道 Member=R44
Removed Member From Class: ClassName=数粒机接收板12通道 Member=R44
Removed Member From Class: ClassName=数粒机接收板12通道 Member=R45
Removed Member From Class: ClassName=数粒机接收板12通道 Member=R45
Removed Member From Class: ClassName=数粒机接收板12通道 Member=R45
Removed Member From Class: ClassName=数粒机接收板12通道 Member=R45
Removed Member From Class: ClassName=数粒机接收板12通道 Member=R46
Removed Member From Class: ClassName=数粒机接收板12通道 Member=R46
Removed Member From Class: ClassName=数粒机接收板12通道 Member=R46
Removed Member From Class: ClassName=数粒机接收板12通道 Member=R46
Removed Member From Class: ClassName=数粒机接收板12通道 Member=R47
Removed Member From Class: ClassName=数粒机接收板12通道 Member=R47
Removed Member From Class: ClassName=数粒机接收板12通道 Member=R47
Removed Member From Class: ClassName=数粒机接收板12通道 Member=R47
Removed Member From Class: ClassName=数粒机接收板12通道 Member=R48
Removed Member From Class: ClassName=数粒机接收板12通道 Member=R48
Removed Member From Class: ClassName=数粒机接收板12通道 Member=R48
Removed Member From Class: ClassName=数粒机接收板12通道 Member=R48
Removed Member From Class: ClassName=数粒机接收板12通道 Member=R49
Removed Member From Class: ClassName=数粒机接收板12通道 Member=R49
Removed Member From Class: ClassName=数粒机接收板12通道 Member=R50
Removed Member From Class: ClassName=数粒机接收板12通道 Member=R50
Removed Member From Class: ClassName=数粒机接收板12通道 Member=R51
Removed Member From Class: ClassName=数粒机接收板12通道 Member=R51
Removed Member From Class: ClassName=数粒机接收板12通道 Member=R52
Removed Member From Class: ClassName=数粒机接收板12通道 Member=R52
Removed Member From Class: ClassName=数粒机接收板12通道 Member=R53
Removed Member From Class: ClassName=数粒机接收板12通道 Member=R53
Removed Member From Class: ClassName=数粒机接收板12通道 Member=R54
Removed Member From Class: ClassName=数粒机接收板12通道 Member=R54
Removed Member From Class: ClassName=数粒机接收板12通道 Member=R55
Removed Member From Class: ClassName=数粒机接收板12通道 Member=R55
Removed Member From Class: ClassName=数粒机接收板12通道 Member=R56
Removed Member From Class: ClassName=数粒机接收板12通道 Member=R56
Removed Member From Class: ClassName=数粒机接收板12通道 Member=R57
Removed Member From Class: ClassName=数粒机接收板12通道 Member=R57
Removed Member From Class: ClassName=数粒机接收板12通道 Member=R58
Removed Member From Class: ClassName=数粒机接收板12通道 Member=R58
Removed Member From Class: ClassName=数粒机接收板12通道 Member=R59
Removed Member From Class: ClassName=数粒机接收板12通道 Member=R59
Removed Member From Class: ClassName=数粒机接收板12通道 Member=R60
Removed Member From Class: ClassName=数粒机接收板12通道 Member=R60
Removed Member From Class: ClassName=数粒机接收板12通道 Member=R61
Removed Member From Class: ClassName=数粒机接收板12通道 Member=R61
Removed Member From Class: ClassName=数粒机接收板12通道 Member=R62
Removed Member From Class: ClassName=数粒机接收板12通道 Member=R62
Removed Member From Class: ClassName=数粒机接收板12通道 Member=R63
Removed Member From Class: ClassName=数粒机接收板12通道 Member=R63
Removed Member From Class: ClassName=数粒机接收板12通道 Member=R64
Removed Member From Class: ClassName=数粒机接收板12通道 Member=R64
Removed Member From Class: ClassName=数粒机接收板12通道 Member=R65
Removed Member From Class: ClassName=数粒机接收板12通道 Member=R65
Removed Member From Class: ClassName=数粒机接收板12通道 Member=R66
Removed Member From Class: ClassName=数粒机接收板12通道 Member=R66
Removed Member From Class: ClassName=数粒机接收板12通道 Member=R67
Removed Member From Class: ClassName=数粒机接收板12通道 Member=R67
Removed Member From Class: ClassName=数粒机接收板12通道 Member=R68
Removed Member From Class: ClassName=数粒机接收板12通道 Member=R68
Removed Member From Class: ClassName=数粒机接收板12通道 Member=R69
Removed Member From Class: ClassName=数粒机接收板12通道 Member=R69
Removed Member From Class: ClassName=数粒机接收板12通道 Member=R70
Removed Member From Class: ClassName=数粒机接收板12通道 Member=R70
Removed Member From Class: ClassName=数粒机接收板12通道 Member=R71
Removed Member From Class: ClassName=数粒机接收板12通道 Member=R71
Removed Member From Class: ClassName=数粒机接收板12通道 Member=R72
Removed Member From Class: ClassName=数粒机接收板12通道 Member=R72
Removed Member From Class: ClassName=数粒机接收板12通道 Member=R73
Removed Member From Class: ClassName=数粒机接收板12通道 Member=R73
Removed Member From Class: ClassName=数粒机接收板12通道 Member=R74
Removed Member From Class: ClassName=数粒机接收板12通道 Member=R74
Removed Member From Class: ClassName=数粒机接收板12通道 Member=R75
Removed Member From Class: ClassName=数粒机接收板12通道 Member=R75
Removed Member From Class: ClassName=数粒机接收板12通道 Member=R76
Removed Member From Class: ClassName=数粒机接收板12通道 Member=R76
Removed Member From Class: ClassName=数粒机接收板12通道 Member=R77
Removed Member From Class: ClassName=数粒机接收板12通道 Member=R77
Removed Member From Class: ClassName=数粒机接收板12通道 Member=R78
Removed Member From Class: ClassName=数粒机接收板12通道 Member=R78
Removed Member From Class: ClassName=数粒机接收板12通道 Member=R79
Removed Member From Class: ClassName=数粒机接收板12通道 Member=R79
Removed Member From Class: ClassName=数粒机接收板12通道 Member=R80
Removed Member From Class: ClassName=数粒机接收板12通道 Member=R80
Removed Member From Class: ClassName=数粒机接收板12通道 Member=R81
Removed Member From Class: ClassName=数粒机接收板12通道 Member=R81
Removed Member From Class: ClassName=数粒机接收板12通道 Member=R82
Removed Member From Class: ClassName=数粒机接收板12通道 Member=R82
Removed Member From Class: ClassName=数粒机接收板12通道 Member=R83
Removed Member From Class: ClassName=数粒机接收板12通道 Member=R83
Removed Member From Class: ClassName=数粒机接收板12通道 Member=R84
Removed Member From Class: ClassName=数粒机接收板12通道 Member=R84
Removed Member From Class: ClassName=数粒机接收板12通道 Member=R85
Removed Member From Class: ClassName=数粒机接收板12通道 Member=R85
Removed Member From Class: ClassName=数粒机接收板12通道 Member=R86
Removed Member From Class: ClassName=数粒机接收板12通道 Member=R86
Removed Member From Class: ClassName=数粒机接收板12通道 Member=R87
Removed Member From Class: ClassName=数粒机接收板12通道 Member=R87
Removed Member From Class: ClassName=数粒机接收板12通道 Member=R88
Removed Member From Class: ClassName=数粒机接收板12通道 Member=R88
Removed Member From Class: ClassName=数粒机接收板12通道 Member=R89
Removed Member From Class: ClassName=数粒机接收板12通道 Member=R89
Removed Member From Class: ClassName=数粒机接收板12通道 Member=R90
Removed Member From Class: ClassName=数粒机接收板12通道 Member=R90
Removed Member From Class: ClassName=数粒机接收板12通道 Member=R91
Removed Member From Class: ClassName=数粒机接收板12通道 Member=R91
Removed Member From Class: ClassName=数粒机接收板12通道 Member=R92
Removed Member From Class: ClassName=数粒机接收板12通道 Member=R92
Removed Member From Class: ClassName=数粒机接收板12通道 Member=R93
Removed Member From Class: ClassName=数粒机接收板12通道 Member=R93
Removed Member From Class: ClassName=数粒机接收板12通道 Member=R94
Removed Member From Class: ClassName=数粒机接收板12通道 Member=R94
Removed Member From Class: ClassName=数粒机接收板12通道 Member=R95
Removed Member From Class: ClassName=数粒机接收板12通道 Member=R95
Removed Member From Class: ClassName=数粒机接收板12通道 Member=R96
Removed Member From Class: ClassName=数粒机接收板12通道 Member=R96
Removed Member From Class: ClassName=数粒机接收板12通道 Member=U5
Removed Member From Class: ClassName=数粒机接收板12通道 Member=U5
Removed Member From Class: ClassName=数粒机接收板12通道 Member=U6
Removed Member From Class: ClassName=数粒机接收板12通道 Member=U6
Removed Member From Class: ClassName=数粒机接收板12通道 Member=U7
Removed Member From Class: ClassName=数粒机接收板12通道 Member=U7
Removed Member From Class: ClassName=数粒机接收板12通道 Member=U8
Removed Member From Class: ClassName=数粒机接收板12通道 Member=U8
Removed Member From Class: ClassName=数粒机接收板12通道 Member=U9
Removed Member From Class: ClassName=数粒机接收板12通道 Member=U9
Removed Member From Class: ClassName=数粒机接收板12通道 Member=U10
Removed Member From Class: ClassName=数粒机接收板12通道 Member=U10
Removed Member From Class: ClassName=数粒机接收板12通道 Member=U11
Removed Member From Class: ClassName=数粒机接收板12通道 Member=U11
Removed Member From Class: ClassName=数粒机接收板12通道 Member=U12
Removed Member From Class: ClassName=数粒机接收板12通道 Member=U12
Change Component Comment : Designator=C4 Old Comment=贴片电容 New Comment=贴片电容 0.1uf
Change Component Comment : Designator=C2 Old Comment=贴片电容 New Comment=贴片电容 0.1uf
Change Class Name : Old Net Name=数粒机接收板12通道 New Net Name=数粒机接收板2通道
