Removed Pin From Net: NetName=GND Pin=BOOT1-1
Removed Pin From Net: NetName=GND Pin=BOOT1-2
Removed Pin From Net: NetName=GND Pin=C11-1
Removed Pin From Net: NetName=GND Pin=C12-2
Removed Pin From Net: NetName=GND Pin=C13-2
Removed Pin From Net: NetName=GND Pin=C14-2
Removed Pin From Net: NetName=GND Pin=C15-2
Removed Pin From Net: NetName=GND Pin=C16-2
Removed Pin From Net: NetName=GND Pin=C17-2
Removed Pin From Net: NetName=GND Pin=C18-2
Removed Pin From Net: NetName=GND Pin=C19-2
Removed Pin From Net: NetName=GND Pin=C20-2
Removed Pin From Net: NetName=GND Pin=C21-2
Removed Pin From Net: NetName=GND Pin=C22-2
Removed Pin From Net: NetName=GND Pin=C23-2
Removed Pin From Net: NetName=GND Pin=C26-2
Removed Pin From Net: NetName=GND Pin=D1-1
Removed Pin From Net: NetName=GND Pin=D5-2
Removed Pin From Net: NetName=GND Pin=JTAG1-1
Removed Pin From Net: NetName=GND Pin=JTAG1-2
Removed Pin From Net: NetName=GND Pin=LED1-1
Removed Pin From Net: NetName=GND Pin=LED2-1
Removed Pin From Net: NetName=GND Pin=LED3-1
Removed Pin From Net: NetName=GND Pin=P2-59
Removed Pin From Net: NetName=GND Pin=P2-60
Removed Pin From Net: NetName=GND Pin=POWER1-1
Removed Pin From Net: NetName=GND Pin=Q2-1
Removed Pin From Net: NetName=GND Pin=R2-2
Removed Pin From Net: NetName=GND Pin=R12-1
Removed Pin From Net: NetName=GND Pin=R13-1
Removed Pin From Net: NetName=GND Pin=R14-1
Removed Pin From Net: NetName=GND Pin=R15-1
Removed Pin From Net: NetName=GND Pin=R17-2
Removed Pin From Net: NetName=GND Pin=R22-2
Removed Pin From Net: NetName=GND Pin=R23-1
Removed Pin From Net: NetName=GND Pin=U1-17
Removed Pin From Net: NetName=GND Pin=U1-39
Removed Pin From Net: NetName=GND Pin=U1-52
Removed Pin From Net: NetName=GND Pin=U1-62
Removed Pin From Net: NetName=GND Pin=U1-72
Removed Pin From Net: NetName=GND Pin=U1-84
Removed Pin From Net: NetName=GND Pin=U1-95
Removed Pin From Net: NetName=GND Pin=U1-108
Removed Pin From Net: NetName=GND Pin=U1-121
Removed Pin From Net: NetName=GND Pin=U1-131
Removed Pin From Net: NetName=GND Pin=U1-144
Removed Pin From Net: NetName=GND Pin=U2-16
Removed Pin From Net: NetName=GND Pin=U3-3
Removed Pin From Net: NetName=GND Pin=U3-7
Removed Pin From Net: NetName=GND Pin=U3-8
Removed Pin From Net: NetName=GND Pin=U4-4
Removed Pin From Net: NetName=GND Pin=U5-8
Added Pin To Net: NetName=NetC3_2 Pin=BOOT1-1
Added Pin To Net: NetName=NetC3_2 Pin=BOOT1-2
Added Pin To Net: NetName=NetC3_2 Pin=C11-1
Added Pin To Net: NetName=NetC3_2 Pin=C12-2
Added Pin To Net: NetName=NetC3_2 Pin=C13-2
Added Pin To Net: NetName=NetC3_2 Pin=C14-2
Added Pin To Net: NetName=NetC3_2 Pin=C15-2
Added Pin To Net: NetName=NetC3_2 Pin=C16-2
Added Pin To Net: NetName=NetC3_2 Pin=C17-2
Added Pin To Net: NetName=NetC3_2 Pin=C18-2
Added Pin To Net: NetName=NetC3_2 Pin=C19-2
Added Pin To Net: NetName=NetC3_2 Pin=C20-2
Added Pin To Net: NetName=NetC3_2 Pin=C21-2
Added Pin To Net: NetName=NetC3_2 Pin=C22-2
Added Pin To Net: NetName=NetC3_2 Pin=C23-2
Added Pin To Net: NetName=NetC3_2 Pin=C26-2
Added Pin To Net: NetName=NetC3_2 Pin=D1-1
Added Pin To Net: NetName=NetC3_2 Pin=D5-2
Added Pin To Net: NetName=NetC3_2 Pin=JTAG1-1
Added Pin To Net: NetName=NetC3_2 Pin=JTAG1-2
Added Pin To Net: NetName=NetC3_2 Pin=LED1-1
Added Pin To Net: NetName=NetC3_2 Pin=LED2-1
Added Pin To Net: NetName=NetC3_2 Pin=LED3-1
Added Pin To Net: NetName=NetC3_2 Pin=P2-59
Added Pin To Net: NetName=NetC3_2 Pin=P2-60
Added Pin To Net: NetName=NetC3_2 Pin=POWER1-1
Added Pin To Net: NetName=NetC3_2 Pin=Q2-1
Added Pin To Net: NetName=NetC3_2 Pin=R2-2
Added Pin To Net: NetName=NetC3_2 Pin=R12-1
Added Pin To Net: NetName=NetC3_2 Pin=R13-1
Added Pin To Net: NetName=NetC3_2 Pin=R14-1
Added Pin To Net: NetName=NetC3_2 Pin=R15-1
Added Pin To Net: NetName=NetC3_2 Pin=R17-2
Added Pin To Net: NetName=NetC3_2 Pin=R22-2
Added Pin To Net: NetName=NetC3_2 Pin=R23-1
Added Pin To Net: NetName=NetC3_2 Pin=U1-17
Added Pin To Net: NetName=NetC3_2 Pin=U1-39
Added Pin To Net: NetName=NetC3_2 Pin=U1-52
Added Pin To Net: NetName=NetC3_2 Pin=U1-62
Added Pin To Net: NetName=NetC3_2 Pin=U1-72
Added Pin To Net: NetName=NetC3_2 Pin=U1-84
Added Pin To Net: NetName=NetC3_2 Pin=U1-95
Added Pin To Net: NetName=NetC3_2 Pin=U1-108
Added Pin To Net: NetName=NetC3_2 Pin=U1-121
Added Pin To Net: NetName=NetC3_2 Pin=U1-131
Added Pin To Net: NetName=NetC3_2 Pin=U1-144
Added Pin To Net: NetName=NetC3_2 Pin=U2-16
Added Pin To Net: NetName=NetC3_2 Pin=U3-3
Added Pin To Net: NetName=NetC3_2 Pin=U3-7
Added Pin To Net: NetName=NetC3_2 Pin=U3-8
Added Pin To Net: NetName=NetC3_2 Pin=U4-4
Added Pin To Net: NetName=NetC3_2 Pin=U5-8
Change Net Name : Old Net Name=NetC3_2 New Net Name=VDD33V
