Added Component: Designator=BOOT1(HDR2X3)
Added Component: Designator=C1(0603)
Added Component: Designator=C2(0603)
Added Component: Designator=C3(0603)
Added Component: Designator=C4(0603)
Added Component: Designator=C5(0603)
Added Component: Designator=C6(0603)
Added Component: Designator=C7(0603)
Added Component: Designator=C8(0603)
Added Component: Designator=C9(0603)
Added Component: Designator=C10(0603)
Added Component: Designator=C11(0603)
Added Component: Designator=C12(0603)
Added Component: Designator=C13(0603)
Added Component: Designator=C14(0603)
Added Component: Designator=C15(0603)
Added Component: Designator=CT1(6032)
Added Component: Designator=D1(D1206)
Added Component: Designator=D2(D1206)
Added Component: Designator=JTAG1(STM32JTAG)
Added Component: Designator=LED1(LED-0805)
Added Component: Designator=LED2(LED-0805)
Added Component: Designator=POWER1(LED-0805)
Added Component: Designator=Q1(sot-23)
Added Component: Designator=Q2(sot-23)
Added Component: Designator=R1(0603)
Added Component: Designator=R2(0603)
Added Component: Designator=R3(0603)
Added Component: Designator=R4(0603)
Added Component: Designator=R5(0603)
Added Component: Designator=R6(0603)
Added Component: Designator=R7(0603)
Added Component: Designator=R8(0603)
Added Component: Designator=R9(0603)
Added Component: Designator=R10(0603)
Added Component: Designator=R11(0603)
Added Component: Designator=R12(0603)
Added Component: Designator=R13(0603)
Added Component: Designator=R14(0603)
Added Component: Designator=R15(0603)
Added Component: Designator=R16(0603)
Added Component: Designator=R17(0603)
Added Component: Designator=R18(0603)
Added Component: Designator=R19(0603)
Added Component: Designator=R20(0603)
Added Component: Designator=R21(0603)
Added Component: Designator=R22(0603)
Added Component: Designator=U1(LQFP144)
Added Component: Designator=U2(SOP16M)
Added Component: Designator=U3(MAX811T)
Added Component: Designator=U4(SOP8)
Added Component: Designator=USB_?(USB/SM0.8-6H5)
Added Component: Designator=Y1(CRYSTAL_SMD)
Added Component: Designator=Y2(CRYSTAL_SMD)
Added Component: Designator=Y3(CRYSTAL_SMD)
Added Pin To Net: NetName=GND Pin=BOOT1-1
Added Pin To Net: NetName=GND Pin=BOOT1-2
Added Pin To Net: NetName=NetBOOT1_3 Pin=BOOT1-3
Added Pin To Net: NetName=NetBOOT1_4 Pin=BOOT1-4
Added Pin To Net: NetName=GND Pin=BOOT1-5
Added Pin To Net: NetName=GND Pin=BOOT1-6
Added Pin To Net: NetName=OSC32_IN Pin=C1-1
Added Pin To Net: NetName=GND Pin=C1-2
Added Pin To Net: NetName=OSC32_OUT Pin=C2-1
Added Pin To Net: NetName=GND Pin=C2-2
Added Pin To Net: NetName=GND Pin=C3-1
Added Pin To Net: NetName=NetC10_2 Pin=C3-2
Added Pin To Net: NetName=GND Pin=C4-2
Added Pin To Net: NetName=OSC_IN Pin=C5-1
Added Pin To Net: NetName=GND Pin=C5-2
Added Pin To Net: NetName=GND Pin=C6-1
Added Pin To Net: NetName=VREF+ Pin=C6-2
Added Pin To Net: NetName=GND Pin=C7-1
Added Pin To Net: NetName=VREF+ Pin=C7-2
Added Pin To Net: NetName=VDDA Pin=C8-1
Added Pin To Net: NetName=GND Pin=C8-2
Added Pin To Net: NetName=VDDA Pin=C9-1
Added Pin To Net: NetName=GND Pin=C9-2
Added Pin To Net: NetName=NetR14_2 Pin=C10-1
Added Pin To Net: NetName=GND Pin=C10-2
Added Pin To Net: NetName=GND Pin=C11-1
Added Pin To Net: NetName=NetC11_2 Pin=C11-2
Added Pin To Net: NetName=GND Pin=C12-1
Added Pin To Net: NetName=OSC_OUT Pin=C12-2
Added Pin To Net: NetName=GND Pin=C13-1
Added Pin To Net: NetName=GND Pin=C13-2
Added Pin To Net: NetName=GND Pin=C14-1
Added Pin To Net: NetName=GND Pin=C14-2
Added Pin To Net: NetName=RSTIN Pin=C15-1
Added Pin To Net: NetName=GND Pin=C15-2
Added Pin To Net: NetName=NetC10_2 Pin=CT1-1
Added Pin To Net: NetName=GND Pin=CT1-2
Added Pin To Net: NetName=RESET Pin=D1-1
Added Pin To Net: NetName=NetD1_2 Pin=D1-2
Added Pin To Net: NetName=RSTIN Pin=D2-1
Added Pin To Net: NetName=GND Pin=D2-2
Added Pin To Net: NetName=GND Pin=JTAG1-1
Added Pin To Net: NetName=GND Pin=JTAG1-2
Added Pin To Net: NetName=JTRST Pin=JTAG1-3
Added Pin To Net: NetName=GND Pin=JTAG1-4
Added Pin To Net: NetName=JTDI Pin=JTAG1-5
Added Pin To Net: NetName=GND Pin=JTAG1-6
Added Pin To Net: NetName=JTMS Pin=JTAG1-7
Added Pin To Net: NetName=GND Pin=JTAG1-8
Added Pin To Net: NetName=JTCK Pin=JTAG1-9
Added Pin To Net: NetName=GND Pin=JTAG1-10
Added Pin To Net: NetName=GND Pin=JTAG1-12
Added Pin To Net: NetName=JTDO Pin=JTAG1-13
Added Pin To Net: NetName=GND Pin=JTAG1-14
Added Pin To Net: NetName=RESET Pin=JTAG1-15
Added Pin To Net: NetName=GND Pin=JTAG1-16
Added Pin To Net: NetName=GND Pin=JTAG1-18
Added Pin To Net: NetName=GND Pin=JTAG1-20
Added Pin To Net: NetName=GND Pin=LED1-1
Added Pin To Net: NetName=NetLED1_2 Pin=LED1-2
Added Pin To Net: NetName=GND Pin=LED2-1
Added Pin To Net: NetName=NetLED2_2 Pin=LED2-2
Added Pin To Net: NetName=GND Pin=POWER1-1
Added Pin To Net: NetName=VDD33V Pin=POWER1-2
Added Pin To Net: NetName=RTS Pin=Q1-1
Added Pin To Net: NetName=NetQ1_2 Pin=Q1-2
Added Pin To Net: NetName=NetD1_2 Pin=Q1-3
Added Pin To Net: NetName=GND Pin=Q2-1
Added Pin To Net: NetName=NetQ2_2 Pin=Q2-2
Added Pin To Net: NetName=NetQ2_3 Pin=Q2-3
Added Pin To Net: NetName=OSC_IN Pin=R1-1
Added Pin To Net: NetName=NetD1_2 Pin=R2-1
Added Pin To Net: NetName=GND Pin=R2-2
Added Pin To Net: NetName=DTS Pin=R3-1
Added Pin To Net: NetName=NetQ1_2 Pin=R3-2
Added Pin To Net: NetName=RTS Pin=R4-1
Added Pin To Net: NetName=NetQ2_2 Pin=R4-2
Added Pin To Net: NetName=NetLED2_2 Pin=R5-2
Added Pin To Net: NetName=LED1 Pin=R6-1
Added Pin To Net: NetName=NetLED1_2 Pin=R6-2
Added Pin To Net: NetName=GND Pin=R7-1
Added Pin To Net: NetName=VDD33V Pin=R7-2
Added Pin To Net: NetName=NetQ2_3 Pin=R8-1
Added Pin To Net: NetName=BOOT0 Pin=R8-2
Added Pin To Net: NetName=OSC_OUT Pin=R9-1
Added Pin To Net: NetName=NetC11_2 Pin=R9-2
Added Pin To Net: NetName=VREF- Pin=R10-1
Added Pin To Net: NetName=GND Pin=R10-2
Added Pin To Net: NetName=GND Pin=R11-1
Added Pin To Net: NetName=JTRST Pin=R11-2
Added Pin To Net: NetName=GND Pin=R12-1
Added Pin To Net: NetName=JTDI Pin=R12-2
Added Pin To Net: NetName=RSTIN Pin=R13-1
Added Pin To Net: NetName=GND Pin=R13-2
Added Pin To Net: NetName=GND Pin=R14-1
Added Pin To Net: NetName=JTMS Pin=R14-2
Added Pin To Net: NetName=GND Pin=R15-1
Added Pin To Net: NetName=JTCK Pin=R15-2
Added Pin To Net: NetName=I2C1_SDA Pin=R16-1
Added Pin To Net: NetName=GND Pin=R16-2
Added Pin To Net: NetName=RESET Pin=R17-1
Added Pin To Net: NetName=VSSA Pin=R17-2
Added Pin To Net: NetName=RESET Pin=R18-1
Added Pin To Net: NetName=NTRST Pin=R18-2
Added Pin To Net: NetName=NetBOOT1_3 Pin=R19-1
Added Pin To Net: NetName=BOOT0 Pin=R19-2
Added Pin To Net: NetName=BOOT1 Pin=R20-1
Added Pin To Net: NetName=NetBOOT1_4 Pin=R20-2
Added Pin To Net: NetName=I2C1_SCL Pin=R21-1
Added Pin To Net: NetName=GND Pin=R21-2
Added Pin To Net: NetName=GND Pin=R22-1
Added Pin To Net: NetName=JTDO Pin=R22-2
Added Pin To Net: NetName=OSC32_IN Pin=U1-8
Added Pin To Net: NetName=OSC32_OUT Pin=U1-9
Added Pin To Net: NetName=GND Pin=U1-16
Added Pin To Net: NetName=GND Pin=U1-17
Added Pin To Net: NetName=OSC_IN Pin=U1-23
Added Pin To Net: NetName=RESET Pin=U1-25
Added Pin To Net: NetName=CH10 Pin=U1-26
Added Pin To Net: NetName=CH11 Pin=U1-27
Added Pin To Net: NetName=CH12 Pin=U1-28
Added Pin To Net: NetName=CH13 Pin=U1-29
Added Pin To Net: NetName=GND Pin=U1-30
Added Pin To Net: NetName=GND Pin=U1-31
Added Pin To Net: NetName=VREF+ Pin=U1-32
Added Pin To Net: NetName=VDDA Pin=U1-33
Added Pin To Net: NetName=CH0 Pin=U1-34
Added Pin To Net: NetName=CH1 Pin=U1-35
Added Pin To Net: NetName=CH2 Pin=U1-36
Added Pin To Net: NetName=CH3 Pin=U1-37
Added Pin To Net: NetName=GND Pin=U1-38
Added Pin To Net: NetName=GND Pin=U1-39
Added Pin To Net: NetName=DAC_OUT1 Pin=U1-40
Added Pin To Net: NetName=DAC_OUT2 Pin=U1-41
Added Pin To Net: NetName=CH6 Pin=U1-42
Added Pin To Net: NetName=CH7 Pin=U1-43
Added Pin To Net: NetName=CH4 Pin=U1-44
Added Pin To Net: NetName=CH5 Pin=U1-45
Added Pin To Net: NetName=CH8 Pin=U1-46
Added Pin To Net: NetName=CH9 Pin=U1-47
Added Pin To Net: NetName=BOOT1 Pin=U1-48
Added Pin To Net: NetName=GND Pin=U1-51
Added Pin To Net: NetName=GND Pin=U1-52
Added Pin To Net: NetName=GND Pin=U1-61
Added Pin To Net: NetName=GND Pin=U1-62
Added Pin To Net: NetName=USART3_TX Pin=U1-69
Added Pin To Net: NetName=USART3_RX Pin=U1-70
Added Pin To Net: NetName=GND Pin=U1-72
Added Pin To Net: NetName=GND Pin=U1-83
Added Pin To Net: NetName=GND Pin=U1-84
Added Pin To Net: NetName=GND Pin=U1-94
Added Pin To Net: NetName=GND Pin=U1-95
Added Pin To Net: NetName=D- Pin=U1-98
Added Pin To Net: NetName=D+ Pin=U1-99
Added Pin To Net: NetName=USART1_TX Pin=U1-101
Added Pin To Net: NetName=USART1_RX Pin=U1-102
Added Pin To Net: NetName=JTMS Pin=U1-105
Added Pin To Net: NetName=GND Pin=U1-107
Added Pin To Net: NetName=GND Pin=U1-108
Added Pin To Net: NetName=JTCK Pin=U1-109
Added Pin To Net: NetName=JTDI Pin=U1-110
Added Pin To Net: NetName=SDDATA2 Pin=U1-111
Added Pin To Net: NetName=SDDATA3 Pin=U1-112
Added Pin To Net: NetName=SDCLK Pin=U1-113
Added Pin To Net: NetName=SDCMD Pin=U1-116
Added Pin To Net: NetName=GND Pin=U1-121
Added Pin To Net: NetName=LED2 Pin=U1-123
Added Pin To Net: NetName=GND Pin=U1-130
Added Pin To Net: NetName=GND Pin=U1-131
Added Pin To Net: NetName=JTDO Pin=U1-133
Added Pin To Net: NetName=JTRST Pin=U1-134
Added Pin To Net: NetName=I2C1_SCL Pin=U1-136
Added Pin To Net: NetName=I2C1_SDA Pin=U1-137
Added Pin To Net: NetName=BOOT0 Pin=U1-138
Added Pin To Net: NetName=LED1 Pin=U1-140
Added Pin To Net: NetName=GND Pin=U1-143
Added Pin To Net: NetName=GND Pin=U1-144
Added Pin To Net: NetName=GND Pin=U2-1
Added Pin To Net: NetName=USART1_RX Pin=U2-2
Added Pin To Net: NetName=USART1_TX Pin=U2-3
Added Pin To Net: NetName=NetR14_2 Pin=U2-4
Added Pin To Net: NetName=VREF- Pin=U2-6
Added Pin To Net: NetName=OSC_OUT Pin=U2-7
Added Pin To Net: NetName=NetC11_2 Pin=U2-8
Added Pin To Net: NetName=DTS Pin=U2-13
Added Pin To Net: NetName=RTS Pin=U2-14
Added Pin To Net: NetName=GND Pin=U2-16
Added Pin To Net: NetName=GND Pin=U3-1
Added Pin To Net: NetName=VSSA Pin=U3-2
Added Pin To Net: NetName=RSTIN Pin=U3-3
Added Pin To Net: NetName=GND Pin=U3-4
Added Pin To Net: NetName=GND Pin=U4-1
Added Pin To Net: NetName=GND Pin=U4-2
Added Pin To Net: NetName=GND Pin=U4-3
Added Pin To Net: NetName=GND Pin=U4-4
Added Pin To Net: NetName=I2C1_SDA Pin=U4-5
Added Pin To Net: NetName=I2C1_SCL Pin=U4-6
Added Pin To Net: NetName=GND Pin=U4-7
Added Pin To Net: NetName=GND Pin=U4-8
Added Pin To Net: NetName=USB_5V1 Pin=USB_?-1
Added Pin To Net: NetName=VREF- Pin=USB_?-2
Added Pin To Net: NetName=GND Pin=USB_?-5
Added Pin To Net: NetName=OSC32_IN Pin=Y1-1
Added Pin To Net: NetName=OSC32_IN Pin=Y1-1
Added Pin To Net: NetName=OSC32_OUT Pin=Y1-2
Added Pin To Net: NetName=OSC32_OUT Pin=Y1-2
Added Pin To Net: NetName=OSC_IN Pin=Y2-2
Added Pin To Net: NetName=OSC_IN Pin=Y2-2
Added Pin To Net: NetName=NetC11_2 Pin=Y3-1
Added Pin To Net: NetName=NetC11_2 Pin=Y3-1
Added Pin To Net: NetName=OSC_OUT Pin=Y3-2
Added Pin To Net: NetName=OSC_OUT Pin=Y3-2
Change Net Name : Old Net Name=D+ New Net Name=SDDATA1
Change Net Name : Old Net Name=D- New Net Name=SDDATA0
Change Net Name : Old Net Name=LED2 New Net Name=RS485_RE
Change Net Name : Old Net Name=NetC10_2 New Net Name=NetC3_2
Change Net Name : Old Net Name=NetR14_2 New Net Name=NetC10_1
Change Net Name : Old Net Name=OSC_OUT New Net Name=NetC12_2
Change Net Name : Old Net Name=VDD33V New Net Name=NetPOWER1_2
Change Net Name : Old Net Name=VREF- New Net Name=NetR10_1
Change Net Name : Old Net Name=VSSA New Net Name=NetR17_2
Added Pin To Net: NetName=CAN_RX/USB_D- Pin=U1-103
Added Net: Name=CAN_RX/USB_D-
Added Pin To Net: NetName=CAN_TX/USB_D+ Pin=U1-104
Added Net: Name=CAN_TX/USB_D+
Added Pin To Net: NetName=LED0 Pin=R5-1
Added Pin To Net: NetName=LED0 Pin=U1-139
Added Net: Name=LED0
Added Pin To Net: NetName=NetU2_5 Pin=U2-5
Added Pin To Net: NetName=NetU2_5 Pin=USB_?-3
Added Net: Name=NetU2_5
Added Member To Class: ClassName=ºËÐÄ°å Member=Component BOOT1 Header 3X2
Added Member To Class: ClassName=ºËÐÄ°å Member=Component C1 ÌùÆ¬µçÈÝ10pF
Added Member To Class: ClassName=ºËÐÄ°å Member=Component C2 ÌùÆ¬µçÈÝ10pF
Added Member To Class: ClassName=ºËÐÄ°å Member=Component C3 µçÈÝ(ÌùÆ¬)
Added Member To Class: ClassName=ºËÐÄ°å Member=Component C4 ÌùÆ¬µçÈÝ22pF
Added Member To Class: ClassName=ºËÐÄ°å Member=Component C5 ÌùÆ¬µçÈÝ22pF
Added Member To Class: ClassName=ºËÐÄ°å Member=Component C6 ÌùÆ¬µçÈÝ 1uF
Added Member To Class: ClassName=ºËÐÄ°å Member=Component C7 ÌùÆ¬µçÈÝ10nF
Added Member To Class: ClassName=ºËÐÄ°å Member=Component C8 ÌùÆ¬µçÈÝ10nF
Added Member To Class: ClassName=ºËÐÄ°å Member=Component C9 ÌùÆ¬µçÈÝ 1uF
Added Member To Class: ClassName=ºËÐÄ°å Member=Component C10 µçÈÝ(ÌùÆ¬)
Added Member To Class: ClassName=ºËÐÄ°å Member=Component C11 µçÈÝ(ÌùÆ¬)
Added Member To Class: ClassName=ºËÐÄ°å Member=Component C12 µçÈÝ(ÌùÆ¬)
Added Member To Class: ClassName=ºËÐÄ°å Member=Component C13 µçÈÝ(ÌùÆ¬)
Added Member To Class: ClassName=ºËÐÄ°å Member=Component C14 µçÈÝ(ÌùÆ¬)
Added Member To Class: ClassName=ºËÐÄ°å Member=Component C15 µçÈÝ(ÌùÆ¬)
Added Member To Class: ClassName=ºËÐÄ°å Member=Component CT1 îãµçÈÝ(ÌùÆ¬)
Added Member To Class: ClassName=ºËÐÄ°å Member=Component D1 ¶þ¼«¹Ü(ÌùÆ¬)
Added Member To Class: ClassName=ºËÐÄ°å Member=Component D2 ¶þ¼«¹Ü(ÌùÆ¬)
Added Member To Class: ClassName=ºËÐÄ°å Member=Component JTAG1 Stm32Jtag
Added Member To Class: ClassName=ºËÐÄ°å Member=Component LED1 ¶þ¼«¹Ü(ÌùÆ¬·¢¹âÂÌÉ«)
Added Member To Class: ClassName=ºËÐÄ°å Member=Component LED2 ¶þ¼«¹Ü(ÌùÆ¬·¢¹âÂÌÉ«)
Added Member To Class: ClassName=ºËÐÄ°å Member=Component POWER1 ¶þ¼«¹Ü(ÌùÆ¬·¢¹âÂÌÉ«)
Added Member To Class: ClassName=ºËÐÄ°å Member=Component Q1 S8050
Added Member To Class: ClassName=ºËÐÄ°å Member=Component Q2 S8550
Added Member To Class: ClassName=ºËÐÄ°å Member=Component R1 ÌùÆ¬µç×è 1M
Added Member To Class: ClassName=ºËÐÄ°å Member=Component R2 µç×è(ÌùÆ¬)
Added Member To Class: ClassName=ºËÐÄ°å Member=Component R3 µç×è(ÌùÆ¬)
Added Member To Class: ClassName=ºËÐÄ°å Member=Component R4 µç×è(ÌùÆ¬)
Added Member To Class: ClassName=ºËÐÄ°å Member=Component R5 µç×è(ÌùÆ¬)
Added Member To Class: ClassName=ºËÐÄ°å Member=Component R6 µç×è(ÌùÆ¬)
Added Member To Class: ClassName=ºËÐÄ°å Member=Component R7 µç×è(ÌùÆ¬)
Added Member To Class: ClassName=ºËÐÄ°å Member=Component R8 µç×è(ÌùÆ¬)
Added Member To Class: ClassName=ºËÐÄ°å Member=Component R9 µç×è(ÌùÆ¬)
Added Member To Class: ClassName=ºËÐÄ°å Member=Component R10 µç×è(ÌùÆ¬)
Added Member To Class: ClassName=ºËÐÄ°å Member=Component R11 µç×è(ÌùÆ¬)
Added Member To Class: ClassName=ºËÐÄ°å Member=Component R12 µç×è(ÌùÆ¬)
Added Member To Class: ClassName=ºËÐÄ°å Member=Component R13 µç×è(ÌùÆ¬)
Added Member To Class: ClassName=ºËÐÄ°å Member=Component R14 µç×è(ÌùÆ¬)
Added Member To Class: ClassName=ºËÐÄ°å Member=Component R15 µç×è(ÌùÆ¬)
Added Member To Class: ClassName=ºËÐÄ°å Member=Component R16 µç×è(ÌùÆ¬)
Added Member To Class: ClassName=ºËÐÄ°å Member=Component R17 µç×è(ÌùÆ¬)
Added Member To Class: ClassName=ºËÐÄ°å Member=Component R18 µç×è(ÌùÆ¬)
Added Member To Class: ClassName=ºËÐÄ°å Member=Component R19 µç×è(ÌùÆ¬)
Added Member To Class: ClassName=ºËÐÄ°å Member=Component R20 µç×è(ÌùÆ¬)
Added Member To Class: ClassName=ºËÐÄ°å Member=Component R21 µç×è(ÌùÆ¬)
Added Member To Class: ClassName=ºËÐÄ°å Member=Component R22 µç×è(ÌùÆ¬)
Added Member To Class: ClassName=ºËÐÄ°å Member=Component U1 STM32F103ZET6
Added Member To Class: ClassName=ºËÐÄ°å Member=Component U2 CH340G
Added Member To Class: ClassName=ºËÐÄ°å Member=Component U3 ¼¯³ÉµçÂ·ÌùÆ¬
Added Member To Class: ClassName=ºËÐÄ°å Member=Component U4 ¼¯³ÉµçÂ·ÌùÆ¬
Added Member To Class: ClassName=ºËÐÄ°å Member=Component USB_? USB
Added Member To Class: ClassName=ºËÐÄ°å Member=Component Y1 ¾§Ìå(ÌùÆ¬)
Added Member To Class: ClassName=ºËÐÄ°å Member=Component Y2 ¾§Ìå(ÌùÆ¬)
Added Member To Class: ClassName=ºËÐÄ°å Member=Component Y3 ¾§Ìå(ÌùÆ¬)
Added Room: Name=ºËÐÄ°å
