Removed Pin From Net: NetName=VDDA Pin=C6-2
Removed Pin From Net: NetName=VDDA Pin=C7-2
Removed Pin From Net: NetName=VDDA Pin=C8-1
Removed Pin From Net: NetName=VDDA Pin=C9-1
Removed Pin From Net: NetName=PA8 Pin=P2-52
Removed Pin From Net: NetName=VDD33V Pin=P2-60
Removed Pin From Net: NetName=VDDA Pin=U1-32
Removed Pin From Net: NetName=VDDA Pin=U1-33
Added Component: Designator=C36(0603)
Added Component: Designator=C37(0603)
Added Component: Designator=CT2(6032)
Added Component: Designator=U6(AMS1117)
Added Pin To Net: NetName=VDD33V Pin=C6-2
Added Pin To Net: NetName=VDD33V Pin=C7-2
Added Pin To Net: NetName=VDD33V Pin=C8-1
Added Pin To Net: NetName=VDD33V Pin=C9-1
Added Pin To Net: NetName=GND Pin=C36-1
Added Pin To Net: NetName=VDDA Pin=C36-2
Added Pin To Net: NetName=GND Pin=C37-2
Added Pin To Net: NetName=GND Pin=CT2-2
Added Pin To Net: NetName=LED2 Pin=P2-52
Added Pin To Net: NetName=LED0 Pin=P2-54
Added Pin To Net: NetName=PA8 Pin=P2-55
Added Pin To Net: NetName=LED1 Pin=P2-56
Added Pin To Net: NetName=VDD33V Pin=P2-57
Added Pin To Net: NetName=VDDA Pin=P2-58
Added Pin To Net: NetName=VDDA Pin=P2-60
Added Pin To Net: NetName=VDD33V Pin=U1-32
Added Pin To Net: NetName=VDD33V Pin=U1-33
Added Pin To Net: NetName=GND Pin=U6-1
Added Pin To Net: NetName=VDDA Pin=U6-3
Change Net Name : Old Net Name=VDD33V New Net Name=VDDA
Change Net Name : Old Net Name=VDDA New Net Name=VCC5V
Added Pin To Net: NetName=NetC37_1 Pin=C37-1
Added Pin To Net: NetName=NetC37_1 Pin=CT2-1
Added Pin To Net: NetName=NetC37_1 Pin=U6-2
Added Pin To Net: NetName=NetC37_1 Pin=U6-4
Added Net: Name=NetC37_1
Added Member To Class: ClassName=ºËÐÄ°å Member=Component C36 µçÈÝ(ÌùÆ¬)
Added Member To Class: ClassName=ºËÐÄ°å Member=Component C37 µçÈÝ(ÌùÆ¬)
Added Member To Class: ClassName=ºËÐÄ°å Member=Component CT2 îãµçÈÝ(ÌùÆ¬)
Added Member To Class: ClassName=ºËÐÄ°å Member=Component U6 AMS1117-3.3
