Removed Pin From Net: NetName=RESET Pin=D2-1
Removed Pin From Net: NetName=RTS Pin=Q1-1
Removed Pin From Net: NetName=VDDA Pin=Q2-1
Removed Pin From Net: NetName=VDDA Pin=R2-2
Removed Pin From Net: NetName=NetQ1_2 Pin=R3-2
Removed Pin From Net: NetName=RTS Pin=R8-1
Removed Pin From Net: NetName=NetQ2_2 Pin=R8-2
Removed Pin From Net: NetName=BOOT0 Pin=R9-2
Removed Member From Class: ClassName=核心板 Member=D2
Removed Member From Class: ClassName=核心板 Member=D2
Removed Member From Class: ClassName=核心板 Member=D2
Removed Member From Class: ClassName=核心板 Member=D2
Removed Member From Class: ClassName=核心板 Member=R8
Removed Member From Class: ClassName=核心板 Member=R8
Removed Member From Class: ClassName=核心板 Member=R8
Removed Member From Class: ClassName=核心板 Member=R8
Removed Member From Class: ClassName=核心板 Member=R9
Removed Member From Class: ClassName=核心板 Member=R9
Removed Member From Class: ClassName=核心板 Member=R9
Removed Member From Class: ClassName=核心板 Member=R9
Change Component Comment : Designator=F1 Old Comment=0.5A New Comment=保险丝(贴片)
Change Component Comment : Designator=U6 Old Comment=AMS1117-3.3 New Comment=三端稳压芯片
Change Component Comment : Designator=U2 Old Comment=CH340G New Comment=集成电路
Change Component Comment : Designator=CAN_BUS1 Old Comment=Header 3X2 New Comment=双排插针
Change Component Comment : Designator=BOOT1 Old Comment=Header 3X2 New Comment=双排插针
Change Component Comment : Designator=P2 Old Comment=Header 30X2 New Comment=双排插针
Change Component Comment : Designator=P1 Old Comment=Header 30X2 New Comment=双排插针
Change Component Comment : Designator=JTAG1 Old Comment=JTAG New Comment=JTAG插座
Change Component Comment : Designator=RESET_B Old Comment=KEY_M New Comment=复位按键
Change Component Comment : Designator=Q1 Old Comment=S8050 New Comment=三极管
Change Component Comment : Designator=Q2 Old Comment=S8550 New Comment=三极管
Change Component Comment : Designator=U1 Old Comment=STM32F103ZET6 New Comment=集成电路
Change Component Comment : Designator=USB_HOST1 Old Comment=USB New Comment=Mini USB 座 (贴片)
Change Component Comment : Designator=USB_232 Old Comment=USB New Comment=Mini USB 座 (贴片)
Change Component Comment : Designator=U3 Old Comment=W25Q128 New Comment=集成电路
Change Component Comment : Designator=POWER1 Old Comment=二极管(贴片发光绿色) New Comment=二极管(贴片发光红色)
Change Component Comment : Designator=Y1 Old Comment=晶体(贴片) New Comment=晶体(直插)
Change Component Comment : Designator=C9 Old Comment=贴片电容 1uF New Comment=电容(贴片)
Change Component Comment : Designator=C6 Old Comment=贴片电容 1uF New Comment=电容(贴片)
Change Component Comment : Designator=C8 Old Comment=贴片电容10nF New Comment=电容(贴片)
Change Component Comment : Designator=C7 Old Comment=贴片电容10nF New Comment=电容(贴片)
Change Component Comment : Designator=C2 Old Comment=贴片电容10pF New Comment=电容(贴片)
Change Component Comment : Designator=C1 Old Comment=贴片电容10pF New Comment=电容(贴片)
Change Component Comment : Designator=C5 Old Comment=贴片电容22pF New Comment=电容(贴片)
Change Component Comment : Designator=C4 Old Comment=贴片电容22pF New Comment=电容(贴片)
Change Component Comment : Designator=R1 Old Comment=贴片电阻 1M New Comment=电阻(贴片)
Added Pin To Net: NetName=DTS Pin=Q1-1
Added Pin To Net: NetName=BOOT0 Pin=Q1-3
Added Pin To Net: NetName=RTS Pin=Q2-1
Added Pin To Net: NetName=RESET Pin=Q2-3
Added Pin To Net: NetName=RTS Pin=R2-1
Added Pin To Net: NetName=NetQ1_2 Pin=R2-2
Added Pin To Net: NetName=NetQ2_2 Pin=R3-2
Change Net Name : Old Net Name=DTS New Net Name=DTR
