Removed Pin From Net: NetName=NetC12_2 Pin=C12-2
Removed Pin From Net: NetName=GND Pin=C13-1
Removed Pin From Net: NetName=NetC13_2 Pin=C13-2
Removed Pin From Net: NetName=RSTIN Pin=C16-1
Removed Pin From Net: NetName=GND Pin=P1-43
Removed Pin From Net: NetName=GND Pin=P1-44
Removed Pin From Net: NetName=GND Pin=P2-43
Removed Pin From Net: NetName=GND Pin=P2-44
Removed Pin From Net: NetName=RSTIN Pin=R14-1
Removed Pin From Net: NetName=GND Pin=R14-2
Removed Pin From Net: NetName=PE2 Pin=U1-1
Removed Pin From Net: NetName=PE3 Pin=U1-2
Removed Pin From Net: NetName=PE4 Pin=U1-3
Removed Pin From Net: NetName=PE5 Pin=U1-4
Removed Pin From Net: NetName=PE6 Pin=U1-5
Removed Pin From Net: NetName=PF0 Pin=U1-10
Removed Pin From Net: NetName=PF1 Pin=U1-11
Removed Pin From Net: NetName=PF2 Pin=U1-12
Removed Pin From Net: NetName=PF3 Pin=U1-13
Removed Pin From Net: NetName=PF4 Pin=U1-14
Removed Pin From Net: NetName=PF5 Pin=U1-15
Removed Pin From Net: NetName=PF6 Pin=U1-18
Removed Pin From Net: NetName=PF7 Pin=U1-19
Removed Pin From Net: NetName=PF8 Pin=U1-20
Removed Pin From Net: NetName=PF9 Pin=U1-21
Removed Pin From Net: NetName=PF10 Pin=U1-22
Removed Pin From Net: NetName=PF11 Pin=U1-49
Removed Pin From Net: NetName=PF12 Pin=U1-50
Removed Pin From Net: NetName=PF13 Pin=U1-53
Removed Pin From Net: NetName=PF14 Pin=U1-54
Removed Pin From Net: NetName=PF15 Pin=U1-55
Removed Pin From Net: NetName=PG0 Pin=U1-56
Removed Pin From Net: NetName=PG1 Pin=U1-57
Removed Pin From Net: NetName=PE7 Pin=U1-58
Removed Pin From Net: NetName=PE8 Pin=U1-59
Removed Pin From Net: NetName=PE10 Pin=U1-63
Removed Pin From Net: NetName=PE11 Pin=U1-64
Removed Pin From Net: NetName=PE12 Pin=U1-65
Removed Pin From Net: NetName=PE13 Pin=U1-66
Removed Pin From Net: NetName=PE14 Pin=U1-67
Removed Pin From Net: NetName=PE15 Pin=U1-68
Removed Pin From Net: NetName=PD8 Pin=U1-77
Removed Pin From Net: NetName=PD9 Pin=U1-78
Removed Pin From Net: NetName=PD10 Pin=U1-79
Removed Pin From Net: NetName=PD11 Pin=U1-80
Removed Pin From Net: NetName=PD12 Pin=U1-81
Removed Pin From Net: NetName=PD13 Pin=U1-82
Removed Pin From Net: NetName=PD14 Pin=U1-85
Removed Pin From Net: NetName=PD15 Pin=U1-86
Removed Pin From Net: NetName=PG2 Pin=U1-87
Removed Pin From Net: NetName=PG3 Pin=U1-88
Removed Pin From Net: NetName=PG4 Pin=U1-89
Removed Pin From Net: NetName=PG5 Pin=U1-90
Removed Pin From Net: NetName=PG6 Pin=U1-91
Removed Pin From Net: NetName=PG7 Pin=U1-92
Removed Pin From Net: NetName=PD0 Pin=U1-114
Removed Pin From Net: NetName=PD1 Pin=U1-115
Removed Pin From Net: NetName=PD3 Pin=U1-117
Removed Pin From Net: NetName=PD4 Pin=U1-118
Removed Pin From Net: NetName=PD5 Pin=U1-119
Removed Pin From Net: NetName=PD6 Pin=U1-122
Removed Pin From Net: NetName=PD7 Pin=U1-123
Removed Pin From Net: NetName=PG9 Pin=U1-124
Removed Pin From Net: NetName=PG10 Pin=U1-125
Removed Pin From Net: NetName=PG12 Pin=U1-127
Removed Pin From Net: NetName=PG13 Pin=U1-128
Removed Pin From Net: NetName=PG14 Pin=U1-129
Removed Pin From Net: NetName=PE0 Pin=U1-141
Removed Pin From Net: NetName=PE1 Pin=U1-142
Change Component Footprint: Designator=P1 Old Footprint=HEAD2*22 New Footprint=HDR2X30
Change Component Footprint: Designator=P2 Old Footprint=HEAD2*22 New Footprint=HDR2X30
Change Component Comment : Designator=P2 Old Comment=HEAD2*22 New Comment=Header 30X2
Change Component Comment : Designator=P1 Old Comment=HEAD2*22 New Comment=Header 30X2
Change Component Designator: OldDesignator=R12 NewDesignator=R13
Change Component Designator: OldDesignator=R13 NewDesignator=R14
Change Component Designator: OldDesignator=R14 NewDesignator=R12
Added Component: Designator=C17(0603)
Added Component: Designator=C18(0603)
Added Component: Designator=C19(0603)
Added Component: Designator=C20(0603)
Added Component: Designator=C21(0603)
Added Component: Designator=C22(0603)
Added Component: Designator=C23(0603)
Added Component: Designator=C24(0603)
Added Component: Designator=C25(0603)
Added Component: Designator=C26(0603)
Added Component: Designator=C27(0603)
Added Component: Designator=RESET_B(KEY_M)
Added Pin To Net: NetName=GND Pin=C12-2
Added Pin To Net: NetName=GND Pin=C13-2
Added Pin To Net: NetName=GND Pin=C16-1
Added Pin To Net: NetName=GND Pin=C17-2
Added Pin To Net: NetName=GND Pin=C18-2
Added Pin To Net: NetName=GND Pin=C19-1
Added Pin To Net: NetName=GND Pin=C19-2
Added Pin To Net: NetName=GND Pin=C20-1
Added Pin To Net: NetName=GND Pin=C20-2
Added Pin To Net: NetName=GND Pin=C21-1
Added Pin To Net: NetName=GND Pin=C21-2
Added Pin To Net: NetName=GND Pin=C22-1
Added Pin To Net: NetName=GND Pin=C22-2
Added Pin To Net: NetName=GND Pin=C23-1
Added Pin To Net: NetName=GND Pin=C23-2
Added Pin To Net: NetName=GND Pin=C24-1
Added Pin To Net: NetName=NetC12_2 Pin=C24-2
Added Pin To Net: NetName=GND Pin=C25-1
Added Pin To Net: NetName=NetC13_2 Pin=C25-2
Added Pin To Net: NetName=GND Pin=C26-1
Added Pin To Net: NetName=GND Pin=C26-2
Added Pin To Net: NetName=RSTIN Pin=C27-1
Added Pin To Net: NetName=GND Pin=C27-2
Added Pin To Net: NetName=PE15 Pin=P1-2
Added Pin To Net: NetName=PE14 Pin=P1-4
Added Pin To Net: NetName=PE13 Pin=P1-6
Added Pin To Net: NetName=PE12 Pin=P1-8
Added Pin To Net: NetName=PE11 Pin=P1-10
Added Pin To Net: NetName=PE10 Pin=P1-12
Added Pin To Net: NetName=PE9 Pin=P1-14
Added Pin To Net: NetName=PE8 Pin=P1-16
Added Pin To Net: NetName=PE7 Pin=P1-18
Added Pin To Net: NetName=PE6 Pin=P1-20
Added Pin To Net: NetName=PE5 Pin=P1-22
Added Pin To Net: NetName=PE4 Pin=P1-24
Added Pin To Net: NetName=PE3 Pin=P1-26
Added Pin To Net: NetName=PE2 Pin=P1-28
Added Pin To Net: NetName=PE1 Pin=P1-30
Added Pin To Net: NetName=PE0 Pin=P1-32
Added Pin To Net: NetName=PG8 Pin=P1-33
Added Pin To Net: NetName=LED2 Pin=P1-34
Added Pin To Net: NetName=PA9 Pin=P1-35
Added Pin To Net: NetName=I2C1_SCL Pin=P1-36
Added Pin To Net: NetName=PA10 Pin=P1-37
Added Pin To Net: NetName=I2C1_SDA Pin=P1-38
Added Pin To Net: NetName=CAN_RX Pin=P1-39
Added Pin To Net: NetName=LED0 Pin=P1-40
Added Pin To Net: NetName=CAN_TX Pin=P1-41
Added Pin To Net: NetName=LED1 Pin=P1-42
Added Pin To Net: NetName=PC6 Pin=P1-43
Added Pin To Net: NetName=PB10 Pin=P1-44
Added Pin To Net: NetName=PC7 Pin=P1-45
Added Pin To Net: NetName=PB11 Pin=P1-46
Added Pin To Net: NetName=PC8 Pin=P1-47
Added Pin To Net: NetName=F_CS Pin=P1-48
Added Pin To Net: NetName=PC9 Pin=P1-49
Added Pin To Net: NetName=PB13 Pin=P1-50
Added Pin To Net: NetName=PC10 Pin=P1-51
Added Pin To Net: NetName=PB14 Pin=P1-52
Added Pin To Net: NetName=PC11 Pin=P1-53
Added Pin To Net: NetName=PB15 Pin=P1-54
Added Pin To Net: NetName=PC12 Pin=P1-55
Added Pin To Net: NetName=PD2 Pin=P1-56
Added Pin To Net: NetName=PC13 Pin=P1-57
Added Pin To Net: NetName=DAC_OUT1 Pin=P1-58
Added Pin To Net: NetName=GND Pin=P1-59
Added Pin To Net: NetName=GND Pin=P1-60
Added Pin To Net: NetName=PG13 Pin=P2-1
Added Pin To Net: NetName=PD13 Pin=P2-2
Added Pin To Net: NetName=PG12 Pin=P2-3
Added Pin To Net: NetName=PD12 Pin=P2-4
Added Pin To Net: NetName=PG10 Pin=P2-5
Added Pin To Net: NetName=PF0 Pin=P2-6
Added Pin To Net: NetName=PG9 Pin=P2-7
Added Pin To Net: NetName=PD3 Pin=P2-8
Added Pin To Net: NetName=PG7 Pin=P2-9
Added Pin To Net: NetName=PD15 Pin=P2-10
Added Pin To Net: NetName=PG6 Pin=P2-11
Added Pin To Net: NetName=PG5 Pin=P2-13
Added Pin To Net: NetName=PD9 Pin=P2-14
Added Pin To Net: NetName=PG4 Pin=P2-15
Added Pin To Net: NetName=PD10 Pin=P2-16
Added Pin To Net: NetName=PG3 Pin=P2-17
Added Pin To Net: NetName=PD11 Pin=P2-18
Added Pin To Net: NetName=PG2 Pin=P2-19
Added Pin To Net: NetName=PG14 Pin=P2-20
Added Pin To Net: NetName=PG1 Pin=P2-21
Added Pin To Net: NetName=PD1 Pin=P2-22
Added Pin To Net: NetName=PG0 Pin=P2-23
Added Pin To Net: NetName=PD5 Pin=P2-24
Added Pin To Net: NetName=PF15 Pin=P2-25
Added Pin To Net: NetName=PD8 Pin=P2-26
Added Pin To Net: NetName=PF14 Pin=P2-27
Added Pin To Net: NetName=PD4 Pin=P2-28
Added Pin To Net: NetName=PF13 Pin=P2-29
Added Pin To Net: NetName=PD6 Pin=P2-30
Added Pin To Net: NetName=PF12 Pin=P2-31
Added Pin To Net: NetName=PF1 Pin=P2-32
Added Pin To Net: NetName=PF11 Pin=P2-33
Added Pin To Net: NetName=PD14 Pin=P2-34
Added Pin To Net: NetName=PF10 Pin=P2-35
Added Pin To Net: NetName=PD7 Pin=P2-36
Added Pin To Net: NetName=PF9 Pin=P2-37
Added Pin To Net: NetName=PD8 Pin=P2-38
Added Pin To Net: NetName=PF8 Pin=P2-39
Added Pin To Net: NetName=PD4 Pin=P2-40
Added Pin To Net: NetName=PF7 Pin=P2-41
Added Pin To Net: NetName=PD6 Pin=P2-42
Added Pin To Net: NetName=PF6 Pin=P2-43
Added Pin To Net: NetName=PF1 Pin=P2-44
Added Pin To Net: NetName=PF5 Pin=P2-45
Added Pin To Net: NetName=PD14 Pin=P2-46
Added Pin To Net: NetName=PF4 Pin=P2-47
Added Pin To Net: NetName=PD7 Pin=P2-48
Added Pin To Net: NetName=PF3 Pin=P2-49
Added Pin To Net: NetName=DAC_OUT2 Pin=P2-50
Added Pin To Net: NetName=PF2 Pin=P2-51
Added Pin To Net: NetName=PG15 Pin=P2-53
Added Pin To Net: NetName=PD0 Pin=P2-59
Added Pin To Net: NetName=PD0 Pin=P2-60
Added Pin To Net: NetName=GND Pin=R12-1
Added Pin To Net: NetName=RSTIN Pin=R12-2
Added Pin To Net: NetName=GND Pin=RESET_B-1
Added Pin To Net: NetName=GND Pin=RESET_B-1
Added Pin To Net: NetName=RSTIN Pin=RESET_B-2
Added Pin To Net: NetName=RSTIN Pin=RESET_B-2
Added Pin To Net: NetName=PF4 Pin=U1-1
Added Pin To Net: NetName=PF8 Pin=U1-2
Added Pin To Net: NetName=PF7 Pin=U1-3
Added Pin To Net: NetName=PF6 Pin=U1-4
Added Pin To Net: NetName=PF5 Pin=U1-5
Added Pin To Net: NetName=PG13 Pin=U1-10
Added Pin To Net: NetName=PG12 Pin=U1-11
Added Pin To Net: NetName=PG10 Pin=U1-12
Added Pin To Net: NetName=PG9 Pin=U1-13
Added Pin To Net: NetName=PG7 Pin=U1-14
Added Pin To Net: NetName=PG6 Pin=U1-15
Added Pin To Net: NetName=PD8 Pin=U1-18
Added Pin To Net: NetName=PD4 Pin=U1-19
Added Pin To Net: NetName=PD6 Pin=U1-20
Added Pin To Net: NetName=PF1 Pin=U1-21
Added Pin To Net: NetName=PD14 Pin=U1-22
Added Pin To Net: NetName=PD7 Pin=U1-49
Added Pin To Net: NetName=PG5 Pin=U1-50
Added Pin To Net: NetName=PG4 Pin=U1-53
Added Pin To Net: NetName=PG3 Pin=U1-54
Added Pin To Net: NetName=PG2 Pin=U1-55
Added Pin To Net: NetName=PG1 Pin=U1-56
Added Pin To Net: NetName=PG0 Pin=U1-57
Added Pin To Net: NetName=PE11 Pin=U1-58
Added Pin To Net: NetName=PE10 Pin=U1-59
Added Pin To Net: NetName=PE8 Pin=U1-63
Added Pin To Net: NetName=PE7 Pin=U1-64
Added Pin To Net: NetName=PE6 Pin=U1-65
Added Pin To Net: NetName=PE5 Pin=U1-66
Added Pin To Net: NetName=PE4 Pin=U1-67
Added Pin To Net: NetName=PE3 Pin=U1-68
Added Pin To Net: NetName=PE2 Pin=U1-77
Added Pin To Net: NetName=PE1 Pin=U1-78
Added Pin To Net: NetName=PE0 Pin=U1-79
Added Pin To Net: NetName=PF11 Pin=U1-80
Added Pin To Net: NetName=PF10 Pin=U1-81
Added Pin To Net: NetName=PF9 Pin=U1-82
Added Pin To Net: NetName=PE15 Pin=U1-85
Added Pin To Net: NetName=PE14 Pin=U1-86
Added Pin To Net: NetName=PF15 Pin=U1-87
Added Pin To Net: NetName=PF14 Pin=U1-88
Added Pin To Net: NetName=PF13 Pin=U1-89
Added Pin To Net: NetName=PF12 Pin=U1-90
Added Pin To Net: NetName=PD15 Pin=U1-92
Added Pin To Net: NetName=PE13 Pin=U1-114
Added Pin To Net: NetName=PE12 Pin=U1-115
Added Pin To Net: NetName=PF0 Pin=U1-117
Added Pin To Net: NetName=PD5 Pin=U1-118
Added Pin To Net: NetName=PD1 Pin=U1-119
Added Pin To Net: NetName=PD3 Pin=U1-122
Added Pin To Net: NetName=PG14 Pin=U1-123
Added Pin To Net: NetName=PD11 Pin=U1-124
Added Pin To Net: NetName=PD10 Pin=U1-125
Added Pin To Net: NetName=PD9 Pin=U1-127
Added Pin To Net: NetName=PF3 Pin=U1-128
Added Pin To Net: NetName=PF2 Pin=U1-129
Added Pin To Net: NetName=PD13 Pin=U1-141
Added Pin To Net: NetName=PD12 Pin=U1-142
Change Net Name : Old Net Name=NetC12_2 New Net Name=NetC24_2
Change Net Name : Old Net Name=NetC13_2 New Net Name=NetC25_2
Change Net Name : Old Net Name=PD0 New Net Name=VCC
Change Net Name : Old Net Name=PD1 New Net Name=FSMC_NWE
Change Net Name : Old Net Name=PD3 New Net Name=FSMC_NWAIT
Change Net Name : Old Net Name=PD4 New Net Name=FSMC_NREG
Change Net Name : Old Net Name=PD5 New Net Name=FSMC_NOE
Change Net Name : Old Net Name=PD6 New Net Name=FSMC_NIOWR
Change Net Name : Old Net Name=PD7 New Net Name=FSMC_NIOS16
Change Net Name : Old Net Name=PD8 New Net Name=FSMC_NIORD
Change Net Name : Old Net Name=PD9 New Net Name=FSMC_NE4
Change Net Name : Old Net Name=PD10 New Net Name=FSMC_NE3
Change Net Name : Old Net Name=PD11 New Net Name=FSMC_NE2
Change Net Name : Old Net Name=PD12 New Net Name=FSMC_NBL1
Change Net Name : Old Net Name=PD13 New Net Name=FSMC_NBL0
Change Net Name : Old Net Name=PD14 New Net Name=FSMC_INTR
Change Net Name : Old Net Name=PD15 New Net Name=FSMC_INT3
Change Net Name : Old Net Name=PE0 New Net Name=FSMC_D15
Change Net Name : Old Net Name=PE1 New Net Name=FSMC_D14
Change Net Name : Old Net Name=PE2 New Net Name=FSMC_D13
Change Net Name : Old Net Name=PE3 New Net Name=FSMC_D12
Change Net Name : Old Net Name=PE4 New Net Name=FSMC_D11
Change Net Name : Old Net Name=PE5 New Net Name=FSMC_D10
Change Net Name : Old Net Name=PE6 New Net Name=FSMC_D9
Change Net Name : Old Net Name=PE7 New Net Name=FSMC_D8
Change Net Name : Old Net Name=PE8 New Net Name=FSMC_D7
Change Net Name : Old Net Name=PE9 New Net Name=FSMC_D6
Change Net Name : Old Net Name=PE10 New Net Name=FSMC_D5
Change Net Name : Old Net Name=PE11 New Net Name=FSMC_D4
Change Net Name : Old Net Name=PE12 New Net Name=FSMC_D3
Change Net Name : Old Net Name=PE13 New Net Name=FSMC_D2
Change Net Name : Old Net Name=PE14 New Net Name=FSMC_D1
Change Net Name : Old Net Name=PE15 New Net Name=FSMC_D0
Change Net Name : Old Net Name=PF0 New Net Name=FSMC_CLK
Change Net Name : Old Net Name=PF1 New Net Name=FSMC_CD
Change Net Name : Old Net Name=PF2 New Net Name=FSMC_A25
Change Net Name : Old Net Name=PF3 New Net Name=FSMC_A24
Change Net Name : Old Net Name=PF4 New Net Name=FSMC_A23
Change Net Name : Old Net Name=PF5 New Net Name=FSMC_A22
Change Net Name : Old Net Name=PF6 New Net Name=FSMC_A21
Change Net Name : Old Net Name=PF7 New Net Name=FSMC_A20
Change Net Name : Old Net Name=PF8 New Net Name=FSMC_A19
Change Net Name : Old Net Name=PF9 New Net Name=FSMC_A18
Change Net Name : Old Net Name=PF10 New Net Name=FSMC_A17
Change Net Name : Old Net Name=PF11 New Net Name=FSMC_A16
Change Net Name : Old Net Name=PF12 New Net Name=FSMC_A15
Change Net Name : Old Net Name=PF13 New Net Name=FSMC_A14
Change Net Name : Old Net Name=PF14 New Net Name=FSMC_A13
Change Net Name : Old Net Name=PF15 New Net Name=FSMC_A12
Change Net Name : Old Net Name=PG0 New Net Name=FSMC_A11
Change Net Name : Old Net Name=PG1 New Net Name=FSMC_A10
Change Net Name : Old Net Name=PG2 New Net Name=FSMC_A9
Change Net Name : Old Net Name=PG3 New Net Name=FSMC_A8
Change Net Name : Old Net Name=PG4 New Net Name=FSMC_A7
Change Net Name : Old Net Name=PG5 New Net Name=FSMC_A6
Change Net Name : Old Net Name=PG6 New Net Name=FSMC_A5
Change Net Name : Old Net Name=PG7 New Net Name=FSMC_A4
Change Net Name : Old Net Name=PG9 New Net Name=FSMC_A3
Change Net Name : Old Net Name=PG10 New Net Name=FSMC_A2
Change Net Name : Old Net Name=PG12 New Net Name=FSMC_A1
Change Net Name : Old Net Name=PG13 New Net Name=FSMC_A0
Change Net Name : Old Net Name=PG14 New Net Name=DM9000_RST
Added Pin To Net: NetName=DM9000_INT Pin=P2-12
Added Pin To Net: NetName=DM9000_INT Pin=U1-91
Added Net: Name=DM9000_INT
Added Member To Class: ClassName=ºËÐÄ°å Member=Component C17 µçÈÝ(ÌùÆ¬)
Added Member To Class: ClassName=ºËÐÄ°å Member=Component C18 µçÈÝ(ÌùÆ¬)
Added Member To Class: ClassName=ºËÐÄ°å Member=Component C19 µçÈÝ(ÌùÆ¬)
Added Member To Class: ClassName=ºËÐÄ°å Member=Component C20 µçÈÝ(ÌùÆ¬)
Added Member To Class: ClassName=ºËÐÄ°å Member=Component C21 µçÈÝ(ÌùÆ¬)
Added Member To Class: ClassName=ºËÐÄ°å Member=Component C22 µçÈÝ(ÌùÆ¬)
Added Member To Class: ClassName=ºËÐÄ°å Member=Component C23 µçÈÝ(ÌùÆ¬)
Added Member To Class: ClassName=ºËÐÄ°å Member=Component C24 µçÈÝ(ÌùÆ¬)
Added Member To Class: ClassName=ºËÐÄ°å Member=Component C25 µçÈÝ(ÌùÆ¬)
Added Member To Class: ClassName=ºËÐÄ°å Member=Component C26 µçÈÝ(ÌùÆ¬)
Added Member To Class: ClassName=ºËÐÄ°å Member=Component C27 µçÈÝ(ÌùÆ¬)
Added Member To Class: ClassName=ºËÐÄ°å Member=Component RESET_B KEY_M
Added Room: Name=ºËÐÄ°å
