Removed Pin From Net: NetName=NetC11_2 Pin=C11-2
Removed Pin From Net: NetName=NetLED2_2 Pin=LED2-2
Removed Pin From Net: NetName=GND Pin=U3-1
Removed Pin From Net: NetName=NetR17_2 Pin=U3-2
Removed Pin From Net: NetName=RSTIN Pin=U3-3
Change Component Footprint: Designator=U3 Old Footprint=MAX811T New Footprint=SOIC-8
Change Component Footprint: Designator=JTAG1 Old Footprint=STM32JTAG New Footprint=JTAG_20
Change Component Comment : Designator=JTAG1 Old Comment=Stm32Jtag New Comment=JTAG
Change Component Comment : Designator=U3 Old Comment=集成电路贴片 New Comment=W25Q128
Change Component Designator: OldDesignator=C12 NewDesignator=C13
Change Component Designator: OldDesignator=C13 NewDesignator=C14
Change Component Designator: OldDesignator=C14 NewDesignator=C15
Change Component Designator: OldDesignator=C15 NewDesignator=C16
Change Component Designator: OldDesignator=CAN_BUS NewDesignator=CAN_BUS1
Change Component Designator: OldDesignator=D1 NewDesignator=D2
Change Component Designator: OldDesignator=D2 NewDesignator=D5
Change Component Designator: OldDesignator=D3 NewDesignator=D1
Change Component Designator: OldDesignator=D4 NewDesignator=D3
Change Component Designator: OldDesignator=D5 NewDesignator=D4
Change Component Designator: OldDesignator=R4 NewDesignator=R8
Change Component Designator: OldDesignator=R5 NewDesignator=R4
Change Component Designator: OldDesignator=R6 NewDesignator=R5
Change Component Designator: OldDesignator=R7 NewDesignator=R6
Change Component Designator: OldDesignator=R8 NewDesignator=R9
Change Component Designator: OldDesignator=R9 NewDesignator=R10
Change Component Designator: OldDesignator=R10 NewDesignator=R11
Change Component Designator: OldDesignator=R11 NewDesignator=R12
Change Component Designator: OldDesignator=R12 NewDesignator=R13
Change Component Designator: OldDesignator=R13 NewDesignator=R14
Change Component Designator: OldDesignator=R14 NewDesignator=R15
Change Component Designator: OldDesignator=R15 NewDesignator=R16
Change Component Designator: OldDesignator=R16 NewDesignator=R17
Change Component Designator: OldDesignator=R17 NewDesignator=R18
Change Component Designator: OldDesignator=R18 NewDesignator=R19
Change Component Designator: OldDesignator=R19 NewDesignator=R20
Change Component Designator: OldDesignator=R20 NewDesignator=R21
Change Component Designator: OldDesignator=R21 NewDesignator=R22
Change Component Designator: OldDesignator=R22 NewDesignator=R23
Change Component Designator: OldDesignator=U4 NewDesignator=U5
Change Component Designator: OldDesignator=USB_HOST NewDesignator=USB_HOST1
Added Component: Designator=C12(0603)
Added Component: Designator=LED3(LED-0805)
Added Component: Designator=P1(HEAD2*22)
Added Component: Designator=P2(HEAD2*22)
Added Component: Designator=R7(0603)
Added Component: Designator=U4(MAX811T)
Added Pin To Net: NetName=GND Pin=C11-2
Added Pin To Net: NetName=GND Pin=C12-1
Added Pin To Net: NetName=NetC11_2 Pin=C12-2
Added Pin To Net: NetName=GND Pin=LED3-1
Added Pin To Net: NetName=NetLED2_2 Pin=LED3-2
Added Pin To Net: NetName=PB5 Pin=R7-1
Added Pin To Net: NetName=GND Pin=U1-71
Added Pin To Net: NetName=PB12 Pin=U3-1
Added Pin To Net: NetName=PB14 Pin=U3-2
Added Pin To Net: NetName=GND Pin=U3-3
Added Pin To Net: NetName=PB15 Pin=U3-5
Added Pin To Net: NetName=PB13 Pin=U3-6
Added Pin To Net: NetName=GND Pin=U3-7
Added Pin To Net: NetName=GND Pin=U3-8
Added Pin To Net: NetName=GND Pin=U4-1
Added Pin To Net: NetName=NetR17_2 Pin=U4-2
Added Pin To Net: NetName=RSTIN Pin=U4-3
Added Pin To Net: NetName=GND Pin=U4-4
Change Net Name : Old Net Name=NetC11_2 New Net Name=NetC12_2
Change Net Name : Old Net Name=NetC12_2 New Net Name=NetC13_2
Change Net Name : Old Net Name=NetCAN_BUS_5 New Net Name=NetCAN_BUS1_5
Change Net Name : Old Net Name=NetCAN_BUS_6 New Net Name=NetCAN_BUS1_6
Change Net Name : Old Net Name=NetD1_2 New Net Name=NetD2_2
Change Net Name : Old Net Name=NetD3_2 New Net Name=NetD1_2
Change Net Name : Old Net Name=NetD4_2 New Net Name=NetD3_2
Change Net Name : Old Net Name=NetD5_2 New Net Name=NetD4_2
Change Net Name : Old Net Name=NetLED2_2 New Net Name=NetLED3_2
Change Net Name : Old Net Name=NetR10_1 New Net Name=NetR11_1
Change Net Name : Old Net Name=NetR17_2 New Net Name=NetR18_2
Change Net Name : Old Net Name=PB5 New Net Name=LED2
Change Net Name : Old Net Name=PB12 New Net Name=F_CS
Added Member To Class: ClassName=核心板 Member=Component C16 电容(贴片)
Added Member To Class: ClassName=核心板 Member=Component LED3 二极管(贴片发光绿色)
Added Member To Class: ClassName=核心板 Member=Component P1 HEAD2*22
Added Member To Class: ClassName=核心板 Member=Component P2 HEAD2*22
Added Member To Class: ClassName=核心板 Member=Component R23 电阻(贴片)
Added Member To Class: ClassName=核心板 Member=Component U5 集成电路贴片
