Added Component: Designator=BOOT1(HDR2X3)
Added Component: Designator=C1(0603)
Added Component: Designator=C2(0603)
Added Component: Designator=C3(0603)
Added Component: Designator=C4(0603)
Added Component: Designator=C5(0603)
Added Component: Designator=C6(0603)
Added Component: Designator=C7(0603)
Added Component: Designator=C8(0603)
Added Component: Designator=C9(0603)
Added Component: Designator=C10(0603)
Added Component: Designator=C11(0603)
Added Component: Designator=C12(0603)
Added Component: Designator=C13(0603)
Added Component: Designator=C14(0603)
Added Component: Designator=C15(0603)
Added Component: Designator=C16(0603)
Added Component: Designator=C17(0603)
Added Component: Designator=C18(0603)
Added Component: Designator=C19(0603)
Added Component: Designator=C20(0603)
Added Component: Designator=C21(0603)
Added Component: Designator=C22(0603)
Added Component: Designator=C23(0603)
Added Component: Designator=C24(0603)
Added Component: Designator=C25(0603)
Added Component: Designator=C26(0603)
Added Component: Designator=C27(0603)
Added Component: Designator=CAN_BUS1(HDR2X3)
Added Component: Designator=CT1(6032)
Added Component: Designator=D1(D1206)
Added Component: Designator=D2(D1206)
Added Component: Designator=D3(D1206)
Added Component: Designator=D4(D1206)
Added Component: Designator=D5(D1206)
Added Component: Designator=JTAG1(JTAG_20)
Added Component: Designator=LED1(LED-0805)
Added Component: Designator=LED2(LED-0805)
Added Component: Designator=LED3(LED-0805)
Added Component: Designator=P1(HDR2X30)
Added Component: Designator=P2(HDR2X30)
Added Component: Designator=POWER1(LED-0805)
Added Component: Designator=Q1(sot-23)
Added Component: Designator=Q2(sot-23)
Added Component: Designator=R1(0603)
Added Component: Designator=R2(0603)
Added Component: Designator=R3(0603)
Added Component: Designator=R4(0603)
Added Component: Designator=R5(0603)
Added Component: Designator=R6(0603)
Added Component: Designator=R7(0603)
Added Component: Designator=R8(0603)
Added Component: Designator=R9(0603)
Added Component: Designator=R10(0603)
Added Component: Designator=R11(0603)
Added Component: Designator=R12(0603)
Added Component: Designator=R13(0603)
Added Component: Designator=R14(0603)
Added Component: Designator=R15(0603)
Added Component: Designator=R16(0603)
Added Component: Designator=R17(0603)
Added Component: Designator=R18(0603)
Added Component: Designator=R19(0603)
Added Component: Designator=R20(0603)
Added Component: Designator=R21(0603)
Added Component: Designator=R22(0603)
Added Component: Designator=R23(0603)
Added Component: Designator=RESET_B(KEY_M)
Added Component: Designator=U1(LQFP144)
Added Component: Designator=U2(SOP16M)
Added Component: Designator=U3(SOIC-8)
Added Component: Designator=U4(MAX811T)
Added Component: Designator=U5(SOP8)
Added Component: Designator=USB_232(USB/SM0.8-6H5)
Added Component: Designator=USB_HOST1(USB/SM0.8-6H5)
Added Component: Designator=Y1(CRYSTAL_SMD)
Added Component: Designator=Y2(CRYSTAL_SMD)
Added Component: Designator=Y3(CRYSTAL_SMD)
Added Pin To Net: NetName=GND Pin=BOOT1-1
Added Pin To Net: NetName=GND Pin=BOOT1-2
Added Pin To Net: NetName=NetBOOT1_3 Pin=BOOT1-3
Added Pin To Net: NetName=NetBOOT1_4 Pin=BOOT1-4
Added Pin To Net: NetName=GND Pin=BOOT1-5
Added Pin To Net: NetName=GND Pin=BOOT1-6
Added Pin To Net: NetName=OSC32_IN Pin=C1-1
Added Pin To Net: NetName=GND Pin=C1-2
Added Pin To Net: NetName=OSC32_OUT Pin=C2-1
Added Pin To Net: NetName=GND Pin=C2-2
Added Pin To Net: NetName=GND Pin=C3-1
Added Pin To Net: NetName=NetC3_2 Pin=C3-2
Added Pin To Net: NetName=OSC_OUT Pin=C4-1
Added Pin To Net: NetName=GND Pin=C4-2
Added Pin To Net: NetName=OSC_IN Pin=C5-1
Added Pin To Net: NetName=GND Pin=C5-2
Added Pin To Net: NetName=GND Pin=C6-1
Added Pin To Net: NetName=VREF+ Pin=C6-2
Added Pin To Net: NetName=GND Pin=C7-1
Added Pin To Net: NetName=VREF+ Pin=C7-2
Added Pin To Net: NetName=VDDA Pin=C8-1
Added Pin To Net: NetName=GND Pin=C8-2
Added Pin To Net: NetName=VDDA Pin=C9-1
Added Pin To Net: NetName=GND Pin=C9-2
Added Pin To Net: NetName=NetC10_1 Pin=C10-1
Added Pin To Net: NetName=GND Pin=C10-2
Added Pin To Net: NetName=GND Pin=C11-1
Added Pin To Net: NetName=GND Pin=C11-2
Added Pin To Net: NetName=GND Pin=C12-1
Added Pin To Net: NetName=GND Pin=C12-2
Added Pin To Net: NetName=GND Pin=C13-2
Added Pin To Net: NetName=GND Pin=C14-1
Added Pin To Net: NetName=GND Pin=C14-2
Added Pin To Net: NetName=GND Pin=C15-1
Added Pin To Net: NetName=GND Pin=C15-2
Added Pin To Net: NetName=GND Pin=C16-1
Added Pin To Net: NetName=GND Pin=C16-2
Added Pin To Net: NetName=GND Pin=C17-2
Added Pin To Net: NetName=GND Pin=C18-2
Added Pin To Net: NetName=GND Pin=C19-1
Added Pin To Net: NetName=GND Pin=C19-2
Added Pin To Net: NetName=GND Pin=C20-1
Added Pin To Net: NetName=GND Pin=C20-2
Added Pin To Net: NetName=GND Pin=C21-1
Added Pin To Net: NetName=GND Pin=C21-2
Added Pin To Net: NetName=GND Pin=C22-1
Added Pin To Net: NetName=GND Pin=C22-2
Added Pin To Net: NetName=GND Pin=C23-1
Added Pin To Net: NetName=GND Pin=C23-2
Added Pin To Net: NetName=GND Pin=C24-1
Added Pin To Net: NetName=NetC24_2 Pin=C24-2
Added Pin To Net: NetName=GND Pin=C25-1
Added Pin To Net: NetName=NetC25_2 Pin=C25-2
Added Pin To Net: NetName=GND Pin=C26-1
Added Pin To Net: NetName=GND Pin=C26-2
Added Pin To Net: NetName=RSTIN Pin=C27-1
Added Pin To Net: NetName=GND Pin=C27-2
Added Pin To Net: NetName=CAN_TX Pin=CAN_BUS1-1
Added Pin To Net: NetName=CAN_RX Pin=CAN_BUS1-2
Added Pin To Net: NetName=CAN_TX Pin=CAN_BUS1-3
Added Pin To Net: NetName=CAN_RX Pin=CAN_BUS1-4
Added Pin To Net: NetName=NetCAN_BUS1_5 Pin=CAN_BUS1-5
Added Pin To Net: NetName=NetCAN_BUS1_6 Pin=CAN_BUS1-6
Added Pin To Net: NetName=NetC3_2 Pin=CT1-1
Added Pin To Net: NetName=GND Pin=CT1-2
Added Pin To Net: NetName=GND Pin=D1-1
Added Pin To Net: NetName=NetD1_2 Pin=D1-2
Added Pin To Net: NetName=RESET Pin=D2-1
Added Pin To Net: NetName=NetD2_2 Pin=D2-2
Added Pin To Net: NetName=USB_5V1 Pin=D3-1
Added Pin To Net: NetName=NetD3_2 Pin=D3-2
Added Pin To Net: NetName=USB_5V1 Pin=D4-1
Added Pin To Net: NetName=NetD4_2 Pin=D4-2
Added Pin To Net: NetName=RSTIN Pin=D5-1
Added Pin To Net: NetName=GND Pin=D5-2
Added Pin To Net: NetName=GND Pin=JTAG1-1
Added Pin To Net: NetName=GND Pin=JTAG1-2
Added Pin To Net: NetName=JTRST Pin=JTAG1-3
Added Pin To Net: NetName=GND Pin=JTAG1-4
Added Pin To Net: NetName=JTDI Pin=JTAG1-5
Added Pin To Net: NetName=GND Pin=JTAG1-6
Added Pin To Net: NetName=JTMS Pin=JTAG1-7
Added Pin To Net: NetName=GND Pin=JTAG1-8
Added Pin To Net: NetName=JTCK Pin=JTAG1-9
Added Pin To Net: NetName=GND Pin=JTAG1-10
Added Pin To Net: NetName=GND Pin=JTAG1-12
Added Pin To Net: NetName=JTDO Pin=JTAG1-13
Added Pin To Net: NetName=GND Pin=JTAG1-14
Added Pin To Net: NetName=RESET Pin=JTAG1-15
Added Pin To Net: NetName=GND Pin=JTAG1-16
Added Pin To Net: NetName=GND Pin=JTAG1-18
Added Pin To Net: NetName=GND Pin=JTAG1-20
Added Pin To Net: NetName=GND Pin=LED1-1
Added Pin To Net: NetName=NetLED1_2 Pin=LED1-2
Added Pin To Net: NetName=GND Pin=LED2-1
Added Pin To Net: NetName=GND Pin=LED3-1
Added Pin To Net: NetName=NetLED3_2 Pin=LED3-2
Added Pin To Net: NetName=CH0 Pin=P1-1
Added Pin To Net: NetName=FSMC_D0 Pin=P1-2
Added Pin To Net: NetName=CH1 Pin=P1-3
Added Pin To Net: NetName=FSMC_D1 Pin=P1-4
Added Pin To Net: NetName=CH2 Pin=P1-5
Added Pin To Net: NetName=FSMC_D2 Pin=P1-6
Added Pin To Net: NetName=CH3 Pin=P1-7
Added Pin To Net: NetName=FSMC_D3 Pin=P1-8
Added Pin To Net: NetName=CH4 Pin=P1-9
Added Pin To Net: NetName=FSMC_D4 Pin=P1-10
Added Pin To Net: NetName=CH5 Pin=P1-11
Added Pin To Net: NetName=FSMC_D5 Pin=P1-12
Added Pin To Net: NetName=CH6 Pin=P1-13
Added Pin To Net: NetName=FSMC_D6 Pin=P1-14
Added Pin To Net: NetName=CH7 Pin=P1-15
Added Pin To Net: NetName=FSMC_D7 Pin=P1-16
Added Pin To Net: NetName=CH8 Pin=P1-17
Added Pin To Net: NetName=FSMC_D8 Pin=P1-18
Added Pin To Net: NetName=CH9 Pin=P1-19
Added Pin To Net: NetName=FSMC_D9 Pin=P1-20
Added Pin To Net: NetName=CH10 Pin=P1-21
Added Pin To Net: NetName=FSMC_D10 Pin=P1-22
Added Pin To Net: NetName=CH11 Pin=P1-23
Added Pin To Net: NetName=FSMC_D11 Pin=P1-24
Added Pin To Net: NetName=CH12 Pin=P1-25
Added Pin To Net: NetName=FSMC_D12 Pin=P1-26
Added Pin To Net: NetName=CH13 Pin=P1-27
Added Pin To Net: NetName=FSMC_D13 Pin=P1-28
Added Pin To Net: NetName=CH14 Pin=P1-29
Added Pin To Net: NetName=FSMC_D14 Pin=P1-30
Added Pin To Net: NetName=CH15 Pin=P1-31
Added Pin To Net: NetName=FSMC_D15 Pin=P1-32
Added Pin To Net: NetName=PG8 Pin=P1-33
Added Pin To Net: NetName=LED2 Pin=P1-34
Added Pin To Net: NetName=PA9 Pin=P1-35
Added Pin To Net: NetName=I2C1_SCL Pin=P1-36
Added Pin To Net: NetName=PA10 Pin=P1-37
Added Pin To Net: NetName=I2C1_SDA Pin=P1-38
Added Pin To Net: NetName=CAN_RX Pin=P1-39
Added Pin To Net: NetName=LED0 Pin=P1-40
Added Pin To Net: NetName=CAN_TX Pin=P1-41
Added Pin To Net: NetName=LED1 Pin=P1-42
Added Pin To Net: NetName=PC6 Pin=P1-43
Added Pin To Net: NetName=PB10 Pin=P1-44
Added Pin To Net: NetName=PC7 Pin=P1-45
Added Pin To Net: NetName=PB11 Pin=P1-46
Added Pin To Net: NetName=PC8 Pin=P1-47
Added Pin To Net: NetName=F_CS Pin=P1-48
Added Pin To Net: NetName=PC9 Pin=P1-49
Added Pin To Net: NetName=PB13 Pin=P1-50
Added Pin To Net: NetName=PC10 Pin=P1-51
Added Pin To Net: NetName=PB14 Pin=P1-52
Added Pin To Net: NetName=PC11 Pin=P1-53
Added Pin To Net: NetName=PB15 Pin=P1-54
Added Pin To Net: NetName=PC12 Pin=P1-55
Added Pin To Net: NetName=PD2 Pin=P1-56
Added Pin To Net: NetName=PC13 Pin=P1-57
Added Pin To Net: NetName=DAC_OUT1 Pin=P1-58
Added Pin To Net: NetName=GND Pin=P1-59
Added Pin To Net: NetName=GND Pin=P1-60
Added Pin To Net: NetName=FSMC_A0 Pin=P2-1
Added Pin To Net: NetName=FSMC_NBL0 Pin=P2-2
Added Pin To Net: NetName=FSMC_A1 Pin=P2-3
Added Pin To Net: NetName=FSMC_NBL1 Pin=P2-4
Added Pin To Net: NetName=FSMC_A2 Pin=P2-5
Added Pin To Net: NetName=FSMC_CLK Pin=P2-6
Added Pin To Net: NetName=FSMC_A3 Pin=P2-7
Added Pin To Net: NetName=FSMC_NWAIT Pin=P2-8
Added Pin To Net: NetName=FSMC_A4 Pin=P2-9
Added Pin To Net: NetName=FSMC_INT3 Pin=P2-10
Added Pin To Net: NetName=FSMC_A5 Pin=P2-11
Added Pin To Net: NetName=DM9000_INT Pin=P2-12
Added Pin To Net: NetName=FSMC_A6 Pin=P2-13
Added Pin To Net: NetName=FSMC_NE4 Pin=P2-14
Added Pin To Net: NetName=FSMC_A7 Pin=P2-15
Added Pin To Net: NetName=FSMC_NE3 Pin=P2-16
Added Pin To Net: NetName=FSMC_A8 Pin=P2-17
Added Pin To Net: NetName=FSMC_NE2 Pin=P2-18
Added Pin To Net: NetName=FSMC_A9 Pin=P2-19
Added Pin To Net: NetName=DM9000_RST Pin=P2-20
Added Pin To Net: NetName=FSMC_A10 Pin=P2-21
Added Pin To Net: NetName=FSMC_NWE Pin=P2-22
Added Pin To Net: NetName=FSMC_A11 Pin=P2-23
Added Pin To Net: NetName=FSMC_NOE Pin=P2-24
Added Pin To Net: NetName=FSMC_A12 Pin=P2-25
Added Pin To Net: NetName=FSMC_NIORD Pin=P2-26
Added Pin To Net: NetName=FSMC_A13 Pin=P2-27
Added Pin To Net: NetName=FSMC_NREG Pin=P2-28
Added Pin To Net: NetName=FSMC_A14 Pin=P2-29
Added Pin To Net: NetName=FSMC_NIOWR Pin=P2-30
Added Pin To Net: NetName=FSMC_A15 Pin=P2-31
Added Pin To Net: NetName=FSMC_CD Pin=P2-32
Added Pin To Net: NetName=FSMC_A16 Pin=P2-33
Added Pin To Net: NetName=FSMC_INTR Pin=P2-34
Added Pin To Net: NetName=FSMC_A17 Pin=P2-35
Added Pin To Net: NetName=FSMC_NIOS16 Pin=P2-36
Added Pin To Net: NetName=FSMC_A18 Pin=P2-37
Added Pin To Net: NetName=FSMC_NIORD Pin=P2-38
Added Pin To Net: NetName=FSMC_A19 Pin=P2-39
Added Pin To Net: NetName=FSMC_NREG Pin=P2-40
Added Pin To Net: NetName=FSMC_A20 Pin=P2-41
Added Pin To Net: NetName=FSMC_NIOWR Pin=P2-42
Added Pin To Net: NetName=FSMC_A21 Pin=P2-43
Added Pin To Net: NetName=FSMC_CD Pin=P2-44
Added Pin To Net: NetName=FSMC_A22 Pin=P2-45
Added Pin To Net: NetName=FSMC_INTR Pin=P2-46
Added Pin To Net: NetName=FSMC_A23 Pin=P2-47
Added Pin To Net: NetName=FSMC_NIOS16 Pin=P2-48
Added Pin To Net: NetName=FSMC_A24 Pin=P2-49
Added Pin To Net: NetName=DAC_OUT2 Pin=P2-50
Added Pin To Net: NetName=FSMC_A25 Pin=P2-51
Added Pin To Net: NetName=PG15 Pin=P2-53
Added Pin To Net: NetName=VCC Pin=P2-59
Added Pin To Net: NetName=VCC Pin=P2-60
Added Pin To Net: NetName=GND Pin=POWER1-1
Added Pin To Net: NetName=NetPOWER1_2 Pin=POWER1-2
Added Pin To Net: NetName=RTS Pin=Q1-1
Added Pin To Net: NetName=NetQ1_2 Pin=Q1-2
Added Pin To Net: NetName=NetD2_2 Pin=Q1-3
Added Pin To Net: NetName=GND Pin=Q2-1
Added Pin To Net: NetName=NetQ2_2 Pin=Q2-2
Added Pin To Net: NetName=NetQ2_3 Pin=Q2-3
Added Pin To Net: NetName=OSC_IN Pin=R1-1
Added Pin To Net: NetName=OSC_OUT Pin=R1-2
Added Pin To Net: NetName=NetD2_2 Pin=R2-1
Added Pin To Net: NetName=GND Pin=R2-2
Added Pin To Net: NetName=DTS Pin=R3-1
Added Pin To Net: NetName=NetQ1_2 Pin=R3-2
Added Pin To Net: NetName=LED0 Pin=R4-1
Added Pin To Net: NetName=NetLED3_2 Pin=R4-2
Added Pin To Net: NetName=LED1 Pin=R5-1
Added Pin To Net: NetName=NetLED1_2 Pin=R5-2
Added Pin To Net: NetName=GND Pin=R6-1
Added Pin To Net: NetName=NetPOWER1_2 Pin=R6-2
Added Pin To Net: NetName=LED2 Pin=R7-1
Added Pin To Net: NetName=RTS Pin=R8-1
Added Pin To Net: NetName=NetQ2_2 Pin=R8-2
Added Pin To Net: NetName=NetQ2_3 Pin=R9-1
Added Pin To Net: NetName=BOOT0 Pin=R9-2
Added Pin To Net: NetName=NetC25_2 Pin=R10-1
Added Pin To Net: NetName=NetC24_2 Pin=R10-2
Added Pin To Net: NetName=NetR11_1 Pin=R11-1
Added Pin To Net: NetName=GND Pin=R11-2
Added Pin To Net: NetName=GND Pin=R12-1
Added Pin To Net: NetName=RSTIN Pin=R12-2
Added Pin To Net: NetName=GND Pin=R13-1
Added Pin To Net: NetName=JTRST Pin=R13-2
Added Pin To Net: NetName=GND Pin=R14-1
Added Pin To Net: NetName=JTDI Pin=R14-2
Added Pin To Net: NetName=GND Pin=R15-1
Added Pin To Net: NetName=JTMS Pin=R15-2
Added Pin To Net: NetName=GND Pin=R16-1
Added Pin To Net: NetName=JTCK Pin=R16-2
Added Pin To Net: NetName=I2C1_SDA Pin=R17-1
Added Pin To Net: NetName=GND Pin=R17-2
Added Pin To Net: NetName=RESET Pin=R18-1
Added Pin To Net: NetName=NetR18_2 Pin=R18-2
Added Pin To Net: NetName=RESET Pin=R19-1
Added Pin To Net: NetName=NTRST Pin=R19-2
Added Pin To Net: NetName=NetBOOT1_3 Pin=R20-1
Added Pin To Net: NetName=BOOT0 Pin=R20-2
Added Pin To Net: NetName=BOOT1 Pin=R21-1
Added Pin To Net: NetName=NetBOOT1_4 Pin=R21-2
Added Pin To Net: NetName=I2C1_SCL Pin=R22-1
Added Pin To Net: NetName=GND Pin=R22-2
Added Pin To Net: NetName=GND Pin=R23-1
Added Pin To Net: NetName=JTDO Pin=R23-2
Added Pin To Net: NetName=GND Pin=RESET_B-1
Added Pin To Net: NetName=GND Pin=RESET_B-1
Added Pin To Net: NetName=RSTIN Pin=RESET_B-2
Added Pin To Net: NetName=RSTIN Pin=RESET_B-2
Added Pin To Net: NetName=FSMC_A23 Pin=U1-1
Added Pin To Net: NetName=FSMC_A19 Pin=U1-2
Added Pin To Net: NetName=FSMC_A20 Pin=U1-3
Added Pin To Net: NetName=FSMC_A21 Pin=U1-4
Added Pin To Net: NetName=FSMC_A22 Pin=U1-5
Added Pin To Net: NetName=NetD1_2 Pin=U1-6
Added Pin To Net: NetName=PC13 Pin=U1-7
Added Pin To Net: NetName=OSC32_IN Pin=U1-8
Added Pin To Net: NetName=OSC32_OUT Pin=U1-9
Added Pin To Net: NetName=FSMC_A0 Pin=U1-10
Added Pin To Net: NetName=FSMC_A1 Pin=U1-11
Added Pin To Net: NetName=FSMC_A2 Pin=U1-12
Added Pin To Net: NetName=FSMC_A3 Pin=U1-13
Added Pin To Net: NetName=FSMC_A4 Pin=U1-14
Added Pin To Net: NetName=FSMC_A5 Pin=U1-15
Added Pin To Net: NetName=GND Pin=U1-16
Added Pin To Net: NetName=GND Pin=U1-17
Added Pin To Net: NetName=FSMC_NIORD Pin=U1-18
Added Pin To Net: NetName=FSMC_NREG Pin=U1-19
Added Pin To Net: NetName=FSMC_NIOWR Pin=U1-20
Added Pin To Net: NetName=FSMC_CD Pin=U1-21
Added Pin To Net: NetName=FSMC_INTR Pin=U1-22
Added Pin To Net: NetName=OSC_IN Pin=U1-23
Added Pin To Net: NetName=OSC_OUT Pin=U1-24
Added Pin To Net: NetName=RESET Pin=U1-25
Added Pin To Net: NetName=CH10 Pin=U1-26
Added Pin To Net: NetName=CH11 Pin=U1-27
Added Pin To Net: NetName=CH12 Pin=U1-28
Added Pin To Net: NetName=CH13 Pin=U1-29
Added Pin To Net: NetName=GND Pin=U1-30
Added Pin To Net: NetName=GND Pin=U1-31
Added Pin To Net: NetName=VREF+ Pin=U1-32
Added Pin To Net: NetName=VDDA Pin=U1-33
Added Pin To Net: NetName=CH0 Pin=U1-34
Added Pin To Net: NetName=CH1 Pin=U1-35
Added Pin To Net: NetName=CH2 Pin=U1-36
Added Pin To Net: NetName=CH3 Pin=U1-37
Added Pin To Net: NetName=GND Pin=U1-38
Added Pin To Net: NetName=GND Pin=U1-39
Added Pin To Net: NetName=DAC_OUT1 Pin=U1-40
Added Pin To Net: NetName=DAC_OUT2 Pin=U1-41
Added Pin To Net: NetName=CH6 Pin=U1-42
Added Pin To Net: NetName=CH7 Pin=U1-43
Added Pin To Net: NetName=CH4 Pin=U1-44
Added Pin To Net: NetName=CH5 Pin=U1-45
Added Pin To Net: NetName=CH8 Pin=U1-46
Added Pin To Net: NetName=CH9 Pin=U1-47
Added Pin To Net: NetName=BOOT1 Pin=U1-48
Added Pin To Net: NetName=FSMC_NIOS16 Pin=U1-49
Added Pin To Net: NetName=FSMC_A6 Pin=U1-50
Added Pin To Net: NetName=GND Pin=U1-51
Added Pin To Net: NetName=GND Pin=U1-52
Added Pin To Net: NetName=FSMC_A7 Pin=U1-53
Added Pin To Net: NetName=FSMC_A8 Pin=U1-54
Added Pin To Net: NetName=FSMC_A9 Pin=U1-55
Added Pin To Net: NetName=FSMC_A10 Pin=U1-56
Added Pin To Net: NetName=FSMC_A11 Pin=U1-57
Added Pin To Net: NetName=FSMC_D4 Pin=U1-58
Added Pin To Net: NetName=FSMC_D5 Pin=U1-59
Added Pin To Net: NetName=FSMC_D6 Pin=U1-60
Added Pin To Net: NetName=GND Pin=U1-61
Added Pin To Net: NetName=GND Pin=U1-62
Added Pin To Net: NetName=FSMC_D7 Pin=U1-63
Added Pin To Net: NetName=FSMC_D8 Pin=U1-64
Added Pin To Net: NetName=FSMC_D9 Pin=U1-65
Added Pin To Net: NetName=FSMC_D10 Pin=U1-66
Added Pin To Net: NetName=FSMC_D11 Pin=U1-67
Added Pin To Net: NetName=FSMC_D12 Pin=U1-68
Added Pin To Net: NetName=PB10 Pin=U1-69
Added Pin To Net: NetName=PB11 Pin=U1-70
Added Pin To Net: NetName=GND Pin=U1-71
Added Pin To Net: NetName=GND Pin=U1-72
Added Pin To Net: NetName=F_CS Pin=U1-73
Added Pin To Net: NetName=PB13 Pin=U1-74
Added Pin To Net: NetName=PB14 Pin=U1-75
Added Pin To Net: NetName=PB15 Pin=U1-76
Added Pin To Net: NetName=FSMC_D13 Pin=U1-77
Added Pin To Net: NetName=FSMC_D14 Pin=U1-78
Added Pin To Net: NetName=FSMC_D15 Pin=U1-79
Added Pin To Net: NetName=FSMC_A16 Pin=U1-80
Added Pin To Net: NetName=FSMC_A17 Pin=U1-81
Added Pin To Net: NetName=FSMC_A18 Pin=U1-82
Added Pin To Net: NetName=GND Pin=U1-83
Added Pin To Net: NetName=GND Pin=U1-84
Added Pin To Net: NetName=FSMC_D0 Pin=U1-85
Added Pin To Net: NetName=FSMC_D1 Pin=U1-86
Added Pin To Net: NetName=FSMC_A12 Pin=U1-87
Added Pin To Net: NetName=FSMC_A13 Pin=U1-88
Added Pin To Net: NetName=FSMC_A14 Pin=U1-89
Added Pin To Net: NetName=FSMC_A15 Pin=U1-90
Added Pin To Net: NetName=DM9000_INT Pin=U1-91
Added Pin To Net: NetName=FSMC_INT3 Pin=U1-92
Added Pin To Net: NetName=PG8 Pin=U1-93
Added Pin To Net: NetName=GND Pin=U1-94
Added Pin To Net: NetName=GND Pin=U1-95
Added Pin To Net: NetName=PC6 Pin=U1-96
Added Pin To Net: NetName=PC7 Pin=U1-97
Added Pin To Net: NetName=PC8 Pin=U1-98
Added Pin To Net: NetName=PC9 Pin=U1-99
Added Pin To Net: NetName=PA8 Pin=U1-100
Added Pin To Net: NetName=PA9 Pin=U1-101
Added Pin To Net: NetName=PA10 Pin=U1-102
Added Pin To Net: NetName=CAN_RX Pin=U1-103
Added Pin To Net: NetName=CAN_TX Pin=U1-104
Added Pin To Net: NetName=JTMS Pin=U1-105
Added Pin To Net: NetName=GND Pin=U1-107
Added Pin To Net: NetName=GND Pin=U1-108
Added Pin To Net: NetName=JTCK Pin=U1-109
Added Pin To Net: NetName=JTDI Pin=U1-110
Added Pin To Net: NetName=PC10 Pin=U1-111
Added Pin To Net: NetName=PC11 Pin=U1-112
Added Pin To Net: NetName=PC12 Pin=U1-113
Added Pin To Net: NetName=FSMC_D2 Pin=U1-114
Added Pin To Net: NetName=FSMC_D3 Pin=U1-115
Added Pin To Net: NetName=PD2 Pin=U1-116
Added Pin To Net: NetName=FSMC_CLK Pin=U1-117
Added Pin To Net: NetName=FSMC_NOE Pin=U1-118
Added Pin To Net: NetName=FSMC_NWE Pin=U1-119
Added Pin To Net: NetName=GND Pin=U1-121
Added Pin To Net: NetName=FSMC_NWAIT Pin=U1-122
Added Pin To Net: NetName=DM9000_RST Pin=U1-123
Added Pin To Net: NetName=FSMC_NE2 Pin=U1-124
Added Pin To Net: NetName=FSMC_NE3 Pin=U1-125
Added Pin To Net: NetName=PG11 Pin=U1-126
Added Pin To Net: NetName=FSMC_NE4 Pin=U1-127
Added Pin To Net: NetName=FSMC_A24 Pin=U1-128
Added Pin To Net: NetName=FSMC_A25 Pin=U1-129
Added Pin To Net: NetName=GND Pin=U1-130
Added Pin To Net: NetName=GND Pin=U1-131
Added Pin To Net: NetName=PG15 Pin=U1-132
Added Pin To Net: NetName=JTDO Pin=U1-133
Added Pin To Net: NetName=JTRST Pin=U1-134
Added Pin To Net: NetName=LED2 Pin=U1-135
Added Pin To Net: NetName=I2C1_SCL Pin=U1-136
Added Pin To Net: NetName=I2C1_SDA Pin=U1-137
Added Pin To Net: NetName=BOOT0 Pin=U1-138
Added Pin To Net: NetName=LED0 Pin=U1-139
Added Pin To Net: NetName=LED1 Pin=U1-140
Added Pin To Net: NetName=FSMC_NBL0 Pin=U1-141
Added Pin To Net: NetName=FSMC_NBL1 Pin=U1-142
Added Pin To Net: NetName=GND Pin=U1-143
Added Pin To Net: NetName=GND Pin=U1-144
Added Pin To Net: NetName=GND Pin=U2-1
Added Pin To Net: NetName=PA10 Pin=U2-2
Added Pin To Net: NetName=PA9 Pin=U2-3
Added Pin To Net: NetName=NetC10_1 Pin=U2-4
Added Pin To Net: NetName=NetU2_5 Pin=U2-5
Added Pin To Net: NetName=NetR11_1 Pin=U2-6
Added Pin To Net: NetName=NetC25_2 Pin=U2-7
Added Pin To Net: NetName=NetC24_2 Pin=U2-8
Added Pin To Net: NetName=DTS Pin=U2-13
Added Pin To Net: NetName=RTS Pin=U2-14
Added Pin To Net: NetName=GND Pin=U2-16
Added Pin To Net: NetName=F_CS Pin=U3-1
Added Pin To Net: NetName=PB14 Pin=U3-2
Added Pin To Net: NetName=GND Pin=U3-3
Added Pin To Net: NetName=GND Pin=U3-4
Added Pin To Net: NetName=PB15 Pin=U3-5
Added Pin To Net: NetName=PB13 Pin=U3-6
Added Pin To Net: NetName=GND Pin=U3-7
Added Pin To Net: NetName=GND Pin=U3-8
Added Pin To Net: NetName=GND Pin=U4-1
Added Pin To Net: NetName=NetR18_2 Pin=U4-2
Added Pin To Net: NetName=RSTIN Pin=U4-3
Added Pin To Net: NetName=GND Pin=U4-4
Added Pin To Net: NetName=GND Pin=U5-1
Added Pin To Net: NetName=GND Pin=U5-2
Added Pin To Net: NetName=GND Pin=U5-3
Added Pin To Net: NetName=GND Pin=U5-4
Added Pin To Net: NetName=I2C1_SDA Pin=U5-5
Added Pin To Net: NetName=I2C1_SCL Pin=U5-6
Added Pin To Net: NetName=GND Pin=U5-7
Added Pin To Net: NetName=GND Pin=U5-8
Added Pin To Net: NetName=NetD3_2 Pin=USB_232-1
Added Pin To Net: NetName=NetR11_1 Pin=USB_232-2
Added Pin To Net: NetName=NetU2_5 Pin=USB_232-3
Added Pin To Net: NetName=GND Pin=USB_232-5
Added Pin To Net: NetName=NetD4_2 Pin=USB_HOST1-1
Added Pin To Net: NetName=NetCAN_BUS1_6 Pin=USB_HOST1-2
Added Pin To Net: NetName=NetCAN_BUS1_5 Pin=USB_HOST1-3
Added Pin To Net: NetName=GND Pin=USB_HOST1-5
Added Pin To Net: NetName=OSC32_IN Pin=Y1-1
Added Pin To Net: NetName=OSC32_IN Pin=Y1-1
Added Pin To Net: NetName=OSC32_OUT Pin=Y1-2
Added Pin To Net: NetName=OSC32_OUT Pin=Y1-2
Added Pin To Net: NetName=OSC_OUT Pin=Y2-1
Added Pin To Net: NetName=OSC_OUT Pin=Y2-1
Added Pin To Net: NetName=OSC_IN Pin=Y2-2
Added Pin To Net: NetName=OSC_IN Pin=Y2-2
Added Pin To Net: NetName=NetC24_2 Pin=Y3-1
Added Pin To Net: NetName=NetC24_2 Pin=Y3-1
Added Pin To Net: NetName=NetC25_2 Pin=Y3-2
Added Pin To Net: NetName=NetC25_2 Pin=Y3-2
Added Member To Class: ClassName=ºËÐÄ°å Member=Component BOOT1 Header 3X2
Added Member To Class: ClassName=ºËÐÄ°å Member=Component C1 ÌùÆ¬µçÈÝ10pF
Added Member To Class: ClassName=ºËÐÄ°å Member=Component C2 ÌùÆ¬µçÈÝ10pF
Added Member To Class: ClassName=ºËÐÄ°å Member=Component C3 µçÈÝ(ÌùÆ¬)
Added Member To Class: ClassName=ºËÐÄ°å Member=Component C4 ÌùÆ¬µçÈÝ22pF
Added Member To Class: ClassName=ºËÐÄ°å Member=Component C5 ÌùÆ¬µçÈÝ22pF
Added Member To Class: ClassName=ºËÐÄ°å Member=Component C6 ÌùÆ¬µçÈÝ 1uF
Added Member To Class: ClassName=ºËÐÄ°å Member=Component C7 ÌùÆ¬µçÈÝ10nF
Added Member To Class: ClassName=ºËÐÄ°å Member=Component C8 ÌùÆ¬µçÈÝ10nF
Added Member To Class: ClassName=ºËÐÄ°å Member=Component C9 ÌùÆ¬µçÈÝ 1uF
Added Member To Class: ClassName=ºËÐÄ°å Member=Component C10 µçÈÝ(ÌùÆ¬)
Added Member To Class: ClassName=ºËÐÄ°å Member=Component C11 µçÈÝ(ÌùÆ¬)
Added Member To Class: ClassName=ºËÐÄ°å Member=Component C12 µçÈÝ(ÌùÆ¬)
Added Member To Class: ClassName=ºËÐÄ°å Member=Component C13 µçÈÝ(ÌùÆ¬)
Added Member To Class: ClassName=ºËÐÄ°å Member=Component C14 µçÈÝ(ÌùÆ¬)
Added Member To Class: ClassName=ºËÐÄ°å Member=Component C15 µçÈÝ(ÌùÆ¬)
Added Member To Class: ClassName=ºËÐÄ°å Member=Component C16 µçÈÝ(ÌùÆ¬)
Added Member To Class: ClassName=ºËÐÄ°å Member=Component C17 µçÈÝ(ÌùÆ¬)
Added Member To Class: ClassName=ºËÐÄ°å Member=Component C18 µçÈÝ(ÌùÆ¬)
Added Member To Class: ClassName=ºËÐÄ°å Member=Component C19 µçÈÝ(ÌùÆ¬)
Added Member To Class: ClassName=ºËÐÄ°å Member=Component C20 µçÈÝ(ÌùÆ¬)
Added Member To Class: ClassName=ºËÐÄ°å Member=Component C21 µçÈÝ(ÌùÆ¬)
Added Member To Class: ClassName=ºËÐÄ°å Member=Component C22 µçÈÝ(ÌùÆ¬)
Added Member To Class: ClassName=ºËÐÄ°å Member=Component C23 µçÈÝ(ÌùÆ¬)
Added Member To Class: ClassName=ºËÐÄ°å Member=Component C24 µçÈÝ(ÌùÆ¬)
Added Member To Class: ClassName=ºËÐÄ°å Member=Component C25 µçÈÝ(ÌùÆ¬)
Added Member To Class: ClassName=ºËÐÄ°å Member=Component C26 µçÈÝ(ÌùÆ¬)
Added Member To Class: ClassName=ºËÐÄ°å Member=Component C27 µçÈÝ(ÌùÆ¬)
Added Member To Class: ClassName=ºËÐÄ°å Member=Component CAN_BUS1 Header 3X2
Added Member To Class: ClassName=ºËÐÄ°å Member=Component CT1 îãµçÈÝ(ÌùÆ¬)
Added Member To Class: ClassName=ºËÐÄ°å Member=Component D1 ¶þ¼«¹Ü(ÌùÆ¬)
Added Member To Class: ClassName=ºËÐÄ°å Member=Component D2 ¶þ¼«¹Ü(ÌùÆ¬)
Added Member To Class: ClassName=ºËÐÄ°å Member=Component D3 ¶þ¼«¹Ü(ÌùÆ¬)
Added Member To Class: ClassName=ºËÐÄ°å Member=Component D4 ¶þ¼«¹Ü(ÌùÆ¬)
Added Member To Class: ClassName=ºËÐÄ°å Member=Component D5 ¶þ¼«¹Ü(ÌùÆ¬)
Added Member To Class: ClassName=ºËÐÄ°å Member=Component JTAG1 JTAG
Added Member To Class: ClassName=ºËÐÄ°å Member=Component LED1 ¶þ¼«¹Ü(ÌùÆ¬·¢¹âÂÌÉ«)
Added Member To Class: ClassName=ºËÐÄ°å Member=Component LED2 ¶þ¼«¹Ü(ÌùÆ¬·¢¹âÂÌÉ«)
Added Member To Class: ClassName=ºËÐÄ°å Member=Component LED3 ¶þ¼«¹Ü(ÌùÆ¬·¢¹âÂÌÉ«)
Added Member To Class: ClassName=ºËÐÄ°å Member=Component P1 Header 30X2
Added Member To Class: ClassName=ºËÐÄ°å Member=Component P2 Header 30X2
Added Member To Class: ClassName=ºËÐÄ°å Member=Component POWER1 ¶þ¼«¹Ü(ÌùÆ¬·¢¹âÂÌÉ«)
Added Member To Class: ClassName=ºËÐÄ°å Member=Component Q1 S8050
Added Member To Class: ClassName=ºËÐÄ°å Member=Component Q2 S8550
Added Member To Class: ClassName=ºËÐÄ°å Member=Component R1 ÌùÆ¬µç×è 1M
Added Member To Class: ClassName=ºËÐÄ°å Member=Component R2 µç×è(ÌùÆ¬)
Added Member To Class: ClassName=ºËÐÄ°å Member=Component R3 µç×è(ÌùÆ¬)
Added Member To Class: ClassName=ºËÐÄ°å Member=Component R4 µç×è(ÌùÆ¬)
Added Member To Class: ClassName=ºËÐÄ°å Member=Component R5 µç×è(ÌùÆ¬)
Added Member To Class: ClassName=ºËÐÄ°å Member=Component R6 µç×è(ÌùÆ¬)
Added Member To Class: ClassName=ºËÐÄ°å Member=Component R7 µç×è(ÌùÆ¬)
Added Member To Class: ClassName=ºËÐÄ°å Member=Component R8 µç×è(ÌùÆ¬)
Added Member To Class: ClassName=ºËÐÄ°å Member=Component R9 µç×è(ÌùÆ¬)
Added Member To Class: ClassName=ºËÐÄ°å Member=Component R10 µç×è(ÌùÆ¬)
Added Member To Class: ClassName=ºËÐÄ°å Member=Component R11 µç×è(ÌùÆ¬)
Added Member To Class: ClassName=ºËÐÄ°å Member=Component R12 µç×è(ÌùÆ¬)
Added Member To Class: ClassName=ºËÐÄ°å Member=Component R13 µç×è(ÌùÆ¬)
Added Member To Class: ClassName=ºËÐÄ°å Member=Component R14 µç×è(ÌùÆ¬)
Added Member To Class: ClassName=ºËÐÄ°å Member=Component R15 µç×è(ÌùÆ¬)
Added Member To Class: ClassName=ºËÐÄ°å Member=Component R16 µç×è(ÌùÆ¬)
Added Member To Class: ClassName=ºËÐÄ°å Member=Component R17 µç×è(ÌùÆ¬)
Added Member To Class: ClassName=ºËÐÄ°å Member=Component R18 µç×è(ÌùÆ¬)
Added Member To Class: ClassName=ºËÐÄ°å Member=Component R19 µç×è(ÌùÆ¬)
Added Member To Class: ClassName=ºËÐÄ°å Member=Component R20 µç×è(ÌùÆ¬)
Added Member To Class: ClassName=ºËÐÄ°å Member=Component R21 µç×è(ÌùÆ¬)
Added Member To Class: ClassName=ºËÐÄ°å Member=Component R22 µç×è(ÌùÆ¬)
Added Member To Class: ClassName=ºËÐÄ°å Member=Component R23 µç×è(ÌùÆ¬)
Added Member To Class: ClassName=ºËÐÄ°å Member=Component RESET_B KEY_M
Added Member To Class: ClassName=ºËÐÄ°å Member=Component U1 STM32F103ZET6
Added Member To Class: ClassName=ºËÐÄ°å Member=Component U2 CH340G
Added Member To Class: ClassName=ºËÐÄ°å Member=Component U3 W25Q128
Added Member To Class: ClassName=ºËÐÄ°å Member=Component U4 ¼¯³ÉµçÂ·ÌùÆ¬
Added Member To Class: ClassName=ºËÐÄ°å Member=Component U5 ¼¯³ÉµçÂ·ÌùÆ¬
Added Member To Class: ClassName=ºËÐÄ°å Member=Component USB_232 USB
Added Member To Class: ClassName=ºËÐÄ°å Member=Component USB_HOST1 USB
Added Member To Class: ClassName=ºËÐÄ°å Member=Component Y1 ¾§Ìå(ÌùÆ¬)
Added Member To Class: ClassName=ºËÐÄ°å Member=Component Y2 ¾§Ìå(ÌùÆ¬)
Added Member To Class: ClassName=ºËÐÄ°å Member=Component Y3 ¾§Ìå(ÌùÆ¬)
