Removed Pin From Net: NetName=FSMC_A23 Pin=P1-1
Removed Pin From Net: NetName=FSMC_A19 Pin=P1-2
Removed Pin From Net: NetName=FSMC_A20 Pin=P1-3
Removed Pin From Net: NetName=FSMC_A21 Pin=P1-4
Removed Pin From Net: NetName=FSMC_A22 Pin=P1-5
Removed Pin From Net: NetName=PC13 Pin=P1-6
Removed Pin From Net: NetName=FSMC_A0 Pin=P1-7
Removed Pin From Net: NetName=FSMC_A1 Pin=P1-8
Removed Pin From Net: NetName=FSMC_A2 Pin=P1-9
Removed Pin From Net: NetName=FSMC_A3 Pin=P1-10
Removed Pin From Net: NetName=FSMC_A4 Pin=P1-11
Removed Pin From Net: NetName=FSMC_A5 Pin=P1-12
Removed Pin From Net: NetName=GND Pin=P1-13
Removed Pin From Net: NetName=VDDA Pin=P1-14
Removed Pin From Net: NetName=FSMC_NIORD Pin=P1-15
Removed Pin From Net: NetName=FSMC_NREG Pin=P1-16
Removed Pin From Net: NetName=FSMC_NIOWR Pin=P1-17
Removed Pin From Net: NetName=FSMC_CD Pin=P1-18
Removed Pin From Net: NetName=FSMC_INTR Pin=P1-19
Removed Pin From Net: NetName=RESET Pin=P1-20
Removed Pin From Net: NetName=CH10 Pin=P1-21
Removed Pin From Net: NetName=CH11 Pin=P1-22
Removed Pin From Net: NetName=CH12 Pin=P1-23
Removed Pin From Net: NetName=CH13 Pin=P1-24
Removed Pin From Net: NetName=GND Pin=P1-25
Removed Pin From Net: NetName=VDDA Pin=P1-26
Removed Pin From Net: NetName=CH0 Pin=P1-27
Removed Pin From Net: NetName=CH1 Pin=P1-28
Removed Pin From Net: NetName=CH2 Pin=P1-29
Removed Pin From Net: NetName=CH3 Pin=P1-30
Removed Pin From Net: NetName=DAC_OUT1 Pin=P1-31
Removed Pin From Net: NetName=DAC_OUT2 Pin=P1-32
Removed Pin From Net: NetName=CH6 Pin=P1-33
Removed Pin From Net: NetName=CH7 Pin=P1-34
Removed Pin From Net: NetName=CH4 Pin=P1-35
Removed Pin From Net: NetName=CH5 Pin=P1-36
Removed Pin From Net: NetName=CH8 Pin=P1-37
Removed Pin From Net: NetName=CH9 Pin=P1-38
Removed Pin From Net: NetName=FSMC_NIOS16 Pin=P1-39
Removed Pin From Net: NetName=FSMC_A6 Pin=P1-40
Removed Pin From Net: NetName=FSMC_A7 Pin=P1-41
Removed Pin From Net: NetName=FSMC_A8 Pin=P1-42
Removed Pin From Net: NetName=FSMC_A9 Pin=P1-43
Removed Pin From Net: NetName=FSMC_A10 Pin=P1-44
Removed Pin From Net: NetName=FSMC_A11 Pin=P1-45
Removed Pin From Net: NetName=FSMC_D4 Pin=P1-46
Removed Pin From Net: NetName=FSMC_D5 Pin=P1-47
Removed Pin From Net: NetName=FSMC_D6 Pin=P1-48
Removed Pin From Net: NetName=FSMC_D7 Pin=P1-49
Removed Pin From Net: NetName=FSMC_D8 Pin=P1-50
Removed Pin From Net: NetName=FSMC_D9 Pin=P1-51
Removed Pin From Net: NetName=FSMC_D10 Pin=P1-52
Removed Pin From Net: NetName=FSMC_D11 Pin=P1-53
Removed Pin From Net: NetName=FSMC_D12 Pin=P1-54
Removed Pin From Net: NetName=PB10 Pin=P1-55
Removed Pin From Net: NetName=PB11 Pin=P1-56
Removed Pin From Net: NetName=VDDA Pin=P2-1
Removed Pin From Net: NetName=GND Pin=P2-2
Removed Pin From Net: NetName=CAN_TX Pin=P2-3
Removed Pin From Net: NetName=CAN_RX Pin=P2-4
Removed Pin From Net: NetName=FSMC_NBL1 Pin=P2-5
Removed Pin From Net: NetName=FSMC_NBL0 Pin=P2-6
Removed Pin From Net: NetName=LED1 Pin=P2-7
Removed Pin From Net: NetName=LED0 Pin=P2-8
Removed Pin From Net: NetName=I2C1_SDA Pin=P2-9
Removed Pin From Net: NetName=I2C1_SCL Pin=P2-10
Removed Pin From Net: NetName=LED2 Pin=P2-11
Removed Pin From Net: NetName=PG15 Pin=P2-12
Removed Pin From Net: NetName=GND Pin=P2-13
Removed Pin From Net: NetName=VDDA Pin=P2-14
Removed Pin From Net: NetName=FSMC_A25 Pin=P2-15
Removed Pin From Net: NetName=FSMC_A24 Pin=P2-16
Removed Pin From Net: NetName=FSMC_NE4 Pin=P2-17
Removed Pin From Net: NetName=PG11 Pin=P2-18
Removed Pin From Net: NetName=FSMC_NE3 Pin=P2-19
Removed Pin From Net: NetName=FSMC_NE2 Pin=P2-20
Removed Pin From Net: NetName=DM9000_RST Pin=P2-21
Removed Pin From Net: NetName=FSMC_NWAIT Pin=P2-22
Removed Pin From Net: NetName=VDDA Pin=P2-23
Removed Pin From Net: NetName=GND Pin=P2-24
Removed Pin From Net: NetName=FSMC_NWE Pin=P2-25
Removed Pin From Net: NetName=FSMC_NOE Pin=P2-26
Removed Pin From Net: NetName=FSMC_CLK Pin=P2-27
Removed Pin From Net: NetName=PD2 Pin=P2-28
Removed Pin From Net: NetName=FSMC_D3 Pin=P2-29
Removed Pin From Net: NetName=FSMC_D2 Pin=P2-30
Removed Pin From Net: NetName=PC12 Pin=P2-31
Removed Pin From Net: NetName=PC11 Pin=P2-32
Removed Pin From Net: NetName=PC10 Pin=P2-33
Removed Pin From Net: NetName=PA10 Pin=P2-34
Removed Pin From Net: NetName=PA9 Pin=P2-35
Removed Pin From Net: NetName=PA8 Pin=P2-36
Removed Pin From Net: NetName=PC9 Pin=P2-37
Removed Pin From Net: NetName=PC8 Pin=P2-38
Removed Pin From Net: NetName=PC7 Pin=P2-39
Removed Pin From Net: NetName=PC6 Pin=P2-40
Removed Pin From Net: NetName=PG8 Pin=P2-42
Removed Pin From Net: NetName=FSMC_INT3 Pin=P2-43
Removed Pin From Net: NetName=DM9000_INT Pin=P2-44
Removed Pin From Net: NetName=FSMC_A15 Pin=P2-45
Removed Pin From Net: NetName=FSMC_A14 Pin=P2-46
Removed Pin From Net: NetName=FSMC_A13 Pin=P2-47
Removed Pin From Net: NetName=FSMC_A12 Pin=P2-48
Removed Pin From Net: NetName=FSMC_D1 Pin=P2-49
Removed Pin From Net: NetName=FSMC_D0 Pin=P2-50
Removed Pin From Net: NetName=FSMC_A18 Pin=P2-51
Removed Pin From Net: NetName=FSMC_A17 Pin=P2-52
Removed Pin From Net: NetName=FSMC_A16 Pin=P2-53
Removed Pin From Net: NetName=FSMC_D15 Pin=P2-54
Removed Pin From Net: NetName=FSMC_D14 Pin=P2-55
Removed Pin From Net: NetName=FSMC_D13 Pin=P2-56
Removed Pin From Net: NetName=PB15 Pin=P2-57
Removed Pin From Net: NetName=PB14 Pin=P2-58
Removed Pin From Net: NetName=PB13 Pin=P2-59
Removed Pin From Net: NetName=F_CS Pin=P2-60
Added Pin To Net: NetName=FSMC_A19 Pin=P1-1
Added Pin To Net: NetName=FSMC_A23 Pin=P1-2
Added Pin To Net: NetName=FSMC_A21 Pin=P1-3
Added Pin To Net: NetName=FSMC_A20 Pin=P1-4
Added Pin To Net: NetName=PC13 Pin=P1-5
Added Pin To Net: NetName=FSMC_A22 Pin=P1-6
Added Pin To Net: NetName=FSMC_A1 Pin=P1-7
Added Pin To Net: NetName=FSMC_A0 Pin=P1-8
Added Pin To Net: NetName=FSMC_A3 Pin=P1-9
Added Pin To Net: NetName=FSMC_A2 Pin=P1-10
Added Pin To Net: NetName=FSMC_A5 Pin=P1-11
Added Pin To Net: NetName=FSMC_A4 Pin=P1-12
Added Pin To Net: NetName=VDDA Pin=P1-13
Added Pin To Net: NetName=GND Pin=P1-14
Added Pin To Net: NetName=FSMC_NREG Pin=P1-15
Added Pin To Net: NetName=FSMC_NIORD Pin=P1-16
Added Pin To Net: NetName=FSMC_CD Pin=P1-17
Added Pin To Net: NetName=FSMC_NIOWR Pin=P1-18
Added Pin To Net: NetName=RESET Pin=P1-19
Added Pin To Net: NetName=FSMC_INTR Pin=P1-20
Added Pin To Net: NetName=CH11 Pin=P1-21
Added Pin To Net: NetName=CH10 Pin=P1-22
Added Pin To Net: NetName=CH13 Pin=P1-23
Added Pin To Net: NetName=CH12 Pin=P1-24
Added Pin To Net: NetName=VDDA Pin=P1-25
Added Pin To Net: NetName=GND Pin=P1-26
Added Pin To Net: NetName=CH1 Pin=P1-27
Added Pin To Net: NetName=CH0 Pin=P1-28
Added Pin To Net: NetName=CH3 Pin=P1-29
Added Pin To Net: NetName=CH2 Pin=P1-30
Added Pin To Net: NetName=DAC_OUT2 Pin=P1-31
Added Pin To Net: NetName=DAC_OUT1 Pin=P1-32
Added Pin To Net: NetName=CH7 Pin=P1-33
Added Pin To Net: NetName=CH6 Pin=P1-34
Added Pin To Net: NetName=CH5 Pin=P1-35
Added Pin To Net: NetName=CH4 Pin=P1-36
Added Pin To Net: NetName=CH9 Pin=P1-37
Added Pin To Net: NetName=CH8 Pin=P1-38
Added Pin To Net: NetName=FSMC_A6 Pin=P1-39
Added Pin To Net: NetName=FSMC_NIOS16 Pin=P1-40
Added Pin To Net: NetName=FSMC_A8 Pin=P1-41
Added Pin To Net: NetName=FSMC_A7 Pin=P1-42
Added Pin To Net: NetName=FSMC_A10 Pin=P1-43
Added Pin To Net: NetName=FSMC_A9 Pin=P1-44
Added Pin To Net: NetName=FSMC_D4 Pin=P1-45
Added Pin To Net: NetName=FSMC_A11 Pin=P1-46
Added Pin To Net: NetName=FSMC_D6 Pin=P1-47
Added Pin To Net: NetName=FSMC_D5 Pin=P1-48
Added Pin To Net: NetName=FSMC_D8 Pin=P1-49
Added Pin To Net: NetName=FSMC_D7 Pin=P1-50
Added Pin To Net: NetName=FSMC_D10 Pin=P1-51
Added Pin To Net: NetName=FSMC_D9 Pin=P1-52
Added Pin To Net: NetName=FSMC_D12 Pin=P1-53
Added Pin To Net: NetName=FSMC_D11 Pin=P1-54
Added Pin To Net: NetName=PB11 Pin=P1-55
Added Pin To Net: NetName=PB10 Pin=P1-56
Added Pin To Net: NetName=GND Pin=P2-1
Added Pin To Net: NetName=VDDA Pin=P2-2
Added Pin To Net: NetName=CAN_RX Pin=P2-3
Added Pin To Net: NetName=CAN_TX Pin=P2-4
Added Pin To Net: NetName=FSMC_NBL0 Pin=P2-5
Added Pin To Net: NetName=FSMC_NBL1 Pin=P2-6
Added Pin To Net: NetName=LED0 Pin=P2-7
Added Pin To Net: NetName=LED1 Pin=P2-8
Added Pin To Net: NetName=I2C1_SCL Pin=P2-9
Added Pin To Net: NetName=I2C1_SDA Pin=P2-10
Added Pin To Net: NetName=PG15 Pin=P2-11
Added Pin To Net: NetName=LED2 Pin=P2-12
Added Pin To Net: NetName=VDDA Pin=P2-13
Added Pin To Net: NetName=GND Pin=P2-14
Added Pin To Net: NetName=FSMC_A24 Pin=P2-15
Added Pin To Net: NetName=FSMC_A25 Pin=P2-16
Added Pin To Net: NetName=PG11 Pin=P2-17
Added Pin To Net: NetName=FSMC_NE4 Pin=P2-18
Added Pin To Net: NetName=FSMC_NE2 Pin=P2-19
Added Pin To Net: NetName=FSMC_NE3 Pin=P2-20
Added Pin To Net: NetName=FSMC_NWAIT Pin=P2-21
Added Pin To Net: NetName=DM9000_RST Pin=P2-22
Added Pin To Net: NetName=GND Pin=P2-23
Added Pin To Net: NetName=VDDA Pin=P2-24
Added Pin To Net: NetName=FSMC_NOE Pin=P2-25
Added Pin To Net: NetName=FSMC_NWE Pin=P2-26
Added Pin To Net: NetName=PD2 Pin=P2-27
Added Pin To Net: NetName=FSMC_CLK Pin=P2-28
Added Pin To Net: NetName=FSMC_D2 Pin=P2-29
Added Pin To Net: NetName=FSMC_D3 Pin=P2-30
Added Pin To Net: NetName=PC11 Pin=P2-31
Added Pin To Net: NetName=PC12 Pin=P2-32
Added Pin To Net: NetName=PA10 Pin=P2-33
Added Pin To Net: NetName=PC10 Pin=P2-34
Added Pin To Net: NetName=PA8 Pin=P2-35
Added Pin To Net: NetName=PA9 Pin=P2-36
Added Pin To Net: NetName=PC8 Pin=P2-37
Added Pin To Net: NetName=PC9 Pin=P2-38
Added Pin To Net: NetName=PC6 Pin=P2-39
Added Pin To Net: NetName=PC7 Pin=P2-40
Added Pin To Net: NetName=PG8 Pin=P2-41
Added Pin To Net: NetName=DM9000_INT Pin=P2-43
Added Pin To Net: NetName=FSMC_INT3 Pin=P2-44
Added Pin To Net: NetName=FSMC_A14 Pin=P2-45
Added Pin To Net: NetName=FSMC_A15 Pin=P2-46
Added Pin To Net: NetName=FSMC_A12 Pin=P2-47
Added Pin To Net: NetName=FSMC_A13 Pin=P2-48
Added Pin To Net: NetName=FSMC_D0 Pin=P2-49
Added Pin To Net: NetName=FSMC_D1 Pin=P2-50
Added Pin To Net: NetName=FSMC_A17 Pin=P2-51
Added Pin To Net: NetName=FSMC_A18 Pin=P2-52
Added Pin To Net: NetName=FSMC_D15 Pin=P2-53
Added Pin To Net: NetName=FSMC_A16 Pin=P2-54
Added Pin To Net: NetName=FSMC_D13 Pin=P2-55
Added Pin To Net: NetName=FSMC_D14 Pin=P2-56
Added Pin To Net: NetName=PB14 Pin=P2-57
Added Pin To Net: NetName=PB15 Pin=P2-58
Added Pin To Net: NetName=F_CS Pin=P2-59
Added Pin To Net: NetName=PB13 Pin=P2-60
