Removed Pin From Net: NetName=CAN_RX/USB_D- Pin=U1-103
Removed Pin From Net: NetName=CAN_TX/USB_D+ Pin=U1-104
Removed Pin From Net: NetName=USB_5V1 Pin=USB_232-1
Added Component: Designator=CAN_BUS(HDR2X3)
Added Component: Designator=D3(D1206)
Added Component: Designator=D4(D1206)
Added Component: Designator=D5(D1206)
Added Component: Designator=USB_HOST(USB/SM0.8-6H5)
Added Pin To Net: NetName=GND Pin=D3-1
Added Pin To Net: NetName=USB_5V1 Pin=D4-1
Added Pin To Net: NetName=USB_5V1 Pin=D5-1
Added Pin To Net: NetName=CAN_TX/USB_D+ Pin=U1-129
Added Pin To Net: NetName=CAN_RX/USB_D- Pin=U1-132
Added Pin To Net: NetName=GND Pin=USB_HOST-5
Change Net Name : Old Net Name=CAN_RX/USB_D- New Net Name=PG15
Change Net Name : Old Net Name=CAN_TX/USB_D+ New Net Name=PG14
Change Net Name : Old Net Name=RS485_RE New Net Name=PD7
Change Net Name : Old Net Name=SDCLK New Net Name=PC12
Change Net Name : Old Net Name=SDCMD New Net Name=PD2
Change Net Name : Old Net Name=SDDATA0 New Net Name=PC8
Change Net Name : Old Net Name=SDDATA1 New Net Name=PC9
Change Net Name : Old Net Name=SDDATA2 New Net Name=PC10
Change Net Name : Old Net Name=SDDATA3 New Net Name=PC11
Change Net Name : Old Net Name=USART1_RX New Net Name=PA10
Change Net Name : Old Net Name=USART1_TX New Net Name=PA9
Change Net Name : Old Net Name=USART3_RX New Net Name=PB11
Change Net Name : Old Net Name=USART3_TX New Net Name=PB10
Added Pin To Net: NetName=CAN_RX Pin=CAN_BUS-2
Added Pin To Net: NetName=CAN_RX Pin=CAN_BUS-4
Added Pin To Net: NetName=CAN_RX Pin=U1-103
Added Net: Name=CAN_RX
Added Pin To Net: NetName=CAN_TX Pin=CAN_BUS-1
Added Pin To Net: NetName=CAN_TX Pin=CAN_BUS-3
Added Pin To Net: NetName=CAN_TX Pin=U1-104
Added Net: Name=CAN_TX
Added Pin To Net: NetName=NetCAN_BUS_5 Pin=CAN_BUS-5
Added Pin To Net: NetName=NetCAN_BUS_5 Pin=USB_HOST-3
Added Net: Name=NetCAN_BUS_5
Added Pin To Net: NetName=NetCAN_BUS_6 Pin=CAN_BUS-6
Added Pin To Net: NetName=NetCAN_BUS_6 Pin=USB_HOST-2
Added Net: Name=NetCAN_BUS_6
Added Pin To Net: NetName=NetD3_2 Pin=D3-2
Added Pin To Net: NetName=NetD3_2 Pin=U1-6
Added Net: Name=NetD3_2
Added Pin To Net: NetName=NetD4_2 Pin=D4-2
Added Pin To Net: NetName=NetD4_2 Pin=USB_232-1
Added Net: Name=NetD4_2
Added Pin To Net: NetName=NetD5_2 Pin=D5-2
Added Pin To Net: NetName=NetD5_2 Pin=USB_HOST-1
Added Net: Name=NetD5_2
Added Pin To Net: NetName=PA8 Pin=U1-100
Added Net: Name=PA8
Added Pin To Net: NetName=PB5 Pin=U1-135
Added Net: Name=PB5
Added Pin To Net: NetName=PB12 Pin=U1-73
Added Net: Name=PB12
Added Pin To Net: NetName=PB13 Pin=U1-74
Added Net: Name=PB13
Added Pin To Net: NetName=PB14 Pin=U1-75
Added Net: Name=PB14
Added Pin To Net: NetName=PB15 Pin=U1-76
Added Net: Name=PB15
Added Pin To Net: NetName=PC6 Pin=U1-96
Added Net: Name=PC6
Added Pin To Net: NetName=PC7 Pin=U1-97
Added Net: Name=PC7
Added Pin To Net: NetName=PC13 Pin=U1-7
Added Net: Name=PC13
Added Pin To Net: NetName=PD0 Pin=U1-114
Added Net: Name=PD0
Added Pin To Net: NetName=PD1 Pin=U1-115
Added Net: Name=PD1
Added Pin To Net: NetName=PD3 Pin=U1-117
Added Net: Name=PD3
Added Pin To Net: NetName=PD4 Pin=U1-118
Added Net: Name=PD4
Added Pin To Net: NetName=PD5 Pin=U1-119
Added Net: Name=PD5
Added Pin To Net: NetName=PD6 Pin=U1-122
Added Net: Name=PD6
Added Pin To Net: NetName=PD8 Pin=U1-77
Added Net: Name=PD8
Added Pin To Net: NetName=PD9 Pin=U1-78
Added Net: Name=PD9
Added Pin To Net: NetName=PD10 Pin=U1-79
Added Net: Name=PD10
Added Pin To Net: NetName=PD11 Pin=U1-80
Added Net: Name=PD11
Added Pin To Net: NetName=PD12 Pin=U1-81
Added Net: Name=PD12
Added Pin To Net: NetName=PD13 Pin=U1-82
Added Net: Name=PD13
Added Pin To Net: NetName=PD14 Pin=U1-85
Added Net: Name=PD14
Added Pin To Net: NetName=PD15 Pin=U1-86
Added Net: Name=PD15
Added Pin To Net: NetName=PE0 Pin=U1-141
Added Net: Name=PE0
Added Pin To Net: NetName=PE1 Pin=U1-142
Added Net: Name=PE1
Added Pin To Net: NetName=PE2 Pin=U1-1
Added Net: Name=PE2
Added Pin To Net: NetName=PE3 Pin=U1-2
Added Net: Name=PE3
Added Pin To Net: NetName=PE4 Pin=U1-3
Added Net: Name=PE4
Added Pin To Net: NetName=PE5 Pin=U1-4
Added Net: Name=PE5
Added Pin To Net: NetName=PE6 Pin=U1-5
Added Net: Name=PE6
Added Pin To Net: NetName=PE7 Pin=U1-58
Added Net: Name=PE7
Added Pin To Net: NetName=PE8 Pin=U1-59
Added Net: Name=PE8
Added Pin To Net: NetName=PE9 Pin=U1-60
Added Net: Name=PE9
Added Pin To Net: NetName=PE10 Pin=U1-63
Added Net: Name=PE10
Added Pin To Net: NetName=PE11 Pin=U1-64
Added Net: Name=PE11
Added Pin To Net: NetName=PE12 Pin=U1-65
Added Net: Name=PE12
Added Pin To Net: NetName=PE13 Pin=U1-66
Added Net: Name=PE13
Added Pin To Net: NetName=PE14 Pin=U1-67
Added Net: Name=PE14
Added Pin To Net: NetName=PE15 Pin=U1-68
Added Net: Name=PE15
Added Pin To Net: NetName=PF0 Pin=U1-10
Added Net: Name=PF0
Added Pin To Net: NetName=PF1 Pin=U1-11
Added Net: Name=PF1
Added Pin To Net: NetName=PF2 Pin=U1-12
Added Net: Name=PF2
Added Pin To Net: NetName=PF3 Pin=U1-13
Added Net: Name=PF3
Added Pin To Net: NetName=PF4 Pin=U1-14
Added Net: Name=PF4
Added Pin To Net: NetName=PF5 Pin=U1-15
Added Net: Name=PF5
Added Pin To Net: NetName=PF6 Pin=U1-18
Added Net: Name=PF6
Added Pin To Net: NetName=PF7 Pin=U1-19
Added Net: Name=PF7
Added Pin To Net: NetName=PF8 Pin=U1-20
Added Net: Name=PF8
Added Pin To Net: NetName=PF9 Pin=U1-21
Added Net: Name=PF9
Added Pin To Net: NetName=PF10 Pin=U1-22
Added Net: Name=PF10
Added Pin To Net: NetName=PF11 Pin=U1-49
Added Net: Name=PF11
Added Pin To Net: NetName=PF12 Pin=U1-50
Added Net: Name=PF12
Added Pin To Net: NetName=PF13 Pin=U1-53
Added Net: Name=PF13
Added Pin To Net: NetName=PF14 Pin=U1-54
Added Net: Name=PF14
Added Pin To Net: NetName=PF15 Pin=U1-55
Added Net: Name=PF15
Added Pin To Net: NetName=PG0 Pin=U1-56
Added Net: Name=PG0
Added Pin To Net: NetName=PG1 Pin=U1-57
Added Net: Name=PG1
Added Pin To Net: NetName=PG2 Pin=U1-87
Added Net: Name=PG2
Added Pin To Net: NetName=PG3 Pin=U1-88
Added Net: Name=PG3
Added Pin To Net: NetName=PG4 Pin=U1-89
Added Net: Name=PG4
Added Pin To Net: NetName=PG5 Pin=U1-90
Added Net: Name=PG5
Added Pin To Net: NetName=PG6 Pin=U1-91
Added Net: Name=PG6
Added Pin To Net: NetName=PG7 Pin=U1-92
Added Net: Name=PG7
Added Pin To Net: NetName=PG8 Pin=U1-93
Added Net: Name=PG8
Added Pin To Net: NetName=PG9 Pin=U1-124
Added Net: Name=PG9
Added Pin To Net: NetName=PG10 Pin=U1-125
Added Net: Name=PG10
Added Pin To Net: NetName=PG11 Pin=U1-126
Added Net: Name=PG11
Added Pin To Net: NetName=PG12 Pin=U1-127
Added Net: Name=PG12
Added Pin To Net: NetName=PG13 Pin=U1-128
Added Net: Name=PG13
Added Member To Class: ClassName=核心板 Member=Component CAN_BUS Header 3X2
Added Member To Class: ClassName=核心板 Member=Component D3 二极管(贴片)
Added Member To Class: ClassName=核心板 Member=Component D4 二极管(贴片)
Added Member To Class: ClassName=核心板 Member=Component D5 二极管(贴片)
Added Member To Class: ClassName=核心板 Member=Component USB_HOST USB
