Removed Pin From Net: NetName=NetD1a_2 Pin=D1b-1
Removed Pin From Net: NetName=NetD1b_2 Pin=D1b-2
Removed Pin From Net: NetName=NetD1c_2 Pin=D1d-1
Removed Pin From Net: NetName=GND Pin=D1d-2
Removed Pin From Net: NetName=NetD2a_2 Pin=D2b-1
Removed Pin From Net: NetName=NetD2b_2 Pin=D2b-2
Removed Pin From Net: NetName=NetD2c_2 Pin=D2d-1
Removed Pin From Net: NetName=GND Pin=D2d-2
Removed Pin From Net: NetName=NetD3a_2 Pin=D3b-1
Removed Pin From Net: NetName=NetD3b_2 Pin=D3b-2
Removed Pin From Net: NetName=NetD3c_2 Pin=D3d-1
Removed Pin From Net: NetName=GND Pin=D3d-2
Change Component Footprint: Designator=D11c_1 Old Footprint=SEND-LED New Footprint=EL-1KL3
Change Component Footprint: Designator=D11d_1 Old Footprint=SEND-LED New Footprint=EL-1KL3
Change Component Footprint: Designator=D12a_1 Old Footprint=SEND-LED New Footprint=EL-1KL3
Change Component Footprint: Designator=D12b_1 Old Footprint=SEND-LED New Footprint=EL-1KL3
Change Component Footprint: Designator=D12c_1 Old Footprint=SEND-LED New Footprint=EL-1KL3
Change Component Footprint: Designator=D12d_1 Old Footprint=SEND-LED New Footprint=EL-1KL3
Change Component Comment : Designator=D12d_1 Old Comment=红外发射珠子 New Comment=红外接收珠子
Change Component Comment : Designator=D12c_1 Old Comment=红外发射珠子 New Comment=红外接收珠子
Change Component Comment : Designator=D12b_1 Old Comment=红外发射珠子 New Comment=红外接收珠子
Change Component Comment : Designator=D12a_1 Old Comment=红外发射珠子 New Comment=红外接收珠子
Change Component Comment : Designator=D11d_1 Old Comment=红外发射珠子 New Comment=红外接收珠子
Change Component Comment : Designator=D11c_1 Old Comment=红外发射珠子 New Comment=红外接收珠子
Change Component Designator: OldDesignator=D11c_1 NewDesignator=D1b
Change Component Designator: OldDesignator=D11d_1 NewDesignator=D1d
Change Component Designator: OldDesignator=D12a_1 NewDesignator=D2b
Change Component Designator: OldDesignator=D12b_1 NewDesignator=D2d
Change Component Designator: OldDesignator=D12c_1 NewDesignator=D3b
Change Component Designator: OldDesignator=D12d_1 NewDesignator=D3d
Added Pin To Net: NetName=NetD1a_2 Pin=D1b-1
Added Pin To Net: NetName=NetD1b_2 Pin=D1b-2
Added Pin To Net: NetName=NetD1c_2 Pin=D1d-1
Added Pin To Net: NetName=GND Pin=D1d-2
Added Pin To Net: NetName=NetD2a_2 Pin=D2b-1
Added Pin To Net: NetName=NetD2b_2 Pin=D2b-2
Added Pin To Net: NetName=NetD2c_2 Pin=D2d-1
Added Pin To Net: NetName=GND Pin=D2d-2
Added Pin To Net: NetName=NetD3a_2 Pin=D3b-1
Added Pin To Net: NetName=NetD3b_2 Pin=D3b-2
Added Pin To Net: NetName=NetD3c_2 Pin=D3d-1
Added Pin To Net: NetName=GND Pin=D3d-2
