Removed Pin From Net: NetName=A-VOUT1_0 Pin=D1a-1
Removed Pin From Net: NetName=A-VOUT2_0 Pin=D2a-1
Removed Pin From Net: NetName=A-VOUT4_0 Pin=D4a-1
Removed Pin From Net: NetName=A-VOUT1_0 Pin=P1-1
Removed Pin From Net: NetName=A-VOUT2_0 Pin=P1-2
Removed Pin From Net: NetName=A-VOUT3_0 Pin=P1-4
Removed Pin From Net: NetName=A-VOUT4_0 Pin=P1-6
Removed Pin From Net: NetName=A-VOUT5_0 Pin=P1-8
Removed Pin From Net: NetName=A-VOUT6_0 Pin=P1-10
Removed Pin From Net: NetName=GND Pin=P1-11
Removed Pin From Net: NetName=A-VOUT7_0 Pin=P1-12
Removed Pin From Net: NetName=GND Pin=P1-13
Removed Pin From Net: NetName=A-VOUT8_0 Pin=P1-14
Removed Pin From Net: NetName=GND Pin=P1-15
Removed Pin From Net: NetName=A-VOUT9_0 Pin=P1-16
Removed Pin From Net: NetName=GND Pin=P1-17
Removed Pin From Net: NetName=A-VOUT10_0 Pin=P1-18
Removed Pin From Net: NetName=A-VOUT12_0 Pin=P1-19
Removed Pin From Net: NetName=A-VOUT11_0 Pin=P1-20
Change Component Footprint: Designator=D1a Old Footprint=SEND-LED New Footprint=EL-1KL3
Change Component Footprint: Designator=D1b Old Footprint=SEND-LED New Footprint=EL-1KL3
Change Component Footprint: Designator=D1c Old Footprint=SEND-LED New Footprint=EL-1KL3
Change Component Footprint: Designator=D1d Old Footprint=SEND-LED New Footprint=EL-1KL3
Change Component Footprint: Designator=D2a Old Footprint=SEND-LED New Footprint=EL-1KL3
Change Component Footprint: Designator=D2b Old Footprint=SEND-LED New Footprint=EL-1KL3
Change Component Footprint: Designator=D2c Old Footprint=SEND-LED New Footprint=EL-1KL3
Change Component Footprint: Designator=D2d Old Footprint=SEND-LED New Footprint=EL-1KL3
Change Component Footprint: Designator=D3a Old Footprint=SEND-LED New Footprint=EL-1KL3
Change Component Footprint: Designator=D3b Old Footprint=SEND-LED New Footprint=EL-1KL3
Change Component Footprint: Designator=D3c Old Footprint=SEND-LED New Footprint=EL-1KL3
Change Component Footprint: Designator=D3d Old Footprint=SEND-LED New Footprint=EL-1KL3
Change Component Footprint: Designator=D4a Old Footprint=SEND-LED New Footprint=EL-1KL3
Change Component Footprint: Designator=D4b Old Footprint=SEND-LED New Footprint=EL-1KL3
Change Component Footprint: Designator=D4c Old Footprint=SEND-LED New Footprint=EL-1KL3
Change Component Footprint: Designator=D4d Old Footprint=SEND-LED New Footprint=EL-1KL3
Change Component Footprint: Designator=D5a Old Footprint=SEND-LED New Footprint=EL-1KL3
Change Component Footprint: Designator=D5a_1 Old Footprint=SEND-LED New Footprint=EL-1KL3
Change Component Footprint: Designator=D5b Old Footprint=SEND-LED New Footprint=EL-1KL3
Change Component Footprint: Designator=D5b_1 Old Footprint=SEND-LED New Footprint=EL-1KL3
Change Component Footprint: Designator=D5c Old Footprint=SEND-LED New Footprint=EL-1KL3
Change Component Footprint: Designator=D5c_1 Old Footprint=SEND-LED New Footprint=EL-1KL3
Change Component Footprint: Designator=D5d Old Footprint=SEND-LED New Footprint=EL-1KL3
Change Component Footprint: Designator=D5d_1 Old Footprint=SEND-LED New Footprint=EL-1KL3
Change Component Footprint: Designator=D10a Old Footprint=SEND-LED New Footprint=EL-1KL3
Change Component Footprint: Designator=D10a_1 Old Footprint=SEND-LED New Footprint=EL-1KL3
Change Component Footprint: Designator=D10b Old Footprint=SEND-LED New Footprint=EL-1KL3
Change Component Footprint: Designator=D10b_1 Old Footprint=SEND-LED New Footprint=EL-1KL3
Change Component Footprint: Designator=D10c Old Footprint=SEND-LED New Footprint=EL-1KL3
Change Component Footprint: Designator=D10c_1 Old Footprint=SEND-LED New Footprint=EL-1KL3
Change Component Footprint: Designator=D10d Old Footprint=SEND-LED New Footprint=EL-1KL3
Change Component Footprint: Designator=D10d_1 Old Footprint=SEND-LED New Footprint=EL-1KL3
Change Component Footprint: Designator=D11a Old Footprint=SEND-LED New Footprint=EL-1KL3
Change Component Footprint: Designator=D11a_1 Old Footprint=SEND-LED New Footprint=EL-1KL3
Change Component Footprint: Designator=D11b Old Footprint=SEND-LED New Footprint=EL-1KL3
Change Component Footprint: Designator=D11b_1 Old Footprint=SEND-LED New Footprint=EL-1KL3
Change Component Footprint: Designator=D11c Old Footprint=SEND-LED New Footprint=EL-1KL3
Change Component Footprint: Designator=D11c_1 Old Footprint=SEND-LED New Footprint=EL-1KL3
Change Component Footprint: Designator=D11d Old Footprint=SEND-LED New Footprint=EL-1KL3
Change Component Footprint: Designator=D11d_1 Old Footprint=SEND-LED New Footprint=EL-1KL3
Change Component Footprint: Designator=D12a Old Footprint=SEND-LED New Footprint=EL-1KL3
Change Component Footprint: Designator=D12a_1 Old Footprint=SEND-LED New Footprint=EL-1KL3
Change Component Footprint: Designator=D12b Old Footprint=SEND-LED New Footprint=EL-1KL3
Change Component Footprint: Designator=D12b_1 Old Footprint=SEND-LED New Footprint=EL-1KL3
Change Component Footprint: Designator=D12c Old Footprint=SEND-LED New Footprint=EL-1KL3
Change Component Footprint: Designator=D12c_1 Old Footprint=SEND-LED New Footprint=EL-1KL3
Change Component Footprint: Designator=D12d Old Footprint=SEND-LED New Footprint=EL-1KL3
Change Component Footprint: Designator=D12d_1 Old Footprint=SEND-LED New Footprint=EL-1KL3
Change Component Footprint: Designator=D6a Old Footprint=SEND-LED New Footprint=niujiaocha20p
Change Component Comment : Designator=D6a Old Comment=红外发射珠子 New Comment=Header 10X2
Change Component Comment : Designator=D11b_1 Old Comment=红外发射珠子 New Comment=红外接收珠子
Change Component Comment : Designator=D11b Old Comment=红外发射珠子 New Comment=红外接收珠子
Change Component Comment : Designator=D11a_1 Old Comment=红外发射珠子 New Comment=红外接收珠子
Change Component Comment : Designator=D11a Old Comment=红外发射珠子 New Comment=红外接收珠子
Change Component Comment : Designator=D10d_1 Old Comment=红外发射珠子 New Comment=红外接收珠子
Change Component Comment : Designator=D10d Old Comment=红外发射珠子 New Comment=红外接收珠子
Change Component Comment : Designator=D10c_1 Old Comment=红外发射珠子 New Comment=红外接收珠子
Change Component Comment : Designator=D10c Old Comment=红外发射珠子 New Comment=红外接收珠子
Change Component Comment : Designator=D10b_1 Old Comment=红外发射珠子 New Comment=红外接收珠子
Change Component Comment : Designator=D10b Old Comment=红外发射珠子 New Comment=红外接收珠子
Change Component Comment : Designator=D10a_1 Old Comment=红外发射珠子 New Comment=红外接收珠子
Change Component Comment : Designator=D10a Old Comment=红外发射珠子 New Comment=红外接收珠子
Change Component Comment : Designator=D5d_1 Old Comment=红外发射珠子 New Comment=红外接收珠子
Change Component Comment : Designator=D5d Old Comment=红外发射珠子 New Comment=红外接收珠子
Change Component Comment : Designator=D5c_1 Old Comment=红外发射珠子 New Comment=红外接收珠子
Change Component Comment : Designator=D5c Old Comment=红外发射珠子 New Comment=红外接收珠子
Change Component Comment : Designator=D5b_1 Old Comment=红外发射珠子 New Comment=红外接收珠子
Change Component Comment : Designator=D5b Old Comment=红外发射珠子 New Comment=红外接收珠子
Change Component Comment : Designator=D5a_1 Old Comment=红外发射珠子 New Comment=红外接收珠子
Change Component Comment : Designator=D5a Old Comment=红外发射珠子 New Comment=红外接收珠子
Change Component Comment : Designator=D4d Old Comment=红外发射珠子 New Comment=红外接收珠子
Change Component Comment : Designator=D4c Old Comment=红外发射珠子 New Comment=红外接收珠子
Change Component Comment : Designator=D4b Old Comment=红外发射珠子 New Comment=红外接收珠子
Change Component Comment : Designator=D4a Old Comment=红外发射珠子 New Comment=红外接收珠子
Change Component Comment : Designator=D3d Old Comment=红外发射珠子 New Comment=红外接收珠子
Change Component Comment : Designator=D3c Old Comment=红外发射珠子 New Comment=红外接收珠子
Change Component Comment : Designator=D3b Old Comment=红外发射珠子 New Comment=红外接收珠子
Change Component Comment : Designator=D3a Old Comment=红外发射珠子 New Comment=红外接收珠子
Change Component Comment : Designator=D2d Old Comment=红外发射珠子 New Comment=红外接收珠子
Change Component Comment : Designator=D2c Old Comment=红外发射珠子 New Comment=红外接收珠子
Change Component Comment : Designator=D2b Old Comment=红外发射珠子 New Comment=红外接收珠子
Change Component Comment : Designator=D2a Old Comment=红外发射珠子 New Comment=红外接收珠子
Change Component Comment : Designator=D1d Old Comment=红外发射珠子 New Comment=红外接收珠子
Change Component Comment : Designator=D1c Old Comment=红外发射珠子 New Comment=红外接收珠子
Change Component Comment : Designator=D1b Old Comment=红外发射珠子 New Comment=红外接收珠子
Change Component Comment : Designator=D1a Old Comment=红外发射珠子 New Comment=红外接收珠子
Change Component Comment : Designator=D12d_1 Old Comment=红外发射珠子 New Comment=红外接收珠子
Change Component Comment : Designator=D12d Old Comment=红外发射珠子 New Comment=红外接收珠子
Change Component Comment : Designator=D12c_1 Old Comment=红外发射珠子 New Comment=红外接收珠子
Change Component Comment : Designator=D12c Old Comment=红外发射珠子 New Comment=红外接收珠子
Change Component Comment : Designator=D12b_1 Old Comment=红外发射珠子 New Comment=红外接收珠子
Change Component Comment : Designator=D12b Old Comment=红外发射珠子 New Comment=红外接收珠子
Change Component Comment : Designator=D12a_1 Old Comment=红外发射珠子 New Comment=红外接收珠子
Change Component Comment : Designator=D12a Old Comment=红外发射珠子 New Comment=红外接收珠子
Change Component Comment : Designator=D11d_1 Old Comment=红外发射珠子 New Comment=红外接收珠子
Change Component Comment : Designator=D11d Old Comment=红外发射珠子 New Comment=红外接收珠子
Change Component Comment : Designator=D11c_1 Old Comment=红外发射珠子 New Comment=红外接收珠子
Change Component Comment : Designator=D11c Old Comment=红外发射珠子 New Comment=红外接收珠子
Change Component Designator: OldDesignator=D1a NewDesignator=D4a
Change Component Designator: OldDesignator=D1b NewDesignator=D4b
Change Component Designator: OldDesignator=D1c NewDesignator=D4c
Change Component Designator: OldDesignator=D1d NewDesignator=D4d
Change Component Designator: OldDesignator=D2a NewDesignator=D5a
Change Component Designator: OldDesignator=D2b NewDesignator=D5b
Change Component Designator: OldDesignator=D2c NewDesignator=D5c
Change Component Designator: OldDesignator=D2d NewDesignator=D5d
Change Component Designator: OldDesignator=D3a NewDesignator=D6a
Change Component Designator: OldDesignator=D3b NewDesignator=D6b
Change Component Designator: OldDesignator=D3c NewDesignator=D6c
Change Component Designator: OldDesignator=D3d NewDesignator=D6d
Change Component Designator: OldDesignator=D4a NewDesignator=D7a
Change Component Designator: OldDesignator=D4b NewDesignator=D7b
Change Component Designator: OldDesignator=D4c NewDesignator=D7c
Change Component Designator: OldDesignator=D4d NewDesignator=D7d
Change Component Designator: OldDesignator=D5a NewDesignator=D8a
Change Component Designator: OldDesignator=D5a_1 NewDesignator=D8b
Change Component Designator: OldDesignator=D5b NewDesignator=D8c
Change Component Designator: OldDesignator=D5b_1 NewDesignator=D8d
Change Component Designator: OldDesignator=D5c NewDesignator=D9a
Change Component Designator: OldDesignator=D5c_1 NewDesignator=D9b
Change Component Designator: OldDesignator=D5d NewDesignator=D9c
Change Component Designator: OldDesignator=D5d_1 NewDesignator=D9d
Change Component Designator: OldDesignator=D6a NewDesignator=P
Change Component Designator: OldDesignator=D10a_1 NewDesignator=D10b
Change Component Designator: OldDesignator=D10b NewDesignator=D10c
Change Component Designator: OldDesignator=D10b_1 NewDesignator=D10d
Change Component Designator: OldDesignator=D10c NewDesignator=D11a
Change Component Designator: OldDesignator=D10c_1 NewDesignator=D11b
Change Component Designator: OldDesignator=D10d NewDesignator=D11c
Change Component Designator: OldDesignator=D10d_1 NewDesignator=D11d
Change Component Designator: OldDesignator=D11a NewDesignator=D12a
Change Component Designator: OldDesignator=D11a_1 NewDesignator=D12b
Change Component Designator: OldDesignator=D11b NewDesignator=D12c
Change Component Designator: OldDesignator=D11b_1 NewDesignator=D12d
Change Component Designator: OldDesignator=D11c NewDesignator=D1a
Change Component Designator: OldDesignator=D11c_1 NewDesignator=D1b
Change Component Designator: OldDesignator=D11d NewDesignator=D1c
Change Component Designator: OldDesignator=D11d_1 NewDesignator=D1d
Change Component Designator: OldDesignator=D12a NewDesignator=D2a
Change Component Designator: OldDesignator=D12a_1 NewDesignator=D2b
Change Component Designator: OldDesignator=D12b NewDesignator=D2c
Change Component Designator: OldDesignator=D12b_1 NewDesignator=D2d
Change Component Designator: OldDesignator=D12c NewDesignator=D3a
Change Component Designator: OldDesignator=D12c_1 NewDesignator=D3b
Change Component Designator: OldDesignator=D12d NewDesignator=D3c
Change Component Designator: OldDesignator=D12d_1 NewDesignator=D3d
Added Pin To Net: NetName=A-VOUT8_0 Pin=D1a-1
Added Pin To Net: NetName=A-VOUT9_0 Pin=D1a-2
Added Pin To Net: NetName=A-VOUT9_0 Pin=D1b-1
Added Pin To Net: NetName=A-VOUT10_0 Pin=D1b-2
Added Pin To Net: NetName=A-VOUT10_0 Pin=D1c-1
Added Pin To Net: NetName=A-VOUT11_0 Pin=D1c-2
Added Pin To Net: NetName=A-VOUT11_0 Pin=D1d-1
Added Pin To Net: NetName=GND Pin=D1d-2
Added Pin To Net: NetName=A-VOUT7_0 Pin=D2a-1
Added Pin To Net: NetName=A-VOUT12_0 Pin=D2a-2
Added Pin To Net: NetName=A-VOUT12_0 Pin=D2b-1
Added Pin To Net: NetName=NetD1d_2 Pin=D2b-2
Added Pin To Net: NetName=NetD1d_2 Pin=D2c-1
Added Pin To Net: NetName=NetD2d_2 Pin=D2c-2
Added Pin To Net: NetName=NetD2d_2 Pin=D2d-1
Added Pin To Net: NetName=GND Pin=D2d-2
Added Pin To Net: NetName=A-VOUT6_0 Pin=D3a-1
Added Pin To Net: NetName=NetD3d_2 Pin=D3a-2
Added Pin To Net: NetName=NetD3d_2 Pin=D3b-1
Added Pin To Net: NetName=NetD4d_2 Pin=D3b-2
Added Pin To Net: NetName=NetD4d_2 Pin=D3c-1
Added Pin To Net: NetName=NetD5a_2 Pin=D3c-2
Added Pin To Net: NetName=NetD5a_2 Pin=D3d-1
Added Pin To Net: NetName=GND Pin=D3d-2
Added Pin To Net: NetName=A-VOUT5_0 Pin=D4a-1
Added Pin To Net: NetName=A-VOUT4_0 Pin=D5a-1
Added Pin To Net: NetName=A-VOUT2_0 Pin=D7a-1
Added Pin To Net: NetName=A-VOUT1_0 Pin=D8a-1
Added Pin To Net: NetName=NetD8a_2 Pin=D8a-2
Added Pin To Net: NetName=NetD8a_2 Pin=D8b-1
Added Pin To Net: NetName=NetD8b_2 Pin=D8b-2
Added Pin To Net: NetName=NetD8b_2 Pin=D8c-1
Added Pin To Net: NetName=NetD8c_2 Pin=D8c-2
Added Pin To Net: NetName=NetD8c_2 Pin=D8d-1
Added Pin To Net: NetName=GND Pin=D8d-2
Added Pin To Net: NetName=A-PA6_0 Pin=D9a-1
Added Pin To Net: NetName=NetD9a_2 Pin=D9a-2
Added Pin To Net: NetName=NetD9a_2 Pin=D9b-1
Added Pin To Net: NetName=NetD9b_2 Pin=D9b-2
Added Pin To Net: NetName=NetD9b_2 Pin=D9c-1
Added Pin To Net: NetName=NetD9c_2 Pin=D9c-2
Added Pin To Net: NetName=NetD9c_2 Pin=D9d-1
Added Pin To Net: NetName=GND Pin=D9d-2
Added Pin To Net: NetName=A-PA5_0 Pin=D10a-1
Added Pin To Net: NetName=NetD10a_2 Pin=D10a-2
Added Pin To Net: NetName=NetD10a_2 Pin=D10b-1
Added Pin To Net: NetName=NetD10b_2 Pin=D10b-2
Added Pin To Net: NetName=NetD10b_2 Pin=D10c-1
Added Pin To Net: NetName=NetD10c_2 Pin=D10c-2
Added Pin To Net: NetName=NetD10c_2 Pin=D10d-1
Added Pin To Net: NetName=GND Pin=D10d-2
Added Pin To Net: NetName=A-PA4_0 Pin=D11a-1
Added Pin To Net: NetName=NetD11a_2 Pin=D11a-2
Added Pin To Net: NetName=NetD11a_2 Pin=D11b-1
Added Pin To Net: NetName=NetD11b_2 Pin=D11b-2
Added Pin To Net: NetName=NetD11b_2 Pin=D11c-1
Added Pin To Net: NetName=NetD11c_2 Pin=D11c-2
Added Pin To Net: NetName=NetD11c_2 Pin=D11d-1
Added Pin To Net: NetName=GND Pin=D11d-2
Added Pin To Net: NetName=A-PA4'_0 Pin=D12a-1
Added Pin To Net: NetName=NetD12a_2 Pin=D12a-2
Added Pin To Net: NetName=NetD12a_2 Pin=D12b-1
Added Pin To Net: NetName=NetD12b_2 Pin=D12b-2
Added Pin To Net: NetName=NetD12b_2 Pin=D12c-1
Added Pin To Net: NetName=NetD12c_2 Pin=D12c-2
Added Pin To Net: NetName=NetD12c_2 Pin=D12d-1
Added Pin To Net: NetName=GND Pin=D12d-2
Added Pin To Net: NetName=A-VOUT8_0 Pin=P-1
Added Pin To Net: NetName=A-VOUT7_0 Pin=P-2
Added Pin To Net: NetName=A-VOUT6_0 Pin=P-4
Added Pin To Net: NetName=A-VOUT5_0 Pin=P-6
Added Pin To Net: NetName=A-VOUT4_0 Pin=P-8
Added Pin To Net: NetName=A-VOUT3_0 Pin=P-10
Added Pin To Net: NetName=GND Pin=P-11
Added Pin To Net: NetName=A-VOUT2_0 Pin=P-12
Added Pin To Net: NetName=GND Pin=P-13
Added Pin To Net: NetName=A-VOUT1_0 Pin=P-14
Added Pin To Net: NetName=GND Pin=P-15
Added Pin To Net: NetName=A-PA6_0 Pin=P-16
Added Pin To Net: NetName=GND Pin=P-17
Added Pin To Net: NetName=A-PA5_0 Pin=P-18
Added Pin To Net: NetName=A-PA4'_0 Pin=P-19
Added Pin To Net: NetName=A-PA4_0 Pin=P-20
Change Net Name : Old Net Name=A-PA4'_0 New Net Name=VOUT12
Change Net Name : Old Net Name=A-PA4_0 New Net Name=VOUT11
Change Net Name : Old Net Name=A-PA5_0 New Net Name=VOUT10
Change Net Name : Old Net Name=A-PA6_0 New Net Name=VOUT9
Change Net Name : Old Net Name=A-VOUT1_0 New Net Name=VOUT8
Change Net Name : Old Net Name=A-VOUT2_0 New Net Name=VOUT7
Change Net Name : Old Net Name=A-VOUT3_0 New Net Name=VOUT6
Change Net Name : Old Net Name=A-VOUT4_0 New Net Name=VOUT5
Change Net Name : Old Net Name=A-VOUT5_0 New Net Name=VOUT4
Change Net Name : Old Net Name=A-VOUT6_0 New Net Name=VOUT3
Change Net Name : Old Net Name=A-VOUT7_0 New Net Name=VOUT2
Change Net Name : Old Net Name=A-VOUT8_0 New Net Name=VOUT1
Change Net Name : Old Net Name=A-VOUT9_0 New Net Name=NetD1a_2
Change Net Name : Old Net Name=A-VOUT10_0 New Net Name=NetD1b_2
Change Net Name : Old Net Name=A-VOUT11_0 New Net Name=NetD1c_2
Change Net Name : Old Net Name=A-VOUT12_0 New Net Name=NetD2a_2
Change Net Name : Old Net Name=NetD1a_2 New Net Name=NetD4a_2
Change Net Name : Old Net Name=NetD1b_2 New Net Name=NetD4b_2
Change Net Name : Old Net Name=NetD1c_2 New Net Name=NetD4c_2
Change Net Name : Old Net Name=NetD1d_2 New Net Name=NetD2b_2
Change Net Name : Old Net Name=NetD2a_2 New Net Name=NetD5a_2
Change Net Name : Old Net Name=NetD2b_2 New Net Name=NetD5b_2
Change Net Name : Old Net Name=NetD2c_2 New Net Name=NetD5c_2
Change Net Name : Old Net Name=NetD2d_2 New Net Name=NetD2c_2
Change Net Name : Old Net Name=NetD3a_2 New Net Name=NetD6a_2
Change Net Name : Old Net Name=NetD3b_2 New Net Name=NetD6b_2
Change Net Name : Old Net Name=NetD3c_2 New Net Name=NetD6c_2
Change Net Name : Old Net Name=NetD3d_2 New Net Name=NetD3a_2
Change Net Name : Old Net Name=NetD4a_2 New Net Name=NetD7a_2
Change Net Name : Old Net Name=NetD4b_2 New Net Name=NetD7b_2
Change Net Name : Old Net Name=NetD4c_2 New Net Name=NetD7c_2
Change Net Name : Old Net Name=NetD4d_2 New Net Name=NetD3b_2
Change Net Name : Old Net Name=NetD5a_2 New Net Name=NetD3c_2
Added Class: Name=数粒机发射板12通道
Added Room: Name=数粒机发射板12通道
