Removed Pin From Net: NetName=VOUT1 Pin=D1a-1
Removed Pin From Net: NetName=NetD1a_2 Pin=D1a-2
Removed Pin From Net: NetName=NetD1b_2 Pin=D1c-1
Removed Pin From Net: NetName=NetD1c_2 Pin=D1c-2
Removed Pin From Net: NetName=VOUT2 Pin=D2a-1
Removed Pin From Net: NetName=NetD2a_2 Pin=D2a-2
Removed Pin From Net: NetName=NetD2b_2 Pin=D2c-1
Removed Pin From Net: NetName=NetD2c_2 Pin=D2c-2
Removed Pin From Net: NetName=VOUT3 Pin=D3a-1
Removed Pin From Net: NetName=NetD3a_2 Pin=D3a-2
Removed Pin From Net: NetName=NetD3b_2 Pin=D3c-1
Removed Pin From Net: NetName=NetD3c_2 Pin=D3c-2
Removed Pin From Net: NetName=VOUT4 Pin=D4a-1
Removed Pin From Net: NetName=VOUT5 Pin=D5a-1
Removed Pin From Net: NetName=NetD5a_2 Pin=D5a-2
Removed Pin From Net: NetName=NetD5a_2 Pin=D5b-1
Removed Pin From Net: NetName=NetD5b_2 Pin=D5b-2
Removed Pin From Net: NetName=NetD5b_2 Pin=D5c-1
Removed Pin From Net: NetName=NetD5c_2 Pin=D5c-2
Removed Pin From Net: NetName=NetD5c_2 Pin=D5d-1
Removed Pin From Net: NetName=GND Pin=D5d-2
Removed Pin From Net: NetName=VOUT6 Pin=D6a-1
Removed Pin From Net: NetName=NetD6a_2 Pin=D6a-2
Removed Pin From Net: NetName=NetD6a_2 Pin=D6b-1
Removed Pin From Net: NetName=NetD6b_2 Pin=D6b-2
Removed Pin From Net: NetName=NetD6b_2 Pin=D6c-1
Removed Pin From Net: NetName=NetD6c_2 Pin=D6c-2
Removed Pin From Net: NetName=NetD6c_2 Pin=D6d-1
Removed Pin From Net: NetName=GND Pin=D6d-2
Removed Pin From Net: NetName=VOUT7 Pin=D7a-1
Removed Pin From Net: NetName=NetD7a_2 Pin=D7a-2
Removed Pin From Net: NetName=NetD7a_2 Pin=D7b-1
Removed Pin From Net: NetName=NetD7b_2 Pin=D7b-2
Removed Pin From Net: NetName=NetD7b_2 Pin=D7c-1
Removed Pin From Net: NetName=NetD7c_2 Pin=D7c-2
Removed Pin From Net: NetName=NetD7c_2 Pin=D7d-1
Removed Pin From Net: NetName=GND Pin=D7d-2
Removed Pin From Net: NetName=VOUT8 Pin=D8a-1
Removed Pin From Net: NetName=NetD8a_2 Pin=D8a-2
Removed Pin From Net: NetName=NetD8b_2 Pin=D8c-1
Removed Pin From Net: NetName=NetD8c_2 Pin=D8c-2
Removed Pin From Net: NetName=VOUT9 Pin=D9a-1
Removed Pin From Net: NetName=NetD9a_2 Pin=D9a-2
Removed Pin From Net: NetName=NetD9b_2 Pin=D9c-1
Removed Pin From Net: NetName=NetD9c_2 Pin=D9c-2
Removed Pin From Net: NetName=NetD10b_2 Pin=D10c-1
Removed Pin From Net: NetName=NetD10c_2 Pin=D10c-2
Removed Pin From Net: NetName=VOUT11 Pin=D11a-1
Removed Pin From Net: NetName=NetD11a_2 Pin=D11a-2
Removed Pin From Net: NetName=NetD11b_2 Pin=D11c-1
Removed Pin From Net: NetName=NetD11c_2 Pin=D11c-2
Removed Pin From Net: NetName=NetD11c_2 Pin=D11d-1
Removed Pin From Net: NetName=GND Pin=D11d-2
Removed Pin From Net: NetName=VOUT12 Pin=D12a-1
Removed Pin From Net: NetName=NetD12a_2 Pin=D12a-2
Removed Pin From Net: NetName=NetD12a_2 Pin=D12b-1
Removed Pin From Net: NetName=NetD12b_2 Pin=D12b-2
Removed Pin From Net: NetName=NetD12b_2 Pin=D12c-1
Removed Pin From Net: NetName=NetD12c_2 Pin=D12c-2
Removed Pin From Net: NetName=NetD12c_2 Pin=D12d-1
Removed Pin From Net: NetName=GND Pin=D12d-2
Change Component Designator: OldDesignator=D1a NewDesignator=D4a
Change Component Designator: OldDesignator=D1c NewDesignator=D4c
Change Component Designator: OldDesignator=D2a NewDesignator=D5a
Change Component Designator: OldDesignator=D2c NewDesignator=D5c
Change Component Designator: OldDesignator=D3a NewDesignator=D6a
Change Component Designator: OldDesignator=D3c NewDesignator=D6c
Change Component Designator: OldDesignator=D4a NewDesignator=D7a
Change Component Designator: OldDesignator=D4b NewDesignator=D7b
Change Component Designator: OldDesignator=D4c NewDesignator=D7c
Change Component Designator: OldDesignator=D4d NewDesignator=D7d
Change Component Designator: OldDesignator=D5a NewDesignator=D8a
Change Component Designator: OldDesignator=D5b NewDesignator=D8c
Change Component Designator: OldDesignator=D5c NewDesignator=D9a
Change Component Designator: OldDesignator=D5d NewDesignator=D9c
Change Component Designator: OldDesignator=D10c NewDesignator=D11a
Change Component Designator: OldDesignator=D11a NewDesignator=D12a
Change Component Designator: OldDesignator=D11c NewDesignator=D1a
Change Component Designator: OldDesignator=D11d NewDesignator=D1c
Change Component Designator: OldDesignator=D12a NewDesignator=D2a
Change Component Designator: OldDesignator=D12b NewDesignator=D2c
Change Component Designator: OldDesignator=D12c NewDesignator=D3a
Change Component Designator: OldDesignator=D12d NewDesignator=D3c
Added Component: Designator=D4b(EL-1KL3)
Added Component: Designator=D4d(EL-1KL3)
Added Component: Designator=D5b(EL-1KL3)
Added Component: Designator=D5d(EL-1KL3)
Added Component: Designator=D6b(EL-1KL3)
Added Component: Designator=D6d(EL-1KL3)
Added Component: Designator=D10c(EL-1KL3)
Added Component: Designator=D11c(EL-1KL3)
Added Component: Designator=D11d(EL-1KL3)
Added Component: Designator=D12b(EL-1KL3)
Added Component: Designator=D12c(EL-1KL3)
Added Component: Designator=D12d(EL-1KL3)
Added Pin To Net: NetName=VOUT1 Pin=D1a-1
Added Pin To Net: NetName=NetD1a_2 Pin=D1a-2
Added Pin To Net: NetName=NetD1b_2 Pin=D1c-1
Added Pin To Net: NetName=NetD1c_2 Pin=D1c-2
Added Pin To Net: NetName=VOUT2 Pin=D2a-1
Added Pin To Net: NetName=NetD2a_2 Pin=D2a-2
Added Pin To Net: NetName=NetD2b_2 Pin=D2c-1
Added Pin To Net: NetName=NetD2c_2 Pin=D2c-2
Added Pin To Net: NetName=VOUT3 Pin=D3a-1
Added Pin To Net: NetName=NetD3a_2 Pin=D3a-2
Added Pin To Net: NetName=NetD3b_2 Pin=D3c-1
Added Pin To Net: NetName=NetD3c_2 Pin=D3c-2
Added Pin To Net: NetName=VOUT4 Pin=D4a-1
Added Pin To Net: NetName=NetD7a_2 Pin=D4a-2
Added Pin To Net: NetName=NetD7a_2 Pin=D4b-1
Added Pin To Net: NetName=NetD7b_2 Pin=D4b-2
Added Pin To Net: NetName=NetD7b_2 Pin=D4c-1
Added Pin To Net: NetName=NetD7c_2 Pin=D4c-2
Added Pin To Net: NetName=NetD7c_2 Pin=D4d-1
Added Pin To Net: NetName=GND Pin=D4d-2
Added Pin To Net: NetName=VOUT5 Pin=D5a-1
Added Pin To Net: NetName=NetD5a_2 Pin=D5a-2
Added Pin To Net: NetName=NetD5a_2 Pin=D5b-1
Added Pin To Net: NetName=NetD5b_2 Pin=D5b-2
Added Pin To Net: NetName=NetD5b_2 Pin=D5c-1
Added Pin To Net: NetName=NetD5c_2 Pin=D5c-2
Added Pin To Net: NetName=NetD5c_2 Pin=D5d-1
Added Pin To Net: NetName=GND Pin=D5d-2
Added Pin To Net: NetName=VOUT6 Pin=D6a-1
Added Pin To Net: NetName=NetD6a_2 Pin=D6a-2
Added Pin To Net: NetName=NetD6a_2 Pin=D6b-1
Added Pin To Net: NetName=NetD6b_2 Pin=D6b-2
Added Pin To Net: NetName=NetD6b_2 Pin=D6c-1
Added Pin To Net: NetName=NetD6c_2 Pin=D6c-2
Added Pin To Net: NetName=NetD6c_2 Pin=D6d-1
Added Pin To Net: NetName=GND Pin=D6d-2
Added Pin To Net: NetName=VOUT7 Pin=D7a-1
Added Pin To Net: NetName=VOUT8 Pin=D8a-1
Added Pin To Net: NetName=NetD8a_2 Pin=D8a-2
Added Pin To Net: NetName=NetD8b_2 Pin=D8c-1
Added Pin To Net: NetName=NetD8c_2 Pin=D8c-2
Added Pin To Net: NetName=VOUT9 Pin=D9a-1
Added Pin To Net: NetName=NetD9a_2 Pin=D9a-2
Added Pin To Net: NetName=NetD9b_2 Pin=D9c-1
Added Pin To Net: NetName=NetD9c_2 Pin=D9c-2
Added Pin To Net: NetName=NetD10b_2 Pin=D10c-1
Added Pin To Net: NetName=NetD10c_2 Pin=D10c-2
Added Pin To Net: NetName=VOUT11 Pin=D11a-1
Added Pin To Net: NetName=NetD11a_2 Pin=D11a-2
Added Pin To Net: NetName=NetD11b_2 Pin=D11c-1
Added Pin To Net: NetName=NetD11c_2 Pin=D11c-2
Added Pin To Net: NetName=NetD11c_2 Pin=D11d-1
Added Pin To Net: NetName=GND Pin=D11d-2
Added Pin To Net: NetName=VOUT12 Pin=D12a-1
Added Pin To Net: NetName=NetD12a_2 Pin=D12a-2
Added Pin To Net: NetName=NetD12a_2 Pin=D12b-1
Added Pin To Net: NetName=NetD12b_2 Pin=D12b-2
Added Pin To Net: NetName=NetD12b_2 Pin=D12c-1
Added Pin To Net: NetName=NetD12c_2 Pin=D12c-2
Added Pin To Net: NetName=NetD12c_2 Pin=D12d-1
Added Pin To Net: NetName=GND Pin=D12d-2
Change Net Name : Old Net Name=NetD4a_2 New Net Name=NetD7a_2
Change Net Name : Old Net Name=NetD4b_2 New Net Name=NetD7b_2
Change Net Name : Old Net Name=NetD4c_2 New Net Name=NetD7c_2
Change Net Name : Old Net Name=NetD7a_2 New Net Name=NetD4a_2
Change Net Name : Old Net Name=NetD7b_2 New Net Name=NetD4b_2
Change Net Name : Old Net Name=NetD7c_2 New Net Name=NetD4c_2
