Removed Pin From Net: NetName=GND Pin=C1-2
Removed Pin From Net: NetName=GND Pin=C2-2
Removed Pin From Net: NetName=GND Pin=C3-2
Removed Pin From Net: NetName=GND Pin=C4-2
Removed Pin From Net: NetName=GND Pin=C5-2
Removed Pin From Net: NetName=GND Pin=C6-2
Removed Pin From Net: NetName=GND Pin=JP1-23
Removed Pin From Net: NetName=GND Pin=JP1-24
Removed Pin From Net: NetName=GND Pin=R2-1-2
Removed Pin From Net: NetName=GND Pin=RP1-9
Removed Pin From Net: NetName=GND Pin=RP2-9
Removed Pin From Net: NetName=GND Pin=RP3-9
Removed Pin From Net: NetName=GND Pin=RP4-9
Removed Pin From Net: NetName=GND Pin=U1-7
Removed Pin From Net: NetName=GND Pin=U1-8
Removed Pin From Net: NetName=GND Pin=U2-7
Removed Pin From Net: NetName=GND Pin=U2-8
Removed Pin From Net: NetName=GND Pin=U3-7
Removed Pin From Net: NetName=GND Pin=U3-8
Removed Pin From Net: NetName=GND Pin=U4-7
Removed Pin From Net: NetName=GND Pin=U4-8
