Change Component Comment : Designator=U4 Old Comment=ADG708 New Comment=集成电路
Change Component Comment : Designator=U3 Old Comment=ADG708 New Comment=集成电路
Change Component Comment : Designator=U1 Old Comment=ADG708 New Comment=集成电路
Change Component Comment : Designator=U2 Old Comment=ADG708 New Comment=集成电路
Change Component Comment : Designator=C4 Old Comment=Cap New Comment=贴片电容
Change Component Comment : Designator=C2 Old Comment=Cap New Comment=贴片电容
Change Component Comment : Designator=C3 Old Comment=Cap New Comment=贴片电容 10uf
Change Component Comment : Designator=C1 Old Comment=Cap New Comment=贴片电容 10uf
Change Component Comment : Designator=P1 Old Comment=Header 12X2 New Comment=牛角插座
Change Component Comment : Designator=R32 Old Comment=Res3 New Comment=贴片电阻
Change Component Comment : Designator=R31 Old Comment=Res3 New Comment=贴片电阻
Change Component Comment : Designator=R30 Old Comment=Res3 New Comment=贴片电阻
Change Component Comment : Designator=R29 Old Comment=Res3 New Comment=贴片电阻
Change Component Comment : Designator=R28 Old Comment=Res3 New Comment=贴片电阻
Change Component Comment : Designator=R27 Old Comment=Res3 New Comment=贴片电阻
Change Component Comment : Designator=R26 Old Comment=Res3 New Comment=贴片电阻
Change Component Comment : Designator=R25 Old Comment=Res3 New Comment=贴片电阻
Change Component Comment : Designator=R24 Old Comment=Res3 New Comment=贴片电阻
Change Component Comment : Designator=R23 Old Comment=Res3 New Comment=贴片电阻
Change Component Comment : Designator=R22 Old Comment=Res3 New Comment=贴片电阻
Change Component Comment : Designator=R21 Old Comment=Res3 New Comment=贴片电阻
Change Component Comment : Designator=R20 Old Comment=Res3 New Comment=贴片电阻
Change Component Comment : Designator=R19 Old Comment=Res3 New Comment=贴片电阻
Change Component Comment : Designator=R18 Old Comment=Res3 New Comment=贴片电阻
Change Component Comment : Designator=R17 Old Comment=Res3 New Comment=贴片电阻
Change Component Comment : Designator=R16 Old Comment=Res3 New Comment=贴片电阻
Change Component Comment : Designator=R15 Old Comment=Res3 New Comment=贴片电阻
Change Component Comment : Designator=R14 Old Comment=Res3 New Comment=贴片电阻
Change Component Comment : Designator=R13 Old Comment=Res3 New Comment=贴片电阻
Change Component Comment : Designator=R12 Old Comment=Res3 New Comment=贴片电阻
Change Component Comment : Designator=R11 Old Comment=Res3 New Comment=贴片电阻
Change Component Comment : Designator=R10 Old Comment=Res3 New Comment=贴片电阻
Change Component Comment : Designator=R9 Old Comment=Res3 New Comment=贴片电阻
Change Component Comment : Designator=R8 Old Comment=Res3 New Comment=贴片电阻
Change Component Comment : Designator=R7 Old Comment=Res3 New Comment=贴片电阻
Change Component Comment : Designator=R6 Old Comment=Res3 New Comment=贴片电阻
Change Component Comment : Designator=R5 Old Comment=Res3 New Comment=贴片电阻
Change Component Comment : Designator=R4 Old Comment=Res3 New Comment=贴片电阻
Change Component Comment : Designator=R3 Old Comment=Res3 New Comment=贴片电阻
Change Component Comment : Designator=R2 Old Comment=Res3 New Comment=贴片电阻
Change Component Comment : Designator=R1 Old Comment=Res3 New Comment=贴片电阻
Change Component Designator: OldDesignator=U1 NewDesignator=U2
Change Component Designator: OldDesignator=U2 NewDesignator=U1
Added Component: Designator=D33(jieshou1206)
Added Component: Designator=D34(jieshou1206)
Added Component: Designator=D35(jieshou1206)
Added Component: Designator=D36(jieshou1206)
Added Component: Designator=D37(jieshou1206)
Added Component: Designator=D38(jieshou1206)
Added Component: Designator=D39(jieshou1206)
Added Component: Designator=D40(jieshou1206)
Added Component: Designator=D41(jieshou1206)
Added Component: Designator=D42(jieshou1206)
Added Component: Designator=D43(jieshou1206)
Added Component: Designator=D44(jieshou1206)
Added Component: Designator=D45(jieshou1206)
Added Component: Designator=D46(jieshou1206)
Added Component: Designator=D47(jieshou1206)
Added Component: Designator=D48(jieshou1206)
Added Component: Designator=D49(jieshou1206)
Added Component: Designator=D50(jieshou1206)
Added Component: Designator=D51(jieshou1206)
Added Component: Designator=D52(jieshou1206)
Added Component: Designator=D53(jieshou1206)
Added Component: Designator=D54(jieshou1206)
Added Component: Designator=D55(jieshou1206)
Added Component: Designator=D56(jieshou1206)
Added Component: Designator=D57(jieshou1206)
Added Component: Designator=D58(jieshou1206)
Added Component: Designator=D59(jieshou1206)
Added Component: Designator=D60(jieshou1206)
Added Component: Designator=D61(jieshou1206)
Added Component: Designator=D62(jieshou1206)
Added Component: Designator=D63(jieshou1206)
Added Component: Designator=D64(jieshou1206)
Added Component: Designator=D65(jieshou1206)
Added Component: Designator=D66(jieshou1206)
Added Component: Designator=D67(jieshou1206)
Added Component: Designator=D68(jieshou1206)
Added Component: Designator=D69(jieshou1206)
Added Component: Designator=D70(jieshou1206)
Added Component: Designator=D71(jieshou1206)
Added Component: Designator=D72(jieshou1206)
Added Component: Designator=D73(jieshou1206)
Added Component: Designator=D74(jieshou1206)
Added Component: Designator=D75(jieshou1206)
Added Component: Designator=D76(jieshou1206)
Added Component: Designator=D77(jieshou1206)
Added Component: Designator=D78(jieshou1206)
Added Component: Designator=D79(jieshou1206)
Added Component: Designator=D80(jieshou1206)
Added Component: Designator=D81(jieshou1206)
Added Component: Designator=D82(jieshou1206)
Added Component: Designator=D83(jieshou1206)
Added Component: Designator=D84(jieshou1206)
Added Component: Designator=D85(jieshou1206)
Added Component: Designator=D86(jieshou1206)
Added Component: Designator=D87(jieshou1206)
Added Component: Designator=D88(jieshou1206)
Added Component: Designator=D89(jieshou1206)
Added Component: Designator=D90(jieshou1206)
Added Component: Designator=D91(jieshou1206)
Added Component: Designator=D92(jieshou1206)
Added Component: Designator=D93(jieshou1206)
Added Component: Designator=D94(jieshou1206)
Added Component: Designator=D95(jieshou1206)
Added Component: Designator=D96(jieshou1206)
Added Component: Designator=R33(0805r)
Added Component: Designator=R34(0805r)
Added Component: Designator=R35(0805r)
Added Component: Designator=R36(0805r)
Added Component: Designator=R37(0805r)
Added Component: Designator=R38(0805r)
Added Component: Designator=R39(0805r)
Added Component: Designator=R40(0805r)
Added Component: Designator=R41(0805r)
Added Component: Designator=R42(0805r)
Added Component: Designator=R43(0805r)
Added Component: Designator=R44(0805r)
Added Component: Designator=R45(0805r)
Added Component: Designator=R46(0805r)
Added Component: Designator=R47(0805r)
Added Component: Designator=R48(0805r)
Added Component: Designator=R49(0805r)
Added Component: Designator=R50(0805r)
Added Component: Designator=R51(0805r)
Added Component: Designator=R52(0805r)
Added Component: Designator=R53(0805r)
Added Component: Designator=R54(0805r)
Added Component: Designator=R55(0805r)
Added Component: Designator=R56(0805r)
Added Component: Designator=R57(0805r)
Added Component: Designator=R58(0805r)
Added Component: Designator=R59(0805r)
Added Component: Designator=R60(0805r)
Added Component: Designator=R61(0805r)
Added Component: Designator=R62(0805r)
Added Component: Designator=R63(0805r)
Added Component: Designator=R64(0805r)
Added Component: Designator=R65(0805r)
Added Component: Designator=R66(0805r)
Added Component: Designator=R67(0805r)
Added Component: Designator=R68(0805r)
Added Component: Designator=R69(0805r)
Added Component: Designator=R70(0805r)
Added Component: Designator=R71(0805r)
Added Component: Designator=R72(0805r)
Added Component: Designator=R73(0805r)
Added Component: Designator=R74(0805r)
Added Component: Designator=R75(0805r)
Added Component: Designator=R76(0805r)
Added Component: Designator=R77(0805r)
Added Component: Designator=R78(0805r)
Added Component: Designator=R79(0805r)
Added Component: Designator=R80(0805r)
Added Component: Designator=R81(0805r)
Added Component: Designator=R82(0805r)
Added Component: Designator=R83(0805r)
Added Component: Designator=R84(0805r)
Added Component: Designator=R85(0805r)
Added Component: Designator=R86(0805r)
Added Component: Designator=R87(0805r)
Added Component: Designator=R88(0805r)
Added Component: Designator=R89(0805r)
Added Component: Designator=R90(0805r)
Added Component: Designator=R91(0805r)
Added Component: Designator=R92(0805r)
Added Component: Designator=R93(0805r)
Added Component: Designator=R94(0805r)
Added Component: Designator=R95(0805r)
Added Component: Designator=R96(0805r)
Added Component: Designator=U5(TSSOP16)
Added Component: Designator=U6(TSSOP16)
Added Component: Designator=U7(TSSOP16)
Added Component: Designator=U8(TSSOP16)
Added Component: Designator=U9(TSSOP16)
Added Component: Designator=U10(TSSOP16)
Added Component: Designator=U11(TSSOP16)
Added Component: Designator=U12(TSSOP16)
Added Pin To Net: NetName=VCC3.3 Pin=D33-2
Added Pin To Net: NetName=VCC3.3 Pin=D34-2
Added Pin To Net: NetName=VCC3.3 Pin=D35-2
Added Pin To Net: NetName=VCC3.3 Pin=D36-2
Added Pin To Net: NetName=VCC3.3 Pin=D37-2
Added Pin To Net: NetName=VCC3.3 Pin=D38-2
Added Pin To Net: NetName=VCC3.3 Pin=D39-2
Added Pin To Net: NetName=VCC3.3 Pin=D40-2
Added Pin To Net: NetName=VCC3.3 Pin=D41-2
Added Pin To Net: NetName=VCC3.3 Pin=D42-2
Added Pin To Net: NetName=VCC3.3 Pin=D43-2
Added Pin To Net: NetName=VCC3.3 Pin=D44-2
Added Pin To Net: NetName=VCC3.3 Pin=D45-2
Added Pin To Net: NetName=VCC3.3 Pin=D46-2
Added Pin To Net: NetName=VCC3.3 Pin=D47-2
Added Pin To Net: NetName=VCC3.3 Pin=D48-2
Added Pin To Net: NetName=VCC3.3 Pin=D49-2
Added Pin To Net: NetName=VCC3.3 Pin=D50-2
Added Pin To Net: NetName=VCC3.3 Pin=D51-2
Added Pin To Net: NetName=VCC3.3 Pin=D52-2
Added Pin To Net: NetName=VCC3.3 Pin=D53-2
Added Pin To Net: NetName=VCC3.3 Pin=D54-2
Added Pin To Net: NetName=VCC3.3 Pin=D55-2
Added Pin To Net: NetName=VCC3.3 Pin=D56-2
Added Pin To Net: NetName=VCC3.3 Pin=D57-2
Added Pin To Net: NetName=VCC3.3 Pin=D58-2
Added Pin To Net: NetName=VCC3.3 Pin=D59-2
Added Pin To Net: NetName=VCC3.3 Pin=D60-2
Added Pin To Net: NetName=VCC3.3 Pin=D61-2
Added Pin To Net: NetName=VCC3.3 Pin=D62-2
Added Pin To Net: NetName=VCC3.3 Pin=D63-2
Added Pin To Net: NetName=VCC3.3 Pin=D64-2
Added Pin To Net: NetName=VCC3.3 Pin=D65-2
Added Pin To Net: NetName=VCC3.3 Pin=D66-2
Added Pin To Net: NetName=VCC3.3 Pin=D67-2
Added Pin To Net: NetName=VCC3.3 Pin=D68-2
Added Pin To Net: NetName=VCC3.3 Pin=D69-2
Added Pin To Net: NetName=VCC3.3 Pin=D70-2
Added Pin To Net: NetName=VCC3.3 Pin=D71-2
Added Pin To Net: NetName=VCC3.3 Pin=D72-2
Added Pin To Net: NetName=VCC3.3 Pin=D73-2
Added Pin To Net: NetName=VCC3.3 Pin=D74-2
Added Pin To Net: NetName=VCC3.3 Pin=D75-2
Added Pin To Net: NetName=VCC3.3 Pin=D76-2
Added Pin To Net: NetName=VCC3.3 Pin=D77-2
Added Pin To Net: NetName=VCC3.3 Pin=D78-2
Added Pin To Net: NetName=VCC3.3 Pin=D79-2
Added Pin To Net: NetName=VCC3.3 Pin=D80-2
Added Pin To Net: NetName=VCC3.3 Pin=D81-2
Added Pin To Net: NetName=VCC3.3 Pin=D82-2
Added Pin To Net: NetName=VCC3.3 Pin=D83-2
Added Pin To Net: NetName=VCC3.3 Pin=D84-2
Added Pin To Net: NetName=VCC3.3 Pin=D85-2
Added Pin To Net: NetName=VCC3.3 Pin=D86-2
Added Pin To Net: NetName=VCC3.3 Pin=D87-2
Added Pin To Net: NetName=VCC3.3 Pin=D88-2
Added Pin To Net: NetName=VCC3.3 Pin=D89-2
Added Pin To Net: NetName=VCC3.3 Pin=D90-2
Added Pin To Net: NetName=VCC3.3 Pin=D91-2
Added Pin To Net: NetName=VCC3.3 Pin=D92-2
Added Pin To Net: NetName=VCC3.3 Pin=D93-2
Added Pin To Net: NetName=VCC3.3 Pin=D94-2
Added Pin To Net: NetName=VCC3.3 Pin=D95-2
Added Pin To Net: NetName=VCC3.3 Pin=D96-2
Added Pin To Net: NetName=GND Pin=R33-1
Added Pin To Net: NetName=GND Pin=R34-1
Added Pin To Net: NetName=GND Pin=R35-1
Added Pin To Net: NetName=GND Pin=R36-1
Added Pin To Net: NetName=GND Pin=R37-1
Added Pin To Net: NetName=GND Pin=R38-1
Added Pin To Net: NetName=GND Pin=R39-1
Added Pin To Net: NetName=GND Pin=R40-1
Added Pin To Net: NetName=GND Pin=R41-1
Added Pin To Net: NetName=GND Pin=R42-1
Added Pin To Net: NetName=GND Pin=R43-1
Added Pin To Net: NetName=GND Pin=R44-1
Added Pin To Net: NetName=GND Pin=R45-1
Added Pin To Net: NetName=GND Pin=R46-1
Added Pin To Net: NetName=GND Pin=R47-1
Added Pin To Net: NetName=GND Pin=R48-1
Added Pin To Net: NetName=GND Pin=R49-1
Added Pin To Net: NetName=GND Pin=R50-1
Added Pin To Net: NetName=GND Pin=R51-1
Added Pin To Net: NetName=GND Pin=R52-1
Added Pin To Net: NetName=GND Pin=R53-1
Added Pin To Net: NetName=GND Pin=R54-1
Added Pin To Net: NetName=GND Pin=R55-1
Added Pin To Net: NetName=GND Pin=R56-1
Added Pin To Net: NetName=GND Pin=R57-1
Added Pin To Net: NetName=GND Pin=R58-1
Added Pin To Net: NetName=GND Pin=R59-1
Added Pin To Net: NetName=GND Pin=R60-1
Added Pin To Net: NetName=GND Pin=R61-1
Added Pin To Net: NetName=GND Pin=R62-1
Added Pin To Net: NetName=GND Pin=R63-1
Added Pin To Net: NetName=GND Pin=R64-1
Added Pin To Net: NetName=GND Pin=R65-1
Added Pin To Net: NetName=GND Pin=R66-1
Added Pin To Net: NetName=GND Pin=R67-1
Added Pin To Net: NetName=GND Pin=R68-1
Added Pin To Net: NetName=GND Pin=R69-1
Added Pin To Net: NetName=GND Pin=R70-1
Added Pin To Net: NetName=GND Pin=R71-1
Added Pin To Net: NetName=GND Pin=R72-1
Added Pin To Net: NetName=GND Pin=R73-1
Added Pin To Net: NetName=GND Pin=R74-1
Added Pin To Net: NetName=GND Pin=R75-1
Added Pin To Net: NetName=GND Pin=R76-1
Added Pin To Net: NetName=GND Pin=R77-1
Added Pin To Net: NetName=GND Pin=R78-1
Added Pin To Net: NetName=GND Pin=R79-1
Added Pin To Net: NetName=GND Pin=R80-1
Added Pin To Net: NetName=GND Pin=R81-1
Added Pin To Net: NetName=GND Pin=R82-1
Added Pin To Net: NetName=GND Pin=R83-1
Added Pin To Net: NetName=GND Pin=R84-1
Added Pin To Net: NetName=GND Pin=R85-1
Added Pin To Net: NetName=GND Pin=R86-1
Added Pin To Net: NetName=GND Pin=R87-1
Added Pin To Net: NetName=GND Pin=R88-1
Added Pin To Net: NetName=GND Pin=R89-1
Added Pin To Net: NetName=GND Pin=R90-1
Added Pin To Net: NetName=GND Pin=R91-1
Added Pin To Net: NetName=GND Pin=R92-1
Added Pin To Net: NetName=GND Pin=R93-1
Added Pin To Net: NetName=GND Pin=R94-1
Added Pin To Net: NetName=GND Pin=R95-1
Added Pin To Net: NetName=GND Pin=R96-1
Added Pin To Net: NetName=A0 Pin=U5-1
Added Pin To Net: NetName=EN Pin=U5-2
Added Pin To Net: NetName=GND Pin=U5-3
Added Pin To Net: NetName=VCC5V Pin=U5-13
Added Pin To Net: NetName=GND Pin=U5-14
Added Pin To Net: NetName=A2 Pin=U5-15
Added Pin To Net: NetName=A1 Pin=U5-16
Added Pin To Net: NetName=A0 Pin=U6-1
Added Pin To Net: NetName=EN Pin=U6-2
Added Pin To Net: NetName=GND Pin=U6-3
Added Pin To Net: NetName=VCC5V Pin=U6-13
Added Pin To Net: NetName=GND Pin=U6-14
Added Pin To Net: NetName=A2 Pin=U6-15
Added Pin To Net: NetName=A1 Pin=U6-16
Added Pin To Net: NetName=A0 Pin=U7-1
Added Pin To Net: NetName=EN Pin=U7-2
Added Pin To Net: NetName=GND Pin=U7-3
Added Pin To Net: NetName=VCC5V Pin=U7-13
Added Pin To Net: NetName=GND Pin=U7-14
Added Pin To Net: NetName=A2 Pin=U7-15
Added Pin To Net: NetName=A1 Pin=U7-16
Added Pin To Net: NetName=A0 Pin=U8-1
Added Pin To Net: NetName=EN Pin=U8-2
Added Pin To Net: NetName=GND Pin=U8-3
Added Pin To Net: NetName=VCC5V Pin=U8-13
Added Pin To Net: NetName=GND Pin=U8-14
Added Pin To Net: NetName=A2 Pin=U8-15
Added Pin To Net: NetName=A1 Pin=U8-16
Added Pin To Net: NetName=A0 Pin=U9-1
Added Pin To Net: NetName=EN Pin=U9-2
Added Pin To Net: NetName=GND Pin=U9-3
Added Pin To Net: NetName=VCC5V Pin=U9-13
Added Pin To Net: NetName=GND Pin=U9-14
Added Pin To Net: NetName=A2 Pin=U9-15
Added Pin To Net: NetName=A1 Pin=U9-16
Added Pin To Net: NetName=A0 Pin=U10-1
Added Pin To Net: NetName=EN Pin=U10-2
Added Pin To Net: NetName=GND Pin=U10-3
Added Pin To Net: NetName=VCC5V Pin=U10-13
Added Pin To Net: NetName=GND Pin=U10-14
Added Pin To Net: NetName=A2 Pin=U10-15
Added Pin To Net: NetName=A1 Pin=U10-16
Added Pin To Net: NetName=A0 Pin=U11-1
Added Pin To Net: NetName=EN Pin=U11-2
Added Pin To Net: NetName=GND Pin=U11-3
Added Pin To Net: NetName=VCC5V Pin=U11-13
Added Pin To Net: NetName=GND Pin=U11-14
Added Pin To Net: NetName=A2 Pin=U11-15
Added Pin To Net: NetName=A1 Pin=U11-16
Added Pin To Net: NetName=A0 Pin=U12-1
Added Pin To Net: NetName=EN Pin=U12-2
Added Pin To Net: NetName=GND Pin=U12-3
Added Pin To Net: NetName=VCC5V Pin=U12-13
Added Pin To Net: NetName=GND Pin=U12-14
Added Pin To Net: NetName=A2 Pin=U12-15
Added Pin To Net: NetName=A1 Pin=U12-16
Added Pin To Net: NetName=CH5-1 Pin=D33-1
Added Pin To Net: NetName=CH5-1 Pin=R33-2
Added Pin To Net: NetName=CH5-1 Pin=U6-4
Added Net: Name=CH5-1
Added Pin To Net: NetName=CH5-2 Pin=D34-1
Added Pin To Net: NetName=CH5-2 Pin=R34-2
Added Pin To Net: NetName=CH5-2 Pin=U6-5
Added Net: Name=CH5-2
Added Pin To Net: NetName=CH5-3 Pin=D35-1
Added Pin To Net: NetName=CH5-3 Pin=R35-2
Added Pin To Net: NetName=CH5-3 Pin=U6-6
Added Net: Name=CH5-3
Added Pin To Net: NetName=CH5-4 Pin=D36-1
Added Pin To Net: NetName=CH5-4 Pin=R36-2
Added Pin To Net: NetName=CH5-4 Pin=U6-7
Added Net: Name=CH5-4
Added Pin To Net: NetName=CH5-5 Pin=D37-1
Added Pin To Net: NetName=CH5-5 Pin=R37-2
Added Pin To Net: NetName=CH5-5 Pin=U6-12
Added Net: Name=CH5-5
Added Pin To Net: NetName=CH5-6 Pin=D38-1
Added Pin To Net: NetName=CH5-6 Pin=R38-2
Added Pin To Net: NetName=CH5-6 Pin=U6-11
Added Net: Name=CH5-6
Added Pin To Net: NetName=CH5-7 Pin=D39-1
Added Pin To Net: NetName=CH5-7 Pin=R39-2
Added Pin To Net: NetName=CH5-7 Pin=U6-10
Added Net: Name=CH5-7
Added Pin To Net: NetName=CH5-8 Pin=D40-1
Added Pin To Net: NetName=CH5-8 Pin=R40-2
Added Pin To Net: NetName=CH5-8 Pin=U6-9
Added Net: Name=CH5-8
Added Pin To Net: NetName=CH5 Pin=P1-10
Added Pin To Net: NetName=CH5 Pin=U6-8
Added Net: Name=CH5
Added Pin To Net: NetName=CH6-1 Pin=D41-1
Added Pin To Net: NetName=CH6-1 Pin=R41-2
Added Pin To Net: NetName=CH6-1 Pin=U5-4
Added Net: Name=CH6-1
Added Pin To Net: NetName=CH6-2 Pin=D42-1
Added Pin To Net: NetName=CH6-2 Pin=R42-2
Added Pin To Net: NetName=CH6-2 Pin=U5-5
Added Net: Name=CH6-2
Added Pin To Net: NetName=CH6-3 Pin=D43-1
Added Pin To Net: NetName=CH6-3 Pin=R43-2
Added Pin To Net: NetName=CH6-3 Pin=U5-6
Added Net: Name=CH6-3
Added Pin To Net: NetName=CH6-4 Pin=D44-1
Added Pin To Net: NetName=CH6-4 Pin=R44-2
Added Pin To Net: NetName=CH6-4 Pin=U5-7
Added Net: Name=CH6-4
Added Pin To Net: NetName=CH6-5 Pin=D45-1
Added Pin To Net: NetName=CH6-5 Pin=R45-2
Added Pin To Net: NetName=CH6-5 Pin=U5-12
Added Net: Name=CH6-5
Added Pin To Net: NetName=CH6-6 Pin=D46-1
Added Pin To Net: NetName=CH6-6 Pin=R46-2
Added Pin To Net: NetName=CH6-6 Pin=U5-11
Added Net: Name=CH6-6
Added Pin To Net: NetName=CH6-7 Pin=D47-1
Added Pin To Net: NetName=CH6-7 Pin=R47-2
Added Pin To Net: NetName=CH6-7 Pin=U5-10
Added Net: Name=CH6-7
Added Pin To Net: NetName=CH6-8 Pin=D48-1
Added Pin To Net: NetName=CH6-8 Pin=R48-2
Added Pin To Net: NetName=CH6-8 Pin=U5-9
Added Net: Name=CH6-8
Added Pin To Net: NetName=CH6 Pin=P1-12
Added Pin To Net: NetName=CH6 Pin=U5-8
Added Net: Name=CH6
Added Pin To Net: NetName=CH7-1 Pin=D49-1
Added Pin To Net: NetName=CH7-1 Pin=R49-2
Added Pin To Net: NetName=CH7-1 Pin=U7-4
Added Net: Name=CH7-1
Added Pin To Net: NetName=CH7-2 Pin=D50-1
Added Pin To Net: NetName=CH7-2 Pin=R50-2
Added Pin To Net: NetName=CH7-2 Pin=U7-5
Added Net: Name=CH7-2
Added Pin To Net: NetName=CH7-3 Pin=D51-1
Added Pin To Net: NetName=CH7-3 Pin=R51-2
Added Pin To Net: NetName=CH7-3 Pin=U7-6
Added Net: Name=CH7-3
Added Pin To Net: NetName=CH7-4 Pin=D52-1
Added Pin To Net: NetName=CH7-4 Pin=R52-2
Added Pin To Net: NetName=CH7-4 Pin=U7-7
Added Net: Name=CH7-4
Added Pin To Net: NetName=CH7-5 Pin=D53-1
Added Pin To Net: NetName=CH7-5 Pin=R53-2
Added Pin To Net: NetName=CH7-5 Pin=U7-12
Added Net: Name=CH7-5
Added Pin To Net: NetName=CH7-6 Pin=D54-1
Added Pin To Net: NetName=CH7-6 Pin=R54-2
Added Pin To Net: NetName=CH7-6 Pin=U7-11
Added Net: Name=CH7-6
Added Pin To Net: NetName=CH7-7 Pin=D55-1
Added Pin To Net: NetName=CH7-7 Pin=R55-2
Added Pin To Net: NetName=CH7-7 Pin=U7-10
Added Net: Name=CH7-7
Added Pin To Net: NetName=CH7-8 Pin=D56-1
Added Pin To Net: NetName=CH7-8 Pin=R56-2
Added Pin To Net: NetName=CH7-8 Pin=U7-9
Added Net: Name=CH7-8
Added Pin To Net: NetName=CH7 Pin=P1-14
Added Pin To Net: NetName=CH7 Pin=U7-8
Added Net: Name=CH7
Added Pin To Net: NetName=CH8-1 Pin=D57-1
Added Pin To Net: NetName=CH8-1 Pin=R57-2
Added Pin To Net: NetName=CH8-1 Pin=U8-4
Added Net: Name=CH8-1
Added Pin To Net: NetName=CH8-2 Pin=D58-1
Added Pin To Net: NetName=CH8-2 Pin=R58-2
Added Pin To Net: NetName=CH8-2 Pin=U8-5
Added Net: Name=CH8-2
Added Pin To Net: NetName=CH8-3 Pin=D59-1
Added Pin To Net: NetName=CH8-3 Pin=R59-2
Added Pin To Net: NetName=CH8-3 Pin=U8-6
Added Net: Name=CH8-3
Added Pin To Net: NetName=CH8-4 Pin=D60-1
Added Pin To Net: NetName=CH8-4 Pin=R60-2
Added Pin To Net: NetName=CH8-4 Pin=U8-7
Added Net: Name=CH8-4
Added Pin To Net: NetName=CH8-5 Pin=D61-1
Added Pin To Net: NetName=CH8-5 Pin=R61-2
Added Pin To Net: NetName=CH8-5 Pin=U8-12
Added Net: Name=CH8-5
Added Pin To Net: NetName=CH8-6 Pin=D62-1
Added Pin To Net: NetName=CH8-6 Pin=R62-2
Added Pin To Net: NetName=CH8-6 Pin=U8-11
Added Net: Name=CH8-6
Added Pin To Net: NetName=CH8-7 Pin=D63-1
Added Pin To Net: NetName=CH8-7 Pin=R63-2
Added Pin To Net: NetName=CH8-7 Pin=U8-10
Added Net: Name=CH8-7
Added Pin To Net: NetName=CH8-8 Pin=D64-1
Added Pin To Net: NetName=CH8-8 Pin=R64-2
Added Pin To Net: NetName=CH8-8 Pin=U8-9
Added Net: Name=CH8-8
Added Pin To Net: NetName=CH8 Pin=P1-16
Added Pin To Net: NetName=CH8 Pin=U8-8
Added Net: Name=CH8
Added Pin To Net: NetName=CH9-1 Pin=D65-1
Added Pin To Net: NetName=CH9-1 Pin=R65-2
Added Pin To Net: NetName=CH9-1 Pin=U10-4
Added Net: Name=CH9-1
Added Pin To Net: NetName=CH9-2 Pin=D66-1
Added Pin To Net: NetName=CH9-2 Pin=R66-2
Added Pin To Net: NetName=CH9-2 Pin=U10-5
Added Net: Name=CH9-2
Added Pin To Net: NetName=CH9-3 Pin=D67-1
Added Pin To Net: NetName=CH9-3 Pin=R67-2
Added Pin To Net: NetName=CH9-3 Pin=U10-6
Added Net: Name=CH9-3
Added Pin To Net: NetName=CH9-4 Pin=D68-1
Added Pin To Net: NetName=CH9-4 Pin=R68-2
Added Pin To Net: NetName=CH9-4 Pin=U10-7
Added Net: Name=CH9-4
Added Pin To Net: NetName=CH9-5 Pin=D69-1
Added Pin To Net: NetName=CH9-5 Pin=R69-2
Added Pin To Net: NetName=CH9-5 Pin=U10-12
Added Net: Name=CH9-5
Added Pin To Net: NetName=CH9-6 Pin=D70-1
Added Pin To Net: NetName=CH9-6 Pin=R70-2
Added Pin To Net: NetName=CH9-6 Pin=U10-11
Added Net: Name=CH9-6
Added Pin To Net: NetName=CH9-7 Pin=D71-1
Added Pin To Net: NetName=CH9-7 Pin=R71-2
Added Pin To Net: NetName=CH9-7 Pin=U10-10
Added Net: Name=CH9-7
Added Pin To Net: NetName=CH9-8 Pin=D72-1
Added Pin To Net: NetName=CH9-8 Pin=R72-2
Added Pin To Net: NetName=CH9-8 Pin=U10-9
Added Net: Name=CH9-8
Added Pin To Net: NetName=CH9 Pin=P1-18
Added Pin To Net: NetName=CH9 Pin=U10-8
Added Net: Name=CH9
Added Pin To Net: NetName=CH10-1 Pin=D73-1
Added Pin To Net: NetName=CH10-1 Pin=R73-2
Added Pin To Net: NetName=CH10-1 Pin=U9-4
Added Net: Name=CH10-1
Added Pin To Net: NetName=CH10-2 Pin=D74-1
Added Pin To Net: NetName=CH10-2 Pin=R74-2
Added Pin To Net: NetName=CH10-2 Pin=U9-5
Added Net: Name=CH10-2
Added Pin To Net: NetName=CH10-3 Pin=D75-1
Added Pin To Net: NetName=CH10-3 Pin=R75-2
Added Pin To Net: NetName=CH10-3 Pin=U9-6
Added Net: Name=CH10-3
Added Pin To Net: NetName=CH10-4 Pin=D76-1
Added Pin To Net: NetName=CH10-4 Pin=R76-2
Added Pin To Net: NetName=CH10-4 Pin=U9-7
Added Net: Name=CH10-4
Added Pin To Net: NetName=CH10-5 Pin=D77-1
Added Pin To Net: NetName=CH10-5 Pin=R77-2
Added Pin To Net: NetName=CH10-5 Pin=U9-12
Added Net: Name=CH10-5
Added Pin To Net: NetName=CH10-6 Pin=D78-1
Added Pin To Net: NetName=CH10-6 Pin=R78-2
Added Pin To Net: NetName=CH10-6 Pin=U9-11
Added Net: Name=CH10-6
Added Pin To Net: NetName=CH10-7 Pin=D79-1
Added Pin To Net: NetName=CH10-7 Pin=R79-2
Added Pin To Net: NetName=CH10-7 Pin=U9-10
Added Net: Name=CH10-7
Added Pin To Net: NetName=CH10-8 Pin=D80-1
Added Pin To Net: NetName=CH10-8 Pin=R80-2
Added Pin To Net: NetName=CH10-8 Pin=U9-9
Added Net: Name=CH10-8
Added Pin To Net: NetName=CH10 Pin=P1-20
Added Pin To Net: NetName=CH10 Pin=U9-8
Added Net: Name=CH10
Added Pin To Net: NetName=CH11-1 Pin=D81-1
Added Pin To Net: NetName=CH11-1 Pin=R81-2
Added Pin To Net: NetName=CH11-1 Pin=U11-4
Added Net: Name=CH11-1
Added Pin To Net: NetName=CH11-2 Pin=D82-1
Added Pin To Net: NetName=CH11-2 Pin=R82-2
Added Pin To Net: NetName=CH11-2 Pin=U11-5
Added Net: Name=CH11-2
Added Pin To Net: NetName=CH11-3 Pin=D83-1
Added Pin To Net: NetName=CH11-3 Pin=R83-2
Added Pin To Net: NetName=CH11-3 Pin=U11-6
Added Net: Name=CH11-3
Added Pin To Net: NetName=CH11-4 Pin=D84-1
Added Pin To Net: NetName=CH11-4 Pin=R84-2
Added Pin To Net: NetName=CH11-4 Pin=U11-7
Added Net: Name=CH11-4
Added Pin To Net: NetName=CH11-5 Pin=D85-1
Added Pin To Net: NetName=CH11-5 Pin=R85-2
Added Pin To Net: NetName=CH11-5 Pin=U11-12
Added Net: Name=CH11-5
Added Pin To Net: NetName=CH11-6 Pin=D86-1
Added Pin To Net: NetName=CH11-6 Pin=R86-2
Added Pin To Net: NetName=CH11-6 Pin=U11-11
Added Net: Name=CH11-6
Added Pin To Net: NetName=CH11-7 Pin=D87-1
Added Pin To Net: NetName=CH11-7 Pin=R87-2
Added Pin To Net: NetName=CH11-7 Pin=U11-10
Added Net: Name=CH11-7
Added Pin To Net: NetName=CH11-8 Pin=D88-1
Added Pin To Net: NetName=CH11-8 Pin=R88-2
Added Pin To Net: NetName=CH11-8 Pin=U11-9
Added Net: Name=CH11-8
Added Pin To Net: NetName=CH11 Pin=P1-22
Added Pin To Net: NetName=CH11 Pin=U11-8
Added Net: Name=CH11
Added Pin To Net: NetName=CH12-1 Pin=D89-1
Added Pin To Net: NetName=CH12-1 Pin=R89-2
Added Pin To Net: NetName=CH12-1 Pin=U12-4
Added Net: Name=CH12-1
Added Pin To Net: NetName=CH12-2 Pin=D90-1
Added Pin To Net: NetName=CH12-2 Pin=R90-2
Added Pin To Net: NetName=CH12-2 Pin=U12-5
Added Net: Name=CH12-2
Added Pin To Net: NetName=CH12-3 Pin=D91-1
Added Pin To Net: NetName=CH12-3 Pin=R91-2
Added Pin To Net: NetName=CH12-3 Pin=U12-6
Added Net: Name=CH12-3
Added Pin To Net: NetName=CH12-4 Pin=D92-1
Added Pin To Net: NetName=CH12-4 Pin=R92-2
Added Pin To Net: NetName=CH12-4 Pin=U12-7
Added Net: Name=CH12-4
Added Pin To Net: NetName=CH12-5 Pin=D93-1
Added Pin To Net: NetName=CH12-5 Pin=R93-2
Added Pin To Net: NetName=CH12-5 Pin=U12-12
Added Net: Name=CH12-5
Added Pin To Net: NetName=CH12-6 Pin=D94-1
Added Pin To Net: NetName=CH12-6 Pin=R94-2
Added Pin To Net: NetName=CH12-6 Pin=U12-11
Added Net: Name=CH12-6
Added Pin To Net: NetName=CH12-7 Pin=D95-1
Added Pin To Net: NetName=CH12-7 Pin=R95-2
Added Pin To Net: NetName=CH12-7 Pin=U12-10
Added Net: Name=CH12-7
Added Pin To Net: NetName=CH12-8 Pin=D96-1
Added Pin To Net: NetName=CH12-8 Pin=R96-2
Added Pin To Net: NetName=CH12-8 Pin=U12-9
Added Net: Name=CH12-8
Added Pin To Net: NetName=CH12 Pin=P1-24
Added Pin To Net: NetName=CH12 Pin=U12-8
Added Net: Name=CH12
Added Member To Class: ClassName=数粒机接收板4通道 Member=Component D17 红外接收珠子
Added Member To Class: ClassName=数粒机接收板4通道 Member=Component D18 红外接收珠子
Added Member To Class: ClassName=数粒机接收板4通道 Member=Component D19 红外接收珠子
Added Member To Class: ClassName=数粒机接收板4通道 Member=Component D20 红外接收珠子
Added Member To Class: ClassName=数粒机接收板4通道 Member=Component D21 红外接收珠子
Added Member To Class: ClassName=数粒机接收板4通道 Member=Component D22 红外接收珠子
Added Member To Class: ClassName=数粒机接收板4通道 Member=Component D23 红外接收珠子
Added Member To Class: ClassName=数粒机接收板4通道 Member=Component D24 红外接收珠子
Added Member To Class: ClassName=数粒机接收板4通道 Member=Component D26 红外接收珠子
Added Member To Class: ClassName=数粒机接收板4通道 Member=Component D27 红外接收珠子
Added Member To Class: ClassName=数粒机接收板4通道 Member=Component D28 红外接收珠子
Added Member To Class: ClassName=数粒机接收板4通道 Member=Component D29 红外接收珠子
Added Member To Class: ClassName=数粒机接收板4通道 Member=Component D30 红外接收珠子
Added Member To Class: ClassName=数粒机接收板4通道 Member=Component D31 红外接收珠子
Added Member To Class: ClassName=数粒机接收板4通道 Member=Component D32 红外接收珠子
Added Member To Class: ClassName=数粒机接收板4通道 Member=Component D33 红外接收珠子
Added Member To Class: ClassName=数粒机接收板4通道 Member=Component D34 红外接收珠子
Added Member To Class: ClassName=数粒机接收板4通道 Member=Component D35 红外接收珠子
Added Member To Class: ClassName=数粒机接收板4通道 Member=Component D36 红外接收珠子
Added Member To Class: ClassName=数粒机接收板4通道 Member=Component D37 红外接收珠子
Added Member To Class: ClassName=数粒机接收板4通道 Member=Component D38 红外接收珠子
Added Member To Class: ClassName=数粒机接收板4通道 Member=Component D39 红外接收珠子
Added Member To Class: ClassName=数粒机接收板4通道 Member=Component D40 红外接收珠子
Added Member To Class: ClassName=数粒机接收板4通道 Member=Component D41 红外接收珠子
Added Member To Class: ClassName=数粒机接收板4通道 Member=Component D42 红外接收珠子
Added Member To Class: ClassName=数粒机接收板4通道 Member=Component D43 红外接收珠子
Added Member To Class: ClassName=数粒机接收板4通道 Member=Component D44 红外接收珠子
Added Member To Class: ClassName=数粒机接收板4通道 Member=Component D45 红外接收珠子
Added Member To Class: ClassName=数粒机接收板4通道 Member=Component D46 红外接收珠子
Added Member To Class: ClassName=数粒机接收板4通道 Member=Component D47 红外接收珠子
Added Member To Class: ClassName=数粒机接收板4通道 Member=Component D48 红外接收珠子
Added Member To Class: ClassName=数粒机接收板4通道 Member=Component D49 红外接收珠子
Added Member To Class: ClassName=数粒机接收板4通道 Member=Component D50 红外接收珠子
Added Member To Class: ClassName=数粒机接收板4通道 Member=Component D51 红外接收珠子
Added Member To Class: ClassName=数粒机接收板4通道 Member=Component D52 红外接收珠子
Added Member To Class: ClassName=数粒机接收板4通道 Member=Component D53 红外接收珠子
Added Member To Class: ClassName=数粒机接收板4通道 Member=Component D54 红外接收珠子
Added Member To Class: ClassName=数粒机接收板4通道 Member=Component D55 红外接收珠子
Added Member To Class: ClassName=数粒机接收板4通道 Member=Component D56 红外接收珠子
Added Member To Class: ClassName=数粒机接收板4通道 Member=Component D57 红外接收珠子
Added Member To Class: ClassName=数粒机接收板4通道 Member=Component D58 红外接收珠子
Added Member To Class: ClassName=数粒机接收板4通道 Member=Component D59 红外接收珠子
Added Member To Class: ClassName=数粒机接收板4通道 Member=Component D60 红外接收珠子
Added Member To Class: ClassName=数粒机接收板4通道 Member=Component D61 红外接收珠子
Added Member To Class: ClassName=数粒机接收板4通道 Member=Component D62 红外接收珠子
Added Member To Class: ClassName=数粒机接收板4通道 Member=Component D63 红外接收珠子
Added Member To Class: ClassName=数粒机接收板4通道 Member=Component D64 红外接收珠子
Added Member To Class: ClassName=数粒机接收板4通道 Member=Component D65 红外接收珠子
Added Member To Class: ClassName=数粒机接收板4通道 Member=Component D66 红外接收珠子
Added Member To Class: ClassName=数粒机接收板4通道 Member=Component D67 红外接收珠子
Added Member To Class: ClassName=数粒机接收板4通道 Member=Component D68 红外接收珠子
Added Member To Class: ClassName=数粒机接收板4通道 Member=Component D69 红外接收珠子
Added Member To Class: ClassName=数粒机接收板4通道 Member=Component D70 红外接收珠子
Added Member To Class: ClassName=数粒机接收板4通道 Member=Component D71 红外接收珠子
Added Member To Class: ClassName=数粒机接收板4通道 Member=Component D72 红外接收珠子
Added Member To Class: ClassName=数粒机接收板4通道 Member=Component D73 红外接收珠子
Added Member To Class: ClassName=数粒机接收板4通道 Member=Component D74 红外接收珠子
Added Member To Class: ClassName=数粒机接收板4通道 Member=Component D75 红外接收珠子
Added Member To Class: ClassName=数粒机接收板4通道 Member=Component D76 红外接收珠子
Added Member To Class: ClassName=数粒机接收板4通道 Member=Component D77 红外接收珠子
Added Member To Class: ClassName=数粒机接收板4通道 Member=Component D78 红外接收珠子
Added Member To Class: ClassName=数粒机接收板4通道 Member=Component D79 红外接收珠子
Added Member To Class: ClassName=数粒机接收板4通道 Member=Component D80 红外接收珠子
Added Member To Class: ClassName=数粒机接收板4通道 Member=Component D81 红外接收珠子
Added Member To Class: ClassName=数粒机接收板4通道 Member=Component D82 红外接收珠子
Added Member To Class: ClassName=数粒机接收板4通道 Member=Component D83 红外接收珠子
Added Member To Class: ClassName=数粒机接收板4通道 Member=Component D84 红外接收珠子
Added Member To Class: ClassName=数粒机接收板4通道 Member=Component D85 红外接收珠子
Added Member To Class: ClassName=数粒机接收板4通道 Member=Component D86 红外接收珠子
Added Member To Class: ClassName=数粒机接收板4通道 Member=Component D87 红外接收珠子
Added Member To Class: ClassName=数粒机接收板4通道 Member=Component D88 红外接收珠子
Added Member To Class: ClassName=数粒机接收板4通道 Member=Component D89 红外接收珠子
Added Member To Class: ClassName=数粒机接收板4通道 Member=Component D90 红外接收珠子
Added Member To Class: ClassName=数粒机接收板4通道 Member=Component D91 红外接收珠子
Added Member To Class: ClassName=数粒机接收板4通道 Member=Component D92 红外接收珠子
Added Member To Class: ClassName=数粒机接收板4通道 Member=Component D93 红外接收珠子
Added Member To Class: ClassName=数粒机接收板4通道 Member=Component D94 红外接收珠子
Added Member To Class: ClassName=数粒机接收板4通道 Member=Component D95 红外接收珠子
Added Member To Class: ClassName=数粒机接收板4通道 Member=Component D96 红外接收珠子
Added Member To Class: ClassName=数粒机接收板4通道 Member=Component R17 贴片电阻
Added Member To Class: ClassName=数粒机接收板4通道 Member=Component R18 贴片电阻
Added Member To Class: ClassName=数粒机接收板4通道 Member=Component R19 贴片电阻
Added Member To Class: ClassName=数粒机接收板4通道 Member=Component R20 贴片电阻
Added Member To Class: ClassName=数粒机接收板4通道 Member=Component R21 贴片电阻
Added Member To Class: ClassName=数粒机接收板4通道 Member=Component R22 贴片电阻
Added Member To Class: ClassName=数粒机接收板4通道 Member=Component R23 贴片电阻
Added Member To Class: ClassName=数粒机接收板4通道 Member=Component R24 贴片电阻
Added Member To Class: ClassName=数粒机接收板4通道 Member=Component R25 贴片电阻
Added Member To Class: ClassName=数粒机接收板4通道 Member=Component R26 贴片电阻
Added Member To Class: ClassName=数粒机接收板4通道 Member=Component R27 贴片电阻
Added Member To Class: ClassName=数粒机接收板4通道 Member=Component R28 贴片电阻
Added Member To Class: ClassName=数粒机接收板4通道 Member=Component R29 贴片电阻
Added Member To Class: ClassName=数粒机接收板4通道 Member=Component R30 贴片电阻
Added Member To Class: ClassName=数粒机接收板4通道 Member=Component R31 贴片电阻
Added Member To Class: ClassName=数粒机接收板4通道 Member=Component R32 贴片电阻
Added Member To Class: ClassName=数粒机接收板4通道 Member=Component R33 贴片电阻
Added Member To Class: ClassName=数粒机接收板4通道 Member=Component R34 贴片电阻
Added Member To Class: ClassName=数粒机接收板4通道 Member=Component R35 贴片电阻
Added Member To Class: ClassName=数粒机接收板4通道 Member=Component R36 贴片电阻
Added Member To Class: ClassName=数粒机接收板4通道 Member=Component R37 贴片电阻
Added Member To Class: ClassName=数粒机接收板4通道 Member=Component R38 贴片电阻
Added Member To Class: ClassName=数粒机接收板4通道 Member=Component R39 贴片电阻
Added Member To Class: ClassName=数粒机接收板4通道 Member=Component R40 贴片电阻
Added Member To Class: ClassName=数粒机接收板4通道 Member=Component R41 贴片电阻
Added Member To Class: ClassName=数粒机接收板4通道 Member=Component R42 贴片电阻
Added Member To Class: ClassName=数粒机接收板4通道 Member=Component R43 贴片电阻
Added Member To Class: ClassName=数粒机接收板4通道 Member=Component R44 贴片电阻
Added Member To Class: ClassName=数粒机接收板4通道 Member=Component R45 贴片电阻
Added Member To Class: ClassName=数粒机接收板4通道 Member=Component R46 贴片电阻
Added Member To Class: ClassName=数粒机接收板4通道 Member=Component R47 贴片电阻
Added Member To Class: ClassName=数粒机接收板4通道 Member=Component R48 贴片电阻
Added Member To Class: ClassName=数粒机接收板4通道 Member=Component R49 贴片电阻
Added Member To Class: ClassName=数粒机接收板4通道 Member=Component R50 贴片电阻
Added Member To Class: ClassName=数粒机接收板4通道 Member=Component R51 贴片电阻
Added Member To Class: ClassName=数粒机接收板4通道 Member=Component R52 贴片电阻
Added Member To Class: ClassName=数粒机接收板4通道 Member=Component R53 贴片电阻
Added Member To Class: ClassName=数粒机接收板4通道 Member=Component R54 贴片电阻
Added Member To Class: ClassName=数粒机接收板4通道 Member=Component R55 贴片电阻
Added Member To Class: ClassName=数粒机接收板4通道 Member=Component R56 贴片电阻
Added Member To Class: ClassName=数粒机接收板4通道 Member=Component R57 贴片电阻
Added Member To Class: ClassName=数粒机接收板4通道 Member=Component R58 贴片电阻
Added Member To Class: ClassName=数粒机接收板4通道 Member=Component R59 贴片电阻
Added Member To Class: ClassName=数粒机接收板4通道 Member=Component R60 贴片电阻
Added Member To Class: ClassName=数粒机接收板4通道 Member=Component R61 贴片电阻
Added Member To Class: ClassName=数粒机接收板4通道 Member=Component R62 贴片电阻
Added Member To Class: ClassName=数粒机接收板4通道 Member=Component R63 贴片电阻
Added Member To Class: ClassName=数粒机接收板4通道 Member=Component R64 贴片电阻
Added Member To Class: ClassName=数粒机接收板4通道 Member=Component R65 贴片电阻
Added Member To Class: ClassName=数粒机接收板4通道 Member=Component R66 贴片电阻
Added Member To Class: ClassName=数粒机接收板4通道 Member=Component R67 贴片电阻
Added Member To Class: ClassName=数粒机接收板4通道 Member=Component R68 贴片电阻
Added Member To Class: ClassName=数粒机接收板4通道 Member=Component R69 贴片电阻
Added Member To Class: ClassName=数粒机接收板4通道 Member=Component R70 贴片电阻
Added Member To Class: ClassName=数粒机接收板4通道 Member=Component R71 贴片电阻
Added Member To Class: ClassName=数粒机接收板4通道 Member=Component R72 贴片电阻
Added Member To Class: ClassName=数粒机接收板4通道 Member=Component R73 贴片电阻
Added Member To Class: ClassName=数粒机接收板4通道 Member=Component R74 贴片电阻
Added Member To Class: ClassName=数粒机接收板4通道 Member=Component R75 贴片电阻
Added Member To Class: ClassName=数粒机接收板4通道 Member=Component R76 贴片电阻
Added Member To Class: ClassName=数粒机接收板4通道 Member=Component R77 贴片电阻
Added Member To Class: ClassName=数粒机接收板4通道 Member=Component R78 贴片电阻
Added Member To Class: ClassName=数粒机接收板4通道 Member=Component R79 贴片电阻
Added Member To Class: ClassName=数粒机接收板4通道 Member=Component R80 贴片电阻
Added Member To Class: ClassName=数粒机接收板4通道 Member=Component R81 贴片电阻
Added Member To Class: ClassName=数粒机接收板4通道 Member=Component R82 贴片电阻
Added Member To Class: ClassName=数粒机接收板4通道 Member=Component R83 贴片电阻
Added Member To Class: ClassName=数粒机接收板4通道 Member=Component R84 贴片电阻
Added Member To Class: ClassName=数粒机接收板4通道 Member=Component R85 贴片电阻
Added Member To Class: ClassName=数粒机接收板4通道 Member=Component R86 贴片电阻
Added Member To Class: ClassName=数粒机接收板4通道 Member=Component R87 贴片电阻
Added Member To Class: ClassName=数粒机接收板4通道 Member=Component R88 贴片电阻
Added Member To Class: ClassName=数粒机接收板4通道 Member=Component R89 贴片电阻
Added Member To Class: ClassName=数粒机接收板4通道 Member=Component R90 贴片电阻
Added Member To Class: ClassName=数粒机接收板4通道 Member=Component R91 贴片电阻
Added Member To Class: ClassName=数粒机接收板4通道 Member=Component R92 贴片电阻
Added Member To Class: ClassName=数粒机接收板4通道 Member=Component R93 贴片电阻
Added Member To Class: ClassName=数粒机接收板4通道 Member=Component R94 贴片电阻
Added Member To Class: ClassName=数粒机接收板4通道 Member=Component R95 贴片电阻
Added Member To Class: ClassName=数粒机接收板4通道 Member=Component R96 贴片电阻
Added Member To Class: ClassName=数粒机接收板4通道 Member=Component U5 集成电路
Added Member To Class: ClassName=数粒机接收板4通道 Member=Component U6 集成电路
Added Member To Class: ClassName=数粒机接收板4通道 Member=Component U7 集成电路
Added Member To Class: ClassName=数粒机接收板4通道 Member=Component U8 集成电路
Added Member To Class: ClassName=数粒机接收板4通道 Member=Component U9 集成电路
Added Member To Class: ClassName=数粒机接收板4通道 Member=Component U10 集成电路
Added Member To Class: ClassName=数粒机接收板4通道 Member=Component U11 集成电路
Added Member To Class: ClassName=数粒机接收板4通道 Member=Component U12 集成电路
Added Room: Name=数粒机接收板4通道
