Removed Pin From Net: NetName=CH1 Pin=P1-1
Removed Pin From Net: NetName=CH2 Pin=P1-2
Removed Pin From Net: NetName=CH3 Pin=P1-4
Removed Pin From Net: NetName=GND Pin=P1-5
Removed Pin From Net: NetName=CH4 Pin=P1-6
Removed Pin From Net: NetName=GND Pin=P1-7
Removed Pin From Net: NetName=VCC5V Pin=P1-11
Added Pin To Net: NetName=CH1 Pin=P1-2
Added Pin To Net: NetName=CH2 Pin=P1-4
Added Pin To Net: NetName=CH3 Pin=P1-6
Added Pin To Net: NetName=CH4 Pin=P1-8
Added Pin To Net: NetName=GND Pin=P1-9
Added Pin To Net: NetName=GND Pin=P1-11
Added Pin To Net: NetName=VCC5V Pin=P1-15
Added Pin To Net: NetName=A0 Pin=P1-1
Added Pin To Net: NetName=A0 Pin=U1-1
Added Pin To Net: NetName=A0 Pin=U2-1
Added Pin To Net: NetName=A0 Pin=U3-1
Added Pin To Net: NetName=A0 Pin=U4-1
Added Net: Name=A0
Added Pin To Net: NetName=A1 Pin=P1-3
Added Pin To Net: NetName=A1 Pin=U1-16
Added Pin To Net: NetName=A1 Pin=U2-16
Added Pin To Net: NetName=A1 Pin=U3-16
Added Pin To Net: NetName=A1 Pin=U4-16
Added Net: Name=A1
Added Pin To Net: NetName=A2 Pin=P1-5
Added Pin To Net: NetName=A2 Pin=U1-15
Added Pin To Net: NetName=A2 Pin=U2-15
Added Pin To Net: NetName=A2 Pin=U3-15
Added Pin To Net: NetName=A2 Pin=U4-15
Added Net: Name=A2
Added Pin To Net: NetName=EN Pin=P1-7
Added Pin To Net: NetName=EN Pin=U1-2
Added Pin To Net: NetName=EN Pin=U2-2
Added Pin To Net: NetName=EN Pin=U3-2
Added Pin To Net: NetName=EN Pin=U4-2
Added Net: Name=EN
