Removed Pin From Net: NetName=GND Pin=P1-9
Removed Pin From Net: NetName=GND Pin=P1-11
Removed Pin From Net: NetName=VCC5V Pin=P1-13
Removed Pin From Net: NetName=VCC5V Pin=P1-15
Removed Pin From Net: NetName=VCC3.3 Pin=P1-17
Removed Pin From Net: NetName=VCC3.3 Pin=P1-19
Added Component: Designator=C1(0805c)
Added Component: Designator=C2(0805c)
Added Component: Designator=C3(0805c)
Added Component: Designator=C4(0805c)
Added Pin To Net: NetName=GND Pin=C1-1
Added Pin To Net: NetName=VCC5V Pin=C1-2
Added Pin To Net: NetName=GND Pin=C2-1
Added Pin To Net: NetName=VCC5V Pin=C2-2
Added Pin To Net: NetName=GND Pin=C3-1
Added Pin To Net: NetName=VCC3.3 Pin=C3-2
Added Pin To Net: NetName=GND Pin=C4-1
Added Pin To Net: NetName=VCC3.3 Pin=C4-2
Added Pin To Net: NetName=GND Pin=P1-13
Added Pin To Net: NetName=GND Pin=P1-15
Added Pin To Net: NetName=VCC5V Pin=P1-17
Added Pin To Net: NetName=VCC5V Pin=P1-19
Added Pin To Net: NetName=VCC3.3 Pin=P1-21
Added Pin To Net: NetName=VCC3.3 Pin=P1-23
Added Member To Class: ClassName=数粒机接收板4通道 Member=Component C1 Cap
Added Member To Class: ClassName=数粒机接收板4通道 Member=Component C2 Cap
Added Member To Class: ClassName=数粒机接收板4通道 Member=Component C3 Cap
Added Member To Class: ClassName=数粒机接收板4通道 Member=Component C4 Cap
