Added Component: Designator=U1(TSSOP16)
Added Component: Designator=U2(TSSOP16)
Added Component: Designator=U3(TSSOP16)
Added Component: Designator=U4(TSSOP16)
Added Pin To Net: NetName=GND Pin=U1-3
Added Pin To Net: NetName=GND Pin=U1-14
Added Pin To Net: NetName=GND Pin=U2-3
Added Pin To Net: NetName=GND Pin=U2-14
Added Pin To Net: NetName=GND Pin=U3-3
Added Pin To Net: NetName=GND Pin=U3-14
Added Pin To Net: NetName=GND Pin=U4-3
Added Pin To Net: NetName=GND Pin=U4-14
Added Pin To Net: NetName=CH1-1 Pin=D1-1
Added Pin To Net: NetName=CH1-1 Pin=R1-2
Added Pin To Net: NetName=CH1-1 Pin=U1-4
Added Net: Name=CH1-1
Added Pin To Net: NetName=CH1-2 Pin=D2-1
Added Pin To Net: NetName=CH1-2 Pin=R2-2
Added Pin To Net: NetName=CH1-2 Pin=U1-5
Added Net: Name=CH1-2
Added Pin To Net: NetName=CH1-3 Pin=D3-1
Added Pin To Net: NetName=CH1-3 Pin=R3-2
Added Pin To Net: NetName=CH1-3 Pin=U1-6
Added Net: Name=CH1-3
Added Pin To Net: NetName=CH1-4 Pin=D4-1
Added Pin To Net: NetName=CH1-4 Pin=R4-2
Added Pin To Net: NetName=CH1-4 Pin=U1-7
Added Net: Name=CH1-4
Added Pin To Net: NetName=CH1-5 Pin=D5-1
Added Pin To Net: NetName=CH1-5 Pin=R5-2
Added Pin To Net: NetName=CH1-5 Pin=U1-12
Added Net: Name=CH1-5
Added Pin To Net: NetName=CH1-6 Pin=D6-1
Added Pin To Net: NetName=CH1-6 Pin=R6-2
Added Pin To Net: NetName=CH1-6 Pin=U1-11
Added Net: Name=CH1-6
Added Pin To Net: NetName=CH1-7 Pin=D7-1
Added Pin To Net: NetName=CH1-7 Pin=R7-2
Added Pin To Net: NetName=CH1-7 Pin=U1-10
Added Net: Name=CH1-7
Added Pin To Net: NetName=CH1-8 Pin=D8-1
Added Pin To Net: NetName=CH1-8 Pin=R8-2
Added Pin To Net: NetName=CH1-8 Pin=U1-9
Added Net: Name=CH1-8
Added Pin To Net: NetName=CH2-1 Pin=D9-1
Added Pin To Net: NetName=CH2-1 Pin=R9-2
Added Pin To Net: NetName=CH2-1 Pin=U2-4
Added Net: Name=CH2-1
Added Pin To Net: NetName=CH2-2 Pin=D10-1
Added Pin To Net: NetName=CH2-2 Pin=R10-2
Added Pin To Net: NetName=CH2-2 Pin=U2-5
Added Net: Name=CH2-2
Added Pin To Net: NetName=CH2-3 Pin=D11-1
Added Pin To Net: NetName=CH2-3 Pin=R11-2
Added Pin To Net: NetName=CH2-3 Pin=U2-6
Added Net: Name=CH2-3
Added Pin To Net: NetName=CH2-4 Pin=D12-1
Added Pin To Net: NetName=CH2-4 Pin=R12-2
Added Pin To Net: NetName=CH2-4 Pin=U2-7
Added Net: Name=CH2-4
Added Pin To Net: NetName=CH2-5 Pin=D13-1
Added Pin To Net: NetName=CH2-5 Pin=R13-2
Added Pin To Net: NetName=CH2-5 Pin=U2-12
Added Net: Name=CH2-5
Added Pin To Net: NetName=CH2-6 Pin=D14-1
Added Pin To Net: NetName=CH2-6 Pin=R14-2
Added Pin To Net: NetName=CH2-6 Pin=U2-11
Added Net: Name=CH2-6
Added Pin To Net: NetName=CH2-7 Pin=D15-1
Added Pin To Net: NetName=CH2-7 Pin=R15-2
Added Pin To Net: NetName=CH2-7 Pin=U2-10
Added Net: Name=CH2-7
Added Pin To Net: NetName=CH2-8 Pin=D16-1
Added Pin To Net: NetName=CH2-8 Pin=R16-2
Added Pin To Net: NetName=CH2-8 Pin=U2-9
Added Net: Name=CH2-8
Added Pin To Net: NetName=CH3-1 Pin=D17-1
Added Pin To Net: NetName=CH3-1 Pin=R17-2
Added Pin To Net: NetName=CH3-1 Pin=U3-4
Added Net: Name=CH3-1
Added Pin To Net: NetName=CH3-2 Pin=D18-1
Added Pin To Net: NetName=CH3-2 Pin=R18-2
Added Pin To Net: NetName=CH3-2 Pin=U3-5
Added Net: Name=CH3-2
Added Pin To Net: NetName=CH3-3 Pin=D19-1
Added Pin To Net: NetName=CH3-3 Pin=R19-2
Added Pin To Net: NetName=CH3-3 Pin=U3-6
Added Net: Name=CH3-3
Added Pin To Net: NetName=CH3-4 Pin=D20-1
Added Pin To Net: NetName=CH3-4 Pin=R20-2
Added Pin To Net: NetName=CH3-4 Pin=U3-7
Added Net: Name=CH3-4
Added Pin To Net: NetName=CH3-5 Pin=D21-1
Added Pin To Net: NetName=CH3-5 Pin=R21-2
Added Pin To Net: NetName=CH3-5 Pin=U3-12
Added Net: Name=CH3-5
Added Pin To Net: NetName=CH3-6 Pin=D22-1
Added Pin To Net: NetName=CH3-6 Pin=R22-2
Added Pin To Net: NetName=CH3-6 Pin=U3-11
Added Net: Name=CH3-6
Added Pin To Net: NetName=CH3-7 Pin=D23-1
Added Pin To Net: NetName=CH3-7 Pin=R23-2
Added Pin To Net: NetName=CH3-7 Pin=U3-10
Added Net: Name=CH3-7
Added Pin To Net: NetName=CH3-8 Pin=D24-1
Added Pin To Net: NetName=CH3-8 Pin=R24-2
Added Pin To Net: NetName=CH3-8 Pin=U3-9
Added Net: Name=CH3-8
Added Pin To Net: NetName=CH4-1 Pin=D25-1
Added Pin To Net: NetName=CH4-1 Pin=R25-2
Added Pin To Net: NetName=CH4-1 Pin=U4-4
Added Net: Name=CH4-1
Added Pin To Net: NetName=CH4-2 Pin=D26-1
Added Pin To Net: NetName=CH4-2 Pin=R26-2
Added Pin To Net: NetName=CH4-2 Pin=U4-5
Added Net: Name=CH4-2
Added Pin To Net: NetName=CH4-3 Pin=D27-1
Added Pin To Net: NetName=CH4-3 Pin=R27-2
Added Pin To Net: NetName=CH4-3 Pin=U4-6
Added Net: Name=CH4-3
Added Pin To Net: NetName=CH4-4 Pin=D28-1
Added Pin To Net: NetName=CH4-4 Pin=R28-2
Added Pin To Net: NetName=CH4-4 Pin=U4-7
Added Net: Name=CH4-4
Added Pin To Net: NetName=CH4-5 Pin=D29-1
Added Pin To Net: NetName=CH4-5 Pin=R29-2
Added Pin To Net: NetName=CH4-5 Pin=U4-12
Added Net: Name=CH4-5
Added Pin To Net: NetName=CH4-6 Pin=D30-1
Added Pin To Net: NetName=CH4-6 Pin=R30-2
Added Pin To Net: NetName=CH4-6 Pin=U4-11
Added Net: Name=CH4-6
Added Pin To Net: NetName=CH4-7 Pin=D31-1
Added Pin To Net: NetName=CH4-7 Pin=R31-2
Added Pin To Net: NetName=CH4-7 Pin=U4-10
Added Net: Name=CH4-7
Added Pin To Net: NetName=CH4-8 Pin=D32-1
Added Pin To Net: NetName=CH4-8 Pin=R32-2
Added Pin To Net: NetName=CH4-8 Pin=U4-9
Added Net: Name=CH4-8
Added Pin To Net: NetName=VCC5V Pin=U1-13
Added Pin To Net: NetName=VCC5V Pin=U2-13
Added Pin To Net: NetName=VCC5V Pin=U3-13
Added Pin To Net: NetName=VCC5V Pin=U4-13
Added Net: Name=VCC5V
Added Member To Class: ClassName=数粒机接收板4通道 Member=Component U1 ADG708
Added Member To Class: ClassName=数粒机接收板4通道 Member=Component U2 ADG708
Added Member To Class: ClassName=数粒机接收板4通道 Member=Component U3 ADG708
Added Member To Class: ClassName=数粒机接收板4通道 Member=Component U4 ADG708
Added Room: Name=数粒机接收板4通道
