Change Component Comment : Designator=D1 Old Comment=LED0 New Comment=红外接收珠子
Change Component Description : Designator=D1 Old Description=Typical INFRARED G New Description=PD15-21B/TR8
Added Component: Designator=D2(jieshou1206)
Added Component: Designator=D3(jieshou1206)
Added Component: Designator=D4(jieshou1206)
Added Component: Designator=D5(jieshou1206)
Added Component: Designator=D6(jieshou1206)
Added Component: Designator=D7(jieshou1206)
Added Component: Designator=D8(jieshou1206)
Added Component: Designator=D9(jieshou1206)
Added Component: Designator=D10(jieshou1206)
Added Component: Designator=D11(jieshou1206)
Added Component: Designator=D12(jieshou1206)
Added Component: Designator=D13(jieshou1206)
Added Component: Designator=D14(jieshou1206)
Added Component: Designator=D15(jieshou1206)
Added Component: Designator=D16(jieshou1206)
Added Component: Designator=D17(jieshou1206)
Added Component: Designator=D18(jieshou1206)
Added Component: Designator=D19(jieshou1206)
Added Component: Designator=D20(jieshou1206)
Added Component: Designator=D21(jieshou1206)
Added Component: Designator=D22(jieshou1206)
Added Component: Designator=D23(jieshou1206)
Added Component: Designator=D24(jieshou1206)
Added Component: Designator=D25(jieshou1206)
Added Component: Designator=D26(jieshou1206)
Added Component: Designator=D27(jieshou1206)
Added Component: Designator=D28(jieshou1206)
Added Component: Designator=D29(jieshou1206)
Added Component: Designator=D30(jieshou1206)
Added Component: Designator=D31(jieshou1206)
Added Component: Designator=D32(jieshou1206)
Added Component: Designator=R1(0805r)
Added Component: Designator=R2(0805r)
Added Component: Designator=R3(0805r)
Added Component: Designator=R4(0805r)
Added Component: Designator=R5(0805r)
Added Component: Designator=R6(0805r)
Added Component: Designator=R7(0805r)
Added Component: Designator=R8(0805r)
Added Component: Designator=R9(0805r)
Added Component: Designator=R10(0805r)
Added Component: Designator=R11(0805r)
Added Component: Designator=R12(0805r)
Added Component: Designator=R13(0805r)
Added Component: Designator=R14(0805r)
Added Component: Designator=R15(0805r)
Added Component: Designator=R16(0805r)
Added Component: Designator=R17(0805r)
Added Component: Designator=R18(0805r)
Added Component: Designator=R19(0805r)
Added Component: Designator=R20(0805r)
Added Component: Designator=R21(0805r)
Added Component: Designator=R22(0805r)
Added Component: Designator=R23(0805r)
Added Component: Designator=R24(0805r)
Added Component: Designator=R25(0805r)
Added Component: Designator=R26(0805r)
Added Component: Designator=R27(0805r)
Added Component: Designator=R28(0805r)
Added Component: Designator=R29(0805r)
Added Component: Designator=R30(0805r)
Added Component: Designator=R31(0805r)
Added Component: Designator=R32(0805r)
Added Pin To Net: NetName=GND Pin=R1-1
Added Pin To Net: NetName=GND Pin=R2-1
Added Pin To Net: NetName=GND Pin=R3-1
Added Pin To Net: NetName=GND Pin=R4-1
Added Pin To Net: NetName=GND Pin=R5-1
Added Pin To Net: NetName=GND Pin=R6-1
Added Pin To Net: NetName=GND Pin=R7-1
Added Pin To Net: NetName=GND Pin=R8-1
Added Pin To Net: NetName=GND Pin=R9-1
Added Pin To Net: NetName=GND Pin=R10-1
Added Pin To Net: NetName=GND Pin=R11-1
Added Pin To Net: NetName=GND Pin=R12-1
Added Pin To Net: NetName=GND Pin=R13-1
Added Pin To Net: NetName=GND Pin=R14-1
Added Pin To Net: NetName=GND Pin=R15-1
Added Pin To Net: NetName=GND Pin=R16-1
Added Pin To Net: NetName=GND Pin=R17-1
Added Pin To Net: NetName=GND Pin=R18-1
Added Pin To Net: NetName=GND Pin=R19-1
Added Pin To Net: NetName=GND Pin=R20-1
Added Pin To Net: NetName=GND Pin=R21-1
Added Pin To Net: NetName=GND Pin=R22-1
Added Pin To Net: NetName=GND Pin=R23-1
Added Pin To Net: NetName=GND Pin=R24-1
Added Pin To Net: NetName=GND Pin=R25-1
Added Pin To Net: NetName=GND Pin=R26-1
Added Pin To Net: NetName=GND Pin=R27-1
Added Pin To Net: NetName=GND Pin=R28-1
Added Pin To Net: NetName=GND Pin=R29-1
Added Pin To Net: NetName=GND Pin=R30-1
Added Pin To Net: NetName=GND Pin=R31-1
Added Pin To Net: NetName=GND Pin=R32-1
Added Pin To Net: NetName=NetD1_1 Pin=D1-1
Added Pin To Net: NetName=NetD1_1 Pin=R1-2
Added Net: Name=NetD1_1
Added Pin To Net: NetName=NetD2_1 Pin=D2-1
Added Pin To Net: NetName=NetD2_1 Pin=R2-2
Added Net: Name=NetD2_1
Added Pin To Net: NetName=NetD3_1 Pin=D3-1
Added Pin To Net: NetName=NetD3_1 Pin=R3-2
Added Net: Name=NetD3_1
Added Pin To Net: NetName=NetD4_1 Pin=D4-1
Added Pin To Net: NetName=NetD4_1 Pin=R4-2
Added Net: Name=NetD4_1
Added Pin To Net: NetName=NetD5_1 Pin=D5-1
Added Pin To Net: NetName=NetD5_1 Pin=R5-2
Added Net: Name=NetD5_1
Added Pin To Net: NetName=NetD6_1 Pin=D6-1
Added Pin To Net: NetName=NetD6_1 Pin=R6-2
Added Net: Name=NetD6_1
Added Pin To Net: NetName=NetD7_1 Pin=D7-1
Added Pin To Net: NetName=NetD7_1 Pin=R7-2
Added Net: Name=NetD7_1
Added Pin To Net: NetName=NetD8_1 Pin=D8-1
Added Pin To Net: NetName=NetD8_1 Pin=R8-2
Added Net: Name=NetD8_1
Added Pin To Net: NetName=NetD9_1 Pin=D9-1
Added Pin To Net: NetName=NetD9_1 Pin=R9-2
Added Net: Name=NetD9_1
Added Pin To Net: NetName=NetD10_1 Pin=D10-1
Added Pin To Net: NetName=NetD10_1 Pin=R10-2
Added Net: Name=NetD10_1
Added Pin To Net: NetName=NetD11_1 Pin=D11-1
Added Pin To Net: NetName=NetD11_1 Pin=R11-2
Added Net: Name=NetD11_1
Added Pin To Net: NetName=NetD12_1 Pin=D12-1
Added Pin To Net: NetName=NetD12_1 Pin=R12-2
Added Net: Name=NetD12_1
Added Pin To Net: NetName=NetD13_1 Pin=D13-1
Added Pin To Net: NetName=NetD13_1 Pin=R13-2
Added Net: Name=NetD13_1
Added Pin To Net: NetName=NetD14_1 Pin=D14-1
Added Pin To Net: NetName=NetD14_1 Pin=R14-2
Added Net: Name=NetD14_1
Added Pin To Net: NetName=NetD15_1 Pin=D15-1
Added Pin To Net: NetName=NetD15_1 Pin=R15-2
Added Net: Name=NetD15_1
Added Pin To Net: NetName=NetD16_1 Pin=D16-1
Added Pin To Net: NetName=NetD16_1 Pin=R16-2
Added Net: Name=NetD16_1
Added Pin To Net: NetName=NetD17_1 Pin=D17-1
Added Pin To Net: NetName=NetD17_1 Pin=R17-2
Added Net: Name=NetD17_1
Added Pin To Net: NetName=NetD18_1 Pin=D18-1
Added Pin To Net: NetName=NetD18_1 Pin=R18-2
Added Net: Name=NetD18_1
Added Pin To Net: NetName=NetD19_1 Pin=D19-1
Added Pin To Net: NetName=NetD19_1 Pin=R19-2
Added Net: Name=NetD19_1
Added Pin To Net: NetName=NetD20_1 Pin=D20-1
Added Pin To Net: NetName=NetD20_1 Pin=R20-2
Added Net: Name=NetD20_1
Added Pin To Net: NetName=NetD21_1 Pin=D21-1
Added Pin To Net: NetName=NetD21_1 Pin=R21-2
Added Net: Name=NetD21_1
Added Pin To Net: NetName=NetD22_1 Pin=D22-1
Added Pin To Net: NetName=NetD22_1 Pin=R22-2
Added Net: Name=NetD22_1
Added Pin To Net: NetName=NetD23_1 Pin=D23-1
Added Pin To Net: NetName=NetD23_1 Pin=R23-2
Added Net: Name=NetD23_1
Added Pin To Net: NetName=NetD24_1 Pin=D24-1
Added Pin To Net: NetName=NetD24_1 Pin=R24-2
Added Net: Name=NetD24_1
Added Pin To Net: NetName=NetD25_1 Pin=D25-1
Added Pin To Net: NetName=NetD25_1 Pin=R25-2
Added Net: Name=NetD25_1
Added Pin To Net: NetName=NetD26_1 Pin=D26-1
Added Pin To Net: NetName=NetD26_1 Pin=R26-2
Added Net: Name=NetD26_1
Added Pin To Net: NetName=NetD27_1 Pin=D27-1
Added Pin To Net: NetName=NetD27_1 Pin=R27-2
Added Net: Name=NetD27_1
Added Pin To Net: NetName=NetD28_1 Pin=D28-1
Added Pin To Net: NetName=NetD28_1 Pin=R28-2
Added Net: Name=NetD28_1
Added Pin To Net: NetName=NetD29_1 Pin=D29-1
Added Pin To Net: NetName=NetD29_1 Pin=R29-2
Added Net: Name=NetD29_1
Added Pin To Net: NetName=NetD30_1 Pin=D30-1
Added Pin To Net: NetName=NetD30_1 Pin=R30-2
Added Net: Name=NetD30_1
Added Pin To Net: NetName=NetD31_1 Pin=D31-1
Added Pin To Net: NetName=NetD31_1 Pin=R31-2
Added Net: Name=NetD31_1
Added Pin To Net: NetName=NetD32_1 Pin=D32-1
Added Pin To Net: NetName=NetD32_1 Pin=R32-2
Added Net: Name=NetD32_1
Added Pin To Net: NetName=VCC3.3 Pin=D1-2
Added Pin To Net: NetName=VCC3.3 Pin=D2-2
Added Pin To Net: NetName=VCC3.3 Pin=D3-2
Added Pin To Net: NetName=VCC3.3 Pin=D4-2
Added Pin To Net: NetName=VCC3.3 Pin=D5-2
Added Pin To Net: NetName=VCC3.3 Pin=D6-2
Added Pin To Net: NetName=VCC3.3 Pin=D7-2
Added Pin To Net: NetName=VCC3.3 Pin=D8-2
Added Pin To Net: NetName=VCC3.3 Pin=D9-2
Added Pin To Net: NetName=VCC3.3 Pin=D10-2
Added Pin To Net: NetName=VCC3.3 Pin=D11-2
Added Pin To Net: NetName=VCC3.3 Pin=D12-2
Added Pin To Net: NetName=VCC3.3 Pin=D13-2
Added Pin To Net: NetName=VCC3.3 Pin=D14-2
Added Pin To Net: NetName=VCC3.3 Pin=D15-2
Added Pin To Net: NetName=VCC3.3 Pin=D16-2
Added Pin To Net: NetName=VCC3.3 Pin=D17-2
Added Pin To Net: NetName=VCC3.3 Pin=D18-2
Added Pin To Net: NetName=VCC3.3 Pin=D19-2
Added Pin To Net: NetName=VCC3.3 Pin=D20-2
Added Pin To Net: NetName=VCC3.3 Pin=D21-2
Added Pin To Net: NetName=VCC3.3 Pin=D22-2
Added Pin To Net: NetName=VCC3.3 Pin=D23-2
Added Pin To Net: NetName=VCC3.3 Pin=D24-2
Added Pin To Net: NetName=VCC3.3 Pin=D25-2
Added Pin To Net: NetName=VCC3.3 Pin=D26-2
Added Pin To Net: NetName=VCC3.3 Pin=D27-2
Added Pin To Net: NetName=VCC3.3 Pin=D28-2
Added Pin To Net: NetName=VCC3.3 Pin=D29-2
Added Pin To Net: NetName=VCC3.3 Pin=D30-2
Added Pin To Net: NetName=VCC3.3 Pin=D31-2
Added Pin To Net: NetName=VCC3.3 Pin=D32-2
Added Net: Name=VCC3.3
Added Member To Class: ClassName=数粒机接收板4通道 Member=Component D2 红外接收珠子
Added Member To Class: ClassName=数粒机接收板4通道 Member=Component D3 红外接收珠子
Added Member To Class: ClassName=数粒机接收板4通道 Member=Component D4 红外接收珠子
Added Member To Class: ClassName=数粒机接收板4通道 Member=Component D5 红外接收珠子
Added Member To Class: ClassName=数粒机接收板4通道 Member=Component D6 红外接收珠子
Added Member To Class: ClassName=数粒机接收板4通道 Member=Component D7 红外接收珠子
Added Member To Class: ClassName=数粒机接收板4通道 Member=Component D8 红外接收珠子
Added Member To Class: ClassName=数粒机接收板4通道 Member=Component D9 红外接收珠子
Added Member To Class: ClassName=数粒机接收板4通道 Member=Component D10 红外接收珠子
Added Member To Class: ClassName=数粒机接收板4通道 Member=Component D11 红外接收珠子
Added Member To Class: ClassName=数粒机接收板4通道 Member=Component D12 红外接收珠子
Added Member To Class: ClassName=数粒机接收板4通道 Member=Component D13 红外接收珠子
Added Member To Class: ClassName=数粒机接收板4通道 Member=Component D14 红外接收珠子
Added Member To Class: ClassName=数粒机接收板4通道 Member=Component D15 红外接收珠子
Added Member To Class: ClassName=数粒机接收板4通道 Member=Component D16 红外接收珠子
Added Member To Class: ClassName=数粒机接收板4通道 Member=Component D17 红外接收珠子
Added Member To Class: ClassName=数粒机接收板4通道 Member=Component D18 红外接收珠子
Added Member To Class: ClassName=数粒机接收板4通道 Member=Component D19 红外接收珠子
Added Member To Class: ClassName=数粒机接收板4通道 Member=Component D20 红外接收珠子
Added Member To Class: ClassName=数粒机接收板4通道 Member=Component D21 红外接收珠子
Added Member To Class: ClassName=数粒机接收板4通道 Member=Component D22 红外接收珠子
Added Member To Class: ClassName=数粒机接收板4通道 Member=Component D23 红外接收珠子
Added Member To Class: ClassName=数粒机接收板4通道 Member=Component D24 红外接收珠子
Added Member To Class: ClassName=数粒机接收板4通道 Member=Component D25 红外接收珠子
Added Member To Class: ClassName=数粒机接收板4通道 Member=Component D26 红外接收珠子
Added Member To Class: ClassName=数粒机接收板4通道 Member=Component D27 红外接收珠子
Added Member To Class: ClassName=数粒机接收板4通道 Member=Component D28 红外接收珠子
Added Member To Class: ClassName=数粒机接收板4通道 Member=Component D29 红外接收珠子
Added Member To Class: ClassName=数粒机接收板4通道 Member=Component D30 红外接收珠子
Added Member To Class: ClassName=数粒机接收板4通道 Member=Component D31 红外接收珠子
Added Member To Class: ClassName=数粒机接收板4通道 Member=Component D32 红外接收珠子
Added Member To Class: ClassName=数粒机接收板4通道 Member=Component R1 Res3
Added Member To Class: ClassName=数粒机接收板4通道 Member=Component R2 Res3
Added Member To Class: ClassName=数粒机接收板4通道 Member=Component R3 Res3
Added Member To Class: ClassName=数粒机接收板4通道 Member=Component R4 Res3
Added Member To Class: ClassName=数粒机接收板4通道 Member=Component R5 Res3
Added Member To Class: ClassName=数粒机接收板4通道 Member=Component R6 Res3
Added Member To Class: ClassName=数粒机接收板4通道 Member=Component R7 Res3
Added Member To Class: ClassName=数粒机接收板4通道 Member=Component R8 Res3
Added Member To Class: ClassName=数粒机接收板4通道 Member=Component R9 Res3
Added Member To Class: ClassName=数粒机接收板4通道 Member=Component R10 Res3
Added Member To Class: ClassName=数粒机接收板4通道 Member=Component R11 Res3
Added Member To Class: ClassName=数粒机接收板4通道 Member=Component R12 Res3
Added Member To Class: ClassName=数粒机接收板4通道 Member=Component R13 Res3
Added Member To Class: ClassName=数粒机接收板4通道 Member=Component R14 Res3
Added Member To Class: ClassName=数粒机接收板4通道 Member=Component R15 Res3
Added Member To Class: ClassName=数粒机接收板4通道 Member=Component R16 Res3
Added Member To Class: ClassName=数粒机接收板4通道 Member=Component R17 Res3
Added Member To Class: ClassName=数粒机接收板4通道 Member=Component R18 Res3
Added Member To Class: ClassName=数粒机接收板4通道 Member=Component R19 Res3
Added Member To Class: ClassName=数粒机接收板4通道 Member=Component R20 Res3
Added Member To Class: ClassName=数粒机接收板4通道 Member=Component R21 Res3
Added Member To Class: ClassName=数粒机接收板4通道 Member=Component R22 Res3
Added Member To Class: ClassName=数粒机接收板4通道 Member=Component R23 Res3
Added Member To Class: ClassName=数粒机接收板4通道 Member=Component R24 Res3
Added Member To Class: ClassName=数粒机接收板4通道 Member=Component R25 Res3
Added Member To Class: ClassName=数粒机接收板4通道 Member=Component R26 Res3
Added Member To Class: ClassName=数粒机接收板4通道 Member=Component R27 Res3
Added Member To Class: ClassName=数粒机接收板4通道 Member=Component R28 Res3
Added Member To Class: ClassName=数粒机接收板4通道 Member=Component R29 Res3
Added Member To Class: ClassName=数粒机接收板4通道 Member=Component R30 Res3
Added Member To Class: ClassName=数粒机接收板4通道 Member=Component R31 Res3
Added Member To Class: ClassName=数粒机接收板4通道 Member=Component R32 Res3
