Change Component Footprint: Designator=R1 Old Footprint=0603R New Footprint=0805R
Change Component Footprint: Designator=R2 Old Footprint=0603R New Footprint=0805R
Change Component Footprint: Designator=R5 Old Footprint=0603R New Footprint=0805R
Change Component Footprint: Designator=R6 Old Footprint=0603R New Footprint=0805R
Change Component Footprint: Designator=R7 Old Footprint=0603R New Footprint=0805R
Added Component: Designator=C10(0805C)
Added Component: Designator=C11(0805C)
Added Component: Designator=C12(0805C)
Added Component: Designator=C13(0805C)
Added Component: Designator=C14(0805C)
Added Component: Designator=C15(0805C)
Added Component: Designator=C16(0805C)
Added Component: Designator=C17(0805C)
Added Component: Designator=C18(0805C)
Added Component: Designator=C19(0805C)
Added Component: Designator=C20(0805C)
Added Component: Designator=D5(D1206)
Added Component: Designator=L2(0805)
Added Component: Designator=LED1(LED-0805)
Added Component: Designator=LED2(LED-0805)
Added Component: Designator=LED3(LED-0805)
Added Component: Designator=P1(con4)
Added Component: Designator=P2(idc-10-b)
Added Component: Designator=P8(CON3)
Added Component: Designator=POWER1(LED-0805)
Added Component: Designator=R3(0805R)
Added Component: Designator=R9(0805R)
Added Component: Designator=R10(0805R)
Added Component: Designator=R11(0805R)
Added Component: Designator=R12(0805R)
Added Component: Designator=R13(0805R)
Added Component: Designator=R14(0805R)
Added Component: Designator=R15(0805R)
Added Component: Designator=R16(0805R)
Added Component: Designator=R17(0805R)
Added Component: Designator=R18(0805R)
Added Component: Designator=R19(0805R)
Added Component: Designator=R20(0805R)
Added Component: Designator=R21(0805R)
Added Component: Designator=R22(0805R)
Added Component: Designator=R23(0805R)
Added Component: Designator=R24(0805R)
Added Component: Designator=R25(0805R)
Added Component: Designator=R26(0805R)
Added Component: Designator=R27(0805R)
Added Component: Designator=R28(0805R)
Added Component: Designator=R29(0805R)
Added Component: Designator=R30(0805R)
Added Component: Designator=R31(0805R)
Added Component: Designator=R32(0805R)
Added Component: Designator=R33(0805R)
Added Component: Designator=R34(0805R)
Added Component: Designator=R35(0805R)
Added Component: Designator=R36(0805R)
Added Component: Designator=R37(0805R)
Added Component: Designator=R38(0805R)
Added Component: Designator=R39(0805R)
Added Component: Designator=R40(0805R)
Added Component: Designator=RESET_B(KEY_M)
Added Component: Designator=U18(MAX811T)
Added Component: Designator=Y1(CRYSTAL_SMD)
Added Component: Designator=Y2(CRYSTAL_SMD)
Added Pin To Net: NetName=VDD33V Pin=C10-2
Added Pin To Net: NetName=GND Pin=C11-1
Added Pin To Net: NetName=GND Pin=C12-1
Added Pin To Net: NetName=GND Pin=C13-1
Added Pin To Net: NetName=GND Pin=C14-1
Added Pin To Net: NetName=GND Pin=C15-1
Added Pin To Net: NetName=GND Pin=C16-2
Added Pin To Net: NetName=GND Pin=C17-2
Added Pin To Net: NetName=VDD33V Pin=C18-2
Added Pin To Net: NetName=VDD33V Pin=D5-2
Added Pin To Net: NetName=VDD33V Pin=L2-1
Added Pin To Net: NetName=VDD33V Pin=LED1-1
Added Pin To Net: NetName=VDD33V Pin=LED2-1
Added Pin To Net: NetName=VDD33V Pin=LED3-1
Added Pin To Net: NetName=GND Pin=P1-3
Added Pin To Net: NetName=VCC5V Pin=P1-4
Added Pin To Net: NetName=VCC5V Pin=P2-1
Added Pin To Net: NetName=VDD33V Pin=P2-3
Added Pin To Net: NetName=GND Pin=P2-6
Added Pin To Net: NetName=GND Pin=P2-9
Added Pin To Net: NetName=VCC24V Pin=P8-1
Added Pin To Net: NetName=VCC24V Pin=P8-2
Added Pin To Net: NetName=GND Pin=P8-3
Added Pin To Net: NetName=VDD33V Pin=POWER1-1
Added Pin To Net: NetName=VOUT1 Pin=R3-2
Added Pin To Net: NetName=VOUT2 Pin=R9-2
Added Pin To Net: NetName=VOUT3 Pin=R10-2
Added Pin To Net: NetName=VOUT4 Pin=R11-2
Added Pin To Net: NetName=VOUT5 Pin=R12-2
Added Pin To Net: NetName=VOUT6 Pin=R13-2
Added Pin To Net: NetName=VOUT7 Pin=R14-2
Added Pin To Net: NetName=VOUT8 Pin=R15-2
Added Pin To Net: NetName=VOUT9 Pin=R16-2
Added Pin To Net: NetName=VOUT10 Pin=R17-2
Added Pin To Net: NetName=VOUT11 Pin=R18-2
Added Pin To Net: NetName=VOUT12 Pin=R19-2
Added Pin To Net: NetName=GND Pin=R20-1
Added Pin To Net: NetName=GND Pin=R21-1
Added Pin To Net: NetName=GND Pin=R22-1
Added Pin To Net: NetName=GND Pin=R23-1
Added Pin To Net: NetName=GND Pin=R24-1
Added Pin To Net: NetName=GND Pin=R25-1
Added Pin To Net: NetName=GND Pin=R26-1
Added Pin To Net: NetName=GND Pin=R27-1
Added Pin To Net: NetName=GND Pin=R28-1
Added Pin To Net: NetName=GND Pin=R29-1
Added Pin To Net: NetName=GND Pin=R30-1
Added Pin To Net: NetName=GND Pin=R31-1
Added Pin To Net: NetName=VDD33V Pin=R32-2
Added Pin To Net: NetName=GND Pin=R34-2
Added Pin To Net: NetName=GND Pin=R39-1
Added Pin To Net: NetName=GND Pin=R40-1
Added Pin To Net: NetName=GND Pin=RESET_B-1
Added Pin To Net: NetName=GND Pin=RESET_B-1
Added Pin To Net: NetName=GND Pin=U18-1
Added Pin To Net: NetName=VDD33V Pin=U18-4
Added Pin To Net: NetName=ADC0 Pin=R3-1
Added Pin To Net: NetName=ADC0 Pin=R20-2
Added Net: Name=ADC0
Added Pin To Net: NetName=ADC1 Pin=R9-1
Added Pin To Net: NetName=ADC1 Pin=R21-2
Added Net: Name=ADC1
Added Pin To Net: NetName=ADC2 Pin=R10-1
Added Pin To Net: NetName=ADC2 Pin=R22-2
Added Net: Name=ADC2
Added Pin To Net: NetName=ADC3 Pin=R11-1
Added Pin To Net: NetName=ADC3 Pin=R23-2
Added Net: Name=ADC3
Added Pin To Net: NetName=ADC4 Pin=R12-1
Added Pin To Net: NetName=ADC4 Pin=R24-2
Added Net: Name=ADC4
Added Pin To Net: NetName=ADC5 Pin=R13-1
Added Pin To Net: NetName=ADC5 Pin=R25-2
Added Net: Name=ADC5
Added Pin To Net: NetName=ADC6 Pin=R14-1
Added Pin To Net: NetName=ADC6 Pin=R26-2
Added Net: Name=ADC6
Added Pin To Net: NetName=ADC7 Pin=R15-1
Added Pin To Net: NetName=ADC7 Pin=R27-2
Added Net: Name=ADC7
Added Pin To Net: NetName=ADC8 Pin=R16-1
Added Pin To Net: NetName=ADC8 Pin=R28-2
Added Net: Name=ADC8
Added Pin To Net: NetName=ADC9 Pin=R17-1
Added Pin To Net: NetName=ADC9 Pin=R29-2
Added Net: Name=ADC9
Added Pin To Net: NetName=ADC10 Pin=R18-1
Added Pin To Net: NetName=ADC10 Pin=R30-2
Added Net: Name=ADC10
Added Pin To Net: NetName=ADC11 Pin=R19-1
Added Pin To Net: NetName=ADC11 Pin=R31-2
Added Net: Name=ADC11
Added Pin To Net: NetName=BOOT0 Pin=R34-1
Added Net: Name=BOOT0
Added Pin To Net: NetName=BOOT1 Pin=R40-2
Added Net: Name=BOOT1
Added Pin To Net: NetName=LED1 Pin=R38-1
Added Net: Name=LED1
Added Pin To Net: NetName=LED2 Pin=R37-1
Added Net: Name=LED2
Added Pin To Net: NetName=LED3 Pin=R36-1
Added Net: Name=LED3
Added Pin To Net: NetName=NetC10_1 Pin=C10-1
Added Net: Name=NetC10_1
Added Pin To Net: NetName=NetC12_2 Pin=C12-2
Added Pin To Net: NetName=NetC12_2 Pin=Y1-1
Added Pin To Net: NetName=NetC12_2 Pin=Y1-1
Added Net: Name=NetC12_2
Added Pin To Net: NetName=NetC13_2 Pin=C13-2
Added Pin To Net: NetName=NetC13_2 Pin=Y1-2
Added Pin To Net: NetName=NetC13_2 Pin=Y1-2
Added Net: Name=NetC13_2
Added Pin To Net: NetName=NetC14_2 Pin=C14-2
Added Pin To Net: NetName=NetC14_2 Pin=R35-1
Added Pin To Net: NetName=NetC14_2 Pin=Y2-1
Added Pin To Net: NetName=NetC14_2 Pin=Y2-1
Added Net: Name=NetC14_2
Added Pin To Net: NetName=NetC15_2 Pin=C15-2
Added Pin To Net: NetName=NetC15_2 Pin=R35-2
Added Pin To Net: NetName=NetC15_2 Pin=Y2-2
Added Pin To Net: NetName=NetC15_2 Pin=Y2-2
Added Net: Name=NetC15_2
Added Pin To Net: NetName=NetC16_1 Pin=C16-1
Added Pin To Net: NetName=NetC16_1 Pin=C17-1
Added Pin To Net: NetName=NetC16_1 Pin=L2-2
Added Net: Name=NetC16_1
Added Pin To Net: NetName=NetC18_1 Pin=C18-1
Added Net: Name=NetC18_1
Added Pin To Net: NetName=NetC19_1 Pin=C19-1
Added Net: Name=NetC19_1
Added Pin To Net: NetName=NetC19_2 Pin=C19-2
Added Net: Name=NetC19_2
Added Pin To Net: NetName=NetC20_1 Pin=C20-1
Added Net: Name=NetC20_1
Added Pin To Net: NetName=NetC20_2 Pin=C20-2
Added Net: Name=NetC20_2
Added Pin To Net: NetName=NetLED1_2 Pin=LED1-2
Added Pin To Net: NetName=NetLED1_2 Pin=R38-2
Added Net: Name=NetLED1_2
Added Pin To Net: NetName=NetLED2_2 Pin=LED2-2
Added Pin To Net: NetName=NetLED2_2 Pin=R37-2
Added Net: Name=NetLED2_2
Added Pin To Net: NetName=NetLED3_2 Pin=LED3-2
Added Pin To Net: NetName=NetLED3_2 Pin=R36-2
Added Net: Name=NetLED3_2
Added Pin To Net: NetName=NetPOWER1_2 Pin=POWER1-2
Added Pin To Net: NetName=NetPOWER1_2 Pin=R39-2
Added Net: Name=NetPOWER1_2
Added Pin To Net: NetName=NetR33_1 Pin=R33-1
Added Pin To Net: NetName=NetR33_1 Pin=U18-2
Added Net: Name=NetR33_1
Added Pin To Net: NetName=RESET Pin=P2-2
Added Pin To Net: NetName=RESET Pin=R33-2
Added Net: Name=RESET
Added Pin To Net: NetName=RSTIN Pin=C11-2
Added Pin To Net: NetName=RSTIN Pin=D5-1
Added Pin To Net: NetName=RSTIN Pin=R32-1
Added Pin To Net: NetName=RSTIN Pin=RESET_B-2
Added Pin To Net: NetName=RSTIN Pin=RESET_B-2
Added Pin To Net: NetName=RSTIN Pin=U18-3
Added Net: Name=RSTIN
Added Pin To Net: NetName=RX1 Pin=P1-1
Added Net: Name=RX1
Added Pin To Net: NetName=RX3 Pin=P2-10
Added Net: Name=RX3
Added Pin To Net: NetName=SHDN Pin=U2-8
Added Net: Name=SHDN
Added Pin To Net: NetName=SPI1_CS Pin=U2-9
Added Net: Name=SPI1_CS
Added Net: Name=SPI1_MISO
Added Pin To Net: NetName=SPI1_MOSI Pin=U2-13
Added Net: Name=SPI1_MOSI
Added Pin To Net: NetName=SPI1_SCK Pin=U2-12
Added Net: Name=SPI1_SCK
Added Pin To Net: NetName=SWCLK Pin=P2-7
Added Net: Name=SWCLK
Added Pin To Net: NetName=SWDIO Pin=P2-5
Added Net: Name=SWDIO
Added Pin To Net: NetName=SWO Pin=P2-4
Added Net: Name=SWO
Added Pin To Net: NetName=TX1 Pin=P1-2
Added Net: Name=TX1
Added Pin To Net: NetName=TX3 Pin=P2-8
Added Net: Name=TX3
Added Member To Class: ClassName=数粒机发射板12通道 Member=Component C10 104
Added Member To Class: ClassName=数粒机发射板12通道 Member=Component C11 10uf
Added Member To Class: ClassName=数粒机发射板12通道 Member=Component C12 22p
Added Member To Class: ClassName=数粒机发射板12通道 Member=Component C13 22p
Added Member To Class: ClassName=数粒机发射板12通道 Member=Component C14 104
Added Member To Class: ClassName=数粒机发射板12通道 Member=Component C15 104
Added Member To Class: ClassName=数粒机发射板12通道 Member=Component C16 22p
Added Member To Class: ClassName=数粒机发射板12通道 Member=Component C17 22p
Added Member To Class: ClassName=数粒机发射板12通道 Member=Component C18 104
Added Member To Class: ClassName=数粒机发射板12通道 Member=Component C19 104
Added Member To Class: ClassName=数粒机发射板12通道 Member=Component C20 104
Added Member To Class: ClassName=数粒机发射板12通道 Member=Component D5 二极管(贴片)
Added Member To Class: ClassName=数粒机发射板12通道 Member=Component L2 100uH
Added Member To Class: ClassName=数粒机发射板12通道 Member=Component LED1 二极管(贴片发光绿色)
Added Member To Class: ClassName=数粒机发射板12通道 Member=Component LED2 二极管(贴片发光绿色)
Added Member To Class: ClassName=数粒机发射板12通道 Member=Component LED3 二极管(贴片发光绿色)
Added Member To Class: ClassName=数粒机发射板12通道 Member=Component P1 Header 4
Added Member To Class: ClassName=数粒机发射板12通道 Member=Component P2 Header 5X2
Added Member To Class: ClassName=数粒机发射板12通道 Member=Component P8 Header 3
Added Member To Class: ClassName=数粒机发射板12通道 Member=Component POWER1 二极管(贴片发光红色)
Added Member To Class: ClassName=数粒机发射板12通道 Member=Component R3 50K 1%
Added Member To Class: ClassName=数粒机发射板12通道 Member=Component R9 50K 1%
Added Member To Class: ClassName=数粒机发射板12通道 Member=Component R10 50K 1%
Added Member To Class: ClassName=数粒机发射板12通道 Member=Component R11 50K 1%
Added Member To Class: ClassName=数粒机发射板12通道 Member=Component R12 50K 1%
Added Member To Class: ClassName=数粒机发射板12通道 Member=Component R13 50K 1%
Added Member To Class: ClassName=数粒机发射板12通道 Member=Component R14 50K 1%
Added Member To Class: ClassName=数粒机发射板12通道 Member=Component R15 50K 1%
Added Member To Class: ClassName=数粒机发射板12通道 Member=Component R16 50K 1%
Added Member To Class: ClassName=数粒机发射板12通道 Member=Component R17 50K 1%
Added Member To Class: ClassName=数粒机发射板12通道 Member=Component R18 50K 1%
Added Member To Class: ClassName=数粒机发射板12通道 Member=Component R19 50K 1%
Added Member To Class: ClassName=数粒机发射板12通道 Member=Component R20 50K 1%
Added Member To Class: ClassName=数粒机发射板12通道 Member=Component R21 50K 1%
Added Member To Class: ClassName=数粒机发射板12通道 Member=Component R22 50K 1%
Added Member To Class: ClassName=数粒机发射板12通道 Member=Component R23 50K 1%
Added Member To Class: ClassName=数粒机发射板12通道 Member=Component R24 50K 1%
Added Member To Class: ClassName=数粒机发射板12通道 Member=Component R25 50K 1%
Added Member To Class: ClassName=数粒机发射板12通道 Member=Component R26 50K 1%
Added Member To Class: ClassName=数粒机发射板12通道 Member=Component R27 50K 1%
Added Member To Class: ClassName=数粒机发射板12通道 Member=Component R28 50K 1%
Added Member To Class: ClassName=数粒机发射板12通道 Member=Component R29 50K 1%
Added Member To Class: ClassName=数粒机发射板12通道 Member=Component R30 50K 1%
Added Member To Class: ClassName=数粒机发射板12通道 Member=Component R31 50K 1%
Added Member To Class: ClassName=数粒机发射板12通道 Member=Component R32 1M
Added Member To Class: ClassName=数粒机发射板12通道 Member=Component R33 1M
Added Member To Class: ClassName=数粒机发射板12通道 Member=Component R34 100K
Added Member To Class: ClassName=数粒机发射板12通道 Member=Component R35 1M
Added Member To Class: ClassName=数粒机发射板12通道 Member=Component R36 1M
Added Member To Class: ClassName=数粒机发射板12通道 Member=Component R37 1M
Added Member To Class: ClassName=数粒机发射板12通道 Member=Component R38 1M
Added Member To Class: ClassName=数粒机发射板12通道 Member=Component R39 1M
Added Member To Class: ClassName=数粒机发射板12通道 Member=Component R40 100K
Added Member To Class: ClassName=数粒机发射板12通道 Member=Component RESET_B 复位按键
Added Member To Class: ClassName=数粒机发射板12通道 Member=Component U18 集成电路贴片
Added Member To Class: ClassName=数粒机发射板12通道 Member=Component Y1 HC-49SMD/32.768K
Added Member To Class: ClassName=数粒机发射板12通道 Member=Component Y2 HC-49SMD/8.000MHz
