Added Component: Designator=U19(LQPF-64)
Added Pin To Net: NetName=NetC12_2 Pin=U19-3
Added Pin To Net: NetName=NetC13_2 Pin=U19-4
Added Pin To Net: NetName=NetC14_2 Pin=U19-5
Added Pin To Net: NetName=NetC15_2 Pin=U19-6
Added Pin To Net: NetName=RESET Pin=U19-7
Added Pin To Net: NetName=ADC8 Pin=U19-8
Added Pin To Net: NetName=ADC9 Pin=U19-9
Added Pin To Net: NetName=ADC10 Pin=U19-10
Added Pin To Net: NetName=ADC11 Pin=U19-11
Added Pin To Net: NetName=GND Pin=U19-12
Added Pin To Net: NetName=NetC16_1 Pin=U19-13
Added Pin To Net: NetName=ADC0 Pin=U19-14
Added Pin To Net: NetName=ADC1 Pin=U19-15
Added Pin To Net: NetName=ADC2 Pin=U19-16
Added Pin To Net: NetName=ADC3 Pin=U19-17
Added Pin To Net: NetName=NetC19_2 Pin=U19-18
Added Pin To Net: NetName=NetC19_1 Pin=U19-19
Added Pin To Net: NetName=SPI1_CS Pin=U19-20
Added Pin To Net: NetName=SPI1_SCK Pin=U19-21
Added Pin To Net: NetName=SPI1_MISO Pin=U19-22
Added Pin To Net: NetName=SPI1_MOSI Pin=U19-23
Added Pin To Net: NetName=ADC4 Pin=U19-24
Added Pin To Net: NetName=ADC5 Pin=U19-25
Added Pin To Net: NetName=ADC6 Pin=U19-26
Added Pin To Net: NetName=ADC7 Pin=U19-27
Added Pin To Net: NetName=BOOT1 Pin=U19-28
Added Pin To Net: NetName=TX3 Pin=U19-29
Added Pin To Net: NetName=RX3 Pin=U19-30
Added Pin To Net: NetName=NetC20_2 Pin=U19-31
Added Pin To Net: NetName=NetC20_1 Pin=U19-32
Added Pin To Net: NetName=TX1 Pin=U19-42
Added Pin To Net: NetName=RX1 Pin=U19-43
Added Pin To Net: NetName=SWDIO Pin=U19-46
Added Pin To Net: NetName=NetC18_1 Pin=U19-47
Added Pin To Net: NetName=VDD33V Pin=U19-48
Added Pin To Net: NetName=SWCLK Pin=U19-49
Added Pin To Net: NetName=SWO Pin=U19-55
Added Pin To Net: NetName=SHDN Pin=U19-58
Added Pin To Net: NetName=LED1 Pin=U19-59
Added Pin To Net: NetName=BOOT0 Pin=U19-60
Added Pin To Net: NetName=LED2 Pin=U19-61
Added Pin To Net: NetName=LED3 Pin=U19-62
Added Pin To Net: NetName=NetC10_1 Pin=U19-63
Added Pin To Net: NetName=VDD33V Pin=U19-64
Added Member To Class: ClassName=数粒机发射板12通道 Member=Component U19 STM32F103RCT6
