Removed Pin From Net: NetName=VOUT1 Pin=P1-1
Removed Pin From Net: NetName=VOUT2 Pin=P1-2
Removed Pin From Net: NetName=GND Pin=P1-3
Removed Pin From Net: NetName=VOUT3 Pin=P1-4
Removed Pin From Net: NetName=GND Pin=P1-5
Removed Pin From Net: NetName=VOUT4 Pin=P1-6
Removed Pin From Net: NetName=GND Pin=P1-7
Removed Pin From Net: NetName=VOUT5 Pin=P1-8
Removed Pin From Net: NetName=GND Pin=P1-9
Removed Pin From Net: NetName=VOUT6 Pin=P1-10
Removed Pin From Net: NetName=GND Pin=P1-11
Removed Pin From Net: NetName=VOUT7 Pin=P1-12
Removed Pin From Net: NetName=GND Pin=P1-13
Removed Pin From Net: NetName=VOUT8 Pin=P1-14
Removed Pin From Net: NetName=GND Pin=P1-15
Removed Pin From Net: NetName=VOUT9 Pin=P1-16
Removed Pin From Net: NetName=GND Pin=P1-17
Removed Pin From Net: NetName=VOUT10 Pin=P1-18
Removed Pin From Net: NetName=VOUT12 Pin=P1-19
Removed Pin From Net: NetName=VOUT11 Pin=P1-20
Removed Member From Class: ClassName=数粒机发射板12通道 Member=P1
Change Component Comment : Designator=R2 Old Comment=3.87K %1 New Comment=4K %1
Added Component: Designator=C6(0805C)
Added Component: Designator=CT2(CT7343)
Added Component: Designator=R3(POT4MM-2)
Added Component: Designator=R6(0603R)
Added Component: Designator=R7(0603R)
Added Component: Designator=U2(tssop20)
Added Component: Designator=U3(sop8)
Added Component: Designator=U4(sop8)
Added Component: Designator=U5(sop8)
Added Component: Designator=U6(sop8)
Added Component: Designator=U7(sop8)
Added Component: Designator=U8(sop8)
Added Component: Designator=U9(sop8)
Added Component: Designator=U10(sop8)
Added Component: Designator=U11(sop8)
Added Component: Designator=U12(sop8)
Added Component: Designator=U13(sop8)
Added Component: Designator=U14(sop8)
Added Component: Designator=U15(sop8)
Added Component: Designator=U16(sop8)
Added Pin To Net: NetName=GND Pin=C6-1
Added Pin To Net: NetName=VCC6 Pin=C6-2
Added Pin To Net: NetName=VCC6 Pin=CT2-1
Added Pin To Net: NetName=GND Pin=CT2-2
Added Pin To Net: NetName=GND Pin=R3-CW
Added Pin To Net: NetName=VCC6 Pin=R6-2
Added Pin To Net: NetName=VCC6 Pin=R7-2
Added Pin To Net: NetName=GND Pin=U2-10
Added Pin To Net: NetName=VCC6 Pin=U2-20
Added Pin To Net: NetName=GND Pin=U3-4
Added Pin To Net: NetName=GND Pin=U4-4
Added Pin To Net: NetName=VOUT1 Pin=U5-1
Added Pin To Net: NetName=VOUT1 Pin=U5-2
Added Pin To Net: NetName=GND Pin=U5-4
Added Pin To Net: NetName=VOUT1 Pin=U5-6
Added Pin To Net: NetName=VOUT1 Pin=U5-7
Added Pin To Net: NetName=VCC6 Pin=U5-8
Added Pin To Net: NetName=VOUT2 Pin=U6-1
Added Pin To Net: NetName=VOUT2 Pin=U6-2
Added Pin To Net: NetName=GND Pin=U6-4
Added Pin To Net: NetName=VOUT2 Pin=U6-6
Added Pin To Net: NetName=VOUT2 Pin=U6-7
Added Pin To Net: NetName=VCC6 Pin=U6-8
Added Pin To Net: NetName=VOUT3 Pin=U7-1
Added Pin To Net: NetName=VOUT3 Pin=U7-2
Added Pin To Net: NetName=GND Pin=U7-4
Added Pin To Net: NetName=VOUT3 Pin=U7-6
Added Pin To Net: NetName=VOUT3 Pin=U7-7
Added Pin To Net: NetName=VCC6 Pin=U7-8
Added Pin To Net: NetName=VOUT4 Pin=U8-1
Added Pin To Net: NetName=VOUT4 Pin=U8-2
Added Pin To Net: NetName=GND Pin=U8-4
Added Pin To Net: NetName=VOUT4 Pin=U8-6
Added Pin To Net: NetName=VOUT4 Pin=U8-7
Added Pin To Net: NetName=VCC6 Pin=U8-8
Added Pin To Net: NetName=VOUT5 Pin=U9-1
Added Pin To Net: NetName=VOUT5 Pin=U9-2
Added Pin To Net: NetName=GND Pin=U9-4
Added Pin To Net: NetName=VOUT5 Pin=U9-6
Added Pin To Net: NetName=VOUT5 Pin=U9-7
Added Pin To Net: NetName=VCC6 Pin=U9-8
Added Pin To Net: NetName=VOUT6 Pin=U10-1
Added Pin To Net: NetName=VOUT6 Pin=U10-2
Added Pin To Net: NetName=GND Pin=U10-4
Added Pin To Net: NetName=VOUT6 Pin=U10-6
Added Pin To Net: NetName=VOUT6 Pin=U10-7
Added Pin To Net: NetName=VCC6 Pin=U10-8
Added Pin To Net: NetName=VOUT7 Pin=U11-1
Added Pin To Net: NetName=VOUT7 Pin=U11-2
Added Pin To Net: NetName=GND Pin=U11-4
Added Pin To Net: NetName=VOUT7 Pin=U11-6
Added Pin To Net: NetName=VOUT7 Pin=U11-7
Added Pin To Net: NetName=VCC6 Pin=U11-8
Added Pin To Net: NetName=VOUT8 Pin=U12-1
Added Pin To Net: NetName=VOUT8 Pin=U12-2
Added Pin To Net: NetName=GND Pin=U12-4
Added Pin To Net: NetName=VOUT8 Pin=U12-6
Added Pin To Net: NetName=VOUT8 Pin=U12-7
Added Pin To Net: NetName=VCC6 Pin=U12-8
Added Pin To Net: NetName=VOUT9 Pin=U13-1
Added Pin To Net: NetName=VOUT9 Pin=U13-2
Added Pin To Net: NetName=GND Pin=U13-4
Added Pin To Net: NetName=VOUT9 Pin=U13-6
Added Pin To Net: NetName=VOUT9 Pin=U13-7
Added Pin To Net: NetName=VCC6 Pin=U13-8
Added Pin To Net: NetName=VOUT10 Pin=U14-1
Added Pin To Net: NetName=VOUT10 Pin=U14-2
Added Pin To Net: NetName=GND Pin=U14-4
Added Pin To Net: NetName=VOUT10 Pin=U14-6
Added Pin To Net: NetName=VOUT10 Pin=U14-7
Added Pin To Net: NetName=VCC6 Pin=U14-8
Added Pin To Net: NetName=VOUT11 Pin=U15-1
Added Pin To Net: NetName=VOUT11 Pin=U15-2
Added Pin To Net: NetName=GND Pin=U15-4
Added Pin To Net: NetName=VOUT11 Pin=U15-6
Added Pin To Net: NetName=VOUT11 Pin=U15-7
Added Pin To Net: NetName=VCC6 Pin=U15-8
Added Pin To Net: NetName=VOUT12 Pin=U16-1
Added Pin To Net: NetName=VOUT12 Pin=U16-2
Added Pin To Net: NetName=GND Pin=U16-4
Added Pin To Net: NetName=VOUT12 Pin=U16-6
Added Pin To Net: NetName=VOUT12 Pin=U16-7
Added Pin To Net: NetName=VCC6 Pin=U16-8
Added Pin To Net: NetName=DA1 Pin=U2-2
Added Pin To Net: NetName=DA1 Pin=U5-3
Added Pin To Net: NetName=DA1 Pin=U5-5
Added Net: Name=DA1
Added Pin To Net: NetName=DA2 Pin=U2-3
Added Pin To Net: NetName=DA2 Pin=U6-3
Added Pin To Net: NetName=DA2 Pin=U6-5
Added Net: Name=DA2
Added Pin To Net: NetName=DA3 Pin=U2-4
Added Pin To Net: NetName=DA3 Pin=U7-3
Added Pin To Net: NetName=DA3 Pin=U7-5
Added Net: Name=DA3
Added Pin To Net: NetName=DA4 Pin=U2-5
Added Pin To Net: NetName=DA4 Pin=U8-3
Added Pin To Net: NetName=DA4 Pin=U8-5
Added Net: Name=DA4
Added Pin To Net: NetName=DA5 Pin=U2-6
Added Pin To Net: NetName=DA5 Pin=U9-3
Added Pin To Net: NetName=DA5 Pin=U9-5
Added Net: Name=DA5
Added Pin To Net: NetName=DA6 Pin=U2-7
Added Pin To Net: NetName=DA6 Pin=U10-3
Added Pin To Net: NetName=DA6 Pin=U10-5
Added Net: Name=DA6
Added Pin To Net: NetName=DA7 Pin=U2-14
Added Pin To Net: NetName=DA7 Pin=U11-3
Added Pin To Net: NetName=DA7 Pin=U11-5
Added Net: Name=DA7
Added Pin To Net: NetName=DA8 Pin=U2-15
Added Pin To Net: NetName=DA8 Pin=U12-3
Added Pin To Net: NetName=DA8 Pin=U12-5
Added Net: Name=DA8
Added Pin To Net: NetName=DA9 Pin=U2-16
Added Pin To Net: NetName=DA9 Pin=U13-3
Added Pin To Net: NetName=DA9 Pin=U13-5
Added Net: Name=DA9
Added Pin To Net: NetName=DA10 Pin=U2-17
Added Pin To Net: NetName=DA10 Pin=U14-3
Added Pin To Net: NetName=DA10 Pin=U14-5
Added Net: Name=DA10
Added Pin To Net: NetName=DA11 Pin=U2-18
Added Pin To Net: NetName=DA11 Pin=U15-3
Added Pin To Net: NetName=DA11 Pin=U15-5
Added Net: Name=DA11
Added Pin To Net: NetName=DA12 Pin=U2-19
Added Pin To Net: NetName=DA12 Pin=U16-3
Added Pin To Net: NetName=DA12 Pin=U16-5
Added Net: Name=DA12
Added Pin To Net: NetName=NetR3_CCW Pin=R3-CCW
Added Pin To Net: NetName=NetR3_CCW Pin=R7-1
Added Pin To Net: NetName=NetR3_CCW Pin=U2-11
Added Pin To Net: NetName=NetR3_CCW Pin=U4-8
Added Net: Name=NetR3_CCW
Added Pin To Net: NetName=NetR3_W Pin=R3-W
Added Pin To Net: NetName=NetR3_W Pin=U3-5
Added Net: Name=NetR3_W
Added Pin To Net: NetName=NetR6_1 Pin=R6-1
Added Pin To Net: NetName=NetR6_1 Pin=U2-1
Added Pin To Net: NetName=NetR6_1 Pin=U3-8
Added Net: Name=NetR6_1
Added Member To Class: ClassName=数粒机发射板12通道 Member=Component C6 104
Added Member To Class: ClassName=数粒机发射板12通道 Member=Component CT2 10uF/16V
Added Member To Class: ClassName=数粒机发射板12通道 Member=Component R3 RPot SM
Added Member To Class: ClassName=数粒机发射板12通道 Member=Component R6 2K
Added Member To Class: ClassName=数粒机发射板12通道 Member=Component R7 2.5K
Added Member To Class: ClassName=数粒机发射板12通道 Member=Component U2 AD8804ARUZ
Added Member To Class: ClassName=数粒机发射板12通道 Member=Component U3 LM336MX-5.0
Added Member To Class: ClassName=数粒机发射板12通道 Member=Component U4 LM336MX-2.5
Added Member To Class: ClassName=数粒机发射板12通道 Member=Component U5 TLV2472AID
Added Member To Class: ClassName=数粒机发射板12通道 Member=Component U6 TLV2472AID
Added Member To Class: ClassName=数粒机发射板12通道 Member=Component U7 TLV2472AID
Added Member To Class: ClassName=数粒机发射板12通道 Member=Component U8 TLV2472AID
Added Member To Class: ClassName=数粒机发射板12通道 Member=Component U9 TLV2472AID
Added Member To Class: ClassName=数粒机发射板12通道 Member=Component U10 TLV2472AID
Added Member To Class: ClassName=数粒机发射板12通道 Member=Component U11 TLV2472AID
Added Member To Class: ClassName=数粒机发射板12通道 Member=Component U12 TLV2472AID
Added Member To Class: ClassName=数粒机发射板12通道 Member=Component U13 TLV2472AID
Added Member To Class: ClassName=数粒机发射板12通道 Member=Component U14 TLV2472AID
Added Member To Class: ClassName=数粒机发射板12通道 Member=Component U15 TLV2472AID
Added Member To Class: ClassName=数粒机发射板12通道 Member=Component U16 TLV2472AID
