Change Component Description : Designator=D1a Old Description= New Description=EL-1KL3
Change Component Description : Designator=D1b Old Description= New Description=EL-1KL3
Change Component Description : Designator=D1c Old Description= New Description=EL-1KL3
Change Component Description : Designator=D1d Old Description= New Description=EL-1KL3
Change Component Description : Designator=D2a Old Description= New Description=EL-1KL3
Change Component Description : Designator=D2b Old Description= New Description=EL-1KL3
Change Component Description : Designator=D2c Old Description= New Description=EL-1KL3
Change Component Description : Designator=D2d Old Description= New Description=EL-1KL3
Change Component Description : Designator=D3a Old Description= New Description=EL-1KL3
Change Component Description : Designator=D3b Old Description= New Description=EL-1KL3
Change Component Description : Designator=D3c Old Description= New Description=EL-1KL3
Change Component Description : Designator=D3d Old Description= New Description=EL-1KL3
Change Component Description : Designator=D4a Old Description= New Description=EL-1KL3
Change Component Description : Designator=D4b Old Description= New Description=EL-1KL3
Change Component Description : Designator=D4c Old Description= New Description=EL-1KL3
Change Component Description : Designator=D4d Old Description= New Description=EL-1KL3
Change Component Description : Designator=D5a Old Description= New Description=EL-1KL3
Change Component Description : Designator=D5b Old Description= New Description=EL-1KL3
Change Component Description : Designator=D5c Old Description= New Description=EL-1KL3
Change Component Description : Designator=D5d Old Description= New Description=EL-1KL3
Change Component Description : Designator=D6a Old Description= New Description=EL-1KL3
Change Component Description : Designator=D6b Old Description= New Description=EL-1KL3
Change Component Description : Designator=D6c Old Description= New Description=EL-1KL3
Change Component Description : Designator=D6d Old Description= New Description=EL-1KL3
Change Component Description : Designator=D7a Old Description= New Description=EL-1KL3
Change Component Description : Designator=D7b Old Description= New Description=EL-1KL3
Change Component Description : Designator=D7c Old Description= New Description=EL-1KL3
Change Component Description : Designator=D7d Old Description= New Description=EL-1KL3
Change Component Description : Designator=D8a Old Description= New Description=EL-1KL3
Change Component Description : Designator=D8b Old Description= New Description=EL-1KL3
Change Component Description : Designator=D8c Old Description= New Description=EL-1KL3
Change Component Description : Designator=D8d Old Description= New Description=EL-1KL3
Change Component Description : Designator=D9a Old Description= New Description=EL-1KL3
Change Component Description : Designator=D9b Old Description= New Description=EL-1KL3
Change Component Description : Designator=D9c Old Description= New Description=EL-1KL3
Change Component Description : Designator=D9d Old Description= New Description=EL-1KL3
Change Component Description : Designator=D10a Old Description= New Description=EL-1KL3
Change Component Description : Designator=D10b Old Description= New Description=EL-1KL3
Change Component Description : Designator=D10c Old Description= New Description=EL-1KL3
Change Component Description : Designator=D10d Old Description= New Description=EL-1KL3
Change Component Description : Designator=D11a Old Description= New Description=EL-1KL3
Change Component Description : Designator=D11b Old Description= New Description=EL-1KL3
Change Component Description : Designator=D11c Old Description= New Description=EL-1KL3
Change Component Description : Designator=D11d Old Description= New Description=EL-1KL3
Change Component Description : Designator=D12a Old Description= New Description=EL-1KL3
Change Component Description : Designator=D12b Old Description= New Description=EL-1KL3
Change Component Description : Designator=D12c Old Description= New Description=EL-1KL3
Change Component Description : Designator=D12d Old Description= New Description=EL-1KL3
Change Component Description : Designator=V1 Old Description= New Description=二极管
Change Component Description : Designator=U3 Old Description= New Description=基准电压 5V
Change Component Description : Designator=R8 Old Description= New Description=电位器 10K
Change Component Description : Designator=U17 Old Description= New Description=稳压芯片
Change Component Description : Designator=C1 Old Description= New Description=贴片电容
Change Component Description : Designator=C2 Old Description= New Description=贴片电容
Change Component Description : Designator=C3 Old Description= New Description=贴片电容
Change Component Description : Designator=C4 Old Description= New Description=贴片电容
Change Component Description : Designator=C5 Old Description= New Description=贴片电容
Change Component Description : Designator=C6 Old Description= New Description=贴片电容
Change Component Description : Designator=C7 Old Description= New Description=贴片电容
Change Component Description : Designator=C8 Old Description= New Description=贴片电容
Change Component Description : Designator=L1 Old Description= New Description=贴片电感
Change Component Description : Designator=R1 Old Description= New Description=贴片电阻
Change Component Description : Designator=R2 Old Description= New Description=贴片电阻
Change Component Description : Designator=R4 Old Description= New Description=贴片电阻
Change Component Description : Designator=R5 Old Description= New Description=贴片电阻
Change Component Description : Designator=R6 Old Description= New Description=贴片电阻
Change Component Description : Designator=R7 Old Description= New Description=贴片电阻
Change Component Description : Designator=CT2 Old Description= New Description=钽电容
Change Component Description : Designator=U1 Old Description= New Description=集成电路
Change Component Description : Designator=C9 Old Description=10S New Description=10SEV100M6.3X5.5
Change Component Description : Designator=U2 Old Description=12通道 8位 DAC New Description=12通道 8位 DAC芯片 TSSOP20
Change Component Description : Designator=U4 Old Description=? New Description=基准电压2.5V
Change Component Description : Designator=U5 Old Description=集? New Description=集成电路 运算放大器
Change Component Description : Designator=U6 Old Description=集? New Description=集成电路 运算放大器
Change Component Description : Designator=U7 Old Description=集? New Description=集成电路 运算放大器
Change Component Description : Designator=U8 Old Description=集? New Description=集成电路 运算放大器
Change Component Description : Designator=U9 Old Description=集? New Description=集成电路 运算放大器
Change Component Description : Designator=U10 Old Description=集? New Description=集成电路 运算放大器
Change Component Description : Designator=U11 Old Description=集? New Description=集成电路 运算放大器
Change Component Description : Designator=U12 Old Description=集? New Description=集成电路 运算放大器
Change Component Description : Designator=U13 Old Description=集? New Description=集成电路 运算放大器
Change Component Description : Designator=U14 Old Description=集? New Description=集成电路 运算放大器
Change Component Description : Designator=U15 Old Description=集? New Description=集成电路 运算放大器
Change Component Description : Designator=U16 Old Description=集? New Description=集成电路 运算放大器
