Removed Pin From Net: NetName=GND Pin=C1-1
Removed Pin From Net: NetName=VCC5V Pin=C1-2
Removed Pin From Net: NetName=GND Pin=C2-1
Removed Pin From Net: NetName=VCC5V Pin=C2-2
Removed Pin From Net: NetName=GND Pin=C3-1
Removed Pin From Net: NetName=VCC3.3 Pin=C3-2
Removed Pin From Net: NetName=GND Pin=C4-1
Removed Pin From Net: NetName=VCC3.3 Pin=C4-2
Removed Pin From Net: NetName=CH1-1 Pin=D1-1
Removed Pin From Net: NetName=VCC3.3 Pin=D1-2
Removed Pin From Net: NetName=VCC3.3 Pin=D2-2
Removed Pin From Net: NetName=VCC3.3 Pin=D3-2
Removed Pin From Net: NetName=VCC3.3 Pin=D4-2
Removed Pin From Net: NetName=VCC3.3 Pin=D5-2
Removed Pin From Net: NetName=VCC3.3 Pin=D6-2
Removed Pin From Net: NetName=VCC3.3 Pin=D7-2
Removed Pin From Net: NetName=VCC3.3 Pin=D8-2
Removed Pin From Net: NetName=VCC3.3 Pin=D9-2
Removed Pin From Net: NetName=VCC3.3 Pin=D10-2
Removed Pin From Net: NetName=VCC3.3 Pin=D11-2
Removed Pin From Net: NetName=VCC3.3 Pin=D12-2
Removed Pin From Net: NetName=VCC3.3 Pin=D13-2
Removed Pin From Net: NetName=VCC3.3 Pin=D14-2
Removed Pin From Net: NetName=VCC3.3 Pin=D15-2
Removed Pin From Net: NetName=VCC3.3 Pin=D16-2
Removed Pin From Net: NetName=VCC3.3 Pin=D17-2
Removed Pin From Net: NetName=VCC3.3 Pin=D18-2
Removed Pin From Net: NetName=VCC3.3 Pin=D19-2
Removed Pin From Net: NetName=VCC3.3 Pin=D20-2
Removed Pin From Net: NetName=VCC3.3 Pin=D21-2
Removed Pin From Net: NetName=VCC3.3 Pin=D22-2
Removed Pin From Net: NetName=VCC3.3 Pin=D23-2
Removed Pin From Net: NetName=VCC3.3 Pin=D24-2
Removed Pin From Net: NetName=VCC3.3 Pin=D25-2
Removed Pin From Net: NetName=VCC3.3 Pin=D26-2
Removed Pin From Net: NetName=VCC3.3 Pin=D27-2
Removed Pin From Net: NetName=VCC3.3 Pin=D28-2
Removed Pin From Net: NetName=VCC3.3 Pin=D29-2
Removed Pin From Net: NetName=VCC3.3 Pin=D30-2
Removed Pin From Net: NetName=VCC3.3 Pin=D31-2
Removed Pin From Net: NetName=VCC3.3 Pin=D32-2
Removed Pin From Net: NetName=GND Pin=R1-1
Removed Pin From Net: NetName=CH1-1 Pin=R1-2
Removed Pin From Net: NetName=GND Pin=R2-1
Removed Pin From Net: NetName=GND Pin=R3-1
Removed Pin From Net: NetName=GND Pin=R4-1
Removed Pin From Net: NetName=GND Pin=R5-1
Removed Pin From Net: NetName=GND Pin=R6-1
Removed Pin From Net: NetName=GND Pin=R7-1
Removed Pin From Net: NetName=GND Pin=R8-1
Removed Pin From Net: NetName=GND Pin=R9-1
Removed Pin From Net: NetName=GND Pin=R10-1
Removed Pin From Net: NetName=GND Pin=R11-1
Removed Pin From Net: NetName=GND Pin=R12-1
Removed Pin From Net: NetName=GND Pin=R13-1
Removed Pin From Net: NetName=GND Pin=R14-1
Removed Pin From Net: NetName=GND Pin=R15-1
Removed Pin From Net: NetName=GND Pin=R16-1
Removed Pin From Net: NetName=GND Pin=R17-1
Removed Pin From Net: NetName=GND Pin=R18-1
Removed Pin From Net: NetName=GND Pin=R19-1
Removed Pin From Net: NetName=GND Pin=R20-1
Removed Pin From Net: NetName=GND Pin=R21-1
Removed Pin From Net: NetName=GND Pin=R22-1
Removed Pin From Net: NetName=GND Pin=R23-1
Removed Pin From Net: NetName=GND Pin=R24-1
Removed Pin From Net: NetName=GND Pin=R25-1
Removed Pin From Net: NetName=GND Pin=R26-1
Removed Pin From Net: NetName=GND Pin=R27-1
Removed Pin From Net: NetName=GND Pin=R28-1
Removed Pin From Net: NetName=GND Pin=R29-1
Removed Pin From Net: NetName=GND Pin=R30-1
Removed Pin From Net: NetName=GND Pin=R31-1
Removed Pin From Net: NetName=GND Pin=R32-1
Removed Pin From Net: NetName=A0 Pin=U1-1
Removed Pin From Net: NetName=EN Pin=U1-2
Removed Pin From Net: NetName=GND Pin=U1-3
Removed Pin From Net: NetName=CH1-1 Pin=U1-4
Removed Pin From Net: NetName=CH1 Pin=U1-8
Removed Pin From Net: NetName=VCC5V Pin=U1-13
Removed Pin From Net: NetName=GND Pin=U1-14
Removed Pin From Net: NetName=A2 Pin=U1-15
Removed Pin From Net: NetName=A1 Pin=U1-16
Removed Pin From Net: NetName=A0 Pin=U2-1
Removed Pin From Net: NetName=EN Pin=U2-2
Removed Pin From Net: NetName=GND Pin=U2-3
Removed Pin From Net: NetName=CH2 Pin=U2-8
Removed Pin From Net: NetName=VCC5V Pin=U2-13
Removed Pin From Net: NetName=GND Pin=U2-14
Removed Pin From Net: NetName=A2 Pin=U2-15
Removed Pin From Net: NetName=A1 Pin=U2-16
Removed Pin From Net: NetName=A0 Pin=U3-1
Removed Pin From Net: NetName=EN Pin=U3-2
Removed Pin From Net: NetName=GND Pin=U3-3
Removed Pin From Net: NetName=CH3 Pin=U3-8
Removed Pin From Net: NetName=VCC5V Pin=U3-13
Removed Pin From Net: NetName=GND Pin=U3-14
Removed Pin From Net: NetName=A2 Pin=U3-15
Removed Pin From Net: NetName=A1 Pin=U3-16
Removed Pin From Net: NetName=A0 Pin=U4-1
Removed Pin From Net: NetName=EN Pin=U4-2
Removed Pin From Net: NetName=GND Pin=U4-3
Removed Pin From Net: NetName=CH4 Pin=U4-8
Removed Pin From Net: NetName=VCC5V Pin=U4-13
Removed Pin From Net: NetName=GND Pin=U4-14
Removed Pin From Net: NetName=A2 Pin=U4-15
Removed Pin From Net: NetName=A1 Pin=U4-16
Removed Member From Class: ClassName=数粒机接收板2通道 Member=C1
Removed Member From Class: ClassName=数粒机接收板2通道 Member=C2
Removed Member From Class: ClassName=数粒机接收板2通道 Member=C3
Removed Member From Class: ClassName=数粒机接收板2通道 Member=C4
Removed Member From Class: ClassName=数粒机接收板2通道 Member=D1
Removed Member From Class: ClassName=数粒机接收板2通道 Member=D2
Removed Member From Class: ClassName=数粒机接收板2通道 Member=D3
Removed Member From Class: ClassName=数粒机接收板2通道 Member=D4
Removed Member From Class: ClassName=数粒机接收板2通道 Member=D5
Removed Member From Class: ClassName=数粒机接收板2通道 Member=D6
Removed Member From Class: ClassName=数粒机接收板2通道 Member=D7
Removed Member From Class: ClassName=数粒机接收板2通道 Member=D8
Removed Member From Class: ClassName=数粒机接收板2通道 Member=D9
Removed Member From Class: ClassName=数粒机接收板2通道 Member=D10
Removed Member From Class: ClassName=数粒机接收板2通道 Member=D11
Removed Member From Class: ClassName=数粒机接收板2通道 Member=D12
Removed Member From Class: ClassName=数粒机接收板2通道 Member=D13
Removed Member From Class: ClassName=数粒机接收板2通道 Member=D14
Removed Member From Class: ClassName=数粒机接收板2通道 Member=D15
Removed Member From Class: ClassName=数粒机接收板2通道 Member=D16
Removed Member From Class: ClassName=数粒机接收板2通道 Member=D17
Removed Member From Class: ClassName=数粒机接收板2通道 Member=D18
Removed Member From Class: ClassName=数粒机接收板2通道 Member=D19
Removed Member From Class: ClassName=数粒机接收板2通道 Member=D20
Removed Member From Class: ClassName=数粒机接收板2通道 Member=D21
Removed Member From Class: ClassName=数粒机接收板2通道 Member=D22
Removed Member From Class: ClassName=数粒机接收板2通道 Member=D23
Removed Member From Class: ClassName=数粒机接收板2通道 Member=D24
Removed Member From Class: ClassName=数粒机接收板2通道 Member=D25
Removed Member From Class: ClassName=数粒机接收板2通道 Member=D26
Removed Member From Class: ClassName=数粒机接收板2通道 Member=D27
Removed Member From Class: ClassName=数粒机接收板2通道 Member=D28
Removed Member From Class: ClassName=数粒机接收板2通道 Member=D29
Removed Member From Class: ClassName=数粒机接收板2通道 Member=D30
Removed Member From Class: ClassName=数粒机接收板2通道 Member=D31
Removed Member From Class: ClassName=数粒机接收板2通道 Member=D32
Removed Member From Class: ClassName=数粒机接收板2通道 Member=R1
Removed Member From Class: ClassName=数粒机接收板2通道 Member=R2
Removed Member From Class: ClassName=数粒机接收板2通道 Member=R3
Removed Member From Class: ClassName=数粒机接收板2通道 Member=R4
Removed Member From Class: ClassName=数粒机接收板2通道 Member=R5
Removed Member From Class: ClassName=数粒机接收板2通道 Member=R6
Removed Member From Class: ClassName=数粒机接收板2通道 Member=R7
Removed Member From Class: ClassName=数粒机接收板2通道 Member=R8
Removed Member From Class: ClassName=数粒机接收板2通道 Member=R9
Removed Member From Class: ClassName=数粒机接收板2通道 Member=R10
Removed Member From Class: ClassName=数粒机接收板2通道 Member=R11
Removed Member From Class: ClassName=数粒机接收板2通道 Member=R12
Removed Member From Class: ClassName=数粒机接收板2通道 Member=R13
Removed Member From Class: ClassName=数粒机接收板2通道 Member=R14
Removed Member From Class: ClassName=数粒机接收板2通道 Member=R15
Removed Member From Class: ClassName=数粒机接收板2通道 Member=R16
Removed Member From Class: ClassName=数粒机接收板2通道 Member=R17
Removed Member From Class: ClassName=数粒机接收板2通道 Member=R18
Removed Member From Class: ClassName=数粒机接收板2通道 Member=R19
Removed Member From Class: ClassName=数粒机接收板2通道 Member=R20
Removed Member From Class: ClassName=数粒机接收板2通道 Member=R21
Removed Member From Class: ClassName=数粒机接收板2通道 Member=R22
Removed Member From Class: ClassName=数粒机接收板2通道 Member=R23
Removed Member From Class: ClassName=数粒机接收板2通道 Member=R24
Removed Member From Class: ClassName=数粒机接收板2通道 Member=R25
Removed Member From Class: ClassName=数粒机接收板2通道 Member=R26
Removed Member From Class: ClassName=数粒机接收板2通道 Member=R27
Removed Member From Class: ClassName=数粒机接收板2通道 Member=R28
Removed Member From Class: ClassName=数粒机接收板2通道 Member=R29
Removed Member From Class: ClassName=数粒机接收板2通道 Member=R30
Removed Member From Class: ClassName=数粒机接收板2通道 Member=R31
Removed Member From Class: ClassName=数粒机接收板2通道 Member=R32
Removed Member From Class: ClassName=数粒机接收板2通道 Member=U1
Removed Member From Class: ClassName=数粒机接收板2通道 Member=U2
Removed Member From Class: ClassName=数粒机接收板2通道 Member=U3
Removed Member From Class: ClassName=数粒机接收板2通道 Member=U4
Added Component: Designator=P2(HDR2X12)
Added Component: Designator=P2(HDR2X12)
Added Pin To Net: NetName=A1 Pin=P2-1
Added Pin To Net: NetName=A1 Pin=P2-1
Added Pin To Net: NetName=CH1 Pin=P2-2
Added Pin To Net: NetName=CH5 Pin=P2-2
Added Pin To Net: NetName=A2 Pin=P2-3
Added Pin To Net: NetName=A2 Pin=P2-3
Added Pin To Net: NetName=CH2 Pin=P2-4
Added Pin To Net: NetName=CH6 Pin=P2-4
Added Pin To Net: NetName=CH1-1 Pin=P2-5
Added Pin To Net: NetName=CH1-1 Pin=P2-5
Added Pin To Net: NetName=CH3 Pin=P2-6
Added Pin To Net: NetName=CH7 Pin=P2-6
Added Pin To Net: NetName=EN Pin=P2-7
Added Pin To Net: NetName=EN Pin=P2-7
Added Pin To Net: NetName=CH4 Pin=P2-8
Added Pin To Net: NetName=CH8 Pin=P2-8
Added Pin To Net: NetName=VCC5V Pin=P2-13
Added Pin To Net: NetName=VCC5V Pin=P2-13
Added Pin To Net: NetName=VCC5V Pin=P2-15
Added Pin To Net: NetName=VCC5V Pin=P2-15
Added Pin To Net: NetName=GND Pin=P2-17
Added Pin To Net: NetName=GND Pin=P2-17
Added Pin To Net: NetName=GND Pin=P2-19
Added Pin To Net: NetName=GND Pin=P2-19
Added Pin To Net: NetName=VCC3.3 Pin=P2-21
Added Pin To Net: NetName=VCC3.3 Pin=P2-21
Added Pin To Net: NetName=VCC3.3 Pin=P2-23
Added Pin To Net: NetName=VCC3.3 Pin=P2-23
Change Net Name : Old Net Name=CH1-1 New Net Name=A3
Change Class Name : Old Net Name=数粒机接收板2通道 New Net Name=数粒机转接板
Added Member To Class: ClassName=数粒机转接板 Member=Component P2 牛角插座
