Change Component Designator: Old Designator=J? New Designator=J1
Change Component Designator: Old Designator=LED1 New Designator=LED7
Change Component Designator: Old Designator=LED2 New Designator=LED5
Change Component Designator: Old Designator=LED2 New Designator=LED6
Change Component Designator: Old Designator=LED2 New Designator=LED8
Change Component Designator: Old Designator=LED3 New Designator=LED4
Change Component Designator: Old Designator=LED4 New Designator=LED1
Change Component Designator: Old Designator=LED4 New Designator=LED2
Change Component Designator: Old Designator=P1 New Designator=P4
Change Component Designator: Old Designator=P2 New Designator=P5
Change Component Designator: Old Designator=P3 New Designator=P2
Change Component Designator: Old Designator=P4 New Designator=P3
Change Component Designator: Old Designator=P5 New Designator=P1
Change Component Designator: Old Designator=R10 New Designator=R9
Change Component Designator: Old Designator=R12 New Designator=R10
Change Component Designator: Old Designator=R13 New Designator=R1
Change Component Designator: Old Designator=R14 New Designator=R11
Change Component Designator: Old Designator=R15 New Designator=R12
Change Component Designator: Old Designator=R16 New Designator=R13
Change Component Designator: Old Designator=R17 New Designator=R14
Change Component Designator: Old Designator=R18 New Designator=R15
Change Component Designator: Old Designator=R19 New Designator=R16
Change Component Designator: Old Designator=RH1 New Designator=RH7
Change Component Designator: Old Designator=RH1 New Designator=RH8
Change Component Designator: Old Designator=RH2 New Designator=RH5
Change Component Designator: Old Designator=RH2 New Designator=RH6
Change Component Designator: Old Designator=RH3 New Designator=RH4
Change Component Designator: Old Designator=RH4 New Designator=RH1
Change Component Designator: Old Designator=RH4 New Designator=RH2
Change Component Designator: Old Designator=TL1 New Designator=TL2
Change Component Designator: Old Designator=U1 New Designator=U2
Change Component Designator: Old Designator=U2 New Designator=U1
Change Component Designator: Old Designator=U3 New Designator=U4
Change Component Designator: Old Designator=U4 New Designator=U3
