Removed Pin From Net: NetName=CH4 Pin=U1-29
Removed Pin From Net: NetName=CH5 Pin=U1-30
Removed Pin From Net: NetName=CH14 Pin=U1-33
Removed Pin From Net: NetName=CH15 Pin=U1-34
Removed Pin From Net: NetName=USART3_RX Pin=U5-1
Removed Pin From Net: NetName=RS485_RE Pin=U5-2
Removed Pin From Net: NetName=RS485_RE Pin=U5-3
Removed Pin From Net: NetName=USART3_TX Pin=U5-4
Removed Pin From Net: NetName=GND Pin=U5-5
Removed Pin From Net: NetName=485_A Pin=U5-6
Removed Pin From Net: NetName=485_B Pin=U5-7
Removed Pin From Net: NetName=VDD33V Pin=U5-8
Change Component Designator: OldDesignator=U6 NewDesignator=U7
Added Component: Designator=U6(sop8)
Added Pin To Net: NetName=CH15 Pin=U1-30
Added Pin To Net: NetName=CH4 Pin=U1-33
Added Pin To Net: NetName=CH5 Pin=U1-34
Added Pin To Net: NetName=CH14 Pin=U5-1
Added Pin To Net: NetName=CH14 Pin=U5-2
Added Pin To Net: NetName=GND Pin=U5-4
Added Pin To Net: NetName=VCC5V Pin=U5-8
Added Pin To Net: NetName=USART3_RX Pin=U6-1
Added Pin To Net: NetName=RS485_RE Pin=U6-2
Added Pin To Net: NetName=RS485_RE Pin=U6-3
Added Pin To Net: NetName=USART3_TX Pin=U6-4
Added Pin To Net: NetName=GND Pin=U6-5
Added Pin To Net: NetName=485_A Pin=U6-6
Added Pin To Net: NetName=485_B Pin=U6-7
Added Pin To Net: NetName=VDD33V Pin=U6-8
Change Net Name : Old Net Name=CH14 New Net Name=NetU5_1
Change Net Name : Old Net Name=CH15 New Net Name=DAC_OUT2
Added Pin To Net: NetName=DAC_OUT1 Pin=U1-29
Added Pin To Net: NetName=DAC_OUT1 Pin=U5-3
Added Net: Name=DAC_OUT1
Added Member To Class: ClassName=电眼主板 Member=Component U7 集成电路
