Removed Pin From Net: NetName=WP_SD_1 Pin=R23-1
Removed Pin From Net: NetName=GND Pin=R23-2
Removed Pin From Net: NetName=WP_SD_1 Pin=R24-1
Removed Pin From Net: NetName=WP_SD Pin=R24-2
Change Component Designator: OldDesignator=CS1 NewDesignator=C15
Added Component: Designator=LED1(LED-0805)
Added Component: Designator=LED2(LED-0805)
Added Component: Designator=R25(0603)
Added Component: Designator=R26(0603)
Added Pin To Net: NetName=VDD33V Pin=LED1-1
Added Pin To Net: NetName=VDD33V Pin=LED2-1
Added Pin To Net: NetName=WP_SD_1 Pin=R25-1
Added Pin To Net: NetName=GND Pin=R25-2
Added Pin To Net: NetName=WP_SD_1 Pin=R26-1
Added Pin To Net: NetName=WP_SD Pin=R26-2
Added Pin To Net: NetName=GPB5 Pin=R23-1
Added Net: Name=GPB5
Added Pin To Net: NetName=GPB6 Pin=R24-1
Added Net: Name=GPB6
Added Pin To Net: NetName=LED1 Pin=U1-63
Added Pin To Net: NetName=LED1 Pin=U1-64
Added Net: Name=LED1
Added Pin To Net: NetName=NetLED1_2 Pin=LED1-2
Added Pin To Net: NetName=NetLED1_2 Pin=R23-2
Added Net: Name=NetLED1_2
Added Pin To Net: NetName=NetLED2_2 Pin=LED2-2
Added Pin To Net: NetName=NetLED2_2 Pin=R24-2
Added Net: Name=NetLED2_2
Added Member To Class: ClassName=电眼主板 Member=Component LED1 二极管(贴片发光绿色)
Added Member To Class: ClassName=电眼主板 Member=Component LED2 二极管(贴片发光绿色)
Added Member To Class: ClassName=电眼主板 Member=Component R8 电阻(贴片)
Added Member To Class: ClassName=电眼主板 Member=Component R9 电阻(贴片)
Added Member To Class: ClassName=电眼主板 Member=Component R25 电阻(贴片)
Added Member To Class: ClassName=电眼主板 Member=Component R26 电阻(贴片)
