Change Component Comment : Designator=C5 Old Comment=ÌùÆ¬µçÈİ10nF New Comment=ÌùÆ¬µçÈİ22pF
Change Component Comment : Designator=C6 Old Comment=ÌùÆ¬µçÈİ10nF New Comment=ÌùÆ¬µçÈİ22pF
Change Component Designator: OldDesignator=C1 NewDesignator=C5
Change Component Designator: OldDesignator=C2 NewDesignator=C6
Change Component Designator: OldDesignator=C3 NewDesignator=C7
Change Component Designator: OldDesignator=C4 NewDesignator=C8
Change Component Designator: OldDesignator=C5 NewDesignator=C4
Change Component Designator: OldDesignator=C6 NewDesignator=C3
Change Component Designator: OldDesignator=P1 NewDesignator=P2
Change Component Designator: OldDesignator=P2 NewDesignator=P1
Change Component Designator: OldDesignator=R? NewDesignator=R1
Change Component Designator: OldDesignator=Y? NewDesignator=Y2
Added Component: Designator=C1(0603)
Added Component: Designator=C2(0603)
Added Component: Designator=Y1(R38)
Added Pin To Net: NetName=GND Pin=C1-2
Added Pin To Net: NetName=GND Pin=C2-2
Added Pin To Net: NetName=NetC6_1 Pin=U1-12
Added Pin To Net: NetName=NetC5_1 Pin=U1-13
Change Net Name : Old Net Name=NetC5_1 New Net Name=NetC4_1
Change Net Name : Old Net Name=NetC6_1 New Net Name=NetC3_1
Added Pin To Net: NetName=NetC1_1 Pin=C1-1
Added Pin To Net: NetName=NetC1_1 Pin=U1-8
Added Pin To Net: NetName=NetC1_1 Pin=Y1-1
Added Net: Name=NetC1_1
Added Pin To Net: NetName=NetC2_1 Pin=C2-1
Added Pin To Net: NetName=NetC2_1 Pin=U1-9
Added Pin To Net: NetName=NetC2_1 Pin=Y1-2
Added Net: Name=NetC2_1
Added Member To Class: ClassName=µçÑÛÖ÷°å Member=Component C7 ÌùÆ¬µçÈİ 1uF
Added Member To Class: ClassName=µçÑÛÖ÷°å Member=Component C8 ÌùÆ¬µçÈİ10nF
Added Member To Class: ClassName=µçÑÛÖ÷°å Member=Component Y1 XTAL 32.768KHz
