Removed Pin From Net: NetName=NetQ1_1 Pin=R4-1
Removed Pin From Net: NetName=NetQ2_2 Pin=R4-2
Removed Pin From Net: NetName=BOOT0 Pin=R5-1
Removed Pin From Net: NetName=NetQ2_3 Pin=R5-2
Change Component Designator: OldDesignator=CRS1 NewDesignator=C9
Change Component Designator: OldDesignator=CRS2 NewDesignator=CT1
Change Component Designator: OldDesignator=OC1 NewDesignator=C12
Change Component Designator: OldDesignator=OC2 NewDesignator=C13
Change Component Designator: OldDesignator=OR1 NewDesignator=R8
Change Component Designator: OldDesignator=RRS1 NewDesignator=R10
Added Component: Designator=C10(0603)
Added Component: Designator=C11(0603)
Added Component: Designator=R6(0603)
Added Component: Designator=R7(0603)
Added Component: Designator=R9(0603)
Added Component: Designator=U3(MAX811T)
Added Pin To Net: NetName=VDD33V Pin=C10-1
Added Pin To Net: NetName=GND Pin=C10-2
Added Pin To Net: NetName=GND Pin=C11-2
Added Pin To Net: NetName=VDD33V Pin=R4-2
Added Pin To Net: NetName=NetQ1_1 Pin=R7-1
Added Pin To Net: NetName=NetQ2_2 Pin=R7-2
Added Pin To Net: NetName=BOOT0 Pin=R9-1
Added Pin To Net: NetName=NetQ2_3 Pin=R9-2
Added Pin To Net: NetName=GND Pin=U3-1
Added Pin To Net: NetName=VDD33V Pin=U3-4
Change Net Name : Old Net Name=NetOC1_2 New Net Name=NetC12_2
Change Net Name : Old Net Name=NetOC2_2 New Net Name=NetC13_2
Change Net Name : Old Net Name=NetQ1_1 New Net Name=RTS
Change Net Name : Old Net Name=NetR3_1 New Net Name=DTS
Added Pin To Net: NetName=NRESET Pin=R5-1
Added Pin To Net: NetName=NRESET Pin=R6-1
Added Net: Name=NRESET
Added Pin To Net: NetName=NTRST Pin=R6-2
Added Net: Name=NTRST
Added Pin To Net: NetName=RSTIN Pin=C11-1
Added Pin To Net: NetName=RSTIN Pin=R4-1
Added Pin To Net: NetName=RSTIN Pin=U3-3
Added Net: Name=RSTIN
Added Member To Class: ClassName=电眼主板 Member=Component C10 电容(贴片)
Added Member To Class: ClassName=电眼主板 Member=Component C11 电容(贴片)
Added Member To Class: ClassName=电眼主板 Member=Component R6 电阻(贴片)
Added Member To Class: ClassName=电眼主板 Member=Component R7 电阻(贴片)
Added Member To Class: ClassName=电眼主板 Member=Component R9 电阻(贴片)
Added Member To Class: ClassName=电眼主板 Member=Component U3 集成电路贴片
