Removed Pin From Net: NetName=GND Pin=J1-5
Removed Pin From Net: NetName=CAN_TX Pin=R1-2
Removed Pin From Net: NetName=CAN_RX Pin=R9-2
Removed Pin From Net: NetName=CAN_TX Pin=R11-2
Removed Member From Class: ClassName=电眼主板 Member=J1
Removed Member From Class: ClassName=电眼主板 Member=R1
Removed Member From Class: ClassName=电眼主板 Member=R1
Removed Member From Class: ClassName=电眼主板 Member=R1
Removed Member From Class: ClassName=电眼主板 Member=R1
Removed Member From Class: ClassName=电眼主板 Member=R1
Removed Member From Class: ClassName=电眼主板 Member=R9
Removed Member From Class: ClassName=电眼主板 Member=R9
Removed Member From Class: ClassName=电眼主板 Member=R9
Removed Member From Class: ClassName=电眼主板 Member=R9
Removed Member From Class: ClassName=电眼主板 Member=R9
Removed Member From Class: ClassName=电眼主板 Member=R11
Removed Member From Class: ClassName=电眼主板 Member=R11
Removed Member From Class: ClassName=电眼主板 Member=R11
Removed Member From Class: ClassName=电眼主板 Member=R11
Removed Member From Class: ClassName=电眼主板 Member=R11
Removed Member From Class: ClassName=电眼主板 Member=R11
