Removed Pin From Net: NetName=VDD33V Pin=J1-9
Removed Pin From Net: NetName=VDD33V Pin=J1-12
Added Component: Designator=C9(0603)
Added Component: Designator=C10(0603)
Added Component: Designator=CT1(6032)
Added Component: Designator=D4(D1206)
Added Pin To Net: NetName=GND Pin=C3-2
Added Pin To Net: NetName=GND Pin=C8-1
Added Pin To Net: NetName=GND Pin=C9-1
Added Pin To Net: NetName=GND Pin=C10-1
Added Pin To Net: NetName=GND Pin=C10-1
Added Pin To Net: NetName=VDD25V Pin=CT1-1
Added Pin To Net: NetName=GND Pin=CT1-2
Added Pin To Net: NetName=DM9000_INT Pin=D4-1
Added Pin To Net: NetName=VDD33V Pin=R9-1
Added Pin To Net: NetName=FSMC_NE2 Pin=R10-1
Added Pin To Net: NetName=GND Pin=R10-1
Added Pin To Net: NetName=VDD33V Pin=R10-1
Added Pin To Net: NetName=VDD33V Pin=R10-2
Added Pin To Net: NetName=GND Pin=R11-2
Added Pin To Net: NetName=VDD25V Pin=U3-2
Added Pin To Net: NetName=FSMC_A7 Pin=U3-32
Added Pin To Net: NetName=FSMC_NOE Pin=U3-35
Added Pin To Net: NetName=FSMC_NWE Pin=U3-36
Added Pin To Net: NetName=FSMC_NE2 Pin=U3-37
Added Pin To Net: NetName=GND Pin=U3-41
Added Pin To Net: NetName=NetC3_1 Pin=C3-1
Added Pin To Net: NetName=NetC3_1 Pin=U3-9
Added Net: Name=NetC3_1
Added Pin To Net: NetName=NetD4_2 Pin=D4-2
Added Pin To Net: NetName=NetD4_2 Pin=U3-34
Added Net: Name=NetD4_2
Added Pin To Net: NetName=NetJ1_9 Pin=J1-9
Added Pin To Net: NetName=NetJ1_9 Pin=J1-12
Added Net: Name=NetJ1_9
Added Pin To Net: NetName=NetR9_2 Pin=R9-2
Added Pin To Net: NetName=NetR9_2 Pin=U3-21
Added Net: Name=NetR9_2
Added Pin To Net: NetName=NetR10_2 Pin=R10-2
Added Pin To Net: NetName=NetR10_2 Pin=U3-20
Added Net: Name=NetR10_2
Added Pin To Net: NetName=NetR11_1 Pin=R11-1
Added Pin To Net: NetName=NetR11_1 Pin=U3-40
Added Net: Name=NetR11_1
Added Member To Class: ClassName=电眼主板 Member=Component C9 电容(贴片)
Added Member To Class: ClassName=电眼主板 Member=Component C10 电容(贴片)
Added Member To Class: ClassName=电眼主板 Member=Component CT1 钽电容(贴片)
Added Member To Class: ClassName=电眼主板 Member=Component D4 二极管(贴片)
