Removed Pin From Net: NetName=GPB5 Pin=R23-1
Removed Pin From Net: NetName=GPB6 Pin=R24-1
Removed Pin From Net: NetName=LED1 Pin=U1-64
Added Component: Designator=D(SOT-23)
Added Component: Designator=U?(sop8)
Added Pin To Net: NetName=GND Pin=D-3
Added Pin To Net: NetName=VDD33V Pin=LED1-1
Added Pin To Net: NetName=VDD33V Pin=LED2-1
Added Pin To Net: NetName=GPB5 Pin=R23-1
Added Pin To Net: NetName=LED1 Pin=R23-1
Added Pin To Net: NetName=GPB6 Pin=R24-1
Added Pin To Net: NetName=GPB5 Pin=U1-47
Added Pin To Net: NetName=GPB6 Pin=U1-48
Added Pin To Net: NetName=GPB6 Pin=U?-1
Added Pin To Net: NetName=GPB5 Pin=U?-4
Added Pin To Net: NetName=GND Pin=U?-5
Added Pin To Net: NetName=VDD33V Pin=U?-8
Change Net Name : Old Net Name=GPB5 New Net Name=USART3_TX
Change Net Name : Old Net Name=GPB6 New Net Name=USART3_RX
Added Pin To Net: NetName=485_A Pin=D-1
Added Pin To Net: NetName=485_A Pin=U?-6
Added Net: Name=485_A
Added Pin To Net: NetName=485_B Pin=D-2
Added Pin To Net: NetName=485_B Pin=U?-7
Added Net: Name=485_B
Added Pin To Net: NetName=LED2 Pin=R24-1
Added Pin To Net: NetName=LED2 Pin=U1-64
Added Net: Name=LED2
Added Pin To Net: NetName=RS485_RE Pin=U1-67
Added Pin To Net: NetName=RS485_RE Pin=U?-2
Added Pin To Net: NetName=RS485_RE Pin=U?-3
Added Net: Name=RS485_RE
Added Member To Class: ClassName=电眼主板 Member=Component D PSM712
Added Member To Class: ClassName=电眼主板 Member=Component U? 集成电路
