Removed Pin From Net: NetName=NetU5_1 Pin=U5-1
Removed Pin From Net: NetName=NetU5_1 Pin=U5-2
Removed Pin From Net: NetName=DAC_OUT1 Pin=U5-3
Removed Pin From Net: NetName=GND Pin=U5-4
Removed Pin From Net: NetName=VCC5V Pin=U5-8
Removed Pin From Net: NetName=USART3_RX Pin=U6-1
Removed Pin From Net: NetName=RS485_RE Pin=U6-2
Removed Pin From Net: NetName=RS485_RE Pin=U6-3
Removed Pin From Net: NetName=USART3_TX Pin=U6-4
Removed Pin From Net: NetName=GND Pin=U6-5
Removed Pin From Net: NetName=485_A Pin=U6-6
Removed Pin From Net: NetName=485_B Pin=U6-7
Removed Pin From Net: NetName=VDD33V Pin=U6-8
Removed Pin From Net: NetName=CAN_TX Pin=U7-1
Removed Pin From Net: NetName=GND Pin=U7-2
Removed Pin From Net: NetName=VDD33V Pin=U7-3
Removed Pin From Net: NetName=CAN_RX Pin=U7-4
Removed Pin From Net: NetName=NetP3_2 Pin=U7-6
Removed Pin From Net: NetName=NetP3_1 Pin=U7-7
Removed Pin From Net: NetName=GND Pin=U7-8
Change Component Footprint: Designator=U5 Old Footprint=sop8 New Footprint=dm9000
Change Component Footprint: Designator=U5 Old Footprint=dm9000 New Footprint=mTQFP48
Change Component Comment : Designator=U5 Old Comment=集成电路 New Comment=DM9000
Change Component Designator: OldDesignator=JTAG NewDesignator=JTAG1
Added Component: Designator=U8(sop8)
Added Component: Designator=U9(sop8)
Added Pin To Net: NetName=NetU5_1 Pin=U7-1
Added Pin To Net: NetName=NetU5_1 Pin=U7-2
Added Pin To Net: NetName=DAC_OUT1 Pin=U7-3
Added Pin To Net: NetName=GND Pin=U7-4
Added Pin To Net: NetName=VCC5V Pin=U7-8
Added Pin To Net: NetName=USART3_RX Pin=U8-1
Added Pin To Net: NetName=RS485_RE Pin=U8-2
Added Pin To Net: NetName=RS485_RE Pin=U8-3
Added Pin To Net: NetName=USART3_TX Pin=U8-4
Added Pin To Net: NetName=GND Pin=U8-5
Added Pin To Net: NetName=485_A Pin=U8-6
Added Pin To Net: NetName=485_B Pin=U8-7
Added Pin To Net: NetName=VDD33V Pin=U8-8
Added Pin To Net: NetName=CAN_TX Pin=U9-1
Added Pin To Net: NetName=GND Pin=U9-2
Added Pin To Net: NetName=VDD33V Pin=U9-3
Added Pin To Net: NetName=CAN_RX Pin=U9-4
Added Pin To Net: NetName=NetP3_2 Pin=U9-6
Added Pin To Net: NetName=NetP3_1 Pin=U9-7
Added Pin To Net: NetName=GND Pin=U9-8
Change Net Name : Old Net Name=NetU5_1 New Net Name=NetU7_1
Added Member To Class: ClassName=电眼主板 Member=Component U8 集成电路
Added Member To Class: ClassName=电眼主板 Member=Component U9 集成电路
