Removed Pin From Net: NetName=VDD33V Pin=BOOT1-1
Removed Pin From Net: NetName=VDD33V Pin=BOOT1-2
Removed Pin From Net: NetName=GND Pin=BOOT1-5
Removed Pin From Net: NetName=GND Pin=BOOT1-6
Removed Pin From Net: NetName=GND Pin=C2-2
Removed Pin From Net: NetName=GND Pin=C3-1
Removed Pin From Net: NetName=VDD33V Pin=C3-2
Removed Pin From Net: NetName=GND Pin=C4-2
Removed Pin From Net: NetName=GND Pin=C5-2
Removed Pin From Net: NetName=VDD33V Pin=C6-1
Removed Pin From Net: NetName=GND Pin=C6-2
Removed Pin From Net: NetName=GND Pin=C11-2
Removed Pin From Net: NetName=GND Pin=C12-1
Removed Pin From Net: NetName=GND Pin=C13-1
Removed Pin From Net: NetName=GND Pin=C14-1
Removed Pin From Net: NetName=VDD33V Pin=C14-2
Removed Pin From Net: NetName=VDD33V Pin=C15-1
Removed Pin From Net: NetName=GND Pin=C15-2
Removed Pin From Net: NetName=GND Pin=C16-1
Removed Pin From Net: NetName=SDCLK Pin=C16-2
Removed Pin From Net: NetName=VDD33V Pin=C17-1
Removed Pin From Net: NetName=GND Pin=C17-2
Removed Pin From Net: NetName=VDD33V Pin=CT1-1
Removed Pin From Net: NetName=GND Pin=CT1-2
Removed Pin From Net: NetName=VDD33V Pin=D2-2
Removed Pin From Net: NetName=485_A Pin=D3-1
Removed Pin From Net: NetName=485_B Pin=D3-2
Removed Pin From Net: NetName=GND Pin=D3-3
Removed Pin From Net: NetName=USB_5V1 Pin=J2-1
Removed Pin From Net: NetName=GND Pin=J2-5
Removed Pin From Net: NetName=VDD33V Pin=JTAG1-1
Removed Pin From Net: NetName=VDD33V Pin=JTAG1-2
Removed Pin From Net: NetName=GND Pin=JTAG1-4
Removed Pin From Net: NetName=GND Pin=JTAG1-6
Removed Pin From Net: NetName=GND Pin=JTAG1-8
Removed Pin From Net: NetName=GND Pin=JTAG1-10
Removed Pin From Net: NetName=GND Pin=JTAG1-12
Removed Pin From Net: NetName=GND Pin=JTAG1-14
Removed Pin From Net: NetName=GND Pin=JTAG1-16
Removed Pin From Net: NetName=GND Pin=JTAG1-18
Removed Pin From Net: NetName=GND Pin=JTAG1-20
Removed Pin From Net: NetName=VDD33V Pin=LED3-1
Removed Pin From Net: NetName=VDD33V Pin=LED4-1
Removed Pin From Net: NetName=VDD33V Pin=Q2-1
Removed Pin From Net: NetName=BOOT0 Pin=R1-2
Removed Pin From Net: NetName=BOOT1 Pin=R2-1
Removed Pin From Net: NetName=VDD33V Pin=R4-2
Removed Pin From Net: NetName=VDD33V Pin=R6-2
Removed Pin From Net: NetName=BOOT0 Pin=R11-1
Removed Pin From Net: NetName=VDD33V Pin=R13-1
Removed Pin From Net: NetName=VDD33V Pin=R14-1
Removed Pin From Net: NetName=VDD33V Pin=R15-1
Removed Pin From Net: NetName=VDD33V Pin=R18-2
Removed Pin From Net: NetName=VDD33V Pin=R19-2
Removed Pin From Net: NetName=485_A Pin=R20-1
Removed Pin From Net: NetName=VDD33V Pin=R20-2
Removed Pin From Net: NetName=VDD33V Pin=R21-1
Removed Pin From Net: NetName=SDDATA0 Pin=R21-2
Removed Pin From Net: NetName=USART3_RX Pin=R22-1
Removed Pin From Net: NetName=NetLED2_2 Pin=R22-2
Removed Pin From Net: NetName=485_A Pin=R23-1
Removed Pin From Net: NetName=485_B Pin=R23-2
Removed Pin From Net: NetName=VDD33V Pin=R24-1
Removed Pin From Net: NetName=SDDATA1 Pin=R24-2
Removed Pin From Net: NetName=GND Pin=R25-1
Removed Pin From Net: NetName=VDD33V Pin=R26-1
Removed Pin From Net: NetName=VDD33V Pin=R27-1
Removed Pin From Net: NetName=SDCMD Pin=R27-2
Removed Pin From Net: NetName=VDD33V Pin=R28-1
Removed Pin From Net: NetName=SDDATA3 Pin=R28-2
Removed Pin From Net: NetName=VDD33V Pin=R29-1
Removed Pin From Net: NetName=SDDATA2 Pin=R29-2
Removed Pin From Net: NetName=VDD33V Pin=R30-1
Removed Pin From Net: NetName=WP_SD_1 Pin=R30-2
Removed Pin From Net: NetName=VDD33V Pin=R31-1
Removed Pin From Net: NetName=NCD_SD Pin=R31-2
Removed Pin From Net: NetName=CAN_TX Pin=R34-2
Removed Pin From Net: NetName=WP_SD_1 Pin=R35-1
Removed Pin From Net: NetName=GND Pin=R35-2
Removed Pin From Net: NetName=485_B Pin=R36-1
Removed Pin From Net: NetName=GND Pin=R36-2
Removed Pin From Net: NetName=CAN_RX Pin=R37-2
Removed Pin From Net: NetName=WP_SD_1 Pin=R38-1
Removed Pin From Net: NetName=WP_SD Pin=R38-2
Removed Pin From Net: NetName=USB_5V1 Pin=R39-1
Removed Pin From Net: NetName=CAN_TX Pin=R39-2
Removed Pin From Net: NetName=NetP3_2 Pin=R40-1
Removed Pin From Net: NetName=NetP3_1 Pin=R40-2
Removed Pin From Net: NetName=GND Pin=U1-10
Removed Pin From Net: NetName=VDD33V Pin=U1-11
Removed Pin From Net: NetName=CH10 Pin=U1-15
Removed Pin From Net: NetName=CH11 Pin=U1-16
Removed Pin From Net: NetName=CH12 Pin=U1-17
Removed Pin From Net: NetName=CH0 Pin=U1-23
Removed Pin From Net: NetName=CH1 Pin=U1-24
Removed Pin From Net: NetName=CH2 Pin=U1-25
Removed Pin From Net: NetName=CH3 Pin=U1-26
Removed Pin From Net: NetName=GND Pin=U1-27
Removed Pin From Net: NetName=VDD33V Pin=U1-28
Removed Pin From Net: NetName=DAC_OUT1 Pin=U1-29
Removed Pin From Net: NetName=CH6 Pin=U1-31
Removed Pin From Net: NetName=CH7 Pin=U1-32
Removed Pin From Net: NetName=CH4 Pin=U1-33
Removed Pin From Net: NetName=CH5 Pin=U1-34
Removed Pin From Net: NetName=CH8 Pin=U1-35
Removed Pin From Net: NetName=CH9 Pin=U1-36
Removed Pin From Net: NetName=BOOT1 Pin=U1-37
Removed Pin From Net: NetName=USART3_TX Pin=U1-47
Removed Pin From Net: NetName=USART3_RX Pin=U1-48
Removed Pin From Net: NetName=GND Pin=U1-49
Removed Pin From Net: NetName=VDD33V Pin=U1-50
Removed Pin From Net: NetName=SDDATA0 Pin=U1-65
Removed Pin From Net: NetName=SDDATA1 Pin=U1-66
Removed Pin From Net: NetName=RS485_RE Pin=U1-67
Removed Pin From Net: NetName=CAN_RX Pin=U1-70
Removed Pin From Net: NetName=CAN_TX Pin=U1-71
Removed Pin From Net: NetName=GND Pin=U1-74
Removed Pin From Net: NetName=VDD33V Pin=U1-75
Removed Pin From Net: NetName=SDDATA2 Pin=U1-78
Removed Pin From Net: NetName=SDDATA3 Pin=U1-79
Removed Pin From Net: NetName=SDCLK Pin=U1-80
Removed Pin From Net: NetName=SDCMD Pin=U1-83
Removed Pin From Net: NetName=BOOT0 Pin=U1-94
Removed Pin From Net: NetName=GND Pin=U1-99
Removed Pin From Net: NetName=VDD33V Pin=U1-100
Removed Pin From Net: NetName=VDD33V Pin=U2-5
Removed Pin From Net: NetName=VDD33V Pin=U2-19
Removed Pin From Net: NetName=GND Pin=U3-1
Removed Pin From Net: NetName=VDD33V Pin=U3-4
Removed Pin From Net: NetName=GND Pin=U4-1
Removed Pin From Net: NetName=GND Pin=U4-2
Removed Pin From Net: NetName=GND Pin=U4-3
Removed Pin From Net: NetName=GND Pin=U4-4
Removed Pin From Net: NetName=GND Pin=U4-7
Removed Pin From Net: NetName=USART3_RX Pin=U5-1
Removed Pin From Net: NetName=RS485_RE Pin=U5-2
Removed Pin From Net: NetName=RS485_RE Pin=U5-3
Removed Pin From Net: NetName=USART3_TX Pin=U5-4
Removed Pin From Net: NetName=GND Pin=U5-5
Removed Pin From Net: NetName=485_A Pin=U5-6
Removed Pin From Net: NetName=485_B Pin=U5-7
Removed Pin From Net: NetName=VDD33V Pin=U5-8
Removed Pin From Net: NetName=DAC_OUT1 Pin=U6-3
Removed Pin From Net: NetName=GND Pin=U6-4
Removed Pin From Net: NetName=VCC5V Pin=U6-8
Removed Pin From Net: NetName=CAN_TX Pin=U7-1
Removed Pin From Net: NetName=GND Pin=U7-2
Removed Pin From Net: NetName=VDD33V Pin=U7-3
Removed Pin From Net: NetName=CAN_RX Pin=U7-4
Removed Pin From Net: NetName=NetP3_2 Pin=U7-6
Removed Pin From Net: NetName=NetP3_1 Pin=U7-7
Removed Pin From Net: NetName=GND Pin=U7-8
Removed Member From Class: ClassName=电眼主板 Member=BOOT1
Removed Member From Class: ClassName=电眼主板 Member=C4
Removed Member From Class: ClassName=电眼主板 Member=C5
Removed Member From Class: ClassName=电眼主板 Member=C6
Removed Member From Class: ClassName=电眼主板 Member=C7
Removed Member From Class: ClassName=电眼主板 Member=C7
Removed Member From Class: ClassName=电眼主板 Member=C8
Removed Member From Class: ClassName=电眼主板 Member=C8
Removed Member From Class: ClassName=电眼主板 Member=C9
Removed Member From Class: ClassName=电眼主板 Member=C10
Removed Member From Class: ClassName=电眼主板 Member=C11
Removed Member From Class: ClassName=电眼主板 Member=C12
Removed Member From Class: ClassName=电眼主板 Member=C13
Removed Member From Class: ClassName=电眼主板 Member=C14
Removed Member From Class: ClassName=电眼主板 Member=C15
Removed Member From Class: ClassName=电眼主板 Member=C16
Removed Member From Class: ClassName=电眼主板 Member=C17
Removed Member From Class: ClassName=电眼主板 Member=CT1
Removed Member From Class: ClassName=电眼主板 Member=D2
Removed Member From Class: ClassName=电眼主板 Member=D3
Removed Member From Class: ClassName=电眼主板 Member=J2
Removed Member From Class: ClassName=电眼主板 Member=JTAG1
Removed Member From Class: ClassName=电眼主板 Member=LED3
Removed Member From Class: ClassName=电眼主板 Member=LED4
Removed Member From Class: ClassName=电眼主板 Member=Q1
Removed Member From Class: ClassName=电眼主板 Member=Q2
Removed Member From Class: ClassName=电眼主板 Member=R20
Removed Member From Class: ClassName=电眼主板 Member=R21
Removed Member From Class: ClassName=电眼主板 Member=R21
Removed Member From Class: ClassName=电眼主板 Member=R22
Removed Member From Class: ClassName=电眼主板 Member=R22
Removed Member From Class: ClassName=电眼主板 Member=R23
Removed Member From Class: ClassName=电眼主板 Member=R23
Removed Member From Class: ClassName=电眼主板 Member=R24
Removed Member From Class: ClassName=电眼主板 Member=R25
Removed Member From Class: ClassName=电眼主板 Member=R25
Removed Member From Class: ClassName=电眼主板 Member=R25
Removed Member From Class: ClassName=电眼主板 Member=R26
Removed Member From Class: ClassName=电眼主板 Member=R27
Removed Member From Class: ClassName=电眼主板 Member=R27
Removed Member From Class: ClassName=电眼主板 Member=R28
Removed Member From Class: ClassName=电眼主板 Member=R28
Removed Member From Class: ClassName=电眼主板 Member=R29
Removed Member From Class: ClassName=电眼主板 Member=R30
Removed Member From Class: ClassName=电眼主板 Member=R30
Removed Member From Class: ClassName=电眼主板 Member=R31
Removed Member From Class: ClassName=电眼主板 Member=R32
Removed Member From Class: ClassName=电眼主板 Member=R32
Removed Member From Class: ClassName=电眼主板 Member=R32
Removed Member From Class: ClassName=电眼主板 Member=R33
Removed Member From Class: ClassName=电眼主板 Member=R33
Removed Member From Class: ClassName=电眼主板 Member=R34
Removed Member From Class: ClassName=电眼主板 Member=R35
Removed Member From Class: ClassName=电眼主板 Member=R35
Removed Member From Class: ClassName=电眼主板 Member=R35
Removed Member From Class: ClassName=电眼主板 Member=R36
Removed Member From Class: ClassName=电眼主板 Member=R36
Removed Member From Class: ClassName=电眼主板 Member=R39
Removed Member From Class: ClassName=电眼主板 Member=R39
Removed Member From Class: ClassName=电眼主板 Member=U5
Removed Member From Class: ClassName=电眼主板 Member=U5
Removed Member From Class: ClassName=电眼主板 Member=U5
Removed Member From Class: ClassName=电眼主板 Member=U6
Removed Member From Class: ClassName=电眼主板 Member=U6
Removed Member From Class: ClassName=电眼主板 Member=U7
Removed Member From Class: ClassName=电眼主板 Member=U7
Removed Member From Class: ClassName=电眼主板 Member=U7
Removed Member From Class: ClassName=电眼主板 Member=Y1
Removed Member From Class: ClassName=电眼主板 Member=Y2
Removed Member From Class: ClassName=电眼主板 Member=Y3
Change Component Footprint: Designator=D1 Old Footprint=D1206 New Footprint=SOT-23
Change Component Footprint: Designator=U1 Old Footprint=LQFP100 New Footprint=sop8
Change Component Footprint: Designator=U3 Old Footprint=MAX811T New Footprint=mTQFP48
Change Component Footprint: Designator=U2 Old Footprint=SSOP20 New Footprint=sop8
Change Component Comment : Designator=U1 Old Comment=STM32F103VxT New Comment=集成电路
Change Component Comment : Designator=D1 Old Comment=二极管(贴片) New Comment=PSM712
Change Component Comment : Designator=U3 Old Comment=集成电路贴片 New Comment=DM9000
Change Component Comment : Designator=U4 Old Comment=集成电路贴片 New Comment=集成电路
Change Component Comment : Designator=U2 Old Comment=集成电路贴片 New Comment=集成电路
Change Component Comment : Designator=C2 Old Comment=贴片电容10pF New Comment=电容(贴片)
Change Component Comment : Designator=C1 Old Comment=贴片电容10pF New Comment=电容(贴片)
Change Component Comment : Designator=R3 Old Comment=贴片电阻 1M New Comment=电阻(贴片)
Added Component: Designator=R16(0603)
Added Component: Designator=R17(0603)
Added Pin To Net: NetName=VDD33V Pin=C1-1
Added Pin To Net: NetName=GND Pin=C2-1
Added Pin To Net: NetName=SDCLK Pin=C2-2
Added Pin To Net: NetName=VDD33V Pin=C3-1
Added Pin To Net: NetName=GND Pin=C3-2
Added Pin To Net: NetName=485_A Pin=D1-1
Added Pin To Net: NetName=485_B Pin=D1-2
Added Pin To Net: NetName=GND Pin=D1-3
Added Pin To Net: NetName=BOOT0 Pin=J1-2
Added Pin To Net: NetName=BOOT1 Pin=J1-3
Added Pin To Net: NetName=BOOT1 Pin=R1-1
Added Pin To Net: NetName=CAN_TX Pin=R1-2
Added Pin To Net: NetName=VDD33V Pin=R2-1
Added Pin To Net: NetName=SDDATA1 Pin=R2-2
Added Pin To Net: NetName=VDD33V Pin=R3-1
Added Pin To Net: NetName=SDDATA0 Pin=R3-2
Added Pin To Net: NetName=VDD33V Pin=R4-1
Added Pin To Net: NetName=SDCLK Pin=R4-2
Added Pin To Net: NetName=VDD33V Pin=R5-1
Added Pin To Net: NetName=SDCMD Pin=R5-2
Added Pin To Net: NetName=VDD33V Pin=R6-1
Added Pin To Net: NetName=SDDATA3 Pin=R6-2
Added Pin To Net: NetName=VDD33V Pin=R7-1
Added Pin To Net: NetName=SDDATA2 Pin=R7-2
Added Pin To Net: NetName=VDD33V Pin=R8-1
Added Pin To Net: NetName=WP_SD_1 Pin=R8-2
Added Pin To Net: NetName=BOOT0 Pin=R9-1
Added Pin To Net: NetName=CAN_RX Pin=R9-2
Added Pin To Net: NetName=VDD33V Pin=R10-1
Added Pin To Net: NetName=NCD_SD Pin=R10-2
Added Pin To Net: NetName=USB_5V1 Pin=R11-1
Added Pin To Net: NetName=CAN_TX Pin=R11-2
Added Pin To Net: NetName=WP_SD_1 Pin=R12-1
Added Pin To Net: NetName=NetP3_1 Pin=R13-1
Added Pin To Net: NetName=NetP3_1 Pin=R13-2
Added Pin To Net: NetName=WP_SD_1 Pin=R14-1
Added Pin To Net: NetName=WP_SD Pin=R14-2
Added Pin To Net: NetName=485_A Pin=R15-1
Added Pin To Net: NetName=VDD33V Pin=R15-2
Added Pin To Net: NetName=485_A Pin=R16-1
Added Pin To Net: NetName=485_B Pin=R16-2
Added Pin To Net: NetName=USART3_TX Pin=R17-1
Added Pin To Net: NetName=NetLED1_2 Pin=R17-2
Added Pin To Net: NetName=USART3_RX Pin=R18-1
Added Pin To Net: NetName=NetLED2_2 Pin=R18-2
Added Pin To Net: NetName=485_B Pin=R19-1
Added Pin To Net: NetName=GND Pin=R19-2
Added Pin To Net: NetName=CH0 Pin=U1-1
Added Pin To Net: NetName=CH0 Pin=U1-2
Added Pin To Net: NetName=DAC_OUT1 Pin=U1-3
Added Pin To Net: NetName=GND Pin=U1-4
Added Pin To Net: NetName=VCC5V Pin=U1-8
Added Pin To Net: NetName=CAN_TX Pin=U2-1
Added Pin To Net: NetName=GND Pin=U2-2
Added Pin To Net: NetName=VDD33V Pin=U2-3
Added Pin To Net: NetName=CAN_RX Pin=U2-4
Added Pin To Net: NetName=NetP3_2 Pin=U2-6
Added Pin To Net: NetName=NetP3_1 Pin=U2-7
Added Pin To Net: NetName=USART3_RX Pin=U4-1
Added Pin To Net: NetName=RS485_RE Pin=U4-2
Added Pin To Net: NetName=RS485_RE Pin=U4-3
Added Pin To Net: NetName=USART3_TX Pin=U4-4
Added Pin To Net: NetName=GND Pin=U4-5
Added Pin To Net: NetName=485_A Pin=U4-6
Added Pin To Net: NetName=485_B Pin=U4-7
Change Net Name : Old Net Name=BOOT0 New Net Name=NetJ1_2
Change Net Name : Old Net Name=BOOT1 New Net Name=NetJ1_3
Change Net Name : Old Net Name=CH0 New Net Name=NetU1_1
Added Member To Class: ClassName=电眼主板 Member=Component R16 电阻(贴片)
Added Member To Class: ClassName=电眼主板 Member=Component R17 电阻(贴片)
