Change Component Designator: Old Designator=DE1 New Designator=DE2
Change Component Designator: Old Designator=DE1 New Designator=DE3
Change Component Designator: Old Designator=DE1 New Designator=DE4
Change Component Designator: Old Designator=DE1 New Designator=DE5
Change Component Designator: Old Designator=DE1 New Designator=DE6
Change Component Designator: Old Designator=DE1 New Designator=DE7
Change Component Designator: Old Designator=DE1 New Designator=DE8
Change Component Designator: Old Designator=DE1 New Designator=DE9
Change Component Designator: Old Designator=DE1 New Designator=DE10
Change Component Designator: Old Designator=DE1 New Designator=DE11
Change Component Designator: Old Designator=DE1 New Designator=DE12
Change Component Designator: Old Designator=DE1 New Designator=DE13
Change Component Designator: Old Designator=DE1 New Designator=DE14
Change Component Designator: Old Designator=DE1 New Designator=DE15
Change Component Designator: Old Designator=DE1 New Designator=DE16
Change Component Designator: Old Designator=LED1 New Designator=LED5
Change Component Designator: Old Designator=LED2 New Designator=LED6
Change Component Designator: Old Designator=LED3 New Designator=LED8
Change Component Designator: Old Designator=LED4 New Designator=LED9
Change Component Designator: Old Designator=LED5 New Designator=LED11
Change Component Designator: Old Designator=LED6 New Designator=LED12
Change Component Designator: Old Designator=LED7 New Designator=LED14
Change Component Designator: Old Designator=LED8 New Designator=LED15
Change Component Designator: Old Designator=LED9 New Designator=LED21
Change Component Designator: Old Designator=LED10 New Designator=LED22
Change Component Designator: Old Designator=LED11 New Designator=LED23
Change Component Designator: Old Designator=LED12 New Designator=LED7
Change Component Designator: Old Designator=LED13 New Designator=LED24
Change Component Designator: Old Designator=LED14 New Designator=LED25
Change Component Designator: Old Designator=LED15 New Designator=LED26
Change Component Designator: Old Designator=LED16 New Designator=LED10
Change Component Designator: Old Designator=LED17 New Designator=LED27
Change Component Designator: Old Designator=LED18 New Designator=LED28
Change Component Designator: Old Designator=LED19 New Designator=LED29
Change Component Designator: Old Designator=LED20 New Designator=LED13
Change Component Designator: Old Designator=LED21 New Designator=LED30
Change Component Designator: Old Designator=LED22 New Designator=LED31
Change Component Designator: Old Designator=LED23 New Designator=LED36
Change Component Designator: Old Designator=LED24 New Designator=LED20
Change Component Designator: Old Designator=LED25 New Designator=LED41
Change Component Designator: Old Designator=LED26 New Designator=LED42
Change Component Designator: Old Designator=LED? New Designator=LED1
Change Component Designator: Old Designator=LED? New Designator=LED2
Change Component Designator: Old Designator=LED? New Designator=LED3
Change Component Designator: Old Designator=LED? New Designator=LED4
Change Component Designator: Old Designator=LED? New Designator=LED16
Change Component Designator: Old Designator=LED? New Designator=LED17
Change Component Designator: Old Designator=LED? New Designator=LED18
Change Component Designator: Old Designator=LED? New Designator=LED19
Change Component Designator: Old Designator=LED? New Designator=LED32
Change Component Designator: Old Designator=LED? New Designator=LED33
Change Component Designator: Old Designator=LED? New Designator=LED34
Change Component Designator: Old Designator=LED? New Designator=LED35
Change Component Designator: Old Designator=LED? New Designator=LED37
Change Component Designator: Old Designator=LED? New Designator=LED38
Change Component Designator: Old Designator=LED? New Designator=LED39
Change Component Designator: Old Designator=LED? New Designator=LED40
Change Component Designator: Old Designator=QE? New Designator=QE1
Change Component Designator: Old Designator=QE? New Designator=QE2
Change Component Designator: Old Designator=QE? New Designator=QE3
Change Component Designator: Old Designator=QE? New Designator=QE4
Change Component Designator: Old Designator=QE? New Designator=QE5
Change Component Designator: Old Designator=QE? New Designator=QE6
Change Component Designator: Old Designator=QE? New Designator=QE7
Change Component Designator: Old Designator=QE? New Designator=QE8
Change Component Designator: Old Designator=QE? New Designator=QE9
Change Component Designator: Old Designator=QE? New Designator=QE10
Change Component Designator: Old Designator=QE? New Designator=QE11
Change Component Designator: Old Designator=QE? New Designator=QE12
Change Component Designator: Old Designator=QE? New Designator=QE13
Change Component Designator: Old Designator=QE? New Designator=QE14
Change Component Designator: Old Designator=QE? New Designator=QE15
Change Component Designator: Old Designator=QE? New Designator=QE16
Change Component Designator: Old Designator=R1 New Designator=R17
Change Component Designator: Old Designator=R2 New Designator=R18
Change Component Designator: Old Designator=R3 New Designator=R19
Change Component Designator: Old Designator=R4 New Designator=R20
Change Component Designator: Old Designator=R5 New Designator=R21
Change Component Designator: Old Designator=R6 New Designator=R22
Change Component Designator: Old Designator=R7 New Designator=R23
Change Component Designator: Old Designator=R8 New Designator=R24
Change Component Designator: Old Designator=R9 New Designator=R25
Change Component Designator: Old Designator=R10 New Designator=R1
Change Component Designator: Old Designator=R10 New Designator=R2
Change Component Designator: Old Designator=R10 New Designator=R3
Change Component Designator: Old Designator=R10 New Designator=R4
Change Component Designator: Old Designator=R10 New Designator=R5
Change Component Designator: Old Designator=R10 New Designator=R6
Change Component Designator: Old Designator=R10 New Designator=R7
Change Component Designator: Old Designator=R10 New Designator=R8
Change Component Designator: Old Designator=R10 New Designator=R9
Change Component Designator: Old Designator=R10 New Designator=R11
Change Component Designator: Old Designator=R10 New Designator=R12
Change Component Designator: Old Designator=R10 New Designator=R13
Change Component Designator: Old Designator=R10 New Designator=R14
Change Component Designator: Old Designator=R10 New Designator=R15
Change Component Designator: Old Designator=R10 New Designator=R16
Change Component Designator: Old Designator=R10 New Designator=R26
Change Component Designator: Old Designator=R11 New Designator=R27
Change Component Designator: Old Designator=R12 New Designator=R28
Change Component Designator: Old Designator=R13 New Designator=R29
Change Component Designator: Old Designator=R14 New Designator=R30
Change Component Designator: Old Designator=R15 New Designator=R31
Change Component Designator: Old Designator=R16 New Designator=R32
Change Component Designator: Old Designator=R17 New Designator=R33
Change Component Designator: Old Designator=R18 New Designator=R34
Change Component Designator: Old Designator=R19 New Designator=R35
Change Component Designator: Old Designator=R20 New Designator=R36
Change Component Designator: Old Designator=R21 New Designator=R37
Change Component Designator: Old Designator=R22 New Designator=R38
Change Component Designator: Old Designator=R23 New Designator=R39
Change Component Designator: Old Designator=R24 New Designator=R40
Change Component Designator: Old Designator=R25 New Designator=R41
Change Component Designator: Old Designator=R26 New Designator=R42
Change Component Designator: Old Designator=R27 New Designator=R43
Change Component Designator: Old Designator=RE4 New Designator=RE1
Change Component Designator: Old Designator=RE4 New Designator=RE2
Change Component Designator: Old Designator=RE4 New Designator=RE3
Change Component Designator: Old Designator=RE4 New Designator=RE5
Change Component Designator: Old Designator=RE4 New Designator=RE6
Change Component Designator: Old Designator=RE4 New Designator=RE7
Change Component Designator: Old Designator=RE4 New Designator=RE8
Change Component Designator: Old Designator=RE4 New Designator=RE9
Change Component Designator: Old Designator=RE4 New Designator=RE10
Change Component Designator: Old Designator=RE4 New Designator=RE11
Change Component Designator: Old Designator=RE4 New Designator=RE12
Change Component Designator: Old Designator=RE4 New Designator=RE13
Change Component Designator: Old Designator=RE4 New Designator=RE14
Change Component Designator: Old Designator=RE4 New Designator=RE15
Change Component Designator: Old Designator=RE4 New Designator=RE16
Change Component Designator: Old Designator=RH3 New Designator=RH4
Change Component Designator: Old Designator=RH4 New Designator=RH5
Change Component Designator: Old Designator=RH5 New Designator=RH7
Change Component Designator: Old Designator=RH6 New Designator=RH8
Change Component Designator: Old Designator=RH7 New Designator=RH10
Change Component Designator: Old Designator=RH8 New Designator=RH11
Change Component Designator: Old Designator=RH9 New Designator=RH13
Change Component Designator: Old Designator=RH10 New Designator=RH14
Change Component Designator: Old Designator=RH11 New Designator=RH15
Change Component Designator: Old Designator=RH12 New Designator=RH3
Change Component Designator: Old Designator=RH13 New Designator=RH16
Change Component Designator: Old Designator=RH14 New Designator=RH17
Change Component Designator: Old Designator=RH15 New Designator=RH18
Change Component Designator: Old Designator=RH16 New Designator=RH6
Change Component Designator: Old Designator=RH17 New Designator=RH19
Change Component Designator: Old Designator=RH18 New Designator=RH20
Change Component Designator: Old Designator=RH19 New Designator=RH21
Change Component Designator: Old Designator=RH20 New Designator=RH9
Change Component Designator: Old Designator=RH21 New Designator=RH22
Change Component Designator: Old Designator=RH22 New Designator=RH23
Change Component Designator: Old Designator=RH23 New Designator=RH24
Change Component Designator: Old Designator=RH24 New Designator=RH12
Change Component Designator: Old Designator=TL3 New Designator=TL4
Change Component Designator: Old Designator=TL4 New Designator=TL5
Change Component Designator: Old Designator=TL5 New Designator=TL6
Change Component Designator: Old Designator=TL6 New Designator=TL3
