Removed Pin From Net: NetName=NetC3_1 Pin=C3-1
Removed Pin From Net: NetName=GND Pin=C4-1
Removed Pin From Net: NetName=VDD25V Pin=C4-2
Removed Pin From Net: NetName=NetC8_2 Pin=C8-2
Removed Pin From Net: NetName=NetR9_2 Pin=R9-2
Removed Pin From Net: NetName=VDD33V Pin=R10-1
Removed Pin From Net: NetName=NetR10_2 Pin=R10-2
Removed Pin From Net: NetName=NetR11_1 Pin=R11-1
Removed Pin From Net: NetName=GND Pin=R11-2
Removed Pin From Net: NetName=485_B Pin=R16-1
Removed Pin From Net: NetName=NetR17_1 Pin=R17-1
Removed Pin From Net: NetName=LEDB Pin=R17-2
Removed Pin From Net: NetName=NetR18_1 Pin=R18-1
Removed Pin From Net: NetName=LEDA Pin=R18-2
Removed Pin From Net: NetName=NetC7_2 Pin=R19-1
Removed Pin From Net: NetName=NetJ1_1 Pin=R19-2
Removed Pin From Net: NetName=NetC7_2 Pin=R20-1
Removed Pin From Net: NetName=NetJ1_2 Pin=R20-2
Removed Pin From Net: NetName=NetC8_2 Pin=R21-1
Removed Pin From Net: NetName=NetC8_2 Pin=R22-1
Removed Pin From Net: NetName=NetR10_2 Pin=U3-20
Removed Pin From Net: NetName=NetR9_2 Pin=U3-21
Removed Pin From Net: NetName=NetR17_1 Pin=U3-38
Removed Pin From Net: NetName=NetR18_1 Pin=U3-39
Removed Pin From Net: NetName=NetR11_1 Pin=U3-40
Change Component Designator: OldDesignator=C5 NewDesignator=C10
Change Component Designator: OldDesignator=C6 NewDesignator=C11
Change Component Designator: OldDesignator=C10 NewDesignator=C6
Change Component Designator: OldDesignator=D4 NewDesignator=D2
Change Component Designator: OldDesignator=R21 NewDesignator=R26
Change Component Designator: OldDesignator=R22 NewDesignator=R27
Added Component: Designator=C5(0603)
Added Component: Designator=C12(0603)
Added Component: Designator=C13(0603)
Added Component: Designator=R21(0603)
Added Component: Designator=R22(0603)
Added Component: Designator=R23(0603)
Added Component: Designator=R24(0603)
Added Component: Designator=R25(0603)
Added Pin To Net: NetName=VDD33V Pin=C3-1
Added Pin To Net: NetName=NetC3_1 Pin=C4-1
Added Pin To Net: NetName=GND Pin=C4-2
Added Pin To Net: NetName=GND Pin=C5-1
Added Pin To Net: NetName=VDD25V Pin=C5-2
Added Pin To Net: NetName=NetC7_2 Pin=C6-2
Added Pin To Net: NetName=NetC7_2 Pin=C8-2
Added Pin To Net: NetName=NetC7_2 Pin=C9-2
Added Pin To Net: NetName=GND Pin=C12-1
Added Pin To Net: NetName=NetC8_2 Pin=C12-2
Added Pin To Net: NetName=GND Pin=C13-1
Added Pin To Net: NetName=NetR9_2 Pin=C13-2
Added Pin To Net: NetName=NCD_SD Pin=R9-2
Added Pin To Net: NetName=WP_SD_1 Pin=R10-1
Added Pin To Net: NetName=GND Pin=R10-2
Added Pin To Net: NetName=WP_SD_1 Pin=R11-1
Added Pin To Net: NetName=WP_SD Pin=R11-2
Added Pin To Net: NetName=NetR10_2 Pin=R16-1
Added Pin To Net: NetName=FSMC_NE2 Pin=R17-1
Added Pin To Net: NetName=VDD33V Pin=R17-2
Added Pin To Net: NetName=GND Pin=R18-1
Added Pin To Net: NetName=NetR11_1 Pin=R18-2
Added Pin To Net: NetName=VDD33V Pin=R19-1
Added Pin To Net: NetName=NetR17_1 Pin=R19-2
Added Pin To Net: NetName=VDD33V Pin=R20-1
Added Pin To Net: NetName=NetR18_1 Pin=R20-2
Added Pin To Net: NetName=485_B Pin=R21-1
Added Pin To Net: NetName=GND Pin=R21-2
Added Pin To Net: NetName=LEDB Pin=R22-2
Added Pin To Net: NetName=LEDA Pin=R23-2
Added Pin To Net: NetName=NetC8_2 Pin=R24-1
Added Pin To Net: NetName=NetJ1_1 Pin=R24-2
Added Pin To Net: NetName=NetC8_2 Pin=R25-1
Added Pin To Net: NetName=NetJ1_2 Pin=R25-2
Added Pin To Net: NetName=NetR9_2 Pin=R26-1
Added Pin To Net: NetName=NetR9_2 Pin=R27-1
Added Pin To Net: NetName=NetR11_1 Pin=U3-1
Added Pin To Net: NetName=NetR18_1 Pin=U3-20
Added Pin To Net: NetName=NetR17_1 Pin=U3-21
Added Pin To Net: NetName=NetC7_2 Pin=U3-23
Added Pin To Net: NetName=NetC7_2 Pin=U3-30
Added Pin To Net: NetName=NetR10_2 Pin=U3-40
Added Pin To Net: NetName=NetC7_2 Pin=U3-42
Change Net Name : Old Net Name=NetC3_1 New Net Name=NetC4_1
Change Net Name : Old Net Name=NetC5_1 New Net Name=NetC10_1
Change Net Name : Old Net Name=NetC6_1 New Net Name=NetC11_1
Change Net Name : Old Net Name=NetC7_2 New Net Name=NetC6_2
Change Net Name : Old Net Name=NetC8_2 New Net Name=NetC12_2
Change Net Name : Old Net Name=NetD4_2 New Net Name=NetD2_2
Change Net Name : Old Net Name=NetR9_2 New Net Name=NetC13_2
Change Net Name : Old Net Name=NetR10_2 New Net Name=NetR16_1
Change Net Name : Old Net Name=NetR11_1 New Net Name=NetR18_2
Change Net Name : Old Net Name=NetR17_1 New Net Name=NetR19_2
Change Net Name : Old Net Name=NetR18_1 New Net Name=NetR20_2
Added Pin To Net: NetName=NetR22_1 Pin=R22-1
Added Pin To Net: NetName=NetR22_1 Pin=U3-38
Added Net: Name=NetR22_1
Added Pin To Net: NetName=NetR23_1 Pin=R23-1
Added Pin To Net: NetName=NetR23_1 Pin=U3-39
Added Net: Name=NetR23_1
Added Member To Class: ClassName=电眼主板 Member=Component C11 贴片电容 1uF
Added Member To Class: ClassName=电眼主板 Member=Component C12 电容(贴片)
Added Member To Class: ClassName=电眼主板 Member=Component C13 电容(贴片)
Added Member To Class: ClassName=电眼主板 Member=Component R23 电阻(贴片)
Added Member To Class: ClassName=电眼主板 Member=Component R24 电阻(贴片)
Added Member To Class: ClassName=电眼主板 Member=Component R25 电阻(贴片)
Added Member To Class: ClassName=电眼主板 Member=Component R26 电阻(贴片)
Added Member To Class: ClassName=电眼主板 Member=Component R27 电阻(贴片)
