Removed Pin From Net: NetName=NetBOOT1_3 Pin=BOOT1-3
Removed Pin From Net: NetName=NetBOOT1_4 Pin=BOOT1-4
Removed Pin From Net: NetName=GND Pin=BOOT1-5
Removed Pin From Net: NetName=GND Pin=BOOT1-6
Removed Pin From Net: NetName=GND Pin=C1-2
Removed Pin From Net: NetName=GND Pin=C4-2
Removed Pin From Net: NetName=GND Pin=C5-2
Removed Pin From Net: NetName=GND Pin=C6-1
Removed Pin From Net: NetName=GND Pin=C7-1
Removed Pin From Net: NetName=GND Pin=C8-2
Removed Pin From Net: NetName=GND Pin=C9-2
Removed Pin From Net: NetName=NetC10_1 Pin=C10-1
Removed Pin From Net: NetName=GND Pin=C10-2
Removed Pin From Net: NetName=GND Pin=C11-2
Removed Pin From Net: NetName=GND Pin=C12-1
Removed Pin From Net: NetName=GND Pin=C13-1
Removed Pin From Net: NetName=GND Pin=C14-1
Removed Pin From Net: NetName=GND Pin=C15-1
Removed Pin From Net: NetName=GND Pin=C16-1
Removed Pin From Net: NetName=GND Pin=C17-1
Removed Pin From Net: NetName=GND Pin=C18-1
Removed Pin From Net: NetName=GND Pin=C19-1
Removed Pin From Net: NetName=GND Pin=C20-1
Removed Pin From Net: NetName=GND Pin=C21-1
Removed Pin From Net: NetName=GND Pin=C22-1
Removed Pin From Net: NetName=GND Pin=C23-1
Removed Pin From Net: NetName=GND Pin=C24-1
Removed Pin From Net: NetName=NetC24_2 Pin=C24-2
Removed Pin From Net: NetName=GND Pin=C25-1
Removed Pin From Net: NetName=NetC25_2 Pin=C25-2
Removed Pin From Net: NetName=GND Pin=C26-1
Removed Pin From Net: NetName=GND Pin=C27-2
Removed Pin From Net: NetName=GND Pin=C28-2
Removed Pin From Net: NetName=GND Pin=C29-2
Removed Pin From Net: NetName=GND Pin=C30-2
Removed Pin From Net: NetName=GND Pin=C31-2
Removed Pin From Net: NetName=GND Pin=C32-2
Removed Pin From Net: NetName=GND Pin=C33-2
Removed Pin From Net: NetName=GND Pin=C34-2
Removed Pin From Net: NetName=GND Pin=C35-2
Removed Pin From Net: NetName=GND Pin=C36-1
Removed Pin From Net: NetName=VCC5V Pin=C36-2
Removed Pin From Net: NetName=GND Pin=C37-2
Removed Pin From Net: NetName=GND Pin=C38-2
Removed Pin From Net: NetName=GND Pin=C39-2
Removed Pin From Net: NetName=CAN_TX Pin=CAN_BUS1-1
Removed Pin From Net: NetName=CAN_RX Pin=CAN_BUS1-2
Removed Pin From Net: NetName=NetCAN_BUS1_5 Pin=CAN_BUS1-5
Removed Pin From Net: NetName=NetCAN_BUS1_6 Pin=CAN_BUS1-6
Removed Pin From Net: NetName=GND Pin=CT1-2
Removed Pin From Net: NetName=GND Pin=CT2-2
Removed Pin From Net: NetName=NetD1_2 Pin=D1-2
Removed Pin From Net: NetName=RESET Pin=D2-1
Removed Pin From Net: NetName=NetD2_2 Pin=D2-2
Removed Pin From Net: NetName=NetD3_1 Pin=D3-1
Removed Pin From Net: NetName=NetD4_1 Pin=D4-1
Removed Pin From Net: NetName=VCC5V Pin=F1-1
Removed Pin From Net: NetName=NetJ1_2 Pin=J1-2
Removed Pin From Net: NetName=NetJ1_3 Pin=J1-3
Removed Pin From Net: NetName=GND Pin=J1-5
Removed Pin From Net: NetName=JTRST Pin=JTAG1-3
Removed Pin From Net: NetName=GND Pin=JTAG1-4
Removed Pin From Net: NetName=JTDI Pin=JTAG1-5
Removed Pin From Net: NetName=GND Pin=JTAG1-6
Removed Pin From Net: NetName=JTMS Pin=JTAG1-7
Removed Pin From Net: NetName=GND Pin=JTAG1-8
Removed Pin From Net: NetName=JTCK Pin=JTAG1-9
Removed Pin From Net: NetName=GND Pin=JTAG1-10
Removed Pin From Net: NetName=GND Pin=JTAG1-12
Removed Pin From Net: NetName=JTDO Pin=JTAG1-13
Removed Pin From Net: NetName=GND Pin=JTAG1-14
Removed Pin From Net: NetName=RESET Pin=JTAG1-15
Removed Pin From Net: NetName=GND Pin=JTAG1-16
Removed Pin From Net: NetName=GND Pin=JTAG1-18
Removed Pin From Net: NetName=GND Pin=JTAG1-20
Removed Pin From Net: NetName=VDD33V Pin=LED1-1
Removed Pin From Net: NetName=NetLED1_2 Pin=LED1-2
Removed Pin From Net: NetName=VDD33V Pin=LED2-1
Removed Pin From Net: NetName=NetLED2_2 Pin=LED2-2
Removed Pin From Net: NetName=FSMC_A23 Pin=P1-1
Removed Pin From Net: NetName=FSMC_A19 Pin=P1-2
Removed Pin From Net: NetName=FSMC_A20 Pin=P1-3
Removed Pin From Net: NetName=FSMC_A21 Pin=P1-4
Removed Pin From Net: NetName=FSMC_A22 Pin=P1-5
Removed Pin From Net: NetName=PC13 Pin=P1-6
Removed Pin From Net: NetName=FSMC_A0 Pin=P1-7
Removed Pin From Net: NetName=FSMC_A1 Pin=P1-8
Removed Pin From Net: NetName=FSMC_A2 Pin=P1-9
Removed Pin From Net: NetName=FSMC_A3 Pin=P1-10
Removed Pin From Net: NetName=FSMC_A4 Pin=P1-11
Removed Pin From Net: NetName=FSMC_A5 Pin=P1-12
Removed Pin From Net: NetName=GND Pin=P1-13
Removed Pin From Net: NetName=VDD33V Pin=P1-14
Removed Pin From Net: NetName=FSMC_NIORD Pin=P1-15
Removed Pin From Net: NetName=FSMC_NREG Pin=P1-16
Removed Pin From Net: NetName=FSMC_NIOWR Pin=P1-17
Removed Pin From Net: NetName=FSMC_CD Pin=P1-18
Removed Pin From Net: NetName=FSMC_INTR Pin=P1-19
Removed Pin From Net: NetName=RESET Pin=P1-20
Removed Pin From Net: NetName=CH10 Pin=P1-21
Removed Pin From Net: NetName=CH11 Pin=P1-22
Removed Pin From Net: NetName=CH12 Pin=P1-23
Removed Pin From Net: NetName=CH13 Pin=P1-24
Removed Pin From Net: NetName=GND Pin=P1-25
Removed Pin From Net: NetName=VDD33V Pin=P1-26
Removed Pin From Net: NetName=CH0 Pin=P1-27
Removed Pin From Net: NetName=CH1 Pin=P1-28
Removed Pin From Net: NetName=CH2 Pin=P1-29
Removed Pin From Net: NetName=CH3 Pin=P1-30
Removed Pin From Net: NetName=DAC_OUT1 Pin=P1-31
Removed Pin From Net: NetName=DAC_OUT2 Pin=P1-32
Removed Pin From Net: NetName=CH6 Pin=P1-33
Removed Pin From Net: NetName=CH7 Pin=P1-34
Removed Pin From Net: NetName=CH4 Pin=P1-35
Removed Pin From Net: NetName=CH5 Pin=P1-36
Removed Pin From Net: NetName=CH8 Pin=P1-37
Removed Pin From Net: NetName=CH9 Pin=P1-38
Removed Pin From Net: NetName=FSMC_NIOS16 Pin=P1-39
Removed Pin From Net: NetName=FSMC_A6 Pin=P1-40
Removed Pin From Net: NetName=FSMC_A7 Pin=P1-41
Removed Pin From Net: NetName=FSMC_A8 Pin=P1-42
Removed Pin From Net: NetName=FSMC_A9 Pin=P1-43
Removed Pin From Net: NetName=FSMC_A10 Pin=P1-44
Removed Pin From Net: NetName=FSMC_A11 Pin=P1-45
Removed Pin From Net: NetName=FSMC_D4 Pin=P1-46
Removed Pin From Net: NetName=FSMC_D5 Pin=P1-47
Removed Pin From Net: NetName=FSMC_D6 Pin=P1-48
Removed Pin From Net: NetName=FSMC_D7 Pin=P1-49
Removed Pin From Net: NetName=FSMC_D8 Pin=P1-50
Removed Pin From Net: NetName=FSMC_D9 Pin=P1-51
Removed Pin From Net: NetName=FSMC_D10 Pin=P1-52
Removed Pin From Net: NetName=FSMC_D11 Pin=P1-53
Removed Pin From Net: NetName=FSMC_D12 Pin=P1-54
Removed Pin From Net: NetName=USART3_TX Pin=P1-55
Removed Pin From Net: NetName=USART3_RX Pin=P1-56
Removed Pin From Net: NetName=GND Pin=P1-57
Removed Pin From Net: NetName=GND Pin=P1-58
Removed Pin From Net: NetName=VCC5V Pin=P1-59
Removed Pin From Net: NetName=VCC5V Pin=P1-60
Removed Pin From Net: NetName=VDD33V Pin=P2-1
Removed Pin From Net: NetName=GND Pin=P2-2
Removed Pin From Net: NetName=CAN_TX Pin=P2-3
Removed Pin From Net: NetName=CAN_RX Pin=P2-4
Removed Pin From Net: NetName=FSMC_NBL1 Pin=P2-5
Removed Pin From Net: NetName=FSMC_NBL0 Pin=P2-6
Removed Pin From Net: NetName=LED1 Pin=P2-7
Removed Pin From Net: NetName=LED0 Pin=P2-8
Removed Pin From Net: NetName=I2C1_SDA Pin=P2-9
Removed Pin From Net: NetName=I2C1_SCL Pin=P2-10
Removed Pin From Net: NetName=LED2 Pin=P2-11
Removed Pin From Net: NetName=PG15 Pin=P2-12
Removed Pin From Net: NetName=GND Pin=P2-13
Removed Pin From Net: NetName=VDD33V Pin=P2-14
Removed Pin From Net: NetName=FSMC_A25 Pin=P2-15
Removed Pin From Net: NetName=FSMC_A24 Pin=P2-16
Removed Pin From Net: NetName=FSMC_NE4 Pin=P2-17
Removed Pin From Net: NetName=PG11 Pin=P2-18
Removed Pin From Net: NetName=FSMC_NE3 Pin=P2-19
Removed Pin From Net: NetName=FSMC_NE2 Pin=P2-20
Removed Pin From Net: NetName=DM9000_RST Pin=P2-21
Removed Pin From Net: NetName=FSMC_NWAIT Pin=P2-22
Removed Pin From Net: NetName=VDD33V Pin=P2-23
Removed Pin From Net: NetName=GND Pin=P2-24
Removed Pin From Net: NetName=FSMC_NWE Pin=P2-25
Removed Pin From Net: NetName=FSMC_NOE Pin=P2-26
Removed Pin From Net: NetName=FSMC_CLK Pin=P2-27
Removed Pin From Net: NetName=SDCMD Pin=P2-28
Removed Pin From Net: NetName=FSMC_D3 Pin=P2-29
Removed Pin From Net: NetName=FSMC_D2 Pin=P2-30
Removed Pin From Net: NetName=SDCLK Pin=P2-31
Removed Pin From Net: NetName=SDDATA3 Pin=P2-32
Removed Pin From Net: NetName=SDDATA2 Pin=P2-33
Removed Pin From Net: NetName=USART1_RX Pin=P2-34
Removed Pin From Net: NetName=USART1_TX Pin=P2-35
Removed Pin From Net: NetName=PA8 Pin=P2-36
Removed Pin From Net: NetName=SDDATA1 Pin=P2-37
Removed Pin From Net: NetName=SDDATA0 Pin=P2-38
Removed Pin From Net: NetName=PC7 Pin=P2-39
Removed Pin From Net: NetName=PC6 Pin=P2-40
Removed Pin From Net: NetName=RS485_RE Pin=P2-42
Removed Pin From Net: NetName=FSMC_INT3 Pin=P2-43
Removed Pin From Net: NetName=DM9000_INT Pin=P2-44
Removed Pin From Net: NetName=FSMC_A15 Pin=P2-45
Removed Pin From Net: NetName=FSMC_A14 Pin=P2-46
Removed Pin From Net: NetName=FSMC_A13 Pin=P2-47
Removed Pin From Net: NetName=FSMC_A12 Pin=P2-48
Removed Pin From Net: NetName=FSMC_D1 Pin=P2-49
Removed Pin From Net: NetName=FSMC_D0 Pin=P2-50
Removed Pin From Net: NetName=FSMC_A18 Pin=P2-51
Removed Pin From Net: NetName=FSMC_A17 Pin=P2-52
Removed Pin From Net: NetName=FSMC_A16 Pin=P2-53
Removed Pin From Net: NetName=FSMC_D15 Pin=P2-54
Removed Pin From Net: NetName=FSMC_D14 Pin=P2-55
Removed Pin From Net: NetName=FSMC_D13 Pin=P2-56
Removed Pin From Net: NetName=PB15 Pin=P2-57
Removed Pin From Net: NetName=PB14 Pin=P2-58
Removed Pin From Net: NetName=PB13 Pin=P2-59
Removed Pin From Net: NetName=PB12 Pin=P2-60
Removed Pin From Net: NetName=A0 Pin=P3-1
Removed Pin From Net: NetName=CH1 Pin=P3-2
Removed Pin From Net: NetName=A1 Pin=P3-3
Removed Pin From Net: NetName=CH2 Pin=P3-4
Removed Pin From Net: NetName=A2 Pin=P3-5
Removed Pin From Net: NetName=CH3 Pin=P3-6
Removed Pin From Net: NetName=EN Pin=P3-7
Removed Pin From Net: NetName=CH4 Pin=P3-8
Removed Pin From Net: NetName=CH5 Pin=P3-10
Removed Pin From Net: NetName=CH6 Pin=P3-12
Removed Pin From Net: NetName=VCC5V Pin=P3-13
Removed Pin From Net: NetName=CH7 Pin=P3-14
Removed Pin From Net: NetName=VCC5V Pin=P3-15
Removed Pin From Net: NetName=CH8 Pin=P3-16
Removed Pin From Net: NetName=GND Pin=P3-17
Removed Pin From Net: NetName=CH9 Pin=P3-18
Removed Pin From Net: NetName=GND Pin=P3-19
Removed Pin From Net: NetName=CH10 Pin=P3-20
Removed Pin From Net: NetName=VCC3.3 Pin=P3-21
Removed Pin From Net: NetName=CH11 Pin=P3-22
Removed Pin From Net: NetName=VCC3.3 Pin=P3-23
Removed Pin From Net: NetName=CH12 Pin=P3-24
Removed Pin From Net: NetName=NetP5_1 Pin=P5-1
Removed Pin From Net: NetName=NetP5_2 Pin=P5-2
Removed Pin From Net: NetName=NetPOWER1_2 Pin=POWER1-2
Removed Pin From Net: NetName=NetQ1_2 Pin=Q1-2
Removed Pin From Net: NetName=NetD2_2 Pin=Q1-3
Removed Pin From Net: NetName=NetQ2_2 Pin=Q2-2
Removed Pin From Net: NetName=NetQ2_3 Pin=Q2-3
Removed Pin From Net: NetName=NetJ1_3 Pin=R1-1
Removed Pin From Net: NetName=CAN_TX Pin=R1-2
Removed Pin From Net: NetName=LED1 Pin=R5-1
Removed Pin From Net: NetName=NetLED1_2 Pin=R5-2
Removed Pin From Net: NetName=NetJ1_2 Pin=R9-1
Removed Pin From Net: NetName=CAN_RX Pin=R9-2
Removed Pin From Net: NetName=VDD33V Pin=R10-1
Removed Pin From Net: NetName=NCD_SD Pin=R10-2
Removed Pin From Net: NetName=CAN_TX Pin=R11-2
Removed Pin From Net: NetName=NetP5_1 Pin=R13-1
Removed Pin From Net: NetName=NetP5_1 Pin=R13-2
Removed Pin From Net: NetName=WP_SD_1 Pin=R14-1
Removed Pin From Net: NetName=WP_SD Pin=R14-2
Removed Pin From Net: NetName=485_A Pin=R15-1
Removed Pin From Net: NetName=VDD33V Pin=R15-2
Removed Pin From Net: NetName=485_A Pin=R16-1
Removed Pin From Net: NetName=485_B Pin=R16-2
Removed Pin From Net: NetName=USART3_TX Pin=R17-1
Removed Pin From Net: NetName=NetLED1_2 Pin=R17-2
Removed Pin From Net: NetName=USART3_RX Pin=R18-1
Removed Pin From Net: NetName=NetLED2_2 Pin=R18-2
Removed Pin From Net: NetName=485_B Pin=R19-1
Removed Pin From Net: NetName=GND Pin=R19-2
Removed Pin From Net: NetName=NetBOOT1_3 Pin=R20-1
Removed Pin From Net: NetName=BOOT0 Pin=R20-2
Removed Pin From Net: NetName=BOOT1 Pin=R21-1
Removed Pin From Net: NetName=NetBOOT1_4 Pin=R21-2
Removed Pin From Net: NetName=I2C1_SCL Pin=R22-1
Removed Pin From Net: NetName=JTDO Pin=R23-2
Removed Pin From Net: NetName=NetR24_1 Pin=R24-1
Removed Pin From Net: NetName=NetCAN_BUS1_5 Pin=R24-2
Removed Pin From Net: NetName=NetCAN_BUS1_6 Pin=R25-2
Removed Pin From Net: NetName=NetR24_1 Pin=R26-1
Removed Pin From Net: NetName=GND Pin=RESET_B-1
Removed Pin From Net: NetName=GND Pin=RESET_B-1
Removed Pin From Net: NetName=DAC_OUT1 Pin=U1-3
Removed Pin From Net: NetName=GND Pin=U1-4
Removed Pin From Net: NetName=VCC5V Pin=U1-8
Removed Pin From Net: NetName=CAN_TX Pin=U2-1
Removed Pin From Net: NetName=GND Pin=U2-2
Removed Pin From Net: NetName=VDD33V Pin=U2-3
Removed Pin From Net: NetName=CAN_RX Pin=U2-4
Removed Pin From Net: NetName=NetP5_2 Pin=U2-6
Removed Pin From Net: NetName=NetP5_1 Pin=U2-7
Removed Pin From Net: NetName=GND Pin=U2-8
Removed Pin From Net: NetName=USART3_RX Pin=U4-1
Removed Pin From Net: NetName=RS485_RE Pin=U4-2
Removed Pin From Net: NetName=RS485_RE Pin=U4-3
Removed Pin From Net: NetName=USART3_TX Pin=U4-4
Removed Pin From Net: NetName=GND Pin=U4-5
Removed Pin From Net: NetName=485_A Pin=U4-6
Removed Pin From Net: NetName=485_B Pin=U4-7
Removed Pin From Net: NetName=VDD33V Pin=U4-8
Removed Pin From Net: NetName=GND Pin=U5-1
Removed Pin From Net: NetName=GND Pin=U5-2
Removed Pin From Net: NetName=GND Pin=U5-3
Removed Pin From Net: NetName=GND Pin=U5-4
Removed Pin From Net: NetName=I2C1_SDA Pin=U5-5
Removed Pin From Net: NetName=I2C1_SCL Pin=U5-6
Removed Pin From Net: NetName=GND Pin=U5-7
Removed Pin From Net: NetName=GND Pin=U6-1
Removed Pin From Net: NetName=VCC5V Pin=U6-3
Removed Pin From Net: NetName=NetD3_1 Pin=USB_232-1
Removed Pin From Net: NetName=NetR11_1 Pin=USB_232-2
Removed Pin From Net: NetName=GND Pin=USB_232-5
Removed Pin From Net: NetName=NetD4_1 Pin=USB_HOST1-1
Removed Pin From Net: NetName=NetR24_1 Pin=USB_HOST1-3
Removed Pin From Net: NetName=GND Pin=USB_HOST1-5
Removed Pin From Net: NetName=NetC24_2 Pin=Y3-1
Removed Pin From Net: NetName=NetC24_2 Pin=Y3-1
Removed Pin From Net: NetName=NetC25_2 Pin=Y3-2
Removed Pin From Net: NetName=NetC25_2 Pin=Y3-2
Removed Member From Class: ClassName=电眼主板 Member=D4
Removed Member From Class: ClassName=电眼主板 Member=D4
Removed Member From Class: ClassName=电眼主板 Member=D4
Removed Member From Class: ClassName=电眼主板 Member=D4
Removed Member From Class: ClassName=电眼主板 Member=D4
Removed Member From Class: ClassName=电眼主板 Member=R17
Removed Member From Class: ClassName=电眼主板 Member=R17
Removed Member From Class: ClassName=电眼主板 Member=R17
Removed Member From Class: ClassName=电眼主板 Member=R17
Removed Member From Class: ClassName=电眼主板 Member=R17
Removed Member From Class: ClassName=电眼主板 Member=R18
Removed Member From Class: ClassName=电眼主板 Member=R18
Removed Member From Class: ClassName=电眼主板 Member=R18
Removed Member From Class: ClassName=电眼主板 Member=R18
Removed Member From Class: ClassName=电眼主板 Member=R18
Removed Member From Class: ClassName=电眼主板 Member=R19
Removed Member From Class: ClassName=电眼主板 Member=R19
Removed Member From Class: ClassName=电眼主板 Member=R19
Removed Member From Class: ClassName=电眼主板 Member=R19
Removed Member From Class: ClassName=电眼主板 Member=R19
Change Component Footprint: Designator=U4 Old Footprint=MAX811T New Footprint=mTQFP48
Change Component Footprint: Designator=J1 Old Footprint=miniusb New Footprint=HR911105A
Change Component Footprint: Designator=U3 Old Footprint=SOIC-8 New Footprint=sop8
Change Component Comment : Designator=U3 Old Comment=W25Q128 New Comment=集成电路
Change Component Comment : Designator=P2 Old Comment=Header 30X2 New Comment=牛角插座
Change Component Comment : Designator=J1 Old Comment=miniusb New Comment=RJ45
Change Component Comment : Designator=U4 Old Comment=集成电路贴片 New Comment=DM9000
Change Component Designator: OldDesignator=P4 NewDesignator=P3
Change Component Designator: OldDesignator=P5 NewDesignator=P1
Added Component: Designator=LED4(LED-0805)
Added Component: Designator=LED5(LED-0805)
Added Component: Designator=LED6(LED-0805)
Added Component: Designator=LED7(LED-0805)
Added Component: Designator=LED8(LED-0805)
Added Component: Designator=P4(HDR2X30)
Added Component: Designator=P5(HDR2X30)
Added Component: Designator=RH1(0805)
Added Component: Designator=RH2(0805)
Added Component: Designator=RH3(0805)
Added Component: Designator=RH4(0805)
Added Component: Designator=RH5(0805)
Added Component: Designator=RH6(0805)
Added Component: Designator=RH7(0805)
Added Component: Designator=RH8(0805)
Added Component: Designator=TL1(SOP16)
Added Component: Designator=TL2(SOP16)
Added Pin To Net: NetName=485_A Pin=D1-1
Added Pin To Net: NetName=485_B Pin=D1-2
Added Pin To Net: NetName=BOOT1 Pin=LED1-1
Added Pin To Net: NetName=DTS Pin=LED2-1
Added Pin To Net: NetName=F_CS Pin=LED3-1
Added Pin To Net: NetName=JTCK Pin=LED4-1
Added Pin To Net: NetName=JTDI Pin=LED4-2
Added Pin To Net: NetName=JTDO Pin=LED5-1
Added Pin To Net: NetName=JTMS Pin=LED5-2
Added Pin To Net: NetName=JTRST Pin=LED6-1
Added Pin To Net: NetName=NetBOOT1_3 Pin=LED6-2
Added Pin To Net: NetName=VDD33V Pin=LED7-1
Added Pin To Net: NetName=NetBOOT1_4 Pin=LED7-2
Added Pin To Net: NetName=VDD33V Pin=LED8-1
Added Pin To Net: NetName=NetC10_1 Pin=LED8-2
Added Pin To Net: NetName=NetC24_2 Pin=P1-1
Added Pin To Net: NetName=NetC25_2 Pin=P1-2
Added Pin To Net: NetName=A0 Pin=P2-1
Added Pin To Net: NetName=CH1 Pin=P2-2
Added Pin To Net: NetName=A1 Pin=P2-3
Added Pin To Net: NetName=CH2 Pin=P2-4
Added Pin To Net: NetName=A2 Pin=P2-5
Added Pin To Net: NetName=CH3 Pin=P2-6
Added Pin To Net: NetName=EN Pin=P2-7
Added Pin To Net: NetName=CH4 Pin=P2-8
Added Pin To Net: NetName=CH5 Pin=P2-10
Added Pin To Net: NetName=CH6 Pin=P2-12
Added Pin To Net: NetName=VCC5V Pin=P2-13
Added Pin To Net: NetName=CH7 Pin=P2-14
Added Pin To Net: NetName=VCC5V Pin=P2-15
Added Pin To Net: NetName=CH8 Pin=P2-16
Added Pin To Net: NetName=GND Pin=P2-17
Added Pin To Net: NetName=CH9 Pin=P2-18
Added Pin To Net: NetName=GND Pin=P2-19
Added Pin To Net: NetName=CH10 Pin=P2-20
Added Pin To Net: NetName=VCC3.3 Pin=P2-21
Added Pin To Net: NetName=CH11 Pin=P2-22
Added Pin To Net: NetName=VCC3.3 Pin=P2-23
Added Pin To Net: NetName=CH12 Pin=P2-24
Added Pin To Net: NetName=FSMC_A23 Pin=P4-1
Added Pin To Net: NetName=FSMC_A19 Pin=P4-2
Added Pin To Net: NetName=FSMC_A20 Pin=P4-3
Added Pin To Net: NetName=FSMC_A21 Pin=P4-4
Added Pin To Net: NetName=FSMC_A22 Pin=P4-5
Added Pin To Net: NetName=PC13 Pin=P4-6
Added Pin To Net: NetName=FSMC_A0 Pin=P4-7
Added Pin To Net: NetName=FSMC_A1 Pin=P4-8
Added Pin To Net: NetName=FSMC_A2 Pin=P4-9
Added Pin To Net: NetName=FSMC_A3 Pin=P4-10
Added Pin To Net: NetName=FSMC_A4 Pin=P4-11
Added Pin To Net: NetName=FSMC_A5 Pin=P4-12
Added Pin To Net: NetName=GND Pin=P4-13
Added Pin To Net: NetName=VDD33V Pin=P4-14
Added Pin To Net: NetName=FSMC_NIORD Pin=P4-15
Added Pin To Net: NetName=FSMC_NREG Pin=P4-16
Added Pin To Net: NetName=FSMC_NIOWR Pin=P4-17
Added Pin To Net: NetName=FSMC_CD Pin=P4-18
Added Pin To Net: NetName=FSMC_INTR Pin=P4-19
Added Pin To Net: NetName=RESET Pin=P4-20
Added Pin To Net: NetName=CH10 Pin=P4-21
Added Pin To Net: NetName=CH11 Pin=P4-22
Added Pin To Net: NetName=CH12 Pin=P4-23
Added Pin To Net: NetName=CH13 Pin=P4-24
Added Pin To Net: NetName=GND Pin=P4-25
Added Pin To Net: NetName=VDD33V Pin=P4-26
Added Pin To Net: NetName=CH0 Pin=P4-27
Added Pin To Net: NetName=CH1 Pin=P4-28
Added Pin To Net: NetName=CH2 Pin=P4-29
Added Pin To Net: NetName=CH3 Pin=P4-30
Added Pin To Net: NetName=DAC_OUT1 Pin=P4-31
Added Pin To Net: NetName=DAC_OUT2 Pin=P4-32
Added Pin To Net: NetName=CH6 Pin=P4-33
Added Pin To Net: NetName=CH7 Pin=P4-34
Added Pin To Net: NetName=CH4 Pin=P4-35
Added Pin To Net: NetName=CH5 Pin=P4-36
Added Pin To Net: NetName=CH8 Pin=P4-37
Added Pin To Net: NetName=CH9 Pin=P4-38
Added Pin To Net: NetName=FSMC_NIOS16 Pin=P4-39
Added Pin To Net: NetName=FSMC_A6 Pin=P4-40
Added Pin To Net: NetName=FSMC_A7 Pin=P4-41
Added Pin To Net: NetName=FSMC_A8 Pin=P4-42
Added Pin To Net: NetName=FSMC_A9 Pin=P4-43
Added Pin To Net: NetName=FSMC_A10 Pin=P4-44
Added Pin To Net: NetName=FSMC_A11 Pin=P4-45
Added Pin To Net: NetName=FSMC_D4 Pin=P4-46
Added Pin To Net: NetName=FSMC_D5 Pin=P4-47
Added Pin To Net: NetName=FSMC_D6 Pin=P4-48
Added Pin To Net: NetName=FSMC_D7 Pin=P4-49
Added Pin To Net: NetName=FSMC_D8 Pin=P4-50
Added Pin To Net: NetName=FSMC_D9 Pin=P4-51
Added Pin To Net: NetName=FSMC_D10 Pin=P4-52
Added Pin To Net: NetName=FSMC_D11 Pin=P4-53
Added Pin To Net: NetName=FSMC_D12 Pin=P4-54
Added Pin To Net: NetName=USART3_TX Pin=P4-55
Added Pin To Net: NetName=USART3_RX Pin=P4-56
Added Pin To Net: NetName=GND Pin=P4-57
Added Pin To Net: NetName=GND Pin=P4-58
Added Pin To Net: NetName=VCC5V Pin=P4-59
Added Pin To Net: NetName=VCC5V Pin=P4-60
Added Pin To Net: NetName=VDD33V Pin=P5-1
Added Pin To Net: NetName=GND Pin=P5-2
Added Pin To Net: NetName=CAN_TX Pin=P5-3
Added Pin To Net: NetName=CAN_RX Pin=P5-4
Added Pin To Net: NetName=FSMC_NBL1 Pin=P5-5
Added Pin To Net: NetName=FSMC_NBL0 Pin=P5-6
Added Pin To Net: NetName=LED1 Pin=P5-7
Added Pin To Net: NetName=LED0 Pin=P5-8
Added Pin To Net: NetName=I2C1_SDA Pin=P5-9
Added Pin To Net: NetName=I2C1_SCL Pin=P5-10
Added Pin To Net: NetName=LED2 Pin=P5-11
Added Pin To Net: NetName=PG15 Pin=P5-12
Added Pin To Net: NetName=GND Pin=P5-13
Added Pin To Net: NetName=VDD33V Pin=P5-14
Added Pin To Net: NetName=FSMC_A25 Pin=P5-15
Added Pin To Net: NetName=FSMC_A24 Pin=P5-16
Added Pin To Net: NetName=FSMC_NE4 Pin=P5-17
Added Pin To Net: NetName=PG11 Pin=P5-18
Added Pin To Net: NetName=FSMC_NE3 Pin=P5-19
Added Pin To Net: NetName=FSMC_NE2 Pin=P5-20
Added Pin To Net: NetName=DM9000_RST Pin=P5-21
Added Pin To Net: NetName=FSMC_NWAIT Pin=P5-22
Added Pin To Net: NetName=VDD33V Pin=P5-23
Added Pin To Net: NetName=GND Pin=P5-24
Added Pin To Net: NetName=FSMC_NWE Pin=P5-25
Added Pin To Net: NetName=FSMC_NOE Pin=P5-26
Added Pin To Net: NetName=FSMC_CLK Pin=P5-27
Added Pin To Net: NetName=SDCMD Pin=P5-28
Added Pin To Net: NetName=FSMC_D3 Pin=P5-29
Added Pin To Net: NetName=FSMC_D2 Pin=P5-30
Added Pin To Net: NetName=SDCLK Pin=P5-31
Added Pin To Net: NetName=SDDATA3 Pin=P5-32
Added Pin To Net: NetName=SDDATA2 Pin=P5-33
Added Pin To Net: NetName=USART1_RX Pin=P5-34
Added Pin To Net: NetName=USART1_TX Pin=P5-35
Added Pin To Net: NetName=PA8 Pin=P5-36
Added Pin To Net: NetName=SDDATA1 Pin=P5-37
Added Pin To Net: NetName=SDDATA0 Pin=P5-38
Added Pin To Net: NetName=PC7 Pin=P5-39
Added Pin To Net: NetName=PC6 Pin=P5-40
Added Pin To Net: NetName=RS485_RE Pin=P5-42
Added Pin To Net: NetName=FSMC_INT3 Pin=P5-43
Added Pin To Net: NetName=DM9000_INT Pin=P5-44
Added Pin To Net: NetName=FSMC_A15 Pin=P5-45
Added Pin To Net: NetName=FSMC_A14 Pin=P5-46
Added Pin To Net: NetName=FSMC_A13 Pin=P5-47
Added Pin To Net: NetName=FSMC_A12 Pin=P5-48
Added Pin To Net: NetName=FSMC_D1 Pin=P5-49
Added Pin To Net: NetName=FSMC_D0 Pin=P5-50
Added Pin To Net: NetName=FSMC_A18 Pin=P5-51
Added Pin To Net: NetName=FSMC_A17 Pin=P5-52
Added Pin To Net: NetName=FSMC_A16 Pin=P5-53
Added Pin To Net: NetName=FSMC_D15 Pin=P5-54
Added Pin To Net: NetName=FSMC_D14 Pin=P5-55
Added Pin To Net: NetName=FSMC_D13 Pin=P5-56
Added Pin To Net: NetName=PB15 Pin=P5-57
Added Pin To Net: NetName=PB14 Pin=P5-58
Added Pin To Net: NetName=PB13 Pin=P5-59
Added Pin To Net: NetName=PB12 Pin=P5-60
Added Pin To Net: NetName=NetC24_2 Pin=R1-1
Added Pin To Net: NetName=NetC24_2 Pin=R1-2
Added Pin To Net: NetName=VDD33V Pin=R5-1
Added Pin To Net: NetName=SDCMD Pin=R5-2
Added Pin To Net: NetName=VDD33V Pin=R9-1
Added Pin To Net: NetName=NCD_SD Pin=R9-2
Added Pin To Net: NetName=WP_SD_1 Pin=R10-1
Added Pin To Net: NetName=GND Pin=R10-2
Added Pin To Net: NetName=WP_SD_1 Pin=R11-1
Added Pin To Net: NetName=WP_SD Pin=R11-2
Added Pin To Net: NetName=VDD33V Pin=R12-2
Added Pin To Net: NetName=485_B Pin=R13-2
Added Pin To Net: NetName=USART3_TX Pin=R14-1
Added Pin To Net: NetName=NetBOOT1_4 Pin=R14-2
Added Pin To Net: NetName=USART3_RX Pin=R15-1
Added Pin To Net: NetName=NetC10_1 Pin=R15-2
Added Pin To Net: NetName=485_B Pin=R16-1
Added Pin To Net: NetName=GND Pin=R16-2
Added Pin To Net: NetName=NetLED1_2 Pin=RH1-1
Added Pin To Net: NetName=NetQ2_3 Pin=RH1-2
Added Pin To Net: NetName=NetLED2_2 Pin=RH2-1
Added Pin To Net: NetName=NetP5_2 Pin=RH2-2
Added Pin To Net: NetName=NetLED3_2 Pin=RH3-1
Added Pin To Net: NetName=NetR11_1 Pin=RH3-2
Added Pin To Net: NetName=JTDI Pin=RH4-1
Added Pin To Net: NetName=NetPOWER1_2 Pin=RH4-2
Added Pin To Net: NetName=JTMS Pin=RH5-1
Added Pin To Net: NetName=NetR18_2 Pin=RH5-2
Added Pin To Net: NetName=NetBOOT1_3 Pin=RH6-1
Added Pin To Net: NetName=NetQ1_2 Pin=RH6-2
Added Pin To Net: NetName=NetR24_1 Pin=RH7-2
Added Pin To Net: NetName=NetQ2_2 Pin=RH8-2
Added Pin To Net: NetName=BOOT0 Pin=TL1-1
Added Pin To Net: NetName=BOOT1 Pin=TL1-2
Added Pin To Net: NetName=BOOT0 Pin=TL1-3
Added Pin To Net: NetName=F_CS Pin=TL1-4
Added Pin To Net: NetName=BOOT0 Pin=TL1-5
Added Pin To Net: NetName=JTDO Pin=TL1-6
Added Pin To Net: NetName=BOOT0 Pin=TL1-7
Added Pin To Net: NetName=GND Pin=TL1-9
Added Pin To Net: NetName=NetP5_1 Pin=TL1-10
Added Pin To Net: NetName=GND Pin=TL1-11
Added Pin To Net: NetName=NetJ1_3 Pin=TL1-12
Added Pin To Net: NetName=GND Pin=TL1-13
Added Pin To Net: NetName=NetJ1_2 Pin=TL1-14
Added Pin To Net: NetName=GND Pin=TL1-15
Added Pin To Net: NetName=NetD4_1 Pin=TL1-16
Added Pin To Net: NetName=BOOT0 Pin=TL2-1
Added Pin To Net: NetName=DTS Pin=TL2-2
Added Pin To Net: NetName=BOOT0 Pin=TL2-3
Added Pin To Net: NetName=JTCK Pin=TL2-4
Added Pin To Net: NetName=BOOT0 Pin=TL2-5
Added Pin To Net: NetName=JTRST Pin=TL2-6
Added Pin To Net: NetName=BOOT0 Pin=TL2-7
Added Pin To Net: NetName=GND Pin=TL2-9
Added Pin To Net: NetName=NetD3_1 Pin=TL2-10
Added Pin To Net: NetName=GND Pin=TL2-11
Added Pin To Net: NetName=NetD2_2 Pin=TL2-12
Added Pin To Net: NetName=GND Pin=TL2-13
Added Pin To Net: NetName=NetD1_2 Pin=TL2-14
Added Pin To Net: NetName=GND Pin=TL2-15
Added Pin To Net: NetName=NetCAN_BUS1_6 Pin=TL2-16
Added Pin To Net: NetName=CAN_TX Pin=U1-1
Added Pin To Net: NetName=GND Pin=U1-2
Added Pin To Net: NetName=VDD33V Pin=U1-3
Added Pin To Net: NetName=CAN_RX Pin=U1-4
Added Pin To Net: NetName=NetC25_2 Pin=U1-6
Added Pin To Net: NetName=NetC24_2 Pin=U1-7
Added Pin To Net: NetName=GND Pin=U1-8
Added Pin To Net: NetName=NetCAN_BUS1_5 Pin=U2-1
Added Pin To Net: NetName=NetCAN_BUS1_5 Pin=U2-2
Added Pin To Net: NetName=DAC_OUT1 Pin=U2-3
Added Pin To Net: NetName=GND Pin=U2-4
Added Pin To Net: NetName=VCC5V Pin=U2-8
Added Pin To Net: NetName=USART3_RX Pin=U3-1
Added Pin To Net: NetName=RS485_RE Pin=U3-2
Added Pin To Net: NetName=RS485_RE Pin=U3-3
Added Pin To Net: NetName=USART3_TX Pin=U3-4
Added Pin To Net: NetName=GND Pin=U3-5
Added Pin To Net: NetName=485_A Pin=U3-6
Added Pin To Net: NetName=485_B Pin=U3-7
Added Pin To Net: NetName=VDD33V Pin=U3-8
Change Net Name : Old Net Name=BOOT0 New Net Name=VCC5
Change Net Name : Old Net Name=BOOT1 New Net Name=NetLED1_1
Change Net Name : Old Net Name=DTS New Net Name=NetLED2_1
Change Net Name : Old Net Name=F_CS New Net Name=NetLED3_1
Change Net Name : Old Net Name=JTCK New Net Name=NetLED4_1
Change Net Name : Old Net Name=JTDI New Net Name=NetLED4_2
Change Net Name : Old Net Name=JTDO New Net Name=NetLED5_1
Change Net Name : Old Net Name=JTMS New Net Name=NetLED5_2
Change Net Name : Old Net Name=JTRST New Net Name=NetLED6_1
Change Net Name : Old Net Name=NetBOOT1_3 New Net Name=NetLED6_2
Change Net Name : Old Net Name=NetBOOT1_4 New Net Name=NetLED7_2
Change Net Name : Old Net Name=NetC10_1 New Net Name=NetLED8_2
Change Net Name : Old Net Name=NetC24_2 New Net Name=NetP1_1
Change Net Name : Old Net Name=NetC25_2 New Net Name=NetP1_2
Change Net Name : Old Net Name=NetCAN_BUS1_5 New Net Name=NetU2_1
Change Net Name : Old Net Name=NetCAN_BUS1_6 New Net Name=IN7
Change Net Name : Old Net Name=NetD1_2 New Net Name=IN6
Change Net Name : Old Net Name=NetD2_2 New Net Name=IN5
Change Net Name : Old Net Name=NetD3_1 New Net Name=IN4
Change Net Name : Old Net Name=NetD4_1 New Net Name=IN3
Change Net Name : Old Net Name=NetJ1_2 New Net Name=IN2
Change Net Name : Old Net Name=NetJ1_3 New Net Name=IN1
Change Net Name : Old Net Name=NetP5_1 New Net Name=IN0
Change Net Name : Old Net Name=NetP5_2 New Net Name=EXT_IN_CH7
Change Net Name : Old Net Name=NetPOWER1_2 New Net Name=EXT_IN_CH6
Change Net Name : Old Net Name=NetQ1_2 New Net Name=EXT_IN_CH5
Change Net Name : Old Net Name=NetQ2_2 New Net Name=EXT_IN_CH4
Change Net Name : Old Net Name=NetQ2_3 New Net Name=EXT_IN_CH3
Change Net Name : Old Net Name=NetR11_1 New Net Name=EXT_IN_CH2
Change Net Name : Old Net Name=NetR18_2 New Net Name=EXT_IN_CH1
Change Net Name : Old Net Name=NetR24_1 New Net Name=EXT_IN_CH0
Added Member To Class: ClassName=电眼主板 Member=Component LED3 二极管(贴片发光绿色)
Added Member To Class: ClassName=电眼主板 Member=Component LED4 二极管(贴片发光绿色)
Added Member To Class: ClassName=电眼主板 Member=Component LED5 二极管(贴片发光绿色)
Added Member To Class: ClassName=电眼主板 Member=Component LED6 二极管(贴片发光绿色)
Added Member To Class: ClassName=电眼主板 Member=Component LED7 二极管(贴片发光绿色)
Added Member To Class: ClassName=电眼主板 Member=Component LED8 二极管(贴片发光绿色)
Added Member To Class: ClassName=电眼主板 Member=Component RH1 电阻(贴片)
Added Member To Class: ClassName=电眼主板 Member=Component RH2 电阻(贴片)
Added Member To Class: ClassName=电眼主板 Member=Component RH3 电阻(贴片)
Added Member To Class: ClassName=电眼主板 Member=Component RH4 电阻(贴片)
Added Member To Class: ClassName=电眼主板 Member=Component RH5 电阻(贴片)
Added Member To Class: ClassName=电眼主板 Member=Component RH6 电阻(贴片)
Added Member To Class: ClassName=电眼主板 Member=Component RH7 电阻(贴片)
Added Member To Class: ClassName=电眼主板 Member=Component RH8 电阻(贴片)
Added Member To Class: ClassName=电眼主板 Member=Component TL1 光耦(贴片)
Added Member To Class: ClassName=电眼主板 Member=Component TL2 光耦(贴片)
