Removed Pin From Net: NetName=NetC4_1 Pin=R1-1
Removed Pin From Net: NetName=NetC3_1 Pin=R1-2
Removed Pin From Net: NetName=NetBOOT1_3 Pin=R2-1
Removed Pin From Net: NetName=BOOT0 Pin=R2-2
Removed Pin From Net: NetName=BOOT1 Pin=R3-1
Removed Pin From Net: NetName=NetBOOT1_4 Pin=R3-2
Removed Pin From Net: NetName=USART1_TX Pin=U1-68
Removed Pin From Net: NetName=USART1_RX Pin=U1-69
Removed Pin From Net: NetName=GND Pin=U1-74
Removed Pin From Net: NetName=VDD33V Pin=U1-75
Removed Pin From Net: NetName=BOOT0 Pin=U1-94
Removed Pin From Net: NetName=GND Pin=U1-99
Removed Pin From Net: NetName=VDD33V Pin=U1-100
Change Component Comment : Designator=R1 Old Comment=贴片电阻 1M New Comment=电阻(贴片)
Change Component Designator: OldDesignator=C3 NewDesignator=C4
Change Component Designator: OldDesignator=C4 NewDesignator=C5
Change Component Designator: OldDesignator=C5 NewDesignator=C7
Change Component Designator: OldDesignator=C6 NewDesignator=C8
Change Component Designator: OldDesignator=C7 NewDesignator=C9
Change Component Designator: OldDesignator=C8 NewDesignator=C10
Change Component Designator: OldDesignator=C9 NewDesignator=C3
Change Component Designator: OldDesignator=C10 NewDesignator=C6
Added Component: Designator=C14(0603)
Added Component: Designator=CON1(SDCARD)
Added Component: Designator=CS1(0603)
Added Component: Designator=R3(0603)
Added Component: Designator=R13(0603)
Added Component: Designator=R14(0603)
Added Component: Designator=R18(0603)
Added Component: Designator=R23(0603)
Added Component: Designator=R24(0603)
Added Component: Designator=U4(SOP8)
Added Pin To Net: NetName=GND Pin=C14-1
Added Pin To Net: NetName=VDD33V Pin=C14-2
Added Pin To Net: NetName=GND Pin=CON1-3
Added Pin To Net: NetName=VDD33V Pin=CON1-4
Added Pin To Net: NetName=GND Pin=CON1-6
Added Pin To Net: NetName=GND Pin=CON1-12
Added Pin To Net: NetName=GND Pin=CON1-13
Added Pin To Net: NetName=GND Pin=CON1-14
Added Pin To Net: NetName=GND Pin=CON1-15
Added Pin To Net: NetName=GND Pin=CS1-1
Added Pin To Net: NetName=NetBOOT1_3 Pin=R1-1
Added Pin To Net: NetName=BOOT0 Pin=R1-2
Added Pin To Net: NetName=BOOT1 Pin=R2-1
Added Pin To Net: NetName=NetBOOT1_4 Pin=R2-2
Added Pin To Net: NetName=NetC4_1 Pin=R3-1
Added Pin To Net: NetName=NetC3_1 Pin=R3-2
Added Pin To Net: NetName=VDD33V Pin=R13-2
Added Pin To Net: NetName=VDD33V Pin=R14-2
Added Pin To Net: NetName=VDD33V Pin=R18-1
Added Pin To Net: NetName=GND Pin=R23-2
Added Pin To Net: NetName=GND Pin=U4-1
Added Pin To Net: NetName=GND Pin=U4-2
Added Pin To Net: NetName=GND Pin=U4-3
Added Pin To Net: NetName=GND Pin=U4-4
Added Pin To Net: NetName=GND Pin=U4-7
Added Pin To Net: NetName=VDD33V Pin=U4-8
Change Net Name : Old Net Name=NetC3_1 New Net Name=NetC4_1
Change Net Name : Old Net Name=NetC4_1 New Net Name=NetC5_1
Added Pin To Net: NetName=I2CSCL Pin=R14-1
Added Pin To Net: NetName=I2CSCL Pin=U4-6
Added Net: Name=I2CSCL
Added Pin To Net: NetName=I2CSDA Pin=R13-1
Added Pin To Net: NetName=I2CSDA Pin=U4-5
Added Net: Name=I2CSDA
Added Pin To Net: NetName=NCD_SD Pin=CON1-11
Added Net: Name=NCD_SD
Added Pin To Net: NetName=SDCLK Pin=CON1-5
Added Pin To Net: NetName=SDCLK Pin=CS1-2
Added Net: Name=SDCLK
Added Pin To Net: NetName=SDCMD Pin=CON1-2
Added Pin To Net: NetName=SDCMD Pin=R18-2
Added Net: Name=SDCMD
Added Pin To Net: NetName=SDDATA0 Pin=CON1-7
Added Net: Name=SDDATA0
Added Pin To Net: NetName=SDDATA1 Pin=CON1-8
Added Net: Name=SDDATA1
Added Pin To Net: NetName=SDDATA2 Pin=CON1-9
Added Net: Name=SDDATA2
Added Pin To Net: NetName=SDDATA3 Pin=CON1-1
Added Net: Name=SDDATA3
Added Pin To Net: NetName=WP_SD_1 Pin=CON1-10
Added Pin To Net: NetName=WP_SD_1 Pin=R23-1
Added Pin To Net: NetName=WP_SD_1 Pin=R24-1
Added Net: Name=WP_SD_1
Added Pin To Net: NetName=WP_SD Pin=R24-2
Added Net: Name=WP_SD
Added Member To Class: ClassName=电眼主板 Member=Component C14 电容(贴片)
Added Member To Class: ClassName=电眼主板 Member=Component CON1 SD卡座
Added Member To Class: ClassName=电眼主板 Member=Component CS1 电容(贴片)
Added Member To Class: ClassName=电眼主板 Member=Component R13 电阻(贴片)
Added Member To Class: ClassName=电眼主板 Member=Component R14 电阻(贴片)
Added Member To Class: ClassName=电眼主板 Member=Component R18 电阻(贴片)
Added Member To Class: ClassName=电眼主板 Member=Component R23 电阻(贴片)
Added Member To Class: ClassName=电眼主板 Member=Component R24 电阻(贴片)
Added Member To Class: ClassName=电眼主板 Member=Component U4 集成电路贴片
