Change Component Description : Designator=C12 Old Description= New Description=10SEV100M6.3X5.5
Change Component Description : Designator=D2 Old Description= New Description=17-215-SURC-S530-A3-TR8
Change Component Description : Designator=C5 Old Description= New Description=35TZV22M5X6.1
Change Component Description : Designator=C4 Old Description= New Description='0603X7R104J160NT(0.1uF)
Change Component Description : Designator=C10 Old Description= New Description='0603X7R104J160NT(0.1uF)
Change Component Description : Designator=C11 Old Description= New Description='0603X7R104J160NT(0.1uF)
Change Component Description : Designator=CT1 Old Description= New Description=CAP TANTALUM 100UF 16V 20% SMD
Change Component Description : Designator=J1 Old Description= New Description=HR911105A
Change Component Description : Designator=U5 Old Description= New Description=SP485
Change Component Description : Designator=U1 Old Description= New Description=TJA1050
Change Component Description : Designator=R29 Old Description= New Description=萇郯(泂え)
Change Component Description : Designator=CT2 Old Description=100uF/10V/6032猾蚾 New Description=CAP TANTALUM 100UF 16V 20% SMD
Change Component Description : Designator=C17 Old Description=Capacitor 0.1uf New Description=Capacitor 22p
Change Component Description : Designator=C18 Old Description=Capacitor 10uf New Description=Capacitor 22p
Change Component Description : Designator=P6 Old Description=Header, 30-Pin, Dual row New Description=邧齬 30*2P 褐潔擒 2.54mm
Change Component Description : Designator=P7 Old Description=Header, 30-Pin, Dual row New Description=邧齬 30*2P 褐潔擒 2.54mm
Change Component Description : Designator=L1 Old Description=Inductor New Description=PRS6045-330MT
Change Component Description : Designator=LED7 Old Description=LED-0805 New Description=17-215SYGC-S530-E2-TR8
Change Component Description : Designator=LED10 Old Description=LED-0805 New Description=17-215SYGC-S530-E2-TR8
Change Component Description : Designator=LED13 Old Description=LED-0805 New Description=17-215SYGC-S530-E2-TR8
Change Component Description : Designator=LED16 Old Description=LED-0805 New Description=17-215SYGC-S530-E2-TR8
Change Component Description : Designator=LED21 Old Description=LED-0805 New Description=17-215SYGC-S530-E2-TR8
Change Component Description : Designator=LED24 Old Description=LED-0805 New Description=17-215SYGC-S530-E2-TR8
Change Component Description : Designator=LED27 Old Description=LED-0805 New Description=17-215SYGC-S530-E2-TR8
Change Component Description : Designator=LED30 Old Description=LED-0805 New Description=17-215SYGC-S530-E2-TR8
Change Component Description : Designator=LED41 Old Description=LED-0805 New Description=17-215SYGC-S530-E2-TR8
Change Component Description : Designator=LED42 Old Description=LED-0805 New Description=17-215SYGC-S530-E2-TR8
Change Component Description : Designator=LED1 Old Description=LED-0805 New Description='17-215-SURC-S530-A3-TR8
Change Component Description : Designator=LED2 Old Description=LED-0805 New Description='17-215-SURC-S530-A3-TR8
Change Component Description : Designator=LED3 Old Description=LED-0805 New Description='17-215-SURC-S530-A3-TR8
Change Component Description : Designator=LED4 Old Description=LED-0805 New Description='17-215-SURC-S530-A3-TR8
Change Component Description : Designator=LED17 Old Description=LED-0805 New Description='17-215-SURC-S530-A3-TR8
Change Component Description : Designator=LED18 Old Description=LED-0805 New Description='17-215-SURC-S530-A3-TR8
Change Component Description : Designator=LED19 Old Description=LED-0805 New Description='17-215-SURC-S530-A3-TR8
Change Component Description : Designator=LED20 Old Description=LED-0805 New Description='17-215-SURC-S530-A3-TR8
Change Component Description : Designator=LED33 Old Description=LED-0805 New Description='17-215-SURC-S530-A3-TR8
Change Component Description : Designator=LED34 Old Description=LED-0805 New Description='17-215-SURC-S530-A3-TR8
Change Component Description : Designator=LED35 Old Description=LED-0805 New Description='17-215-SURC-S530-A3-TR8
Change Component Description : Designator=LED36 Old Description=LED-0805 New Description='17-215-SURC-S530-A3-TR8
Change Component Description : Designator=LED37 Old Description=LED-0805 New Description='17-215-SURC-S530-A3-TR8
Change Component Description : Designator=LED38 Old Description=LED-0805 New Description='17-215-SURC-S530-A3-TR8
Change Component Description : Designator=LED39 Old Description=LED-0805 New Description='17-215-SURC-S530-A3-TR8
Change Component Description : Designator=LED40 Old Description=LED-0805 New Description='17-215-SURC-S530-A3-TR8
Change Component Description : Designator=LED5 Old Description=LED-0805 New Description=酴伎LED
Change Component Description : Designator=LED6 Old Description=LED-0805 New Description=酴伎LED
Change Component Description : Designator=LED8 Old Description=LED-0805 New Description=酴伎LED
Change Component Description : Designator=LED9 Old Description=LED-0805 New Description=酴伎LED
Change Component Description : Designator=LED11 Old Description=LED-0805 New Description=酴伎LED
Change Component Description : Designator=LED12 Old Description=LED-0805 New Description=酴伎LED
Change Component Description : Designator=LED14 Old Description=LED-0805 New Description=酴伎LED
Change Component Description : Designator=LED15 Old Description=LED-0805 New Description=酴伎LED
Change Component Description : Designator=LED22 Old Description=LED-0805 New Description=酴伎LED
Change Component Description : Designator=LED23 Old Description=LED-0805 New Description=酴伎LED
Change Component Description : Designator=LED25 Old Description=LED-0805 New Description=酴伎LED
Change Component Description : Designator=LED26 Old Description=LED-0805 New Description=酴伎LED
Change Component Description : Designator=LED28 Old Description=LED-0805 New Description=酴伎LED
Change Component Description : Designator=LED29 Old Description=LED-0805 New Description=酴伎LED
Change Component Description : Designator=LED31 Old Description=LED-0805 New Description=酴伎LED
Change Component Description : Designator=LED32 Old Description=LED-0805 New Description=酴伎LED
Change Component Description : Designator=RH3 Old Description=RS-05K-4.7K㊣5%(4.7K次) New Description=RS-05K-2K㊣5%(2K)
Change Component Description : Designator=RH6 Old Description=RS-05K-4.7K㊣5%(4.7K次) New Description=RS-05K-2K㊣5%(2K)
Change Component Description : Designator=RH9 Old Description=RS-05K-4.7K㊣5%(4.7K次) New Description=RS-05K-2K㊣5%(2K)
Change Component Description : Designator=RH12 Old Description=RS-05K-4.7K㊣5%(4.7K次) New Description=RS-05K-2K㊣5%(2K)
Change Component Description : Designator=RH13 Old Description=RS-05K-4.7K㊣5%(4.7K次) New Description=RS-05K-2K㊣5%(2K)
Change Component Description : Designator=RH16 Old Description=RS-05K-4.7K㊣5%(4.7K次) New Description=RS-05K-2K㊣5%(2K)
Change Component Description : Designator=RH19 Old Description=RS-05K-4.7K㊣5%(4.7K次) New Description=RS-05K-2K㊣5%(2K)
Change Component Description : Designator=RH22 Old Description=RS-05K-4.7K㊣5%(4.7K次) New Description=RS-05K-2K㊣5%(2K)
Change Component Description : Designator=RH1 Old Description=RS-05K-201㊣5%(200次) New Description=RS-05K-511㊣5%(510次)
Change Component Description : Designator=RH2 Old Description=RS-05K-201㊣5%(200次) New Description=RS-05K-511㊣5%(510次)
Change Component Description : Designator=RH4 Old Description=RS-05K-201㊣5%(200次) New Description=RS-05K-511㊣5%(510次)
Change Component Description : Designator=RH5 Old Description=RS-05K-201㊣5%(200次) New Description=RS-05K-511㊣5%(510次)
Change Component Description : Designator=RH7 Old Description=RS-05K-201㊣5%(200次) New Description=RS-05K-511㊣5%(510次)
Change Component Description : Designator=RH8 Old Description=RS-05K-201㊣5%(200次) New Description=RS-05K-511㊣5%(510次)
Change Component Description : Designator=RH10 Old Description=RS-05K-201㊣5%(200次) New Description=RS-05K-511㊣5%(510次)
Change Component Description : Designator=RH11 Old Description=RS-05K-201㊣5%(200次) New Description=RS-05K-511㊣5%(510次)
Change Component Description : Designator=RH14 Old Description=RS-05K-201㊣5%(200次) New Description=RS-05K-511㊣5%(510次)
Change Component Description : Designator=RH15 Old Description=RS-05K-201㊣5%(200次) New Description=RS-05K-511㊣5%(510次)
Change Component Description : Designator=RH17 Old Description=RS-05K-201㊣5%(200次) New Description=RS-05K-511㊣5%(510次)
Change Component Description : Designator=RH18 Old Description=RS-05K-201㊣5%(200次) New Description=RS-05K-511㊣5%(510次)
Change Component Description : Designator=RH20 Old Description=RS-05K-201㊣5%(200次) New Description=RS-05K-511㊣5%(510次)
Change Component Description : Designator=RH21 Old Description=RS-05K-201㊣5%(200次) New Description=RS-05K-511㊣5%(510次)
Change Component Description : Designator=RH23 Old Description=RS-05K-201㊣5%(200次) New Description=RS-05K-511㊣5%(510次)
Change Component Description : Designator=RH24 Old Description=RS-05K-201㊣5%(200次) New Description=RS-05K-511㊣5%(510次)
Change Component Description : Designator=RE13 Old Description=RS-05K-512㊣5%(5.1K次 5%) New Description=RS-05K-123㊣5%(12K次 5%)
