Removed Pin From Net: NetName=GND Pin=C15-1
Removed Pin From Net: NetName=SDCLK Pin=C15-2
Removed Pin From Net: NetName=VDD33V Pin=LED1-1
Removed Pin From Net: NetName=NetLED1_2 Pin=LED1-2
Removed Pin From Net: NetName=VDD33V Pin=LED2-1
Removed Pin From Net: NetName=NetLED2_2 Pin=LED2-2
Removed Pin From Net: NetName=NetLED3_2 Pin=LED3-2
Removed Pin From Net: NetName=NetLED4_2 Pin=LED4-2
Removed Pin From Net: NetName=USART3_TX Pin=R15-1
Removed Pin From Net: NetName=NetLED1_2 Pin=R15-2
Removed Pin From Net: NetName=USART3_RX Pin=R16-1
Removed Pin From Net: NetName=NetLED2_2 Pin=R16-2
Removed Pin From Net: NetName=LED1 Pin=R25-1
Removed Pin From Net: NetName=NetLED3_2 Pin=R25-2
Removed Pin From Net: NetName=LED2 Pin=R26-1
Removed Pin From Net: NetName=NetLED4_2 Pin=R26-2
Change Component Designator: OldDesignator=LED3 NewDesignator=LED1
Change Component Designator: OldDesignator=LED4 NewDesignator=LED2
Change Component Designator: OldDesignator=R17 NewDesignator=R15
Change Component Designator: OldDesignator=R18 NewDesignator=R16
Change Component Designator: OldDesignator=R19 NewDesignator=R17
Change Component Designator: OldDesignator=R20 NewDesignator=R18
Change Component Designator: OldDesignator=R21 NewDesignator=R19
Change Component Designator: OldDesignator=R22 NewDesignator=R20
Change Component Designator: OldDesignator=R23 NewDesignator=R21
Change Component Designator: OldDesignator=R24 NewDesignator=R22
Change Component Designator: OldDesignator=R27 NewDesignator=R25
Change Component Designator: OldDesignator=R28 NewDesignator=R27
Added Component: Designator=C16(0603)
Added Component: Designator=LED3(LED-0805)
Added Component: Designator=LED4(LED-0805)
Added Component: Designator=R23(0603)
Added Component: Designator=R24(0603)
Added Component: Designator=R28(0603)
Added Component: Designator=R29(0603)
Added Component: Designator=R30(0603)
Added Component: Designator=R31(0603)
Added Pin To Net: NetName=VDD33V Pin=C15-1
Added Pin To Net: NetName=GND Pin=C15-2
Added Pin To Net: NetName=GND Pin=C16-1
Added Pin To Net: NetName=SDCLK Pin=C16-2
Added Pin To Net: NetName=NetLED1_2 Pin=LED1-2
Added Pin To Net: NetName=NetLED2_2 Pin=LED2-2
Added Pin To Net: NetName=VDD33V Pin=LED3-1
Added Pin To Net: NetName=NetLED3_2 Pin=LED3-2
Added Pin To Net: NetName=VDD33V Pin=LED4-1
Added Pin To Net: NetName=NetLED4_2 Pin=LED4-2
Added Pin To Net: NetName=LED1 Pin=R23-1
Added Pin To Net: NetName=NetLED1_2 Pin=R23-2
Added Pin To Net: NetName=LED2 Pin=R24-1
Added Pin To Net: NetName=NetLED2_2 Pin=R24-2
Added Pin To Net: NetName=485_A Pin=R26-1
Added Pin To Net: NetName=VDD33V Pin=R26-2
Added Pin To Net: NetName=USART3_TX Pin=R28-1
Added Pin To Net: NetName=NetLED3_2 Pin=R28-2
Added Pin To Net: NetName=USART3_RX Pin=R29-1
Added Pin To Net: NetName=NetLED4_2 Pin=R29-2
Added Pin To Net: NetName=485_A Pin=R30-1
Added Pin To Net: NetName=485_B Pin=R30-2
Added Pin To Net: NetName=485_B Pin=R31-1
Added Pin To Net: NetName=GND Pin=R31-2
Added Member To Class: ClassName=电眼主板 Member=Component C16 电容(贴片)
Added Member To Class: ClassName=电眼主板 Member=Component R23 电阻(贴片)
Added Member To Class: ClassName=电眼主板 Member=Component R24 电阻(贴片)
Added Member To Class: ClassName=电眼主板 Member=Component R29 电阻(贴片)
Added Member To Class: ClassName=电眼主板 Member=Component R30 电阻(贴片)
Added Member To Class: ClassName=电眼主板 Member=Component R31 电阻(贴片)
