Removed Pin From Net: NetName=NetD1_2 Pin=R2-1
Removed Pin From Net: NetName=VDD33V Pin=R2-2
Removed Pin From Net: NetName=DTS Pin=R3-1
Removed Pin From Net: NetName=NetQ1_2 Pin=R3-2
Removed Pin From Net: NetName=RSTIN Pin=R4-1
Removed Pin From Net: NetName=VDD33V Pin=R4-2
Removed Pin From Net: NetName=NetBOOT_3 Pin=R5-1
Removed Pin From Net: NetName=BOOT0 Pin=R5-2
Removed Pin From Net: NetName=BOOT1 Pin=R6-1
Removed Pin From Net: NetName=NetBOOT_4 Pin=R6-2
Removed Pin From Net: NetName=RTS Pin=R7-1
Removed Pin From Net: NetName=NetQ2_2 Pin=R7-2
Change Component Designator: OldDesignator=BOOT NewDesignator=BOOT1
Change Component Designator: OldDesignator=R8 NewDesignator=R10
Change Component Designator: OldDesignator=R9 NewDesignator=R11
Change Component Designator: OldDesignator=R10 NewDesignator=R12
Added Component: Designator=R4(0603)
Added Component: Designator=R5(0603)
Added Component: Designator=R8(0603)
Added Component: Designator=R9(0603)
Added Pin To Net: NetName=NetBOOT_3 Pin=R2-1
Added Pin To Net: NetName=BOOT0 Pin=R2-2
Added Pin To Net: NetName=BOOT1 Pin=R3-1
Added Pin To Net: NetName=NetBOOT_4 Pin=R3-2
Added Pin To Net: NetName=NetD1_2 Pin=R4-1
Added Pin To Net: NetName=VDD33V Pin=R4-2
Added Pin To Net: NetName=DTS Pin=R5-1
Added Pin To Net: NetName=NetQ1_2 Pin=R5-2
Added Pin To Net: NetName=RSTIN Pin=R6-1
Added Pin To Net: NetName=VDD33V Pin=R6-2
Added Pin To Net: NetName=NRESET Pin=R7-1
Added Pin To Net: NetName=NetR5_2 Pin=R7-2
Added Pin To Net: NetName=NRESET Pin=R8-1
Added Pin To Net: NetName=NTRST Pin=R8-2
Added Pin To Net: NetName=RTS Pin=R9-1
Added Pin To Net: NetName=NetQ2_2 Pin=R9-2
Change Net Name : Old Net Name=NetBOOT_3 New Net Name=NetBOOT1_3
Change Net Name : Old Net Name=NetBOOT_4 New Net Name=NetBOOT1_4
Change Net Name : Old Net Name=NetR5_2 New Net Name=NetR7_2
Added Member To Class: ClassName=µçÑÛÖ÷°å Member=Component R11 µç×è(ÌùÆ¬)
Added Member To Class: ClassName=µçÑÛÖ÷°å Member=Component R12 µç×è(ÌùÆ¬)
