Removed Pin From Net: NetName=NetC4_1 Pin=R1-1
Removed Pin From Net: NetName=NetC3_1 Pin=R1-2
Removed Pin From Net: NetName=NetD1_2 Pin=R2-1
Removed Pin From Net: NetName=VDD33V Pin=R2-2
Removed Pin From Net: NetName=RSTIN Pin=R4-1
Removed Pin From Net: NetName=VDD33V Pin=R4-2
Removed Pin From Net: NetName=NRESET Pin=R5-1
Removed Pin From Net: NetName=NetR5_2 Pin=R5-2
Removed Pin From Net: NetName=NRESET Pin=R6-1
Removed Pin From Net: NetName=NTRST Pin=R6-2
Removed Pin From Net: NetName=RTS Pin=R7-1
Removed Pin From Net: NetName=NetQ2_2 Pin=R7-2
Removed Pin From Net: NetName=CH3 Pin=U1-66
Removed Pin From Net: NetName=GND Pin=U1-67
Removed Pin From Net: NetName=VDD33V Pin=U1-68
Removed Pin From Net: NetName=CH4 Pin=U1-69
Removed Pin From Net: NetName=CH5 Pin=U1-70
Removed Pin From Net: NetName=CH6 Pin=U1-71
Removed Pin From Net: NetName=CH7 Pin=U1-72
Removed Pin From Net: NetName=CH14 Pin=U1-73
Removed Pin From Net: NetName=CH15 Pin=U1-74
Removed Pin From Net: NetName=CH8 Pin=U1-75
Removed Pin From Net: NetName=NetR5_2 Pin=U3-2
Change Component Comment : Designator=R1 Old Comment=贴片电阻 1M New Comment=电阻(贴片)
Change Component Designator: OldDesignator=C3 NewDesignator=C4
Change Component Designator: OldDesignator=C4 NewDesignator=C5
Change Component Designator: OldDesignator=C5 NewDesignator=C7
Change Component Designator: OldDesignator=C6 NewDesignator=C8
Change Component Designator: OldDesignator=C7 NewDesignator=C9
Change Component Designator: OldDesignator=C8 NewDesignator=C10
Change Component Designator: OldDesignator=C9 NewDesignator=C3
Change Component Designator: OldDesignator=C10 NewDesignator=C6
Change Component Designator: OldDesignator=R3 NewDesignator=R5
Change Component Designator: OldDesignator=R8 NewDesignator=R10
Change Component Designator: OldDesignator=R9 NewDesignator=R11
Change Component Designator: OldDesignator=R10 NewDesignator=R12
Added Component: Designator=BOOT1(HDR2X3H)
Added Component: Designator=C14(0603)
Added Component: Designator=CON1(SDCARD)
Added Component: Designator=CS1(0603)
Added Component: Designator=R3(0603)
Added Component: Designator=R4(0603)
Added Component: Designator=R8(0603)
Added Component: Designator=R9(0603)
Added Component: Designator=R13(0603)
Added Component: Designator=R14(0603)
Added Component: Designator=R15(0603)
Added Component: Designator=R16(0603)
Added Component: Designator=R17(0603)
Added Component: Designator=R18(0603)
Added Component: Designator=R19(0603)
Added Component: Designator=R20(0603)
Added Component: Designator=R21(0603)
Added Component: Designator=R22(0603)
Added Component: Designator=R23(0603)
Added Component: Designator=R24(0603)
Added Component: Designator=U4(SOP8)
Added Pin To Net: NetName=VDD33V Pin=BOOT1-1
Added Pin To Net: NetName=VDD33V Pin=BOOT1-2
Added Pin To Net: NetName=GND Pin=BOOT1-5
Added Pin To Net: NetName=GND Pin=BOOT1-6
Added Pin To Net: NetName=GND Pin=C14-1
Added Pin To Net: NetName=VDD33V Pin=C14-2
Added Pin To Net: NetName=GND Pin=CON1-3
Added Pin To Net: NetName=VDD33V Pin=CON1-4
Added Pin To Net: NetName=GND Pin=CON1-6
Added Pin To Net: NetName=NetR5_2 Pin=CON1-10
Added Pin To Net: NetName=GND Pin=CON1-12
Added Pin To Net: NetName=GND Pin=CON1-13
Added Pin To Net: NetName=GND Pin=CON1-14
Added Pin To Net: NetName=GND Pin=CON1-15
Added Pin To Net: NetName=GND Pin=CS1-1
Added Pin To Net: NetName=BOOT0 Pin=R1-2
Added Pin To Net: NetName=NetC4_1 Pin=R3-1
Added Pin To Net: NetName=NetC3_1 Pin=R3-2
Added Pin To Net: NetName=NetD1_2 Pin=R4-1
Added Pin To Net: NetName=VDD33V Pin=R4-2
Added Pin To Net: NetName=RSTIN Pin=R6-1
Added Pin To Net: NetName=VDD33V Pin=R6-2
Added Pin To Net: NetName=NRESET Pin=R7-1
Added Pin To Net: NetName=NRESET Pin=R8-1
Added Pin To Net: NetName=NTRST Pin=R8-2
Added Pin To Net: NetName=RTS Pin=R9-1
Added Pin To Net: NetName=NetQ2_2 Pin=R9-2
Added Pin To Net: NetName=VDD33V Pin=R13-2
Added Pin To Net: NetName=VDD33V Pin=R14-2
Added Pin To Net: NetName=VDD33V Pin=R15-1
Added Pin To Net: NetName=VDD33V Pin=R16-1
Added Pin To Net: NetName=VDD33V Pin=R17-1
Added Pin To Net: NetName=VDD33V Pin=R18-1
Added Pin To Net: NetName=VDD33V Pin=R19-1
Added Pin To Net: NetName=VDD33V Pin=R20-1
Added Pin To Net: NetName=VDD33V Pin=R21-1
Added Pin To Net: NetName=NetR5_2 Pin=R21-2
Added Pin To Net: NetName=VDD33V Pin=R22-1
Added Pin To Net: NetName=NetR5_2 Pin=R23-1
Added Pin To Net: NetName=GND Pin=R23-2
Added Pin To Net: NetName=NetR5_2 Pin=R24-1
Added Pin To Net: NetName=CH3 Pin=U1-26
Added Pin To Net: NetName=CH4 Pin=U1-29
Added Pin To Net: NetName=CH5 Pin=U1-30
Added Pin To Net: NetName=CH6 Pin=U1-31
Added Pin To Net: NetName=CH7 Pin=U1-32
Added Pin To Net: NetName=CH14 Pin=U1-33
Added Pin To Net: NetName=CH15 Pin=U1-34
Added Pin To Net: NetName=CH8 Pin=U1-35
Added Pin To Net: NetName=CH9 Pin=U1-36
Added Pin To Net: NetName=USART1_TX Pin=U1-68
Added Pin To Net: NetName=USART1_RX Pin=U1-69
Added Pin To Net: NetName=GND Pin=U1-74
Added Pin To Net: NetName=VDD33V Pin=U1-75
Added Pin To Net: NetName=BOOT0 Pin=U1-94
Added Pin To Net: NetName=GND Pin=U1-99
Added Pin To Net: NetName=VDD33V Pin=U1-100
Added Pin To Net: NetName=GND Pin=U4-1
Added Pin To Net: NetName=GND Pin=U4-2
Added Pin To Net: NetName=GND Pin=U4-3
Added Pin To Net: NetName=GND Pin=U4-4
Added Pin To Net: NetName=GND Pin=U4-7
Added Pin To Net: NetName=VDD33V Pin=U4-8
Change Net Name : Old Net Name=NetC3_1 New Net Name=NetC4_1
Change Net Name : Old Net Name=NetC4_1 New Net Name=NetC5_1
Change Net Name : Old Net Name=NetR5_2 New Net Name=WP_SD_1
Added Pin To Net: NetName=BOOT1 Pin=R2-1
Added Pin To Net: NetName=BOOT1 Pin=U1-37
Added Net: Name=BOOT1
Added Pin To Net: NetName=I2C1_SCL Pin=R14-1
Added Pin To Net: NetName=I2C1_SCL Pin=U1-92
Added Pin To Net: NetName=I2C1_SCL Pin=U4-6
Added Net: Name=I2C1_SCL
Added Pin To Net: NetName=I2C1_SDA Pin=R13-1
Added Pin To Net: NetName=I2C1_SDA Pin=U1-93
Added Pin To Net: NetName=I2C1_SDA Pin=U4-5
Added Net: Name=I2C1_SDA
Added Pin To Net: NetName=NCD_SD Pin=CON1-11
Added Pin To Net: NetName=NCD_SD Pin=R22-2
Added Net: Name=NCD_SD
Added Pin To Net: NetName=NetBOOT1_3 Pin=BOOT1-3
Added Pin To Net: NetName=NetBOOT1_3 Pin=R1-1
Added Net: Name=NetBOOT1_3
Added Pin To Net: NetName=NetBOOT1_4 Pin=BOOT1-4
Added Pin To Net: NetName=NetBOOT1_4 Pin=R2-2
Added Net: Name=NetBOOT1_4
Added Pin To Net: NetName=NetR7_2 Pin=R7-2
Added Pin To Net: NetName=NetR7_2 Pin=U3-2
Added Net: Name=NetR7_2
Added Pin To Net: NetName=SDCLK Pin=CON1-5
Added Pin To Net: NetName=SDCLK Pin=CS1-2
Added Pin To Net: NetName=SDCLK Pin=R17-2
Added Pin To Net: NetName=SDCLK Pin=U1-80
Added Net: Name=SDCLK
Added Pin To Net: NetName=SDCMD Pin=CON1-2
Added Pin To Net: NetName=SDCMD Pin=R18-2
Added Pin To Net: NetName=SDCMD Pin=U1-83
Added Net: Name=SDCMD
Added Pin To Net: NetName=SDDATA0 Pin=CON1-7
Added Pin To Net: NetName=SDDATA0 Pin=R16-2
Added Pin To Net: NetName=SDDATA0 Pin=U1-65
Added Net: Name=SDDATA0
Added Pin To Net: NetName=SDDATA1 Pin=CON1-8
Added Pin To Net: NetName=SDDATA1 Pin=R15-2
Added Pin To Net: NetName=SDDATA1 Pin=U1-66
Added Net: Name=SDDATA1
Added Pin To Net: NetName=SDDATA2 Pin=CON1-9
Added Pin To Net: NetName=SDDATA2 Pin=R20-2
Added Pin To Net: NetName=SDDATA2 Pin=U1-78
Added Net: Name=SDDATA2
Added Pin To Net: NetName=SDDATA3 Pin=CON1-1
Added Pin To Net: NetName=SDDATA3 Pin=R19-2
Added Pin To Net: NetName=SDDATA3 Pin=U1-79
Added Net: Name=SDDATA3
Added Pin To Net: NetName=WP_SD Pin=R24-2
Added Net: Name=WP_SD
Added Member To Class: ClassName=电眼主板 Member=Component BOOT1 Header 3X2H
Added Member To Class: ClassName=电眼主板 Member=Component C14 电容(贴片)
Added Member To Class: ClassName=电眼主板 Member=Component CON1 SD卡座
Added Member To Class: ClassName=电眼主板 Member=Component CS1 电容(贴片)
Added Member To Class: ClassName=电眼主板 Member=Component R11 电阻(贴片)
Added Member To Class: ClassName=电眼主板 Member=Component R12 电阻(贴片)
Added Member To Class: ClassName=电眼主板 Member=Component R13 电阻(贴片)
Added Member To Class: ClassName=电眼主板 Member=Component R14 电阻(贴片)
Added Member To Class: ClassName=电眼主板 Member=Component R15 电阻(贴片)
Added Member To Class: ClassName=电眼主板 Member=Component R16 电阻(贴片)
Added Member To Class: ClassName=电眼主板 Member=Component R17 电阻(贴片)
Added Member To Class: ClassName=电眼主板 Member=Component R18 电阻(贴片)
Added Member To Class: ClassName=电眼主板 Member=Component R19 电阻(贴片)
Added Member To Class: ClassName=电眼主板 Member=Component R20 电阻(贴片)
Added Member To Class: ClassName=电眼主板 Member=Component R21 电阻(贴片)
Added Member To Class: ClassName=电眼主板 Member=Component R22 电阻(贴片)
Added Member To Class: ClassName=电眼主板 Member=Component R23 电阻(贴片)
Added Member To Class: ClassName=电眼主板 Member=Component R24 电阻(贴片)
Added Member To Class: ClassName=电眼主板 Member=Component U4 集成电路贴片
Added Room: Name=电眼主板
