Change Component Designator: Old Designator=C3 New Designator=C4
Change Component Designator: Old Designator=C4 New Designator=C5
Change Component Designator: Old Designator=C5 New Designator=C7
Change Component Designator: Old Designator=C6 New Designator=C8
Change Component Designator: Old Designator=C7 New Designator=C9
Change Component Designator: Old Designator=C8 New Designator=C10
Change Component Designator: Old Designator=C9 New Designator=C3
Change Component Designator: Old Designator=C10 New Designator=C6
Change Component Designator: Old Designator=C501 New Designator=C14
Change Component Designator: Old Designator=CON7 New Designator=CON1
Change Component Designator: Old Designator=R1 New Designator=R3
Change Component Designator: Old Designator=R2 New Designator=R1
Change Component Designator: Old Designator=R3 New Designator=R2
Change Component Designator: Old Designator=R41 New Designator=R15
Change Component Designator: Old Designator=R42 New Designator=R16
Change Component Designator: Old Designator=R43 New Designator=R17
Change Component Designator: Old Designator=R44 New Designator=R18
Change Component Designator: Old Designator=R45 New Designator=R19
Change Component Designator: Old Designator=R46 New Designator=R20
Change Component Designator: Old Designator=R47 New Designator=R22
Change Component Designator: Old Designator=R48 New Designator=R21
Change Component Designator: Old Designator=R49 New Designator=R23
Change Component Designator: Old Designator=R50 New Designator=R24
Change Component Designator: Old Designator=R503 New Designator=R14
Change Component Designator: Old Designator=R504 New Designator=R13
Change Component Part ID : Designator=U1 Old Part ID =3 New Part ID =4
Change Component Part ID : Designator=U1 Old Part ID =4 New Part ID =3
Change Component Designator: Old Designator=U5 New Designator=U4
