Removed Pin From Net: NetName=N24V1 Pin=P1-1
Removed Pin From Net: NetName=GND Pin=P1-2
Removed Pin From Net: NetName=EXT_IN_CH0 Pin=P1-3
Removed Pin From Net: NetName=EXT_IN_CH1 Pin=P1-4
Removed Pin From Net: NetName=EXT_IN_CH2 Pin=P1-5
Removed Pin From Net: NetName=EXT_IN_CH3 Pin=P1-6
Removed Pin From Net: NetName=EXT_IN_CH4 Pin=P1-7
Removed Pin From Net: NetName=EXT_IN_CH5 Pin=P1-8
Removed Pin From Net: NetName=EXT_IN_CH6 Pin=P1-9
Removed Pin From Net: NetName=EXT_IN_CH7 Pin=P1-10
Added Pin To Net: NetName=EXT_IN_CH7 Pin=P1-1
Added Pin To Net: NetName=EXT_IN_CH6 Pin=P1-2
Added Pin To Net: NetName=EXT_IN_CH5 Pin=P1-3
Added Pin To Net: NetName=EXT_IN_CH4 Pin=P1-4
Added Pin To Net: NetName=EXT_IN_CH3 Pin=P1-5
Added Pin To Net: NetName=EXT_IN_CH2 Pin=P1-6
Added Pin To Net: NetName=EXT_IN_CH1 Pin=P1-7
Added Pin To Net: NetName=EXT_IN_CH0 Pin=P1-8
Added Pin To Net: NetName=GND Pin=P1-9
Added Pin To Net: NetName=N24V1 Pin=P1-10
