Change Component Designator: Old Designator=C15 New Designator=C3
Change Component Designator: Old Designator=C16 New Designator=C2
Change Component Designator: Old Designator=C17 New Designator=C1
Change Component Designator: Old Designator=D3 New Designator=D1
Change Component Designator: Old Designator=J2 New Designator=J1
Change Component Designator: Old Designator=R20 New Designator=R15
Change Component Designator: Old Designator=R21 New Designator=R17
Change Component Designator: Old Designator=R22 New Designator=R18
Change Component Designator: Old Designator=R23 New Designator=R16
Change Component Designator: Old Designator=R24 New Designator=R2
Change Component Designator: Old Designator=R25 New Designator=R3
Change Component Designator: Old Designator=R26 New Designator=R4
Change Component Designator: Old Designator=R27 New Designator=R5
Change Component Designator: Old Designator=R28 New Designator=R6
Change Component Designator: Old Designator=R29 New Designator=R7
Change Component Designator: Old Designator=R30 New Designator=R8
Change Component Designator: Old Designator=R31 New Designator=R10
Change Component Designator: Old Designator=R34 New Designator=R1
Change Component Designator: Old Designator=R35 New Designator=R12
Change Component Designator: Old Designator=R36 New Designator=R19
Change Component Designator: Old Designator=R37 New Designator=R9
Change Component Designator: Old Designator=R38 New Designator=R14
Change Component Designator: Old Designator=R39 New Designator=R11
Change Component Designator: Old Designator=R40 New Designator=R13
Change Component Designator: Old Designator=U5 New Designator=U4
Change Component Designator: Old Designator=U6 New Designator=U1
Change Component Designator: Old Designator=U7 New Designator=U2
Change Component Designator: Old Designator=U9 New Designator=U3
