Removed Pin From Net: NetName=P24V Pin=P2-1
Removed Pin From Net: NetName=N24V Pin=P2-2
Removed Pin From Net: NetName=EXT_OUT_CH0 Pin=P2-3
Removed Pin From Net: NetName=EXT_OUT_CH1 Pin=P2-4
Removed Pin From Net: NetName=EXT_OUT_CH2 Pin=P2-5
Removed Pin From Net: NetName=EXT_OUT_CH3 Pin=P2-6
Removed Pin From Net: NetName=EXT_OUT_CH4 Pin=P2-7
Removed Pin From Net: NetName=EXT_OUT_CH5 Pin=P2-8
Removed Pin From Net: NetName=EXT_OUT_CH6 Pin=P2-9
Removed Pin From Net: NetName=EXT_OUT_CH7 Pin=P2-10
Removed Pin From Net: NetName=EXT_OUT_CH8 Pin=P2-11
Removed Pin From Net: NetName=EXT_OUT_CH9 Pin=P2-12
Removed Pin From Net: NetName=EXT_OUT_CH10 Pin=P2-13
Removed Pin From Net: NetName=EXT_OUT_CH11 Pin=P2-14
Removed Pin From Net: NetName=EXT_OUT_CH12 Pin=P2-15
Removed Pin From Net: NetName=EXT_OUT_CH13 Pin=P2-16
Removed Pin From Net: NetName=EXT_OUT_CH14 Pin=P2-17
Removed Pin From Net: NetName=EXT_OUT_CH15 Pin=P2-18
Added Pin To Net: NetName=EXT_OUT_CH15 Pin=P2-1
Added Pin To Net: NetName=EXT_OUT_CH14 Pin=P2-2
Added Pin To Net: NetName=EXT_OUT_CH13 Pin=P2-3
Added Pin To Net: NetName=EXT_OUT_CH12 Pin=P2-4
Added Pin To Net: NetName=EXT_OUT_CH11 Pin=P2-5
Added Pin To Net: NetName=EXT_OUT_CH10 Pin=P2-6
Added Pin To Net: NetName=EXT_OUT_CH9 Pin=P2-7
Added Pin To Net: NetName=EXT_OUT_CH8 Pin=P2-8
Added Pin To Net: NetName=EXT_OUT_CH7 Pin=P2-9
Added Pin To Net: NetName=EXT_OUT_CH6 Pin=P2-10
Added Pin To Net: NetName=EXT_OUT_CH5 Pin=P2-11
Added Pin To Net: NetName=EXT_OUT_CH4 Pin=P2-12
Added Pin To Net: NetName=EXT_OUT_CH3 Pin=P2-13
Added Pin To Net: NetName=EXT_OUT_CH2 Pin=P2-14
Added Pin To Net: NetName=EXT_OUT_CH1 Pin=P2-15
Added Pin To Net: NetName=EXT_OUT_CH0 Pin=P2-16
Added Pin To Net: NetName=N24V Pin=P2-17
Added Pin To Net: NetName=P24V Pin=P2-18
