Removed Pin From Net: NetName=VCC3.3 Pin=P2-21
Removed Pin From Net: NetName=VCC3.3 Pin=P2-23
Change Component Designator: OldDesignator=C4 NewDesignator=C8
Change Component Designator: OldDesignator=C5 NewDesignator=C9
Change Component Designator: OldDesignator=C6 NewDesignator=C10
Change Component Designator: OldDesignator=C7 NewDesignator=C11
Change Component Designator: OldDesignator=C8 NewDesignator=C12
Change Component Designator: OldDesignator=C9 NewDesignator=C13
Change Component Designator: OldDesignator=C10 NewDesignator=C14
Change Component Designator: OldDesignator=C11 NewDesignator=C15
Change Component Designator: OldDesignator=C12 NewDesignator=C16
Change Component Designator: OldDesignator=C13 NewDesignator=C17
Change Component Designator: OldDesignator=CT1 NewDesignator=CT2
Change Component Designator: OldDesignator=D1 NewDesignator=D2
Change Component Designator: OldDesignator=D2 NewDesignator=D3
Change Component Designator: OldDesignator=R28 NewDesignator=R29
Change Component Designator: OldDesignator=R29 NewDesignator=R30
Change Component Designator: OldDesignator=R30 NewDesignator=R31
Change Component Designator: OldDesignator=R31 NewDesignator=R32
Change Component Designator: OldDesignator=R32 NewDesignator=R33
Change Component Designator: OldDesignator=R33 NewDesignator=R34
Change Component Designator: OldDesignator=R34 NewDesignator=R35
Change Component Designator: OldDesignator=R35 NewDesignator=R36
Change Component Designator: OldDesignator=R36 NewDesignator=R37
Change Component Designator: OldDesignator=R37 NewDesignator=R38
Change Component Designator: OldDesignator=R38 NewDesignator=R40
Change Component Designator: OldDesignator=R39 NewDesignator=R41
Change Component Designator: OldDesignator=R40 NewDesignator=R42
Change Component Designator: OldDesignator=R41 NewDesignator=R43
Change Component Designator: OldDesignator=R42 NewDesignator=R44
Change Component Designator: OldDesignator=R43 NewDesignator=R45
Change Component Designator: OldDesignator=U2 NewDesignator=U3
Change Component Designator: OldDesignator=U3 NewDesignator=U4
Change Component Designator: OldDesignator=U4 NewDesignator=U5
Added Component: Designator=C4(0805C)
Added Component: Designator=C5(0805C)
Added Component: Designator=C6(0805C)
Added Component: Designator=C7(0805CC)
Added Component: Designator=D1(LED-0805)
Added Component: Designator=L1(RB-.15/.25)
Added Component: Designator=R39(0805R)
Added Component: Designator=U2(TO-263)
Added Component: Designator=V1(1812DT)
Added Pin To Net: NetName=GND Pin=C4-1
Added Pin To Net: NetName=VCC5V Pin=C4-2
Added Pin To Net: NetName=VCC3.3 Pin=C5-1
Added Pin To Net: NetName=GND Pin=C5-2
Added Pin To Net: NetName=VCC5V Pin=C6-1
Added Pin To Net: NetName=GND Pin=C6-2
Added Pin To Net: NetName=GND Pin=C7-2
Added Pin To Net: NetName=GND Pin=C7-2
Added Pin To Net: NetName=GND Pin=D1-2
Added Pin To Net: NetName=VCC5V Pin=L1-2
Added Pin To Net: NetName=VDD33V Pin=P2-21
Added Pin To Net: NetName=VDD33V Pin=P2-23
Added Pin To Net: NetName=GND Pin=R39-1
Added Pin To Net: NetName=VCC3.3 Pin=U2-1
Added Pin To Net: NetName=GND Pin=U2-3
Added Pin To Net: NetName=VCC5V Pin=U2-4
Added Pin To Net: NetName=GND Pin=U2-5
Added Pin To Net: NetName=GND Pin=V1-1
Change Net Name : Old Net Name=NetC4_1 New Net Name=NetC8_1
Change Net Name : Old Net Name=NetC6_2 New Net Name=NetC10_2
Change Net Name : Old Net Name=NetC10_1 New Net Name=NetC14_1
Change Net Name : Old Net Name=NetC11_1 New Net Name=NetC15_1
Change Net Name : Old Net Name=NetC12_2 New Net Name=NetC16_2
Change Net Name : Old Net Name=NetC13_2 New Net Name=NetC17_2
Change Net Name : Old Net Name=NetD2_2 New Net Name=NetD3_2
Change Net Name : Old Net Name=NetR32_1 New Net Name=NetR33_1
Change Net Name : Old Net Name=NetR34_2 New Net Name=NetR35_2
Change Net Name : Old Net Name=NetR35_2 New Net Name=NetR36_2
Change Net Name : Old Net Name=NetR36_2 New Net Name=NetR37_2
Change Net Name : Old Net Name=NetR38_1 New Net Name=NetR40_1
Change Net Name : Old Net Name=NetR39_1 New Net Name=NetR41_1
Change Net Name : Old Net Name=NetU2_1 New Net Name=NetU3_1
Change Net Name : Old Net Name=VCC3.3 New Net Name=VCC24V
Added Pin To Net: NetName=NetD1_1 Pin=D1-1
Added Net: Name=NetD1_1
Added Pin To Net: NetName=NetL1_1 Pin=L1-1
Added Pin To Net: NetName=NetL1_1 Pin=U2-2
Added Pin To Net: NetName=NetL1_1 Pin=V1-2
Added Net: Name=NetL1_1
Added Pin To Net: NetName=PG Pin=C7-1
Added Pin To Net: NetName=PG Pin=C7-1
Added Pin To Net: NetName=PG Pin=R39-2
Added Net: Name=PG
Added Member To Class: ClassName=电眼主板 Member=Component C14 贴片电容10nF
Added Member To Class: ClassName=电眼主板 Member=Component C15 贴片电容 1uF
Added Member To Class: ClassName=电眼主板 Member=Component C16 电容(贴片)
Added Member To Class: ClassName=电眼主板 Member=Component C17 电容(贴片)
Added Member To Class: ClassName=电眼主板 Member=Component CT2 钽电容(贴片)
Added Member To Class: ClassName=电眼主板 Member=Component D3 二极管(贴片)
Added Member To Class: ClassName=电眼主板 Member=Component L1 33uH2A
Added Member To Class: ClassName=电眼主板 Member=Component R44 电阻(贴片)
Added Member To Class: ClassName=电眼主板 Member=Component R45 电阻(贴片)
Added Member To Class: ClassName=电眼主板 Member=Component U5 集成电路
Added Member To Class: ClassName=电眼主板 Member=Component V1 SK210B
