Removed Pin From Net: NetName=DVSS Pin=U1-10
Removed Pin From Net: NetName=DVSS Pin=U1-34
Removed Pin From Net: NetName=DVSS Pin=U1-77
Removed Pin From Net: NetName=DVSS Pin=U1-99
Added Component: Designator=C5(0603)
Added Component: Designator=C6(0603)
Added Component: Designator=R?(0805r)
Added Component: Designator=Y?(R38)
Added Pin To Net: NetName=DVSS Pin=C5-1
Added Pin To Net: NetName=GND Pin=C5-2
Added Pin To Net: NetName=GND Pin=C6-2
Added Pin To Net: NetName=DVSS Pin=R?-1
Added Pin To Net: NetName=GND Pin=U1-10
Added Pin To Net: NetName=GND Pin=U1-34
Added Pin To Net: NetName=GND Pin=U1-77
Added Pin To Net: NetName=GND Pin=U1-99
Added Pin To Net: NetName=DVSS Pin=Y?-2
Change Net Name : Old Net Name=DVSS New Net Name=NetC5_1
Added Pin To Net: NetName=NetC6_1 Pin=C6-1
Added Pin To Net: NetName=NetC6_1 Pin=R?-2
Added Pin To Net: NetName=NetC6_1 Pin=Y?-1
Added Net: Name=NetC6_1
Added Member To Class: ClassName=电眼主板 Member=Component C5 贴片电容10nF
Added Member To Class: ClassName=电眼主板 Member=Component C6 贴片电容10nF
Added Member To Class: ClassName=电眼主板 Member=Component R? 贴片电阻 1M
Added Member To Class: ClassName=电眼主板 Member=Component Y? XTAL 8MHz
