Removed Pin From Net: NetName=VCC5 Pin=TL5-1
Removed Pin From Net: NetName=VCC5 Pin=TL5-3
Removed Pin From Net: NetName=VCC5 Pin=TL5-5
Removed Pin From Net: NetName=VCC5 Pin=TL5-7
Removed Pin From Net: NetName=VCC5 Pin=TL6-1
Removed Pin From Net: NetName=VCC5 Pin=TL6-3
Removed Pin From Net: NetName=VCC5 Pin=TL6-5
Removed Pin From Net: NetName=VCC5 Pin=TL6-7
Removed Pin From Net: NetName=USART3_RX Pin=U3-1
Removed Pin From Net: NetName=RS485_RE Pin=U3-2
Removed Pin From Net: NetName=RS485_RE Pin=U3-3
Removed Pin From Net: NetName=USART3_TX Pin=U3-4
Removed Pin From Net: NetName=485_A Pin=U3-6
Removed Pin From Net: NetName=485_B Pin=U3-7
Removed Pin From Net: NetName=VDD33V Pin=U3-8
Change Component Footprint: Designator=U4 Old Footprint=mTQFP48 New Footprint=sop8
Change Component Footprint: Designator=U3 Old Footprint=sop8 New Footprint=mTQFP48
Change Component Comment : Designator=U4 Old Comment=DM9000 New Comment=集成电路
Change Component Comment : Designator=U3 Old Comment=集成电路 New Comment=DM9000
Added Component: Designator=C4(0603)
Added Component: Designator=C5(0603)
Added Component: Designator=C6(0603)
Added Component: Designator=C7(0603)
Added Component: Designator=C8(0603)
Added Component: Designator=R17(0603)
Added Component: Designator=R18(0603)
Added Component: Designator=R19(0603)
Added Component: Designator=R20(0603)
Added Component: Designator=R21(0603)
Added Component: Designator=R22(0603)
Added Component: Designator=Y1(CRYSTAL_SMD)
Added Pin To Net: NetName=GND Pin=C4-1
Added Pin To Net: NetName=GND Pin=C5-2
Added Pin To Net: NetName=GND Pin=C6-2
Added Pin To Net: NetName=GND Pin=C7-1
Added Pin To Net: NetName=GND Pin=C8-1
Added Pin To Net: NetName=GND Pin=J1-8
Added Pin To Net: NetName=VDD33V Pin=J1-9
Added Pin To Net: NetName=VDD33V Pin=J1-12
Added Pin To Net: NetName=GND Pin=J1-13
Added Pin To Net: NetName=GND Pin=J1-14
Added Pin To Net: NetName=GND Pin=U3-6
Added Pin To Net: NetName=FSMC_D7 Pin=U3-10
Added Pin To Net: NetName=FSMC_D6 Pin=U3-11
Added Pin To Net: NetName=FSMC_D5 Pin=U3-12
Added Pin To Net: NetName=FSMC_D4 Pin=U3-13
Added Pin To Net: NetName=FSMC_D3 Pin=U3-14
Added Pin To Net: NetName=GND Pin=U3-15
Added Pin To Net: NetName=FSMC_D2 Pin=U3-16
Added Pin To Net: NetName=FSMC_D1 Pin=U3-17
Added Pin To Net: NetName=FSMC_D0 Pin=U3-18
Added Pin To Net: NetName=FSMC_D15 Pin=U3-22
Added Pin To Net: NetName=FSMC_D14 Pin=U3-24
Added Pin To Net: NetName=FSMC_D13 Pin=U3-25
Added Pin To Net: NetName=FSMC_D12 Pin=U3-26
Added Pin To Net: NetName=FSMC_D11 Pin=U3-27
Added Pin To Net: NetName=FSMC_D10 Pin=U3-28
Added Pin To Net: NetName=FSMC_D9 Pin=U3-29
Added Pin To Net: NetName=FSMC_D8 Pin=U3-31
Added Pin To Net: NetName=GND Pin=U3-33
Added Pin To Net: NetName=GND Pin=U3-45
Added Pin To Net: NetName=GND Pin=U3-47
Added Pin To Net: NetName=GND Pin=U3-48
Added Pin To Net: NetName=USART3_RX Pin=U4-1
Added Pin To Net: NetName=RS485_RE Pin=U4-2
Added Pin To Net: NetName=RS485_RE Pin=U4-3
Added Pin To Net: NetName=USART3_TX Pin=U4-4
Added Pin To Net: NetName=GND Pin=U4-5
Added Pin To Net: NetName=485_A Pin=U4-6
Added Pin To Net: NetName=485_B Pin=U4-7
Added Pin To Net: NetName=VDD33V Pin=U4-8
Added Pin To Net: NetName=LEDA Pin=J1-10
Added Pin To Net: NetName=LEDA Pin=R18-2
Added Net: Name=LEDA
Added Pin To Net: NetName=LEDB Pin=J1-11
Added Pin To Net: NetName=LEDB Pin=R17-2
Added Net: Name=LEDB
Added Pin To Net: NetName=NetC5_1 Pin=C5-1
Added Pin To Net: NetName=NetC5_1 Pin=U3-43
Added Pin To Net: NetName=NetC5_1 Pin=Y1-1
Added Pin To Net: NetName=NetC5_1 Pin=Y1-1
Added Net: Name=NetC5_1
Added Pin To Net: NetName=NetC6_1 Pin=C6-1
Added Pin To Net: NetName=NetC6_1 Pin=U3-44
Added Pin To Net: NetName=NetC6_1 Pin=Y1-2
Added Pin To Net: NetName=NetC6_1 Pin=Y1-2
Added Net: Name=NetC6_1
Added Pin To Net: NetName=NetC7_2 Pin=C7-2
Added Pin To Net: NetName=NetC7_2 Pin=R19-1
Added Pin To Net: NetName=NetC7_2 Pin=R20-1
Added Net: Name=NetC7_2
Added Pin To Net: NetName=NetC8_2 Pin=C8-2
Added Pin To Net: NetName=NetC8_2 Pin=R21-1
Added Pin To Net: NetName=NetC8_2 Pin=R22-1
Added Net: Name=NetC8_2
Added Pin To Net: NetName=NetJ1_1 Pin=J1-1
Added Pin To Net: NetName=NetJ1_1 Pin=R19-2
Added Net: Name=NetJ1_1
Added Pin To Net: NetName=NetJ1_2 Pin=J1-2
Added Pin To Net: NetName=NetJ1_2 Pin=R20-2
Added Net: Name=NetJ1_2
Added Pin To Net: NetName=NetJ1_3 Pin=J1-3
Added Pin To Net: NetName=NetJ1_3 Pin=R21-2
Added Net: Name=NetJ1_3
Added Pin To Net: NetName=NetJ1_6 Pin=J1-6
Added Pin To Net: NetName=NetJ1_6 Pin=R22-2
Added Net: Name=NetJ1_6
Added Pin To Net: NetName=NetR17_1 Pin=R17-1
Added Pin To Net: NetName=NetR17_1 Pin=U3-38
Added Net: Name=NetR17_1
Added Pin To Net: NetName=NetR18_1 Pin=R18-1
Added Pin To Net: NetName=NetR18_1 Pin=U3-39
Added Net: Name=NetR18_1
Added Pin To Net: NetName=TPRX+ Pin=U3-3
Added Net: Name=TPRX+
Added Pin To Net: NetName=TPRX- Pin=U3-4
Added Net: Name=TPRX-
Added Pin To Net: NetName=TPTX+ Pin=U3-7
Added Net: Name=TPTX+
Added Pin To Net: NetName=TPTX- Pin=U3-8
Added Net: Name=TPTX-
Added Pin To Net: NetName=VCC24V Pin=TL5-1
Added Pin To Net: NetName=VCC24V Pin=TL5-3
Added Pin To Net: NetName=VCC24V Pin=TL5-5
Added Pin To Net: NetName=VCC24V Pin=TL5-7
Added Pin To Net: NetName=VCC24V Pin=TL6-1
Added Pin To Net: NetName=VCC24V Pin=TL6-3
Added Pin To Net: NetName=VCC24V Pin=TL6-5
Added Pin To Net: NetName=VCC24V Pin=TL6-7
Added Net: Name=VCC24V
Added Pin To Net: NetName=VDD25V Pin=C4-2
Added Pin To Net: NetName=VDD25V Pin=J1-4
Added Pin To Net: NetName=VDD25V Pin=J1-5
Added Net: Name=VDD25V
Added Member To Class: ClassName=电眼主板 Member=Component C4 电容(贴片)
Added Member To Class: ClassName=电眼主板 Member=Component C5 贴片电容10nF
Added Member To Class: ClassName=电眼主板 Member=Component C6 贴片电容 1uF
Added Member To Class: ClassName=电眼主板 Member=Component C7 电容(贴片)
Added Member To Class: ClassName=电眼主板 Member=Component C8 电容(贴片)
Added Member To Class: ClassName=电眼主板 Member=Component R17 电阻(贴片)
Added Member To Class: ClassName=电眼主板 Member=Component R18 电阻(贴片)
Added Member To Class: ClassName=电眼主板 Member=Component R19 电阻(贴片)
Added Member To Class: ClassName=电眼主板 Member=Component R20 电阻(贴片)
Added Member To Class: ClassName=电眼主板 Member=Component R21 电阻(贴片)
Added Member To Class: ClassName=电眼主板 Member=Component R22 电阻(贴片)
Added Member To Class: ClassName=电眼主板 Member=Component Y1 晶体(贴片)
