Removed Pin From Net: NetName=RXD0 Pin=U9-3
Removed Pin From Net: NetName=TXD0 Pin=U9-4
Added Component: Designator=D4(D1206)
Added Component: Designator=Q?(sot-23)
Added Component: Designator=Q?(sot-23)
Added Component: Designator=R3(0603)
Added Pin To Net: NetName=VDD33V Pin=Q?-1
Added Pin To Net: NetName=VDD33V Pin=R3-2
Added Pin To Net: NetName=RXD0 Pin=U1-68
Added Pin To Net: NetName=TXD0 Pin=U1-69
Added Pin To Net: NetName=TXD0 Pin=U9-3
Added Pin To Net: NetName=RXD0 Pin=U9-4
Change Net Name : Old Net Name=RXD0 New Net Name=USART1_TX
Change Net Name : Old Net Name=TXD0 New Net Name=USART1_RX
Added Pin To Net: NetName=BOOT0 Pin=R3-1
Added Pin To Net: NetName=BOOT0 Pin=U1-94
Added Net: Name=BOOT0
Added Pin To Net: NetName=NetD4_2 Pin=D4-2
Added Pin To Net: NetName=NetD4_2 Pin=Q?-3
Added Pin To Net: NetName=NetD4_2 Pin=R3-1
Added Net: Name=NetD4_2
Added Pin To Net: NetName=NetQ?_1 Pin=Q?-1
Added Pin To Net: NetName=NetQ?_1 Pin=R3-1
Added Pin To Net: NetName=NetQ?_1 Pin=U9-16
Added Net: Name=NetQ?_1
Added Pin To Net: NetName=NetQ?_2 Pin=Q?-2
Added Pin To Net: NetName=NetQ?_2 Pin=R3-2
Added Net: Name=NetQ?_2
Added Pin To Net: NetName=NetQ?_3 Pin=Q?-3
Added Pin To Net: NetName=NetQ?_3 Pin=R3-2
Added Net: Name=NetQ?_3
Added Pin To Net: NetName=NetR3_1 Pin=R3-1
Added Pin To Net: NetName=NetR3_1 Pin=U9-15
Added Net: Name=NetR3_1
Added Pin To Net: NetName=RESET Pin=D4-1
Added Net: Name=RESET
Added Member To Class: ClassName=电眼主板 Member=Component D4 二极管(贴片)
Added Member To Class: ClassName=电眼主板 Member=Component Q? S8050
Added Member To Class: ClassName=电眼主板 Member=Component Q? S8550
Added Member To Class: ClassName=电眼主板 Member=Component R3 电阻(贴片)
