Removed Pin From Net: NetName=VOUT5 Pin=D5a-1
Removed Pin From Net: NetName=GND Pin=D5d-2
Removed Pin From Net: NetName=VOUT6 Pin=D6a-1
Removed Pin From Net: NetName=GND Pin=D6d-2
Removed Pin From Net: NetName=VOUT7 Pin=D7a-1
Removed Pin From Net: NetName=GND Pin=D7d-2
Removed Pin From Net: NetName=VOUT8 Pin=D8a-1
Removed Pin From Net: NetName=GND Pin=D8d-2
Removed Pin From Net: NetName=VOUT9 Pin=D9a-1
Removed Pin From Net: NetName=GND Pin=D9d-2
Removed Pin From Net: NetName=VOUT10 Pin=D10a-1
Removed Pin From Net: NetName=GND Pin=D10d-2
Removed Pin From Net: NetName=VOUT11 Pin=D11a-1
Removed Pin From Net: NetName=GND Pin=D11d-2
Removed Pin From Net: NetName=VOUT12 Pin=D12a-1
Removed Pin From Net: NetName=GND Pin=D12d-2
Removed Member From Class: ClassName=数粒机发射板12通道 Member=D5a
Removed Member From Class: ClassName=数粒机发射板12通道 Member=D5a
Removed Member From Class: ClassName=数粒机发射板12通道 Member=D5b
Removed Member From Class: ClassName=数粒机发射板12通道 Member=D5c
Removed Member From Class: ClassName=数粒机发射板12通道 Member=D5c
Removed Member From Class: ClassName=数粒机发射板12通道 Member=D5d
Removed Member From Class: ClassName=数粒机发射板12通道 Member=D6a
Removed Member From Class: ClassName=数粒机发射板12通道 Member=D6a
Removed Member From Class: ClassName=数粒机发射板12通道 Member=D6a
Removed Member From Class: ClassName=数粒机发射板12通道 Member=D6b
Removed Member From Class: ClassName=数粒机发射板12通道 Member=D6c
Removed Member From Class: ClassName=数粒机发射板12通道 Member=D6c
Removed Member From Class: ClassName=数粒机发射板12通道 Member=D6c
Removed Member From Class: ClassName=数粒机发射板12通道 Member=D6d
Removed Member From Class: ClassName=数粒机发射板12通道 Member=D7a
Removed Member From Class: ClassName=数粒机发射板12通道 Member=D7a
Removed Member From Class: ClassName=数粒机发射板12通道 Member=D7a
Removed Member From Class: ClassName=数粒机发射板12通道 Member=D7b
Removed Member From Class: ClassName=数粒机发射板12通道 Member=D7b
Removed Member From Class: ClassName=数粒机发射板12通道 Member=D7b
Removed Member From Class: ClassName=数粒机发射板12通道 Member=D7c
Removed Member From Class: ClassName=数粒机发射板12通道 Member=D7c
Removed Member From Class: ClassName=数粒机发射板12通道 Member=D7c
Removed Member From Class: ClassName=数粒机发射板12通道 Member=D7d
Removed Member From Class: ClassName=数粒机发射板12通道 Member=D7d
Removed Member From Class: ClassName=数粒机发射板12通道 Member=D7d
Removed Member From Class: ClassName=数粒机发射板12通道 Member=D8a
Removed Member From Class: ClassName=数粒机发射板12通道 Member=D8a
Removed Member From Class: ClassName=数粒机发射板12通道 Member=D8a
Removed Member From Class: ClassName=数粒机发射板12通道 Member=D8b
Removed Member From Class: ClassName=数粒机发射板12通道 Member=D8b
Removed Member From Class: ClassName=数粒机发射板12通道 Member=D8c
Removed Member From Class: ClassName=数粒机发射板12通道 Member=D8c
Removed Member From Class: ClassName=数粒机发射板12通道 Member=D8c
Removed Member From Class: ClassName=数粒机发射板12通道 Member=D8d
Removed Member From Class: ClassName=数粒机发射板12通道 Member=D8d
Removed Member From Class: ClassName=数粒机发射板12通道 Member=D9a
Removed Member From Class: ClassName=数粒机发射板12通道 Member=D9a
Removed Member From Class: ClassName=数粒机发射板12通道 Member=D9a
Removed Member From Class: ClassName=数粒机发射板12通道 Member=D9b
Removed Member From Class: ClassName=数粒机发射板12通道 Member=D9b
Removed Member From Class: ClassName=数粒机发射板12通道 Member=D9c
Removed Member From Class: ClassName=数粒机发射板12通道 Member=D9c
Removed Member From Class: ClassName=数粒机发射板12通道 Member=D9c
Removed Member From Class: ClassName=数粒机发射板12通道 Member=D9d
Removed Member From Class: ClassName=数粒机发射板12通道 Member=D9d
Removed Member From Class: ClassName=数粒机发射板12通道 Member=D10a
Removed Member From Class: ClassName=数粒机发射板12通道 Member=D10a
Removed Member From Class: ClassName=数粒机发射板12通道 Member=D10b
Removed Member From Class: ClassName=数粒机发射板12通道 Member=D10b
Removed Member From Class: ClassName=数粒机发射板12通道 Member=D10c
Removed Member From Class: ClassName=数粒机发射板12通道 Member=D10d
Removed Member From Class: ClassName=数粒机发射板12通道 Member=D10d
Removed Member From Class: ClassName=数粒机发射板12通道 Member=D11a
Removed Member From Class: ClassName=数粒机发射板12通道 Member=D11a
Removed Member From Class: ClassName=数粒机发射板12通道 Member=D11b
Removed Member From Class: ClassName=数粒机发射板12通道 Member=D11b
Removed Member From Class: ClassName=数粒机发射板12通道 Member=D11c
Removed Member From Class: ClassName=数粒机发射板12通道 Member=D11d
Removed Member From Class: ClassName=数粒机发射板12通道 Member=D12a
Removed Member From Class: ClassName=数粒机发射板12通道 Member=D12a
Removed Member From Class: ClassName=数粒机发射板12通道 Member=D12b
Removed Member From Class: ClassName=数粒机发射板12通道 Member=D12c
Removed Member From Class: ClassName=数粒机发射板12通道 Member=D12d
Added Pin To Net: NetName=GND Pin=P1-3
Added Pin To Net: NetName=GND Pin=P1-5
Added Pin To Net: NetName=GND Pin=P1-7
Added Pin To Net: NetName=GND Pin=P1-9
Change Class Name : Old Net Name=数粒机发射板12通道 New Net Name=数粒机发射板2通道
